COMMAND: nextpnr-ice40 --up5k --package sg48 --json design.json --pcf icebreaker.pcf --asc design.asc --pcf-allow-unconstrained

STDOUT:


STDERR:
Info: constrained 'clk_in' to bel 'X12/Y31/io1'
Info: constrained 'ser_rx' to bel 'X13/Y0/io1'
Info: constrained 'ser_tx' to bel 'X15/Y0/io0'
Info: constrained 'flash_clk' to bel 'X24/Y0/io0'
Info: constrained 'flash_csb' to bel 'X24/Y0/io1'
Info: constrained 'flash_io0' to bel 'X23/Y0/io0'
Info: constrained 'flash_io1' to bel 'X23/Y0/io1'
Info: constrained 'flash_io2' to bel 'X18/Y0/io0'
Info: constrained 'flash_io3' to bel 'X19/Y0/io0'
Info: constrained 'P1A1' to bel 'X9/Y0/io0'
Info: constrained 'P1A2' to bel 'X8/Y0/io0'
Info: constrained 'P1A3' to bel 'X6/Y0/io0'
Info: constrained 'P1A4' to bel 'X7/Y0/io1'
Info: constrained 'P1A7' to bel 'X9/Y0/io1'
Info: constrained 'P1A8' to bel 'X7/Y0/io0'
Info: constrained 'P1A9' to bel 'X5/Y0/io0'
Info: constrained 'P1A10' to bel 'X6/Y0/io1'
Info: constrained 'led1' to bel 'X18/Y31/io0'
Info: constrained 'led2' to bel 'X18/Y31/io1'
Info: constrained 'led3' to bel 'X19/Y31/io1'
Info: constrained 'led4' to bel 'X19/Y31/io0'
Info: constrained 'led5' to bel 'X18/Y0/io1'
Info: constrained 'ledr_n' to bel 'X17/Y0/io0'
Info: constrained 'ledg_n' to bel 'X13/Y31/io0'

Info: Packing constants..
Info: Packing IOs..
Info: flash_io1 feeds SB_IO flash_io_buf[1], removing $nextpnr_iobuf flash_io1.
Info: flash_io0 feeds SB_IO flash_io_buf[0], removing $nextpnr_iobuf flash_io0.
Info: flash_io3 feeds SB_IO flash_io_buf[3], removing $nextpnr_iobuf flash_io3.
Info: flash_io2 feeds SB_IO flash_io_buf[2], removing $nextpnr_iobuf flash_io2.
Info: Packing LUT-FFs..
Info:     3007 LCs used as LUT4 only
Info:     1093 LCs used as LUT4 and DFF
Info: Packing non-LUT FFs..
Info:      597 LCs used as DFF only
Info: Packing carries..
Info:      142 LCs used as CARRY only
Info: Packing indirect carry+LUT pairs...
Info:       67 LUTs merged into carry LCs
Info: Packing RAMs..
Info: Placing PLLs..
Info:   constrained PLL 'pll' to X12/Y31/pll_3
Info: Packing special functions..
Info: Packing PLLs..
Info:   PLL 'pll' has LOCK output, need to pass all outputs via LUT
Info:   constrained 'pll_locked_SB_LUT4_I0_LC' to X1/Y30/lc0
Info: Promoting globals..
Info: promoting iomem_ready_SB_LUT4_I3_O_SB_LUT4_I1_O[1] [reset] (fanout 550)
Info: promoting soc.cpu.genblk1.genblk1.pcpi_mul.mul_counter_SB_DFFE_Q_D_SB_LUT4_O_I3[0] [reset] (fanout 85)
Info: promoting soc.cpu.genblk2.pcpi_div.dq_SB_DFFE_Q_10_D_SB_LUT4_O_I3[1] [reset] (fanout 38)
Info: promoting soc.simpleuart.send_dummy_SB_DFFESS_Q_D_SB_LUT4_I3_O_SB_LUT4_I1_O [reset] (fanout 32)
Info: promoting resetn [cen] (fanout 215)
Info: promoting soc.gen_icache.icache_inst.state_SB_DFF_Q_1_D_SB_LUT4_O_I3_SB_LUT4_I3_1_O [cen] (fanout 128)
Info: promoting soc.cpu.genblk2.pcpi_div.running_SB_DFFSR_Q_D_SB_LUT4_I3_O [cen] (fanout 70)
Info: Constraining chains...
Info:       52 LCs used to legalise carry chains.
Info: Checksum: 0x693bffee

Info: Device utilisation:
Info: 	         ICESTORM_LC:    4826/   5280    91%
Info: 	        ICESTORM_RAM:      22/     30    73%
Info: 	               SB_IO:      24/     96    25%
Info: 	               SB_GB:       8/      8   100%
Info: 	        ICESTORM_PLL:       1/      1   100%
Info: 	         SB_WARMBOOT:       0/      1     0%
Info: 	        ICESTORM_DSP:       0/      8     0%
Info: 	      ICESTORM_HFOSC:       0/      1     0%
Info: 	      ICESTORM_LFOSC:       0/      1     0%
Info: 	              SB_I2C:       0/      2     0%
Info: 	              SB_SPI:       0/      2     0%
Info: 	              IO_I3C:       0/      2     0%
Info: 	         SB_LEDDA_IP:       0/      1     0%
Info: 	         SB_RGBA_DRV:       0/      1     0%
Info: 	      ICESTORM_SPRAM:       4/      4   100%

Info: Placed 26 cells based on constraints.
Info: Creating initial analytic placement for 4123 cells, random placement wirelen = 119703.
Info:     at initial placer iter 0, wirelen = 1869
Info:     at initial placer iter 1, wirelen = 1854
Info:     at initial placer iter 2, wirelen = 1855
Info:     at initial placer iter 3, wirelen = 1895
Info: Running main analytical placer, max placement attempts per cell = 2982903.
Info:     at iteration #1, type ALL: wirelen solved = 1906, spread = 43022, legal = 48535; time = 0.19s
Info:     at iteration #2, type ALL: wirelen solved = 2905, spread = 36202, legal = 42608; time = 0.27s
Info:     at iteration #3, type ALL: wirelen solved = 4081, spread = 35134, legal = 41734; time = 0.23s
Info:     at iteration #4, type ALL: wirelen solved = 5508, spread = 33083, legal = 38737; time = 0.18s
Info:     at iteration #5, type ALL: wirelen solved = 7149, spread = 31201, legal = 34774; time = 0.20s
Info:     at iteration #6, type ALL: wirelen solved = 8187, spread = 29438, legal = 34974; time = 0.27s
Info:     at iteration #7, type ALL: wirelen solved = 9140, spread = 28129, legal = 33405; time = 0.16s
Info:     at iteration #8, type ALL: wirelen solved = 10212, spread = 27204, legal = 34060; time = 0.15s
Info:     at iteration #9, type ALL: wirelen solved = 11142, spread = 26145, legal = 32189; time = 0.13s
Info:     at iteration #10, type ALL: wirelen solved = 11834, spread = 25915, legal = 32159; time = 0.13s
Info:     at iteration #11, type ALL: wirelen solved = 12674, spread = 25109, legal = 31105; time = 0.13s
Info:     at iteration #12, type ALL: wirelen solved = 13530, spread = 24869, legal = 30905; time = 0.13s
Info:     at iteration #13, type ALL: wirelen solved = 13689, spread = 25011, legal = 30775; time = 0.12s
Info:     at iteration #14, type ALL: wirelen solved = 14361, spread = 25017, legal = 30722; time = 0.13s
Info:     at iteration #15, type ALL: wirelen solved = 14808, spread = 24542, legal = 32010; time = 0.13s
Info:     at iteration #16, type ALL: wirelen solved = 14962, spread = 24774, legal = 31798; time = 0.16s
Info:     at iteration #17, type ALL: wirelen solved = 15503, spread = 24653, legal = 28952; time = 0.10s
Info:     at iteration #18, type ALL: wirelen solved = 15596, spread = 24681, legal = 31710; time = 0.12s
Info:     at iteration #19, type ALL: wirelen solved = 15986, spread = 24701, legal = 31601; time = 0.14s
Info:     at iteration #20, type ALL: wirelen solved = 16112, spread = 24703, legal = 31314; time = 0.13s
Info:     at iteration #21, type ALL: wirelen solved = 16330, spread = 25167, legal = 31166; time = 0.10s
Info:     at iteration #22, type ALL: wirelen solved = 16624, spread = 24788, legal = 31471; time = 0.12s
Info: HeAP Placer Time: 4.46s
Info:   of which solving equations: 2.07s
Info:   of which spreading cells: 0.28s
Info:   of which strict legalisation: 1.29s

Info: Running simulated annealing placer for refinement.
Info:   at iteration #1: temp = 0.000000, timing cost = 2160, wirelen = 28952
Info:   at iteration #5: temp = 0.000000, timing cost = 2124, wirelen = 25664
Info:   at iteration #10: temp = 0.000000, timing cost = 1925, wirelen = 24707
Info:   at iteration #15: temp = 0.000000, timing cost = 1922, wirelen = 24028
Info:   at iteration #20: temp = 0.000000, timing cost = 1877, wirelen = 23785
Info:   at iteration #25: temp = 0.000000, timing cost = 1913, wirelen = 23704
Info:   at iteration #30: temp = 0.000000, timing cost = 1890, wirelen = 23669
Info:   at iteration #31: temp = 0.000000, timing cost = 1888, wirelen = 23672 
Info: SA placement time 6.46s

Info: Max frequency for clock 'clk': 16.91 MHz (PASS at 12.00 MHz)

Info: Max delay <async>     -> posedge clk: 36.69 ns
Info: Max delay posedge clk -> <async>    : 16.53 ns
Info: Max delay negedge clk -> <async>    : 9.90 ns

Info: Slack histogram:
Info:  legend: * represents 27 endpoint(s)
Info:          + represents [1,27) endpoint(s)
Info: [ 24204,  26998) |+
Info: [ 26998,  29792) |+
Info: [ 29792,  32586) |**+
Info: [ 32586,  35380) |*+
Info: [ 35380,  38174) |*****+
Info: [ 38174,  40968) |*+
Info: [ 40968,  43762) |***+
Info: [ 43762,  46556) |***+
Info: [ 46556,  49350) |******+
Info: [ 49350,  52144) |****+
Info: [ 52144,  54938) |*****+
Info: [ 54938,  57732) |****+
Info: [ 57732,  60526) |*******+
Info: [ 60526,  63320) |************+
Info: [ 63320,  66114) |*************************+
Info: [ 66114,  68908) |*********************************+
Info: [ 68908,  71702) |************************+
Info: [ 71702,  74496) |*******************+
Info: [ 74496,  77290) |********************************+
Info: [ 77290,  80084) |************************************************************ 
Info: Checksum: 0xf3cec118

Info: Routing..
Info: Setting up routing queue.
Info: Routing 16623 arcs.
Info:            |   (re-)routed arcs  |   delta    | remaining|       time spent     |
Info:    IterCnt |  w/ripup   wo/ripup |  w/r  wo/r |      arcs| batch(sec) total(sec)|
Info:       1000 |       49        950 |   49   950 |     15707|       0.44       0.44|
Info:       2000 |      137       1862 |   88   912 |     14838|       0.37       0.81|
Info:       3000 |      486       2513 |  349   651 |     14216|       0.15       0.97|
Info:       4000 |      664       3335 |  178   822 |     13430|       0.16       1.13|
Info:       5000 |      964       4035 |  300   700 |     12774|       0.25       1.38|
Info:       6000 |     1218       4781 |  254   746 |     12118|       0.26       1.64|
Info:       7000 |     1511       5488 |  293   707 |     11569|       0.40       2.04|
Info:       8000 |     1904       6077 |  393   589 |     11158|       0.48       2.52|
Info:       9000 |     2304       6676 |  400   599 |     10790|       0.29       2.81|
Info:      10000 |     2746       7232 |  442   556 |     10601|       0.49       3.30|
Info:      11000 |     3138       7812 |  392   580 |     10297|       0.33       3.63|
Info:      12000 |     3555       8395 |  417   583 |      9968|       0.42       4.05|
Info:      13000 |     3997       8953 |  442   558 |      9705|       0.58       4.64|
Info:      14000 |     4379       9522 |  382   569 |      9370|       0.32       4.96|
Info:      15000 |     4866      10034 |  487   512 |      9196|       0.40       5.36|
Info:      16000 |     5368      10504 |  502   470 |      9049|       0.48       5.84|
Info:      17000 |     5884      10970 |  516   466 |      8913|       0.48       6.32|
Info:      18000 |     6363      11460 |  479   490 |      8770|       0.45       6.77|
Info:      19000 |     6812      11951 |  449   491 |      8473|       1.35       8.12|
Info:      20000 |     7316      12447 |  504   496 |      8388|       0.45       8.57|
Info:      21000 |     7861      12902 |  545   455 |      8261|       0.53       9.11|
Info:      22000 |     8274      13465 |  413   563 |      7947|       0.36       9.47|
Info:      23000 |     8676      13955 |  402   490 |      7509|       0.40       9.86|
Info:      24000 |     9091      14515 |  415   560 |      7175|       0.44      10.30|
Info:      25000 |     9583      15022 |  492   507 |      6991|       0.58      10.88|
Info:      26000 |    10074      15504 |  491   482 |      6842|       0.51      11.38|
Info:      27000 |    10588      15989 |  514   485 |      6641|       0.48      11.86|
Info:      28000 |    11019      16528 |  431   539 |      6368|       0.36      12.22|
Info:      29000 |    11542      17004 |  523   476 |      6189|       0.44      12.66|
Info:      30000 |    12058      17488 |  516   484 |      5982|       0.52      13.18|
Info:      31000 |    12593      17953 |  535   465 |      5857|       0.59      13.77|
Info:      32000 |    13078      18442 |  485   489 |      5514|       0.45      14.22|
Info:      33000 |    13558      18954 |  480   512 |      5306|       0.53      14.76|
Info:      34000 |    14018      19493 |  460   539 |      5129|       0.38      15.14|
Info:      35000 |    14461      20047 |  443   554 |      4930|       0.45      15.59|
Info:      36000 |    14975      20529 |  514   482 |      4735|       0.43      16.02|
Info:      37000 |    15478      21023 |  503   494 |      4564|       0.47      16.48|
Info:      38000 |    15980      21521 |  502   498 |      4276|       0.31      16.79|
Info:      39000 |    16601      21900 |  621   379 |      4320|       0.80      17.59|
Info:      40000 |    17149      22325 |  548   425 |      4139|       0.59      18.17|
Info:      41000 |    17691      22756 |  542   431 |      4088|       0.69      18.86|
Info:      42000 |    18247      23200 |  556   444 |      4029|       0.63      19.49|
Info:      43000 |    18753      23694 |  506   494 |      3964|       0.62      20.11|
Info:      44000 |    19362      24085 |  609   391 |      3953|       1.08      21.19|
Info:      45000 |    19946      24498 |  584   413 |      3889|       0.49      21.68|
Info:      46000 |    20526      24918 |  580   420 |      3847|       0.45      22.14|
Info:      47000 |    21034      25405 |  508   487 |      3723|       0.38      22.52|
Info:      48000 |    21599      25837 |  565   432 |      3641|       0.51      23.02|
Info:      49000 |    22117      26319 |  518   482 |      3535|       0.38      23.40|
Info:      50000 |    22621      26809 |  504   490 |      3353|       0.36      23.76|
Info:      51000 |    23123      27298 |  502   489 |      3116|       0.43      24.20|
Info:      52000 |    23704      27714 |  581   416 |      3021|       0.59      24.79|
Info:      53000 |    24279      28139 |  575   425 |      2945|       0.44      25.23|
Info:      54000 |    24823      28589 |  544   450 |      2765|       0.40      25.63|
Info:      55000 |    25315      29095 |  492   506 |      2552|       0.38      26.01|
Info:      56000 |    25919      29490 |  604   395 |      2481|       0.66      26.67|
Info:      57000 |    26522      29887 |  603   397 |      2392|       0.44      27.11|
Info:      58000 |    27067      30342 |  545   455 |      2325|       0.44      27.55|
Info:      59000 |    27622      30783 |  555   441 |      2127|       0.47      28.02|
Info:      60000 |    28113      31285 |  491   502 |      1893|       0.68      28.70|
Info:      61000 |    28595      31798 |  482   513 |      1657|       0.36      29.07|
Info:      62000 |    28981      32392 |  386   594 |      1247|       0.29      29.36|
Info:      63000 |    29265      33108 |  284   716 |       697|       0.29      29.65|
Info:      64000 |    29690      33683 |  425   575 |       332|       0.54      30.19|
Info:      65000 |    30137      34236 |  447   553 |        24|       0.68      30.87|
Info:      65497 |    30466      34405 |  329   169 |         0|       0.36      31.22|
Info: Routing complete.
Info: Router1 time 31.22s
Info: Checksum: 0x5b3543c2

Info: Critical path report for clock 'clk' (posedge -> posedge):
Info:       type curr  total name
Info:   clk-to-q  1.39  1.39 Source reset_cnt_SB_DFF_Q_3_D_SB_LUT4_O_LC.O
Info:    routing  1.76  3.15 Net reset_cnt[2] (1,29) -> (1,30)
Info:                          Sink pll_locked_SB_LUT4_I0_LC.I1
Info:                          Defined in:
Info:                               icebreaker.v:99.12-99.21
Info:      logic  1.23  4.38 Source pll_locked_SB_LUT4_I0_LC.O
Info:    routing  1.76  6.14 Net resetn_SB_LUT4_O_I3[3] (1,30) -> (1,29)
Info:                          Sink resetn_SB_LUT4_O_I3_SB_LUT4_I3_LC.I3
Info:                          Defined in:
Info:                               /home/ed667/oss-cad-suite/lib/../share/yosys/ice40/cells_map.v:6.21-6.22
Info:      logic  0.87  7.02 Source resetn_SB_LUT4_O_I3_SB_LUT4_I3_LC.O
Info:    routing  5.12  12.14 Net iomem_ready_SB_LUT4_I3_O_SB_LUT4_I1_O[1] (1,29) -> (16,25)
Info:                          Sink soc.cpu.mem_la_read_SB_LUT4_O_LC.I2
Info:                          Defined in:
Info:                               /home/ed667/oss-cad-suite/lib/../share/yosys/ice40/cells_map.v:6.21-6.22
Info:      logic  1.21  13.35 Source soc.cpu.mem_la_read_SB_LUT4_O_LC.O
Info:    routing  1.76  15.11 Net soc.cpu_mem_la_read (16,25) -> (16,25)
Info:                          Sink soc.gen_dmem_lookahead.dmem_lookahead_buffer_inst.la_valid_SB_DFFSR_Q_D_SB_LUT4_O_I0_SB_LUT4_O_3_LC.I3
Info:                          Defined in:
Info:                               icache.v:1087.19-1087.34
Info:      logic  0.87  15.98 Source soc.gen_dmem_lookahead.dmem_lookahead_buffer_inst.la_valid_SB_DFFSR_Q_D_SB_LUT4_O_I0_SB_LUT4_O_3_LC.O
Info:    routing  1.76  17.74 Net soc.gen_dmem_lookahead.dmem_lookahead_buffer_inst.la_valid_SB_DFFSR_Q_D_SB_LUT4_O_I0[3] (16,25) -> (16,24)
Info:                          Sink soc.gen_dmem_lookahead.dmem_lookahead_buffer_inst.la_valid_SB_DFFSR_Q_D_SB_LUT4_O_LC.I3
Info:                          Defined in:
Info:                               /home/ed667/oss-cad-suite/lib/../share/yosys/ice40/cells_map.v:6.21-6.22
Info:      logic  0.87  18.62 Source soc.gen_dmem_lookahead.dmem_lookahead_buffer_inst.la_valid_SB_DFFSR_Q_D_SB_LUT4_O_LC.O
Info:    routing  3.70  22.32 Net soc.gen_dmem_lookahead.dmem_lookahead_buffer_inst.la_valid_SB_DFFSR_Q_D[0] (16,24) -> (17,14)
Info:                          Sink soc.gen_dmem_lookahead.dmem_lookahead_buffer_inst.la_valid_SB_DFFSR_Q_D_SB_LUT4_I1_LC.I1
Info:                          Defined in:
Info:                               /home/ed667/oss-cad-suite/lib/../share/yosys/ice40/cells_map.v:6.21-6.22
Info:      logic  1.23  23.55 Source soc.gen_dmem_lookahead.dmem_lookahead_buffer_inst.la_valid_SB_DFFSR_Q_D_SB_LUT4_I1_LC.O
Info:    routing  2.41  25.96 Net soc.gen_dmem_lookahead.dmem_lookahead_buffer_inst.la_valid_SB_DFFSR_Q_D_SB_LUT4_I1_O[2] (17,14) -> (17,12)
Info:                          Sink soc.memory.cs_0_SB_LUT4_O_LC.I3
Info:                          Defined in:
Info:                               /home/ed667/oss-cad-suite/lib/../share/yosys/ice40/cells_map.v:6.21-6.22
Info:      logic  0.87  26.83 Source soc.memory.cs_0_SB_LUT4_O_LC.O
Info:    routing  1.76  28.60 Net soc.ram_ready_SB_LUT4_I0_O[3] (17,12) -> (18,11)
Info:                          Sink flash_clk_SB_LUT4_I1_O_SB_LUT4_I2_O_SB_LUT4_O_2_LC.I3
Info:                          Defined in:
Info:                               /home/ed667/oss-cad-suite/lib/../share/yosys/ice40/cells_map.v:6.21-6.22
Info:      logic  0.87  29.47 Source flash_clk_SB_LUT4_I1_O_SB_LUT4_I2_O_SB_LUT4_O_2_LC.O
Info:    routing  2.95  32.42 Net flash_clk_SB_LUT4_I1_O_SB_LUT4_I2_O[2] (18,11) -> (20,10)
Info:                          Sink soc.gen_icache.icache_inst.miss_rdata_SB_DFFESR_Q_27_D_SB_LUT4_O_LC.I2
Info:                          Defined in:
Info:                               /home/ed667/oss-cad-suite/lib/../share/yosys/ice40/cells_map.v:6.21-6.22
Info:      logic  1.21  33.63 Source soc.gen_icache.icache_inst.miss_rdata_SB_DFFESR_Q_27_D_SB_LUT4_O_LC.O
Info:    routing  3.70  37.33 Net soc.gen_icache.icache_inst.miss_rdata_SB_DFFESR_Q_27_D[3] (20,10) -> (20,20)
Info:                          Sink soc.gen_icache.icache_inst.data_array.0.2_RDATA_1_SB_LUT4_I0_O_SB_LUT4_O_LC.I3
Info:                          Defined in:
Info:                               /home/ed667/oss-cad-suite/lib/../share/yosys/ice40/cells_map.v:6.21-6.22
Info:      logic  0.87  38.21 Source soc.gen_icache.icache_inst.data_array.0.2_RDATA_1_SB_LUT4_I0_O_SB_LUT4_O_LC.O
Info:    routing  2.95  41.16 Net soc.gen_icache.icache_inst.data_array.0.2_RDATA_1_SB_LUT4_I0_O[3] (20,20) -> (18,23)
Info:                          Sink soc.cpu.mem_rdata_q_SB_DFFE_Q_25_D_SB_LUT4_I3_O_SB_LUT4_O_1_LC.I3
Info:                          Defined in:
Info:                               /home/ed667/oss-cad-suite/lib/../share/yosys/ice40/cells_map.v:6.21-6.22
Info:      logic  0.87  42.03 Source soc.cpu.mem_rdata_q_SB_DFFE_Q_25_D_SB_LUT4_I3_O_SB_LUT4_O_1_LC.O
Info:    routing  1.76  43.79 Net soc.cpu.mem_rdata_q_SB_DFFE_Q_25_D_SB_LUT4_I3_O[2] (18,23) -> (17,24)
Info:                          Sink soc.gen_icache.icache_inst.data_array.0.12_RDATA_SB_LUT4_I0_O_SB_LUT4_I0_O_SB_LUT4_I2_O_SB_LUT4_O_LC.I2
Info:                          Defined in:
Info:                               /home/ed667/oss-cad-suite/lib/../share/yosys/ice40/cells_map.v:6.21-6.22
Info:      logic  1.21  45.00 Source soc.gen_icache.icache_inst.data_array.0.12_RDATA_SB_LUT4_I0_O_SB_LUT4_I0_O_SB_LUT4_I2_O_SB_LUT4_O_LC.O
Info:    routing  2.41  47.41 Net soc.gen_icache.icache_inst.data_array.0.12_RDATA_SB_LUT4_I0_O_SB_LUT4_I0_O_SB_LUT4_I2_O[1] (17,24) -> (17,26)
Info:                          Sink soc.cpu.instr_waitirq_SB_DFFE_Q_D_SB_LUT4_O_I3_SB_LUT4_O_1_LC.I2
Info:                          Defined in:
Info:                               /home/ed667/oss-cad-suite/lib/../share/yosys/ice40/cells_map.v:6.21-6.22
Info:      logic  1.21  48.61 Source soc.cpu.instr_waitirq_SB_DFFE_Q_D_SB_LUT4_O_I3_SB_LUT4_O_1_LC.O
Info:    routing  1.76  50.37 Net soc.cpu.instr_waitirq_SB_DFFE_Q_D_SB_LUT4_O_I1[3] (17,26) -> (16,27)
Info:                          Sink soc.cpu.cpuregs.regs.1.0_RADDR_1_SB_LUT4_O_I2_SB_LUT4_O_1_LC.I3
Info:                          Defined in:
Info:                               /home/ed667/oss-cad-suite/lib/../share/yosys/ice40/cells_map.v:6.21-6.22
Info:      logic  0.87  51.25 Source soc.cpu.cpuregs.regs.1.0_RADDR_1_SB_LUT4_O_I2_SB_LUT4_O_1_LC.O
Info:    routing  1.76  53.01 Net soc.cpu.cpuregs.regs.1.0_RADDR_1_SB_LUT4_O_I2[1] (16,27) -> (15,27)
Info:                          Sink soc.cpu.cpuregs.regs.1.0_RADDR_1_SB_LUT4_O_LC.I3
Info:                          Defined in:
Info:                               /home/ed667/oss-cad-suite/lib/../share/yosys/ice40/cells_map.v:6.21-6.22
Info:      logic  0.87  53.88 Source soc.cpu.cpuregs.regs.1.0_RADDR_1_SB_LUT4_O_LC.O
Info:    routing  4.04  57.92 Net soc.cpu.cpuregs.regs.1.0_RADDR_1 (15,27) -> (6,25)
Info:                          Sink soc.cpu.cpuregs.regs.1.0_RAM.RADDR_2
Info:      setup  0.10  58.02 Source soc.cpu.cpuregs.regs.1.0_RAM.RADDR_2
Info: 16.64 ns logic, 41.38 ns routing

Info: Critical path report for cross-domain path '<async>' -> 'posedge clk':
Info:       type curr  total name
Info:     source  0.00  0.00 Source flash_io_buf[2].D_IN_0
Info:    routing  4.25  4.25 Net flash_io2_di (18,0) -> (21,12)
Info:                          Sink flash_io2_di_SB_LUT4_I1_1_LC.I1
Info:                          Defined in:
Info:                               picosoc.v:153.14-153.32
Info:      logic  1.23  5.48 Source flash_io2_di_SB_LUT4_I1_1_LC.O
Info:    routing  1.76  7.24 Net flash_io2_di_SB_LUT4_I1_1_O[1] (21,12) -> (21,13)
Info:                          Sink flash_io2_di_SB_LUT4_I1_1_O_SB_LUT4_I0_LC.I1
Info:                          Defined in:
Info:                               /home/ed667/oss-cad-suite/lib/../share/yosys/ice40/cells_map.v:6.21-6.22
Info:      logic  1.23  8.47 Source flash_io2_di_SB_LUT4_I1_1_O_SB_LUT4_I0_LC.O
Info:    routing  1.76  10.23 Net flash_io2_di_SB_LUT4_I1_1_O_SB_LUT4_I0_O[3] (21,13) -> (20,14)
Info:                          Sink soc.gen_icache.icache_inst.miss_rdata_SB_DFFESR_Q_29_D_SB_LUT4_O_I1_SB_LUT4_O_2_LC.I3
Info:                          Defined in:
Info:                               /home/ed667/oss-cad-suite/lib/../share/yosys/ice40/cells_map.v:6.21-6.22
Info:      logic  0.87  11.11 Source soc.gen_icache.icache_inst.miss_rdata_SB_DFFESR_Q_29_D_SB_LUT4_O_I1_SB_LUT4_O_2_LC.O
Info:    routing  1.76  12.87 Net soc.gen_icache.icache_inst.miss_rdata_SB_DFFESR_Q_29_D_SB_LUT4_O_I1[3] (20,14) -> (20,14)
Info:                          Sink soc.gen_icache.icache_inst.data_array.0.1_RDATA_1_SB_LUT4_I0_O_SB_LUT4_O_1_LC.I3
Info:                          Defined in:
Info:                               /home/ed667/oss-cad-suite/lib/../share/yosys/ice40/cells_map.v:6.21-6.22
Info:      logic  0.87  13.74 Source soc.gen_icache.icache_inst.data_array.0.1_RDATA_1_SB_LUT4_I0_O_SB_LUT4_O_1_LC.O
Info:    routing  1.76  15.50 Net soc.gen_icache.icache_inst.data_array.0.1_RDATA_1_SB_LUT4_I0_O[3] (20,14) -> (20,15)
Info:                          Sink soc.cpu.mem_rdata_q_SB_DFFE_Q_29_D_SB_LUT4_O_LC.I3
Info:                          Defined in:
Info:                               /home/ed667/oss-cad-suite/lib/../share/yosys/ice40/cells_map.v:6.21-6.22
Info:      logic  0.87  16.38 Source soc.cpu.mem_rdata_q_SB_DFFE_Q_29_D_SB_LUT4_O_LC.O
Info:    routing  3.60  19.98 Net soc.cpu.mem_rdata_q_SB_DFFE_Q_29_D[2] (20,15) -> (18,22)
Info:                          Sink soc.cpu.mem_rdata_q_SB_DFFE_Q_29_D_SB_LUT4_I3_LC.I3
Info:                          Defined in:
Info:                               /home/ed667/oss-cad-suite/lib/../share/yosys/ice40/cells_map.v:6.21-6.22
Info:      logic  0.87  20.85 Source soc.cpu.mem_rdata_q_SB_DFFE_Q_29_D_SB_LUT4_I3_LC.O
Info:    routing  1.76  22.61 Net soc.cpu.mem_rdata_q_SB_DFFE_Q_29_D_SB_LUT4_I3_O[0] (18,22) -> (17,23)
Info:                          Sink soc.gen_icache.icache_inst.data_array.0.12_RDATA_SB_LUT4_I0_O_SB_LUT4_I0_O_SB_LUT4_I2_O_SB_LUT4_O_1_LC.I1
Info:                          Defined in:
Info:                               /home/ed667/oss-cad-suite/lib/../share/yosys/ice40/cells_map.v:6.21-6.22
Info:      logic  1.23  23.84 Source soc.gen_icache.icache_inst.data_array.0.12_RDATA_SB_LUT4_I0_O_SB_LUT4_I0_O_SB_LUT4_I2_O_SB_LUT4_O_1_LC.O
Info:    routing  2.95  26.79 Net soc.gen_icache.icache_inst.data_array.0.12_RDATA_SB_LUT4_I0_O_SB_LUT4_I0_O_SB_LUT4_I2_O[2] (17,23) -> (16,27)
Info:                          Sink soc.cpu.decoded_imm_j_SB_DFFE_Q_5_D_SB_LUT4_I3_O_SB_LUT4_O_1_LC.I2
Info:                          Defined in:
Info:                               /home/ed667/oss-cad-suite/lib/../share/yosys/ice40/cells_map.v:6.21-6.22
Info:      logic  1.21  28.00 Source soc.cpu.decoded_imm_j_SB_DFFE_Q_5_D_SB_LUT4_I3_O_SB_LUT4_O_1_LC.O
Info:    routing  1.76  29.76 Net soc.cpu.decoded_imm_j_SB_DFFE_Q_2_D[3] (16,27) -> (15,28)
Info:                          Sink soc.cpu.decoded_imm_j_SB_DFFE_Q_2_D_SB_LUT4_I2_LC.I3
Info:                          Defined in:
Info:                               /home/ed667/oss-cad-suite/lib/../share/yosys/ice40/cells_map.v:6.21-6.22
Info:      logic  0.87  30.63 Source soc.cpu.decoded_imm_j_SB_DFFE_Q_2_D_SB_LUT4_I2_LC.O
Info:    routing  1.76  32.40 Net soc.cpu.decoded_imm_j_SB_DFFE_Q_2_D_SB_LUT4_I2_O[3] (15,28) -> (14,29)
Info:                          Sink soc.cpu.decoded_imm_j_SB_DFFE_Q_2_D_SB_LUT4_I2_O_SB_LUT4_I2_LC.I2
Info:                          Defined in:
Info:                               /home/ed667/oss-cad-suite/lib/../share/yosys/ice40/cells_map.v:6.21-6.22
Info:      logic  1.21  33.60 Source soc.cpu.decoded_imm_j_SB_DFFE_Q_2_D_SB_LUT4_I2_O_SB_LUT4_I2_LC.O
Info:    routing  1.76  35.36 Net soc.cpu.cpuregs.regs.1.0_RDATA_12_SB_DFF_Q_D_SB_LUT4_O_I0[1] (14,29) -> (14,29)
Info:                          Sink soc.cpu.cpuregs.regs.1.0_RDATA_12_SB_DFF_Q_D_SB_LUT4_O_LC.I1
Info:                          Defined in:
Info:                               /home/ed667/oss-cad-suite/lib/../share/yosys/ice40/cells_map.v:6.21-6.22
Info:      setup  1.18  36.54 Source soc.cpu.cpuregs.regs.1.0_RDATA_12_SB_DFF_Q_D_SB_LUT4_O_LC.I1
Info: 11.65 ns logic, 24.89 ns routing

Info: Critical path report for cross-domain path 'posedge clk' -> '<async>':
Info:       type curr  total name
Info:   clk-to-q  1.39  1.39 Source soc.spimemio.xfer.dummy_count_SB_DFFESR_Q_D_SB_LUT4_O_LC.O
Info:    routing  1.76  3.15 Net soc.spimemio.xfer.dummy_count[3] (24,4) -> (24,3)
Info:                          Sink soc.spimemio.din_valid_SB_LUT4_I2_O_SB_LUT4_O_LC.I0
Info:                          Defined in:
Info:                               spimemio.v:417.12-417.23
Info:      logic  1.28  4.43 Source soc.spimemio.din_valid_SB_LUT4_I2_O_SB_LUT4_O_LC.O
Info:    routing  2.95  7.39 Net soc.spimemio.din_valid_SB_LUT4_I2_O[1] (24,3) -> (21,2)
Info:                          Sink soc.spimemio.xfer.xfer_rd_SB_LUT4_I2_LC.I3
Info:                          Defined in:
Info:                               /home/ed667/oss-cad-suite/lib/../share/yosys/ice40/cells_map.v:6.21-6.22
Info:      logic  0.87  8.26 Source soc.spimemio.xfer.xfer_rd_SB_LUT4_I2_LC.O
Info:    routing  1.76  10.02 Net soc.spimemio.xfer.xfer_rd_SB_LUT4_I2_O[2] (21,2) -> (21,2)
Info:                          Sink flash_io1_oe_SB_LUT4_O_I3_SB_LUT4_O_LC.I3
Info:                          Defined in:
Info:                               /home/ed667/oss-cad-suite/lib/../share/yosys/ice40/cells_map.v:6.21-6.22
Info:      logic  0.87  10.90 Source flash_io1_oe_SB_LUT4_O_I3_SB_LUT4_O_LC.O
Info:    routing  1.76  12.66 Net flash_io0_oe_SB_LUT4_O_I2[1] (21,2) -> (20,2)
Info:                          Sink flash_io1_oe_SB_LUT4_O_LC.I3
Info:                          Defined in:
Info:                               /home/ed667/oss-cad-suite/lib/../share/yosys/ice40/cells_map.v:6.21-6.22
Info:      logic  0.87  13.53 Source flash_io1_oe_SB_LUT4_O_LC.O
Info:    routing  2.95  16.48 Net flash_io1_oe (20,2) -> (23,0)
Info:                          Sink flash_io_buf[1].OUTPUT_ENABLE
Info:                          Defined in:
Info:                               picosoc.v:153.14-153.32
Info: 5.30 ns logic, 11.19 ns routing

Info: Critical path report for cross-domain path 'negedge clk' -> '<async>':
Info:       type curr  total name
Info:   clk-to-q  1.39  1.39 Source soc.spimemio.xfer_io2_90_SB_DFFN_Q_DFFLC.O
Info:    routing  1.76  3.15 Net soc.spimemio.xfer_io2_90 (22,1) -> (22,1)
Info:                          Sink soc.spimemio.xfer_io2_90_SB_LUT4_I2_LC.I2
Info:                          Defined in:
Info:                               /home/ed667/oss-cad-suite/lib/../share/yosys/ice40/cells_map.v:6.21-6.22
Info:      logic  1.21  4.36 Source soc.spimemio.xfer_io2_90_SB_LUT4_I2_LC.O
Info:    routing  1.76  6.12 Net flash_io2_do_SB_LUT4_O_I3[2] (22,1) -> (21,1)
Info:                          Sink flash_io2_do_SB_LUT4_O_LC.I3
Info:                          Defined in:
Info:                               /home/ed667/oss-cad-suite/lib/../share/yosys/ice40/cells_map.v:6.21-6.22
Info:      logic  0.87  6.99 Source flash_io2_do_SB_LUT4_O_LC.O
Info:    routing  2.95  9.94 Net flash_io2_do (21,1) -> (18,0)
Info:                          Sink flash_io_buf[2].D_OUT_0
Info:                          Defined in:
Info:                               spimemio.v:38.9-38.21
Info: 3.47 ns logic, 6.47 ns routing

Info: Max frequency for clock 'clk': 17.24 MHz (PASS at 12.00 MHz)

Info: Max delay <async>     -> posedge clk: 36.54 ns
Info: Max delay posedge clk -> <async>    : 16.48 ns
Info: Max delay negedge clk -> <async>    : 9.94 ns

Info: Slack histogram:
Info:  legend: * represents 21 endpoint(s)
Info:          + represents [1,21) endpoint(s)
Info: [ 25313,  28052) |*+
Info: [ 28052,  30791) |**+
Info: [ 30791,  33530) |*+
Info: [ 33530,  36269) |**+
Info: [ 36269,  39008) |*+
Info: [ 39008,  41747) |*+
Info: [ 41747,  44486) |***********+
Info: [ 44486,  47225) |****+
Info: [ 47225,  49964) |******+
Info: [ 49964,  52703) |*********+
Info: [ 52703,  55442) |******+
Info: [ 55442,  58181) |******+
Info: [ 58181,  60920) |***********+
Info: [ 60920,  63659) |****************+
Info: [ 63659,  66398) |*******************+
Info: [ 66398,  69137) |**************************+
Info: [ 69137,  71876) |************************************************************ 
Info: [ 71876,  74615) |**************************+
Info: [ 74615,  77354) |***************************************************+
Info: [ 77354,  80093) |*******************************************************+

Info: Program finished normally.
