COMMAND: nextpnr-ice40 --up5k --package sg48 --json design.json --pcf icebreaker.pcf --asc design.asc --pcf-allow-unconstrained

STDOUT:


STDERR:
Info: constrained 'clk_in' to bel 'X12/Y31/io1'
Info: constrained 'ser_rx' to bel 'X13/Y0/io1'
Info: constrained 'ser_tx' to bel 'X15/Y0/io0'
Info: constrained 'flash_clk' to bel 'X24/Y0/io0'
Info: constrained 'flash_csb' to bel 'X24/Y0/io1'
Info: constrained 'flash_io0' to bel 'X23/Y0/io0'
Info: constrained 'flash_io1' to bel 'X23/Y0/io1'
Info: constrained 'flash_io2' to bel 'X18/Y0/io0'
Info: constrained 'flash_io3' to bel 'X19/Y0/io0'
Info: constrained 'P1A1' to bel 'X9/Y0/io0'
Info: constrained 'P1A2' to bel 'X8/Y0/io0'
Info: constrained 'P1A3' to bel 'X6/Y0/io0'
Info: constrained 'P1A4' to bel 'X7/Y0/io1'
Info: constrained 'P1A7' to bel 'X9/Y0/io1'
Info: constrained 'P1A8' to bel 'X7/Y0/io0'
Info: constrained 'P1A9' to bel 'X5/Y0/io0'
Info: constrained 'P1A10' to bel 'X6/Y0/io1'
Info: constrained 'led1' to bel 'X18/Y31/io0'
Info: constrained 'led2' to bel 'X18/Y31/io1'
Info: constrained 'led3' to bel 'X19/Y31/io1'
Info: constrained 'led4' to bel 'X19/Y31/io0'
Info: constrained 'led5' to bel 'X18/Y0/io1'
Info: constrained 'ledr_n' to bel 'X17/Y0/io0'
Info: constrained 'ledg_n' to bel 'X13/Y31/io0'

Info: Packing constants..
Info: Packing IOs..
Info: flash_io3 feeds SB_IO flash_io_buf[3], removing $nextpnr_iobuf flash_io3.
Info: flash_io2 feeds SB_IO flash_io_buf[2], removing $nextpnr_iobuf flash_io2.
Info: flash_io1 feeds SB_IO flash_io_buf[1], removing $nextpnr_iobuf flash_io1.
Info: flash_io0 feeds SB_IO flash_io_buf[0], removing $nextpnr_iobuf flash_io0.
Info: Packing LUT-FFs..
Info:     2999 LCs used as LUT4 only
Info:     1123 LCs used as LUT4 and DFF
Info: Packing non-LUT FFs..
Info:      602 LCs used as DFF only
Info: Packing carries..
Info:      141 LCs used as CARRY only
Info: Packing indirect carry+LUT pairs...
Info:       68 LUTs merged into carry LCs
Info: Packing RAMs..
Info: Placing PLLs..
Info:   constrained PLL 'pll' to X12/Y31/pll_3
Info: Packing special functions..
Info: Packing PLLs..
Info:   PLL 'pll' has LOCK output, need to pass all outputs via LUT
Info:   constrained 'pll_locked_SB_LUT4_I0_LC' to X1/Y30/lc0
Info: Promoting globals..
Info: promoting iomem_ready_SB_LUT4_I3_O_SB_LUT4_I1_O_SB_LUT4_I3_4_O[0] [reset] (fanout 551)
Info: promoting soc.cpu.genblk1.genblk1.pcpi_mul.mul_counter_SB_DFFE_Q_D_SB_LUT4_O_I3[0] [reset] (fanout 85)
Info: promoting soc.cpu.genblk2.pcpi_div.dq_SB_DFFE_Q_10_D_SB_LUT4_O_I3[1] [reset] (fanout 38)
Info: promoting soc.simpleuart.send_pattern_SB_DFFESS_Q_D_SB_LUT4_O_I3_SB_LUT4_I2_O [reset] (fanout 32)
Info: promoting resetn [cen] (fanout 215)
Info: promoting soc.gen_icache.icache_inst.state_SB_DFF_Q_1_D_SB_LUT4_O_I3_SB_LUT4_I3_O [cen] (fanout 128)
Info: promoting soc.cpu.genblk2.pcpi_div.running_SB_DFFSR_Q_D_SB_LUT4_I3_O [cen] (fanout 70)
Info: Constraining chains...
Info:       51 LCs used to legalise carry chains.
Info: Checksum: 0x6a010762

Info: Device utilisation:
Info: 	         ICESTORM_LC:    4850/   5280    91%
Info: 	        ICESTORM_RAM:      22/     30    73%
Info: 	               SB_IO:      24/     96    25%
Info: 	               SB_GB:       8/      8   100%
Info: 	        ICESTORM_PLL:       1/      1   100%
Info: 	         SB_WARMBOOT:       0/      1     0%
Info: 	        ICESTORM_DSP:       0/      8     0%
Info: 	      ICESTORM_HFOSC:       0/      1     0%
Info: 	      ICESTORM_LFOSC:       0/      1     0%
Info: 	              SB_I2C:       0/      2     0%
Info: 	              SB_SPI:       0/      2     0%
Info: 	              IO_I3C:       0/      2     0%
Info: 	         SB_LEDDA_IP:       0/      1     0%
Info: 	         SB_RGBA_DRV:       0/      1     0%
Info: 	      ICESTORM_SPRAM:       4/      4   100%

Info: Placed 26 cells based on constraints.
Info: Creating initial analytic placement for 4146 cells, random placement wirelen = 120722.
Info:     at initial placer iter 0, wirelen = 1903
Info:     at initial placer iter 1, wirelen = 1834
Info:     at initial placer iter 2, wirelen = 1843
Info:     at initial placer iter 3, wirelen = 1827
Info: Running main analytical placer, max placement attempts per cell = 3012285.
Info:     at iteration #1, type ALL: wirelen solved = 1841, spread = 43923, legal = 49496; time = 0.16s
Info:     at iteration #2, type ALL: wirelen solved = 2926, spread = 36753, legal = 44209; time = 0.19s
Info:     at iteration #3, type ALL: wirelen solved = 4534, spread = 35387, legal = 41240; time = 0.13s
Info:     at iteration #4, type ALL: wirelen solved = 5592, spread = 32698, legal = 39375; time = 0.13s
Info:     at iteration #5, type ALL: wirelen solved = 6970, spread = 31426, legal = 37939; time = 0.15s
Info:     at iteration #6, type ALL: wirelen solved = 8139, spread = 29080, legal = 36227; time = 0.13s
Info:     at iteration #7, type ALL: wirelen solved = 9262, spread = 28215, legal = 35048; time = 0.13s
Info:     at iteration #8, type ALL: wirelen solved = 10283, spread = 27491, legal = 34632; time = 0.13s
Info:     at iteration #9, type ALL: wirelen solved = 10950, spread = 27296, legal = 33953; time = 0.12s
Info:     at iteration #10, type ALL: wirelen solved = 12155, spread = 26226, legal = 32691; time = 0.12s
Info:     at iteration #11, type ALL: wirelen solved = 12979, spread = 26120, legal = 32692; time = 0.11s
Info:     at iteration #12, type ALL: wirelen solved = 13388, spread = 25863, legal = 33003; time = 0.12s
Info:     at iteration #13, type ALL: wirelen solved = 13703, spread = 25627, legal = 33134; time = 0.13s
Info:     at iteration #14, type ALL: wirelen solved = 14200, spread = 25347, legal = 32466; time = 0.12s
Info:     at iteration #15, type ALL: wirelen solved = 14604, spread = 25458, legal = 31840; time = 0.13s
Info:     at iteration #16, type ALL: wirelen solved = 14795, spread = 25321, legal = 33413; time = 0.12s
Info:     at iteration #17, type ALL: wirelen solved = 15264, spread = 25253, legal = 32420; time = 0.11s
Info:     at iteration #18, type ALL: wirelen solved = 15493, spread = 24938, legal = 31650; time = 0.11s
Info:     at iteration #19, type ALL: wirelen solved = 15882, spread = 25155, legal = 30764; time = 0.12s
Info:     at iteration #20, type ALL: wirelen solved = 16168, spread = 25678, legal = 32600; time = 0.13s
Info:     at iteration #21, type ALL: wirelen solved = 16261, spread = 25377, legal = 31331; time = 0.12s
Info:     at iteration #22, type ALL: wirelen solved = 16412, spread = 25285, legal = 32407; time = 0.12s
Info:     at iteration #23, type ALL: wirelen solved = 16792, spread = 25814, legal = 33123; time = 0.11s
Info:     at iteration #24, type ALL: wirelen solved = 17126, spread = 25414, legal = 31400; time = 0.09s
Info: HeAP Placer Time: 3.97s
Info:   of which solving equations: 1.78s
Info:   of which spreading cells: 0.23s
Info:   of which strict legalisation: 1.24s

Info: Running simulated annealing placer for refinement.
Info:   at iteration #1: temp = 0.000000, timing cost = 2257, wirelen = 30764
Info:   at iteration #5: temp = 0.000000, timing cost = 1956, wirelen = 26988
Info:   at iteration #10: temp = 0.000000, timing cost = 1747, wirelen = 25665
Info:   at iteration #15: temp = 0.000000, timing cost = 1817, wirelen = 24916
Info:   at iteration #20: temp = 0.000000, timing cost = 1800, wirelen = 24462
Info:   at iteration #25: temp = 0.000000, timing cost = 1795, wirelen = 24386
Info:   at iteration #30: temp = 0.000000, timing cost = 1782, wirelen = 24349
Info:   at iteration #31: temp = 0.000000, timing cost = 1782, wirelen = 24347 
Info: SA placement time 6.57s

Info: Max frequency for clock 'clk': 16.49 MHz (PASS at 12.00 MHz)

Info: Max delay <async>     -> posedge clk: 36.43 ns
Info: Max delay posedge clk -> <async>    : 19.30 ns
Info: Max delay negedge clk -> <async>    : 9.77 ns

Info: Slack histogram:
Info:  legend: * represents 24 endpoint(s)
Info:          + represents [1,24) endpoint(s)
Info: [ 22677,  25561) |+
Info: [ 25561,  28445) |**+
Info: [ 28445,  31329) |*+
Info: [ 31329,  34213) |*****+
Info: [ 34213,  37097) |***+
Info: [ 37097,  39981) |**+
Info: [ 39981,  42865) |**+
Info: [ 42865,  45749) |******+
Info: [ 45749,  48633) |*****+
Info: [ 48633,  51517) |****+
Info: [ 51517,  54401) |********+
Info: [ 54401,  57285) |******+
Info: [ 57285,  60169) |***+
Info: [ 60169,  63053) |**********+
Info: [ 63053,  65937) |***************************+
Info: [ 65937,  68821) |****************************************** 
Info: [ 68821,  71705) |*******************************+
Info: [ 71705,  74589) |*************************+
Info: [ 74589,  77473) |***********************************+
Info: [ 77473,  80357) |************************************************************ 
Info: Checksum: 0x749bfcc3

Info: Routing..
Info: Setting up routing queue.
Info: Routing 16776 arcs.
Info:            |   (re-)routed arcs  |   delta    | remaining|       time spent     |
Info:    IterCnt |  w/ripup   wo/ripup |  w/r  wo/r |      arcs| batch(sec) total(sec)|
Info:       1000 |       47        952 |   47   952 |     15831|       0.44       0.44|
Info:       2000 |      116       1883 |   69   931 |     14946|       0.35       0.79|
Info:       3000 |      367       2632 |  251   749 |     14228|       0.17       0.96|
Info:       4000 |      734       3265 |  367   633 |     13641|       0.17       1.12|
Info:       5000 |      998       4001 |  264   736 |     12972|       0.18       1.30|
Info:       6000 |     1303       4696 |  305   695 |     12403|       0.28       1.58|
Info:       7000 |     1574       5425 |  271   729 |     11795|       0.30       1.88|
Info:       8000 |     1996       5983 |  422   558 |     11338|       0.47       2.35|
Info:       9000 |     2339       6637 |  343   654 |     10878|       0.35       2.70|
Info:      10000 |     2697       7274 |  358   637 |     10525|       0.34       3.04|
Info:      11000 |     3063       7908 |  366   634 |     10188|       0.32       3.36|
Info:      12000 |     3479       8464 |  416   556 |      9867|       0.35       3.71|
Info:      13000 |     3808       9083 |  329   619 |      9467|       0.31       4.02|
Info:      14000 |     4276       9611 |  468   528 |      9239|       0.36       4.38|
Info:      15000 |     4715      10141 |  439   530 |      9020|       0.37       4.75|
Info:      16000 |     5184      10670 |  469   529 |      8761|       0.35       5.09|
Info:      17000 |     5636      11218 |  452   548 |      8590|       0.36       5.45|
Info:      18000 |     6117      11681 |  481   463 |      8381|       0.36       5.81|
Info:      19000 |     6594      12202 |  477   521 |      8195|       0.40       6.21|
Info:      20000 |     7066      12726 |  472   524 |      8058|       0.34       6.56|
Info:      21000 |     7585      13182 |  519   456 |      7848|       0.38       6.94|
Info:      22000 |     8010      13757 |  425   575 |      7721|       0.33       7.27|
Info:      23000 |     8501      14264 |  491   507 |      7510|       0.34       7.62|
Info:      24000 |     8917      14768 |  416   504 |      7262|       0.37       7.99|
Info:      25000 |     9431      15254 |  514   486 |      7221|       0.38       8.37|
Info:      26000 |     9931      15704 |  500   450 |      6994|       0.33       8.70|
Info:      27000 |    10402      16201 |  471   497 |      6805|       0.41       9.11|
Info:      28000 |    10854      16748 |  452   547 |      6656|       0.35       9.46|
Info:      29000 |    11407      17168 |  553   420 |      6506|       0.36       9.82|
Info:      30000 |    11932      17641 |  525   473 |      6414|       0.43      10.25|
Info:      31000 |    12483      18089 |  551   448 |      6325|       0.43      10.68|
Info:      32000 |    12980      18592 |  497   503 |      6139|       0.37      11.05|
Info:      33000 |    13524      19048 |  544   456 |      6022|       0.38      11.43|
Info:      34000 |    14107      19465 |  583   417 |      5937|       0.52      11.95|
Info:      35000 |    14577      19995 |  470   530 |      5765|       0.41      12.36|
Info:      36000 |    15071      20500 |  494   505 |      5616|       0.37      12.73|
Info:      37000 |    15670      20901 |  599   401 |      5606|       0.53      13.26|
Info:      38000 |    16179      21365 |  509   464 |      5396|       0.35      13.61|
Info:      39000 |    16688      21856 |  509   491 |      5223|       0.37      13.98|
Info:      40000 |    17210      22306 |  522   450 |      5043|       0.41      14.38|
Info:      41000 |    17710      22806 |  500   500 |      4923|       0.41      14.79|
Info:      42000 |    18296      23219 |  586   413 |      4834|       0.49      15.28|
Info:      43000 |    18759      23728 |  463   509 |      4697|       0.56      15.84|
Info:      44000 |    19149      24333 |  390   605 |      4580|       0.33      16.17|
Info:      45000 |    19709      24773 |  560   440 |      4514|       0.37      16.54|
Info:      46000 |    20248      25224 |  539   451 |      4386|       0.46      17.00|
Info:      47000 |    20847      25625 |  599   401 |      4359|       0.38      17.38|
Info:      48000 |    21411      26061 |  564   436 |      4308|       0.71      18.09|
Info:      49000 |    22038      26433 |  627   372 |      4252|       0.53      18.62|
Info:      50000 |    22619      26852 |  581   419 |      4143|       0.36      18.98|
Info:      51000 |    23177      27294 |  558   442 |      4019|       0.42      19.40|
Info:      52000 |    23782      27680 |  605   386 |      3931|       0.47      19.87|
Info:      53000 |    24377      28083 |  595   403 |      3856|       0.42      20.29|
Info:      54000 |    24902      28527 |  525   444 |      3688|       0.38      20.67|
Info:      55000 |    25470      28959 |  568   432 |      3594|       0.33      21.00|
Info:      56000 |    25997      29425 |  527   466 |      3484|       0.44      21.44|
Info:      57000 |    26572      29847 |  575   422 |      3460|       0.49      21.93|
Info:      58000 |    27064      30354 |  492   507 |      3301|       0.35      22.28|
Info:      59000 |    27655      30761 |  591   407 |      3268|       0.47      22.74|
Info:      60000 |    28207      31209 |  552   448 |      3221|       0.58      23.32|
Info:      61000 |    28848      31568 |  641   359 |      3204|       0.64      23.96|
Info:      62000 |    29495      31921 |  647   353 |      3180|       0.54      24.51|
Info:      63000 |    30055      32358 |  560   437 |      3067|       0.48      24.98|
Info:      64000 |    30648      32765 |  593   407 |      2912|       0.46      25.44|
Info:      65000 |    31222      33191 |  574   426 |      2803|       0.44      25.88|
Info:      66000 |    31762      33647 |  540   456 |      2704|       0.66      26.54|
Info:      67000 |    32313      34096 |  551   449 |      2648|       0.52      27.07|
Info:      68000 |    32941      34468 |  628   372 |      2614|       0.64      27.71|
Info:      69000 |    33544      34865 |  603   397 |      2593|       0.47      28.18|
Info:      70000 |    34090      35319 |  546   454 |      2442|       0.36      28.54|
Info:      71000 |    34660      35746 |  570   427 |      2330|       0.55      29.09|
Info:      72000 |    35194      36208 |  534   462 |      2199|       0.45      29.53|
Info:      73000 |    35766      36632 |  572   424 |      2089|       0.70      30.23|
Info:      74000 |    36453      36945 |  687   313 |      2066|       0.52      30.76|
Info:      75000 |    36934      37457 |  481   512 |      1891|       0.44      31.20|
Info:      76000 |    37488      37903 |  554   446 |      1748|       0.45      31.65|
Info:      77000 |    37967      38411 |  479   508 |      1497|       1.16      32.80|
Info:      78000 |    38578      38800 |  611   389 |      1502|       0.59      33.40|
Info:      79000 |    38997      39375 |  419   575 |      1123|       0.29      33.69|
Info:      80000 |    39409      39963 |  412   588 |       696|       0.36      34.05|
Info:      81000 |    39880      40492 |  471   529 |       357|       0.97      35.02|
Info:      81855 |    40210      41018 |  330   526 |         0|       1.10      36.12|
Info: Routing complete.
Info: Router1 time 36.12s
Info: Checksum: 0x83219f92

Info: Critical path report for clock 'clk' (posedge -> posedge):
Info:       type curr  total name
Info:   clk-to-q  1.39  1.39 Source soc.cpu.mem_addr_SB_DFFE_Q_24_DFFLC.O
Info:    routing  2.95  4.34 Net iomem_addr[7] (23,25) -> (21,28)
Info:                          Sink soc.gen_icache.icache_inst.valid_array_SB_DFFESR_Q_D_SB_LUT4_O_I3_SB_LUT4_O_I3_SB_LUT4_O_LC.I2
Info:                          Defined in:
Info:                               /home/ed667/oss-cad-suite/lib/../share/yosys/ice40/cells_map.v:6.21-6.22
Info:      logic  1.21  5.55 Source soc.gen_icache.icache_inst.valid_array_SB_DFFESR_Q_D_SB_LUT4_O_I3_SB_LUT4_O_I3_SB_LUT4_O_LC.O
Info:    routing  2.85  8.39 Net soc.cpu.mem_instr_SB_LUT4_I1_O_SB_LUT4_I3_O_SB_LUT4_O_1_I2_SB_LUT4_O_1_I1_SB_LUT4_O_1_I2_SB_LUT4_O_I2[1] (21,28) -> (24,28)
Info:                          Sink soc.gen_icache.icache_inst.tag_array.0.1_RDATA_3_SB_LUT4_I1_O_SB_LUT4_I0_O_SB_LUT4_O_I2_SB_LUT4_O_I1_SB_LUT4_O_1_I3_SB_LUT4_O_I1_SB_LUT4_O_2_I2_SB_LUT4_O_1_LC.I3
Info:                          Defined in:
Info:                               /home/ed667/oss-cad-suite/lib/../share/yosys/ice40/cells_map.v:6.21-6.22
Info:      logic  0.87  9.27 Source soc.gen_icache.icache_inst.tag_array.0.1_RDATA_3_SB_LUT4_I1_O_SB_LUT4_I0_O_SB_LUT4_O_I2_SB_LUT4_O_I1_SB_LUT4_O_1_I3_SB_LUT4_O_I1_SB_LUT4_O_2_I2_SB_LUT4_O_1_LC.O
Info:    routing  1.76  11.03 Net soc.gen_icache.icache_inst.tag_array.0.1_RDATA_3_SB_LUT4_I1_O_SB_LUT4_I0_O_SB_LUT4_O_I2_SB_LUT4_O_I1_SB_LUT4_O_1_I3_SB_LUT4_O_I1_SB_LUT4_O_2_I2[3] (24,28) -> (24,29)
Info:                          Sink soc.gen_icache.icache_inst.tag_array.0.1_RDATA_3_SB_LUT4_I1_O_SB_LUT4_I0_O_SB_LUT4_O_I2_SB_LUT4_O_I1_SB_LUT4_O_1_I3_SB_LUT4_O_I1_SB_LUT4_O_2_LC.I3
Info:                          Defined in:
Info:                               /home/ed667/oss-cad-suite/lib/../share/yosys/ice40/cells_map.v:6.21-6.22
Info:      logic  0.87  11.90 Source soc.gen_icache.icache_inst.tag_array.0.1_RDATA_3_SB_LUT4_I1_O_SB_LUT4_I0_O_SB_LUT4_O_I2_SB_LUT4_O_I1_SB_LUT4_O_1_I3_SB_LUT4_O_I1_SB_LUT4_O_2_LC.O
Info:    routing  1.76  13.66 Net soc.gen_icache.icache_inst.tag_array.0.1_RDATA_3_SB_LUT4_I1_O_SB_LUT4_I0_O_SB_LUT4_O_I2_SB_LUT4_O_I1_SB_LUT4_O_1_I3_SB_LUT4_O_I1[3] (24,29) -> (24,29)
Info:                          Sink soc.gen_icache.icache_inst.tag_array.0.1_RDATA_3_SB_LUT4_I1_O_SB_LUT4_I0_O_SB_LUT4_O_I2_SB_LUT4_O_I1_SB_LUT4_O_1_I3_SB_LUT4_O_LC.I3
Info:                          Defined in:
Info:                               /home/ed667/oss-cad-suite/lib/../share/yosys/ice40/cells_map.v:6.21-6.22
Info:      logic  0.87  14.54 Source soc.gen_icache.icache_inst.tag_array.0.1_RDATA_3_SB_LUT4_I1_O_SB_LUT4_I0_O_SB_LUT4_O_I2_SB_LUT4_O_I1_SB_LUT4_O_1_I3_SB_LUT4_O_LC.O
Info:    routing  1.76  16.30 Net soc.gen_icache.icache_inst.tag_array.0.1_RDATA_3_SB_LUT4_I1_O_SB_LUT4_I0_O_SB_LUT4_O_I2_SB_LUT4_O_I1_SB_LUT4_O_1_I3[2] (24,29) -> (23,28)
Info:                          Sink soc.gen_icache.icache_inst.tag_array.0.1_RDATA_3_SB_LUT4_I1_O_SB_LUT4_I0_O_SB_LUT4_O_I2_SB_LUT4_O_I1_SB_LUT4_O_1_LC.I3
Info:                          Defined in:
Info:                               /home/ed667/oss-cad-suite/lib/../share/yosys/ice40/cells_map.v:6.21-6.22
Info:      logic  0.87  17.17 Source soc.gen_icache.icache_inst.tag_array.0.1_RDATA_3_SB_LUT4_I1_O_SB_LUT4_I0_O_SB_LUT4_O_I2_SB_LUT4_O_I1_SB_LUT4_O_1_LC.O
Info:    routing  1.76  18.93 Net soc.gen_icache.icache_inst.tag_array.0.1_RDATA_3_SB_LUT4_I1_O_SB_LUT4_I0_O_SB_LUT4_O_I2_SB_LUT4_O_I1[1] (23,28) -> (22,27)
Info:                          Sink soc.gen_icache.icache_inst.tag_array.0.1_RDATA_3_SB_LUT4_I1_O_SB_LUT4_I0_O_SB_LUT4_O_I2_SB_LUT4_O_LC.I2
Info:                          Defined in:
Info:                               /home/ed667/oss-cad-suite/lib/../share/yosys/ice40/cells_map.v:6.21-6.22
Info:      logic  1.21  20.14 Source soc.gen_icache.icache_inst.tag_array.0.1_RDATA_3_SB_LUT4_I1_O_SB_LUT4_I0_O_SB_LUT4_O_I2_SB_LUT4_O_LC.O
Info:    routing  1.76  21.90 Net soc.gen_icache.icache_inst.tag_array.0.1_RDATA_3_SB_LUT4_I1_O_SB_LUT4_I0_O_SB_LUT4_O_I2[1] (22,27) -> (21,27)
Info:                          Sink soc.gen_icache.icache_inst.tag_array.0.1_RDATA_3_SB_LUT4_I1_O_SB_LUT4_I0_O_SB_LUT4_O_LC.I2
Info:                          Defined in:
Info:                               /home/ed667/oss-cad-suite/lib/../share/yosys/ice40/cells_map.v:6.21-6.22
Info:      logic  1.21  23.10 Source soc.gen_icache.icache_inst.tag_array.0.1_RDATA_3_SB_LUT4_I1_O_SB_LUT4_I0_O_SB_LUT4_O_LC.O
Info:    routing  3.70  26.81 Net soc.gen_icache.icache_inst.tag_array.0.1_RDATA_3_SB_LUT4_I1_O_SB_LUT4_I0_O[3] (21,27) -> (21,18)
Info:                          Sink soc.cpu.mem_instr_SB_LUT4_I1_O_SB_LUT4_I3_O_SB_LUT4_O_LC.I3
Info:                          Defined in:
Info:                               /home/ed667/oss-cad-suite/lib/../share/yosys/ice40/cells_map.v:6.21-6.22
Info:      logic  0.87  27.68 Source soc.cpu.mem_instr_SB_LUT4_I1_O_SB_LUT4_I3_O_SB_LUT4_O_LC.O
Info:    routing  1.76  29.44 Net soc.cpu.mem_instr_SB_LUT4_I1_O_SB_LUT4_I3_O[0] (21,18) -> (21,17)
Info:                          Sink soc.gen_icache.icache_inst.state_SB_DFF_Q_2_D_SB_LUT4_O_I2_SB_LUT4_I1_O_SB_LUT4_O_LC.I2
Info:                          Defined in:
Info:                               /home/ed667/oss-cad-suite/lib/../share/yosys/ice40/cells_map.v:6.21-6.22
Info:      logic  1.21  30.65 Source soc.gen_icache.icache_inst.state_SB_DFF_Q_2_D_SB_LUT4_O_I2_SB_LUT4_I1_O_SB_LUT4_O_LC.O
Info:    routing  3.06  33.71 Net soc.gen_icache.icache_inst.state_SB_DFF_Q_2_D_SB_LUT4_O_I2_SB_LUT4_I1_O[3] (21,17) -> (20,22)
Info:                          Sink soc.cpu.mem_xfer_SB_LUT4_O_LC.I3
Info:                          Defined in:
Info:                               /home/ed667/oss-cad-suite/lib/../share/yosys/ice40/cells_map.v:6.21-6.22
Info:      logic  0.87  34.58 Source soc.cpu.mem_xfer_SB_LUT4_O_LC.O
Info:    routing  2.95  37.53 Net soc.cpu.mem_rdata_q_SB_DFFE_Q_10_D[1] (20,22) -> (20,26)
Info:                          Sink soc.cpu.mem_state_SB_DFFESR_Q_D_SB_LUT4_O_I3_SB_LUT4_I1_LC.I3
Info:                          Defined in:
Info:                               /home/ed667/oss-cad-suite/lib/../share/yosys/ice40/cells_map.v:6.21-6.22
Info:      logic  0.87  38.41 Source soc.cpu.mem_state_SB_DFFESR_Q_D_SB_LUT4_O_I3_SB_LUT4_I1_LC.O
Info:    routing  1.76  40.17 Net soc.cpu.mem_state_SB_DFFESR_Q_D_SB_LUT4_O_I3_SB_LUT4_I1_O[3] (20,26) -> (20,27)
Info:                          Sink soc.cpu.cpu_state_SB_DFF_Q_1_D_SB_LUT4_O_I2_SB_LUT4_O_I2_SB_LUT4_I3_O_SB_LUT4_O_I3_SB_LUT4_O_LC.I3
Info:                          Defined in:
Info:                               /home/ed667/oss-cad-suite/lib/../share/yosys/ice40/cells_map.v:6.21-6.22
Info:      logic  0.87  41.04 Source soc.cpu.cpu_state_SB_DFF_Q_1_D_SB_LUT4_O_I2_SB_LUT4_O_I2_SB_LUT4_I3_O_SB_LUT4_O_I3_SB_LUT4_O_LC.O
Info:    routing  4.58  45.62 Net soc.cpu.cpu_state_SB_DFF_Q_1_D_SB_LUT4_O_I2_SB_LUT4_O_I2_SB_LUT4_I3_O_SB_LUT4_O_I3[1] (20,27) -> (5,28)
Info:                          Sink soc.cpu.cpu_state_SB_DFF_Q_2_D_SB_LUT4_O_I2_SB_LUT4_I3_O_SB_LUT4_I2_O_SB_LUT4_O_2_I3_SB_LUT4_O_LC.I3
Info:                          Defined in:
Info:                               /home/ed667/oss-cad-suite/lib/../share/yosys/ice40/cells_map.v:6.21-6.22
Info:      logic  0.87  46.50 Source soc.cpu.cpu_state_SB_DFF_Q_2_D_SB_LUT4_O_I2_SB_LUT4_I3_O_SB_LUT4_I2_O_SB_LUT4_O_2_I3_SB_LUT4_O_LC.O
Info:    routing  1.76  48.26 Net soc.cpu.cpu_state_SB_DFF_Q_2_D_SB_LUT4_O_I2_SB_LUT4_I3_O_SB_LUT4_I2_O_SB_LUT4_O_2_I3[1] (5,28) -> (4,27)
Info:                          Sink soc.cpu.cpu_state_SB_DFF_Q_2_D_SB_LUT4_O_I2_SB_LUT4_I3_O_SB_LUT4_I2_O_SB_LUT4_O_2_I3_SB_LUT4_I3_LC.I3
Info:                          Defined in:
Info:                               /home/ed667/oss-cad-suite/lib/../share/yosys/ice40/cells_map.v:6.21-6.22
Info:      logic  0.87  49.13 Source soc.cpu.cpu_state_SB_DFF_Q_2_D_SB_LUT4_O_I2_SB_LUT4_I3_O_SB_LUT4_I2_O_SB_LUT4_O_2_I3_SB_LUT4_I3_LC.O
Info:    routing  2.41  51.54 Net soc.cpu.cpu_state_SB_DFF_Q_2_D_SB_LUT4_O_I2_SB_LUT4_I3_O_SB_LUT4_I2_O_SB_LUT4_O_2_I3_SB_LUT4_I3_O[3] (4,27) -> (4,24)
Info:                          Sink soc.cpu.latched_is_lb_SB_DFFESR_Q_E_SB_LUT4_O_I3_SB_LUT4_O_LC.I3
Info:                          Defined in:
Info:                               /home/ed667/oss-cad-suite/lib/../share/yosys/ice40/cells_map.v:6.21-6.22
Info:      logic  0.87  52.42 Source soc.cpu.latched_is_lb_SB_DFFESR_Q_E_SB_LUT4_O_I3_SB_LUT4_O_LC.O
Info:    routing  3.06  55.47 Net soc.cpu.instr_sll_SB_LUT4_I1_O[3] (4,24) -> (4,20)
Info:                          Sink soc.cpu.latched_is_lb_SB_DFFESR_Q_E_SB_LUT4_O_I3_SB_LUT4_I3_LC.I3
Info:                          Defined in:
Info:                               /home/ed667/oss-cad-suite/lib/../share/yosys/ice40/cells_map.v:6.21-6.22
Info:      logic  0.87  56.35 Source soc.cpu.latched_is_lb_SB_DFFESR_Q_E_SB_LUT4_O_I3_SB_LUT4_I3_LC.O
Info:    routing  1.76  58.11 Net soc.cpu.latched_is_lb_SB_DFFESR_Q_E_SB_LUT4_O_I3_SB_LUT4_I3_O[3] (4,20) -> (4,21)
Info:                          Sink soc.cpu.reg_op1_SB_DFFE_Q_E_SB_LUT4_O_LC.I3
Info:                          Defined in:
Info:                               /home/ed667/oss-cad-suite/lib/../share/yosys/ice40/cells_map.v:6.21-6.22
Info:      logic  0.87  58.98 Source soc.cpu.reg_op1_SB_DFFE_Q_E_SB_LUT4_O_LC.O
Info:    routing  2.99  61.97 Net soc.cpu.reg_op1_SB_DFFE_Q_E (4,21) -> (4,22)
Info:                          Sink soc.cpu.reg_op1_SB_DFFE_Q_D_SB_LUT4_O_LC.CEN
Info:      setup  0.10  62.07 Source soc.cpu.reg_op1_SB_DFFE_Q_D_SB_LUT4_O_LC.CEN
Info: 17.67 ns logic, 44.40 ns routing

Info: Critical path report for cross-domain path '<async>' -> 'posedge clk':
Info:       type curr  total name
Info:     source  0.00  0.00 Source flash_io_buf[2].D_IN_0
Info:    routing  4.25  4.25 Net flash_io2_di (18,0) -> (21,12)
Info:                          Sink flash_io2_di_SB_LUT4_I0_LC.I0
Info:                          Defined in:
Info:                               picosoc.v:153.14-153.32
Info:      logic  1.28  5.53 Source flash_io2_di_SB_LUT4_I0_LC.O
Info:    routing  1.76  7.29 Net flash_io2_di_SB_LUT4_I0_O[1] (21,12) -> (21,12)
Info:                          Sink flash_io2_di_SB_LUT4_I0_O_SB_LUT4_I0_LC.I1
Info:                          Defined in:
Info:                               /home/ed667/oss-cad-suite/lib/../share/yosys/ice40/cells_map.v:6.21-6.22
Info:      logic  1.23  8.52 Source flash_io2_di_SB_LUT4_I0_O_SB_LUT4_I0_LC.O
Info:    routing  1.76  10.28 Net flash_io2_di_SB_LUT4_I0_O_SB_LUT4_I0_O[3] (21,12) -> (21,13)
Info:                          Sink flash_io2_di_SB_LUT4_I0_O_SB_LUT4_I0_O_SB_LUT4_I1_LC.I3
Info:                          Defined in:
Info:                               /home/ed667/oss-cad-suite/lib/../share/yosys/ice40/cells_map.v:6.21-6.22
Info:      logic  0.87  11.16 Source flash_io2_di_SB_LUT4_I0_O_SB_LUT4_I0_O_SB_LUT4_I1_LC.O
Info:    routing  1.76  12.92 Net soc.gen_icache.icache_inst.miss_rdata_SB_DFFESR_Q_29_D_SB_LUT4_O_I1[3] (21,13) -> (21,14)
Info:                          Sink soc.gen_icache.icache_inst.data_array.0.1_RDATA_1_SB_LUT4_I0_O_SB_LUT4_O_1_LC.I3
Info:                          Defined in:
Info:                               /home/ed667/oss-cad-suite/lib/../share/yosys/ice40/cells_map.v:6.21-6.22
Info:      logic  0.87  13.79 Source soc.gen_icache.icache_inst.data_array.0.1_RDATA_1_SB_LUT4_I0_O_SB_LUT4_O_1_LC.O
Info:    routing  1.76  15.56 Net soc.gen_icache.icache_inst.data_array.0.1_RDATA_1_SB_LUT4_I0_O[3] (21,14) -> (20,15)
Info:                          Sink soc.cpu.mem_rdata_q_SB_DFFE_Q_29_D_SB_LUT4_O_LC.I3
Info:                          Defined in:
Info:                               /home/ed667/oss-cad-suite/lib/../share/yosys/ice40/cells_map.v:6.21-6.22
Info:      logic  0.87  16.43 Source soc.cpu.mem_rdata_q_SB_DFFE_Q_29_D_SB_LUT4_O_LC.O
Info:    routing  3.60  20.03 Net soc.cpu.mem_rdata_q_SB_DFFE_Q_29_D[2] (20,15) -> (18,22)
Info:                          Sink soc.cpu.mem_rdata_q_SB_DFFE_Q_29_D_SB_LUT4_I3_LC.I3
Info:                          Defined in:
Info:                               /home/ed667/oss-cad-suite/lib/../share/yosys/ice40/cells_map.v:6.21-6.22
Info:      logic  0.87  20.90 Source soc.cpu.mem_rdata_q_SB_DFFE_Q_29_D_SB_LUT4_I3_LC.O
Info:    routing  1.76  22.66 Net soc.cpu.mem_rdata_q_SB_DFFE_Q_29_D_SB_LUT4_I3_O[0] (18,22) -> (18,23)
Info:                          Sink soc.cpu.mem_rdata_q_SB_DFFE_Q_29_D_SB_LUT4_I3_O_SB_LUT4_I1_LC.I1
Info:                          Defined in:
Info:                               /home/ed667/oss-cad-suite/lib/../share/yosys/ice40/cells_map.v:6.21-6.22
Info:      logic  1.23  23.90 Source soc.cpu.mem_rdata_q_SB_DFFE_Q_29_D_SB_LUT4_I3_O_SB_LUT4_I1_LC.O
Info:    routing  3.06  26.95 Net soc.cpu.instr_waitirq_SB_DFFE_Q_D_SB_LUT4_O_I1[3] (18,23) -> (17,27)
Info:                          Sink soc.gen_icache.icache_inst.data_array.0.7_RDATA_SB_LUT4_I0_O_SB_LUT4_I1_O_SB_LUT4_I3_O_SB_LUT4_O_LC.I3
Info:                          Defined in:
Info:                               /home/ed667/oss-cad-suite/lib/../share/yosys/ice40/cells_map.v:6.21-6.22
Info:      logic  0.87  27.83 Source soc.gen_icache.icache_inst.data_array.0.7_RDATA_SB_LUT4_I0_O_SB_LUT4_I1_O_SB_LUT4_I3_O_SB_LUT4_O_LC.O
Info:    routing  1.76  29.59 Net soc.cpu.cpuregs.regs.1.0_RADDR_1_SB_LUT4_O_I1[1] (17,27) -> (16,27)
Info:                          Sink soc.cpu.cpuregs.regs.1.0_RADDR_SB_LUT4_O_I1_SB_LUT4_I1_LC.I3
Info:                          Defined in:
Info:                               /home/ed667/oss-cad-suite/lib/../share/yosys/ice40/cells_map.v:6.21-6.22
Info:      logic  0.87  30.46 Source soc.cpu.cpuregs.regs.1.0_RADDR_SB_LUT4_O_I1_SB_LUT4_I1_LC.O
Info:    routing  1.76  32.22 Net soc.cpu.cpuregs.regs.1.0_RADDR_SB_LUT4_O_I1_SB_LUT4_I1_O[3] (16,27) -> (16,27)
Info:                          Sink soc.cpu.decoded_imm_j_SB_DFFE_Q_14_D_SB_LUT4_I3_O_SB_LUT4_I3_O_SB_LUT4_I2_LC.I3
Info:                          Defined in:
Info:                               /home/ed667/oss-cad-suite/lib/../share/yosys/ice40/cells_map.v:6.21-6.22
Info:      logic  0.87  33.10 Source soc.cpu.decoded_imm_j_SB_DFFE_Q_14_D_SB_LUT4_I3_O_SB_LUT4_I3_O_SB_LUT4_I2_LC.O
Info:    routing  1.76  34.86 Net soc.cpu.cpuregs.regs.1.0_RDATA_11_SB_DFF_Q_1_D_SB_LUT4_O_I0[2] (16,27) -> (16,27)
Info:                          Sink soc.cpu.cpuregs.regs.1.0_RDATA_11_SB_DFF_Q_1_D_SB_LUT4_O_LC.I2
Info:                          Defined in:
Info:                               /home/ed667/oss-cad-suite/lib/../share/yosys/ice40/cells_map.v:6.21-6.22
Info:      setup  1.15  36.01 Source soc.cpu.cpuregs.regs.1.0_RDATA_11_SB_DFF_Q_1_D_SB_LUT4_O_LC.I2
Info: 11.02 ns logic, 24.99 ns routing

Info: Critical path report for cross-domain path 'posedge clk' -> '<async>':
Info:       type curr  total name
Info:   clk-to-q  1.39  1.39 Source soc.spimemio.xfer.dummy_count_SB_DFFESR_Q_D_SB_LUT4_O_LC.O
Info:    routing  1.76  3.15 Net soc.spimemio.xfer.dummy_count[3] (24,7) -> (24,6)
Info:                          Sink soc.spimemio.din_valid_SB_LUT4_I2_O_SB_LUT4_O_LC.I0
Info:                          Defined in:
Info:                               spimemio.v:417.12-417.23
Info:      logic  1.28  4.43 Source soc.spimemio.din_valid_SB_LUT4_I2_O_SB_LUT4_O_LC.O
Info:    routing  3.49  7.93 Net flash_io0_oe_SB_LUT4_O_I3[2] (24,6) -> (21,2)
Info:                          Sink flash_io2_oe_SB_LUT4_O_I3_SB_LUT4_O_LC.I3
Info:                          Defined in:
Info:                               /home/ed667/oss-cad-suite/lib/../share/yosys/ice40/cells_map.v:6.21-6.22
Info:      logic  0.87  8.80 Source flash_io2_oe_SB_LUT4_O_I3_SB_LUT4_O_LC.O
Info:    routing  1.76  10.56 Net flash_io2_oe_SB_LUT4_O_I3[3] (21,2) -> (21,2)
Info:                          Sink soc.spimemio.xfer_io3_90_SB_DFFN_Q_D_SB_LUT4_O_LC.I3
Info:                          Defined in:
Info:                               /home/ed667/oss-cad-suite/lib/../share/yosys/ice40/cells_map.v:6.21-6.22
Info:      logic  0.87  11.44 Source soc.spimemio.xfer_io3_90_SB_DFFN_Q_D_SB_LUT4_O_LC.O
Info:    routing  1.76  13.20 Net soc.spimemio.xfer_io3_90_SB_DFFN_Q_D[2] (21,2) -> (20,1)
Info:                          Sink soc.spimemio.xfer_io3_90_SB_LUT4_I2_LC.I3
Info:                          Defined in:
Info:                               /home/ed667/oss-cad-suite/lib/../share/yosys/ice40/cells_map.v:6.21-6.22
Info:      logic  0.87  14.07 Source soc.spimemio.xfer_io3_90_SB_LUT4_I2_LC.O
Info:    routing  2.30  16.38 Net flash_io3_do_SB_LUT4_O_I3[2] (20,1) -> (18,1)
Info:                          Sink flash_io3_do_SB_LUT4_O_LC.I3
Info:                          Defined in:
Info:                               /home/ed667/oss-cad-suite/lib/../share/yosys/ice40/cells_map.v:6.21-6.22
Info:      logic  0.87  17.25 Source flash_io3_do_SB_LUT4_O_LC.O
Info:    routing  1.76  19.01 Net flash_io3_do (18,1) -> (19,0)
Info:                          Sink flash_io_buf[3].D_OUT_0
Info:                          Defined in:
Info:                               spimemio.v:39.9-39.21
Info: 6.17 ns logic, 12.84 ns routing

Info: Critical path report for cross-domain path 'negedge clk' -> '<async>':
Info:       type curr  total name
Info:   clk-to-q  1.39  1.39 Source soc.spimemio.xfer_io1_90_SB_DFFN_Q_DFFLC.O
Info:    routing  1.76  3.15 Net soc.spimemio.xfer_io1_90 (21,1) -> (21,1)
Info:                          Sink soc.spimemio.xfer_io1_90_SB_LUT4_I2_LC.I2
Info:                          Defined in:
Info:                               /home/ed667/oss-cad-suite/lib/../share/yosys/ice40/cells_map.v:6.21-6.22
Info:      logic  1.21  4.36 Source soc.spimemio.xfer_io1_90_SB_LUT4_I2_LC.O
Info:    routing  1.76  6.12 Net flash_io1_do_SB_LUT4_O_I3[2] (21,1) -> (21,1)
Info:                          Sink flash_io1_do_SB_LUT4_O_LC.I3
Info:                          Defined in:
Info:                               /home/ed667/oss-cad-suite/lib/../share/yosys/ice40/cells_map.v:6.21-6.22
Info:      logic  0.87  6.99 Source flash_io1_do_SB_LUT4_O_LC.O
Info:    routing  2.95  9.94 Net flash_io1_do (21,1) -> (23,0)
Info:                          Sink flash_io_buf[1].D_OUT_0
Info:                          Defined in:
Info:                               spimemio.v:37.9-37.21
Info: 3.47 ns logic, 6.47 ns routing

Info: Max frequency for clock 'clk': 16.11 MHz (PASS at 12.00 MHz)

Info: Max delay <async>     -> posedge clk: 36.01 ns
Info: Max delay posedge clk -> <async>    : 19.01 ns
Info: Max delay negedge clk -> <async>    : 9.94 ns

Info: Slack histogram:
Info:  legend: * represents 21 endpoint(s)
Info:          + represents [1,21) endpoint(s)
Info: [ 21261,  24203) |+
Info: [ 24203,  27145) |*+
Info: [ 27145,  30087) |**+
Info: [ 30087,  33029) |*+
Info: [ 33029,  35971) |**+
Info: [ 35971,  38913) |***+
Info: [ 38913,  41855) |********+
Info: [ 41855,  44797) |******+
Info: [ 44797,  47739) |******+
Info: [ 47739,  50681) |***********+
Info: [ 50681,  53623) |*********+
Info: [ 53623,  56565) |****+
Info: [ 56565,  59507) |***+
Info: [ 59507,  62449) |***************+
Info: [ 62449,  65391) |****************+
Info: [ 65391,  68333) |*******************************+
Info: [ 68333,  71275) |******************************************************+
Info: [ 71275,  74217) |******************************************+
Info: [ 74217,  77159) |*****************************************************+
Info: [ 77159,  80101) |************************************************************ 

Info: Program finished normally.
