
icetime topological timing analysis report
==========================================

Info: max_span_hack is enabled: estimate is conservative.

Report for critical path:
-------------------------

        lc40_23_25_6 (LogicCell40) [clk] -> lcout: 1.491 ns
     1.491 ns net_89584 (iomem_addr[7])
        odrv_23_25_89584_85888 (Odrv4) I -> O: 0.649 ns
        t25511 (Span4Mux_v4) I -> O: 0.649 ns
        t25510 (LocalMux) I -> O: 1.099 ns
        inmux_21_28_86158_86227 (InMux) I -> O: 0.662 ns
        lc40_21_28_6 (LogicCell40) in1 -> lcout: 1.232 ns
     5.782 ns net_82291 (soc.cpu.mem_instr_SB_LUT4_I1_O_SB_LUT4_I3_O_SB_LUT4_O_1_I2_SB_LUT4_O_1_I1_SB_LUT4_O_1_I2_SB_LUT4_O_I2[1])
        odrv_21_28_82291_82421 (Odrv4) I -> O: 0.649 ns
        t23449 (Span4Mux_h4) I -> O: 0.543 ns
        t23448 (LocalMux) I -> O: 1.099 ns
        inmux_24_28_98055_98131 (InMux) I -> O: 0.662 ns
        t4279 (CascadeMux) I -> O: 0.000 ns
        lc40_24_28_7 (LogicCell40) in2 -> lcout: 1.205 ns
     9.941 ns net_93785 (soc.gen_icache.icache_inst.tag_array.0.1_RDATA_3_SB_LUT4_I1_O_SB_LUT4_I0_O_SB_LUT4_O_I2_SB_LUT4_O_I1_SB_LUT4_O_1_I3_SB_LUT4_O_I1_SB_LUT4_O_2_I2[3])
        t26553 (LocalMux) I -> O: 1.099 ns
        inmux_24_29_98192_98224 (InMux) I -> O: 0.662 ns
        lc40_24_29_1 (LogicCell40) in0 -> lcout: 1.285 ns
    12.987 ns net_93902 (soc.gen_icache.icache_inst.tag_array.0.1_RDATA_3_SB_LUT4_I1_O_SB_LUT4_I0_O_SB_LUT4_O_I2_SB_LUT4_O_I1_SB_LUT4_O_1_I3_SB_LUT4_O_I1[3])
        t26562 (LocalMux) I -> O: 1.099 ns
        inmux_24_29_98194_98230 (InMux) I -> O: 0.662 ns
        lc40_24_29_2 (LogicCell40) in0 -> lcout: 1.285 ns
    16.033 ns net_93903 (soc.gen_icache.icache_inst.tag_array.0.1_RDATA_3_SB_LUT4_I1_O_SB_LUT4_I0_O_SB_LUT4_O_I2_SB_LUT4_O_I1_SB_LUT4_O_1_I3[2])
        t26563 (LocalMux) I -> O: 1.099 ns
        inmux_23_28_93845_93896 (InMux) I -> O: 0.662 ns
        t4133 (CascadeMux) I -> O: 0.000 ns
        lc40_23_28_7 (LogicCell40) in2 -> lcout: 1.205 ns
    19.000 ns net_89954 (soc.gen_icache.icache_inst.tag_array.0.1_RDATA_3_SB_LUT4_I1_O_SB_LUT4_I0_O_SB_LUT4_O_I2_SB_LUT4_O_I1[1])
        t25752 (LocalMux) I -> O: 1.099 ns
        inmux_22_27_89896_89943 (InMux) I -> O: 0.662 ns
        lc40_22_27_7 (LogicCell40) in3 -> lcout: 0.874 ns
    21.636 ns net_86000 (soc.gen_icache.icache_inst.tag_array.0.1_RDATA_3_SB_LUT4_I1_O_SB_LUT4_I0_O_SB_LUT4_O_I2[1])
        t24211 (LocalMux) I -> O: 1.099 ns
        inmux_21_27_86057_86099 (InMux) I -> O: 0.662 ns
        t3765 (CascadeMux) I -> O: 0.000 ns
        lc40_21_27_5 (LogicCell40) in2 -> lcout: 1.205 ns
    24.602 ns net_82167 (soc.gen_icache.icache_inst.tag_array.0.1_RDATA_3_SB_LUT4_I1_O_SB_LUT4_I0_O[3])
        odrv_21_27_82167_81951 (Odrv4) I -> O: 0.649 ns
        t23418 (Span4Mux_v4) I -> O: 0.649 ns
        t23417 (Span4Mux_v4) I -> O: 0.649 ns
        t23416 (LocalMux) I -> O: 1.099 ns
        inmux_21_18_84931_84972 (InMux) I -> O: 0.662 ns
        lc40_21_18_2 (LogicCell40) in0 -> lcout: 1.285 ns
    29.596 ns net_81057 (soc.cpu.mem_instr_SB_LUT4_I1_O_SB_LUT4_I3_O[0])
        t22993 (LocalMux) I -> O: 1.099 ns
        inmux_21_17_84814_84845 (InMux) I -> O: 0.662 ns
        t3705 (CascadeMux) I -> O: 0.000 ns
        lc40_21_17_1 (LogicCell40) in2 -> lcout: 1.205 ns
    32.562 ns net_80933 (soc.gen_icache.icache_inst.state_SB_DFF_Q_2_D_SB_LUT4_O_I2_SB_LUT4_I1_O[3])
        odrv_21_17_80933_80967 (Odrv4) I -> O: 0.649 ns
        t22976 (Span4Mux_v4) I -> O: 0.649 ns
        t22975 (LocalMux) I -> O: 1.099 ns
        inmux_20_22_81615_81652 (InMux) I -> O: 0.662 ns
        lc40_20_22_5 (LogicCell40) in1 -> lcout: 1.232 ns
    36.854 ns net_77880 (soc.cpu.mem_rdata_q_SB_DFFE_Q_10_D[1])
        odrv_20_22_77880_81684 (Odrv4) I -> O: 0.649 ns
        t22093 (Span4Mux_v4) I -> O: 0.649 ns
        t22098 (LocalMux) I -> O: 1.099 ns
        inmux_20_26_82084_82120 (InMux) I -> O: 0.662 ns
        lc40_20_26_1 (LogicCell40) in1 -> lcout: 1.232 ns
    41.145 ns net_78284 (soc.cpu.mem_state_SB_DFFESR_Q_D_SB_LUT4_O_I3_SB_LUT4_I1_O[3])
        t22271 (LocalMux) I -> O: 1.099 ns
        inmux_20_27_82212_82248 (InMux) I -> O: 0.662 ns
        lc40_20_27_2 (LogicCell40) in0 -> lcout: 1.285 ns
    44.191 ns net_78387 (soc.cpu.cpu_state_SB_DFF_Q_1_D_SB_LUT4_O_I2_SB_LUT4_O_I2_SB_LUT4_I3_O_SB_LUT4_O_I3[1])
        odrv_20_27_78387_78345 (Odrv4) I -> O: 0.649 ns
        t22298 (Span4Mux_h4) I -> O: 0.543 ns
        t22297 (Span4Mux_h4) I -> O: 0.543 ns
        t22296 (Span4Mux_h4) I -> O: 0.543 ns
        t22300 (Span4Mux_h4) I -> O: 0.543 ns
        t22299 (LocalMux) I -> O: 1.099 ns
        inmux_5_28_26138_26189 (InMux) I -> O: 0.662 ns
        lc40_5_28_5 (LogicCell40) in1 -> lcout: 1.232 ns
    50.005 ns net_22258 (soc.cpu.cpu_state_SB_DFF_Q_2_D_SB_LUT4_O_I2_SB_LUT4_I3_O_SB_LUT4_I2_O_SB_LUT4_O_2_I3[1])
        t9193 (LocalMux) I -> O: 1.099 ns
        inmux_4_27_22192_22229 (InMux) I -> O: 0.662 ns
        lc40_4_27_4 (LogicCell40) in1 -> lcout: 1.232 ns
    52.999 ns net_18303 (soc.cpu.cpu_state_SB_DFF_Q_2_D_SB_LUT4_O_I2_SB_LUT4_I3_O_SB_LUT4_I2_O_SB_LUT4_O_2_I3_SB_LUT4_I3_O[3])
        odrv_4_27_18303_18086 (Odrv4) I -> O: 0.649 ns
        t8053 (LocalMux) I -> O: 1.099 ns
        inmux_4_24_21831_21878 (InMux) I -> O: 0.662 ns
        lc40_4_24_7 (LogicCell40) in1 -> lcout: 1.232 ns
    56.641 ns net_17937 (soc.cpu.instr_sll_SB_LUT4_I1_O[3])
        odrv_4_24_17937_18087 (Odrv4) I -> O: 0.649 ns
        t7744 (Span4Mux_v4) I -> O: 0.649 ns
        t7743 (LocalMux) I -> O: 1.099 ns
        inmux_4_20_21332_21357 (InMux) I -> O: 0.662 ns
        t578 (CascadeMux) I -> O: 0.000 ns
        lc40_4_20_2 (LogicCell40) in2 -> lcout: 1.205 ns
    60.906 ns net_17440 (soc.cpu.latched_is_lb_SB_DFFESR_Q_E_SB_LUT4_O_I3_SB_LUT4_I3_O[3])
        t7530 (LocalMux) I -> O: 1.099 ns
        inmux_4_21_21435_21475 (InMux) I -> O: 0.662 ns
        lc40_4_21_1 (LogicCell40) in3 -> lcout: 0.874 ns
    63.541 ns net_17562 (soc.cpu.reg_op1_SB_DFFE_Q_E)
        odrv_4_21_17562_21300 (Odrv4) I -> O: 0.649 ns
        t7597 (Span4Mux_h4) I -> O: 0.543 ns
        t7596 (LocalMux) I -> O: 1.099 ns
        inmux_4_22_21583_21635 (CEMux) I -> O: 0.702 ns
    66.535 ns net_21635 (soc.cpu.reg_op1_SB_DFFE_Q_E)
        lc40_4_22_1 (LogicCell40) ce [setup]: 0.000 ns
    66.535 ns net_17685 (soc.cpu.alu_lts_SB_DFF_Q_D_SB_LUT4_O_I3[0])

Resolvable net names on path:
     1.491 ns ..  4.550 ns iomem_addr[7]
     5.782 ns ..  8.735 ns soc.cpu.mem_instr_SB_LUT4_I1_O_SB_LUT4_I3_O_SB_LUT4_O_1_I2_SB_LUT4_O_1_I1_SB_LUT4_O_1_I2_SB_LUT4_O_I2[1]
     9.941 ns .. 11.702 ns soc.gen_icache.icache_inst.tag_array.0.1_RDATA_3_SB_LUT4_I1_O_SB_LUT4_I0_O_SB_LUT4_O_I2_SB_LUT4_O_I1_SB_LUT4_O_1_I3_SB_LUT4_O_I1_SB_LUT4_O_2_I2[3]
    12.987 ns .. 14.748 ns soc.gen_icache.icache_inst.tag_array.0.1_RDATA_3_SB_LUT4_I1_O_SB_LUT4_I0_O_SB_LUT4_O_I2_SB_LUT4_O_I1_SB_LUT4_O_1_I3_SB_LUT4_O_I1[3]
    16.033 ns .. 17.795 ns soc.gen_icache.icache_inst.tag_array.0.1_RDATA_3_SB_LUT4_I1_O_SB_LUT4_I0_O_SB_LUT4_O_I2_SB_LUT4_O_I1_SB_LUT4_O_1_I3[2]
    19.000 ns .. 20.762 ns soc.gen_icache.icache_inst.tag_array.0.1_RDATA_3_SB_LUT4_I1_O_SB_LUT4_I0_O_SB_LUT4_O_I2_SB_LUT4_O_I1[1]
    21.636 ns .. 23.397 ns soc.gen_icache.icache_inst.tag_array.0.1_RDATA_3_SB_LUT4_I1_O_SB_LUT4_I0_O_SB_LUT4_O_I2[1]
    24.602 ns .. 28.311 ns soc.gen_icache.icache_inst.tag_array.0.1_RDATA_3_SB_LUT4_I1_O_SB_LUT4_I0_O[3]
    29.596 ns .. 31.357 ns soc.cpu.mem_instr_SB_LUT4_I1_O_SB_LUT4_I3_O[0]
    32.562 ns .. 35.622 ns soc.gen_icache.icache_inst.state_SB_DFF_Q_2_D_SB_LUT4_O_I2_SB_LUT4_I1_O[3]
    36.854 ns .. 39.913 ns soc.cpu.mem_rdata_q_SB_DFFE_Q_10_D[1]
    41.145 ns .. 42.906 ns soc.cpu.mem_state_SB_DFFESR_Q_D_SB_LUT4_O_I3_SB_LUT4_I1_O[3]
    44.191 ns .. 48.774 ns soc.cpu.cpu_state_SB_DFF_Q_1_D_SB_LUT4_O_I2_SB_LUT4_O_I2_SB_LUT4_I3_O_SB_LUT4_O_I3[1]
    50.005 ns .. 51.767 ns soc.cpu.cpu_state_SB_DFF_Q_2_D_SB_LUT4_O_I2_SB_LUT4_I3_O_SB_LUT4_I2_O_SB_LUT4_O_2_I3[1]
    52.999 ns .. 55.409 ns soc.cpu.cpu_state_SB_DFF_Q_2_D_SB_LUT4_O_I2_SB_LUT4_I3_O_SB_LUT4_I2_O_SB_LUT4_O_2_I3_SB_LUT4_I3_O[3]
    56.641 ns .. 59.700 ns soc.cpu.instr_sll_SB_LUT4_I1_O[3]
    60.906 ns .. 62.667 ns soc.cpu.latched_is_lb_SB_DFFESR_Q_E_SB_LUT4_O_I3_SB_LUT4_I3_O[3]
    63.541 ns .. 66.535 ns soc.cpu.reg_op1_SB_DFFE_Q_E
                  lcout -> soc.cpu.alu_lts_SB_DFF_Q_D_SB_LUT4_O_I3[0]

Total number of logic levels: 18
Total path delay: 66.53 ns (15.03 MHz)

