COMMAND: nextpnr-ice40 --up5k --package sg48 --json design.json --pcf icebreaker.pcf --asc design.asc --pcf-allow-unconstrained

STDOUT:


STDERR:
Info: constrained 'clk_in' to bel 'X12/Y31/io1'
Info: constrained 'ser_rx' to bel 'X13/Y0/io1'
Info: constrained 'ser_tx' to bel 'X15/Y0/io0'
Info: constrained 'flash_clk' to bel 'X24/Y0/io0'
Info: constrained 'flash_csb' to bel 'X24/Y0/io1'
Info: constrained 'flash_io0' to bel 'X23/Y0/io0'
Info: constrained 'flash_io1' to bel 'X23/Y0/io1'
Info: constrained 'flash_io2' to bel 'X18/Y0/io0'
Info: constrained 'flash_io3' to bel 'X19/Y0/io0'
Info: constrained 'P1A1' to bel 'X9/Y0/io0'
Info: constrained 'P1A2' to bel 'X8/Y0/io0'
Info: constrained 'P1A3' to bel 'X6/Y0/io0'
Info: constrained 'P1A4' to bel 'X7/Y0/io1'
Info: constrained 'P1A7' to bel 'X9/Y0/io1'
Info: constrained 'P1A8' to bel 'X7/Y0/io0'
Info: constrained 'P1A9' to bel 'X5/Y0/io0'
Info: constrained 'P1A10' to bel 'X6/Y0/io1'
Info: constrained 'led1' to bel 'X18/Y31/io0'
Info: constrained 'led2' to bel 'X18/Y31/io1'
Info: constrained 'led3' to bel 'X19/Y31/io1'
Info: constrained 'led4' to bel 'X19/Y31/io0'
Info: constrained 'led5' to bel 'X18/Y0/io1'
Info: constrained 'ledr_n' to bel 'X17/Y0/io0'
Info: constrained 'ledg_n' to bel 'X13/Y31/io0'

Info: Packing constants..
Info: Packing IOs..
Info: flash_io2 feeds SB_IO flash_io_buf[2], removing $nextpnr_iobuf flash_io2.
Info: flash_io1 feeds SB_IO flash_io_buf[1], removing $nextpnr_iobuf flash_io1.
Info: flash_io0 feeds SB_IO flash_io_buf[0], removing $nextpnr_iobuf flash_io0.
Info: flash_io3 feeds SB_IO flash_io_buf[3], removing $nextpnr_iobuf flash_io3.
Info: Packing LUT-FFs..
Info:     3091 LCs used as LUT4 only
Info:     1126 LCs used as LUT4 and DFF
Info: Packing non-LUT FFs..
Info:      602 LCs used as DFF only
Info: Packing carries..
Info:      142 LCs used as CARRY only
Info: Packing indirect carry+LUT pairs...
Info:       68 LUTs merged into carry LCs
Info: Packing RAMs..
Info: Placing PLLs..
Info:   constrained PLL 'pll' to X12/Y31/pll_3
Info: Packing special functions..
Info: Packing PLLs..
Info:   PLL 'pll' has LOCK output, need to pass all outputs via LUT
Info:   constrained 'pll_locked_SB_LUT4_I0_LC' to X1/Y30/lc0
Info: Promoting globals..
Info: promoting iomem_ready_SB_LUT4_I3_O_SB_LUT4_I1_O[1] [reset] (fanout 552)
Info: promoting soc.cpu.genblk1.genblk1.pcpi_mul.mul_counter_SB_DFFE_Q_D_SB_LUT4_O_I3[0] [reset] (fanout 85)
Info: promoting soc.cpu.genblk2.pcpi_div.dq_SB_DFFE_Q_10_D_SB_LUT4_O_I3[1] [reset] (fanout 38)
Info: promoting soc.simpleuart.send_pattern_SB_DFFESS_Q_D_SB_LUT4_O_I3_SB_LUT4_I2_O [reset] (fanout 32)
Info: promoting resetn [cen] (fanout 215)
Info: promoting soc.gen_icache.icache_inst.state_SB_DFF_Q_1_D_SB_LUT4_O_I3_SB_LUT4_I3_1_O [cen] (fanout 128)
Info: promoting soc.cpu.genblk2.pcpi_div.running_SB_DFFSR_Q_D_SB_LUT4_I3_O [cen] (fanout 70)
Info: Constraining chains...
Info:       52 LCs used to legalise carry chains.
Info: Checksum: 0x181586e5

Info: Device utilisation:
Info: 	         ICESTORM_LC:    4947/   5280    93%
Info: 	        ICESTORM_RAM:      22/     30    73%
Info: 	               SB_IO:      24/     96    25%
Info: 	               SB_GB:       8/      8   100%
Info: 	        ICESTORM_PLL:       1/      1   100%
Info: 	         SB_WARMBOOT:       0/      1     0%
Info: 	        ICESTORM_DSP:       0/      8     0%
Info: 	      ICESTORM_HFOSC:       0/      1     0%
Info: 	      ICESTORM_LFOSC:       0/      1     0%
Info: 	              SB_I2C:       0/      2     0%
Info: 	              SB_SPI:       0/      2     0%
Info: 	              IO_I3C:       0/      2     0%
Info: 	         SB_LEDDA_IP:       0/      1     0%
Info: 	         SB_RGBA_DRV:       0/      1     0%
Info: 	      ICESTORM_SPRAM:       4/      4   100%

Info: Placed 26 cells based on constraints.
Info: Creating initial analytic placement for 4240 cells, random placement wirelen = 123673.
Info:     at initial placer iter 0, wirelen = 1882
Info:     at initial placer iter 1, wirelen = 1845
Info:     at initial placer iter 2, wirelen = 1839
Info:     at initial placer iter 3, wirelen = 1842
Info: Running main analytical placer, max placement attempts per cell = 3132504.
Info:     at iteration #1, type ALL: wirelen solved = 1842, spread = 44833, legal = 50493; time = 0.17s
Info:     at iteration #2, type ALL: wirelen solved = 2768, spread = 36728, legal = 44107; time = 0.16s
Info:     at iteration #3, type ALL: wirelen solved = 4074, spread = 36084, legal = 41595; time = 0.15s
Info:     at iteration #4, type ALL: wirelen solved = 5665, spread = 33059, legal = 40352; time = 0.14s
Info:     at iteration #5, type ALL: wirelen solved = 7042, spread = 30999, legal = 37445; time = 0.13s
Info:     at iteration #6, type ALL: wirelen solved = 8256, spread = 29106, legal = 34270; time = 0.09s
Info:     at iteration #7, type ALL: wirelen solved = 9513, spread = 27758, legal = 35038; time = 0.13s
Info:     at iteration #8, type ALL: wirelen solved = 10081, spread = 27805, legal = 35109; time = 0.12s
Info:     at iteration #9, type ALL: wirelen solved = 11110, spread = 26772, legal = 34805; time = 0.13s
Info:     at iteration #10, type ALL: wirelen solved = 11952, spread = 26579, legal = 33626; time = 0.12s
Info:     at iteration #11, type ALL: wirelen solved = 12828, spread = 26010, legal = 32466; time = 0.13s
Info:     at iteration #12, type ALL: wirelen solved = 13218, spread = 25711, legal = 33080; time = 0.12s
Info:     at iteration #13, type ALL: wirelen solved = 13718, spread = 25366, legal = 32888; time = 0.12s
Info:     at iteration #14, type ALL: wirelen solved = 13931, spread = 25070, legal = 31807; time = 0.12s
Info:     at iteration #15, type ALL: wirelen solved = 14459, spread = 25227, legal = 32450; time = 0.13s
Info:     at iteration #16, type ALL: wirelen solved = 14894, spread = 25001, legal = 31578; time = 0.10s
Info:     at iteration #17, type ALL: wirelen solved = 15090, spread = 24854, legal = 31817; time = 0.12s
Info:     at iteration #18, type ALL: wirelen solved = 15300, spread = 24885, legal = 31528; time = 0.11s
Info:     at iteration #19, type ALL: wirelen solved = 15732, spread = 25393, legal = 31707; time = 0.12s
Info:     at iteration #20, type ALL: wirelen solved = 16171, spread = 25406, legal = 32480; time = 0.12s
Info:     at iteration #21, type ALL: wirelen solved = 16105, spread = 25347, legal = 32139; time = 0.12s
Info:     at iteration #22, type ALL: wirelen solved = 16435, spread = 25008, legal = 32202; time = 0.12s
Info:     at iteration #23, type ALL: wirelen solved = 16652, spread = 25168, legal = 32511; time = 0.12s
Info: HeAP Placer Time: 3.89s
Info:   of which solving equations: 1.74s
Info:   of which spreading cells: 0.23s
Info:   of which strict legalisation: 1.18s

Info: Running simulated annealing placer for refinement.
Info:   at iteration #1: temp = 0.000000, timing cost = 2125, wirelen = 31528
Info:   at iteration #5: temp = 0.000000, timing cost = 1888, wirelen = 26897
Info:   at iteration #10: temp = 0.000000, timing cost = 1800, wirelen = 25623
Info:   at iteration #15: temp = 0.000000, timing cost = 1768, wirelen = 24938
Info:   at iteration #20: temp = 0.000000, timing cost = 1790, wirelen = 24490
Info:   at iteration #25: temp = 0.000000, timing cost = 1780, wirelen = 24358
Info:   at iteration #28: temp = 0.000000, timing cost = 1814, wirelen = 24332 
Info: SA placement time 5.30s

Info: Max frequency for clock 'clk': 16.37 MHz (PASS at 12.00 MHz)

Info: Max delay <async>     -> posedge clk: 36.20 ns
Info: Max delay posedge clk -> <async>    : 17.68 ns
Info: Max delay negedge clk -> <async>    : 9.90 ns

Info: Slack histogram:
Info:  legend: * represents 28 endpoint(s)
Info:          + represents [1,28) endpoint(s)
Info: [ 22227,  25127) |+
Info: [ 25127,  28027) |**+
Info: [ 28027,  30927) |*+
Info: [ 30927,  33827) |*****+
Info: [ 33827,  36727) |**+
Info: [ 36727,  39627) |**+
Info: [ 39627,  42527) |+
Info: [ 42527,  45427) |******+
Info: [ 45427,  48327) |******+
Info: [ 48327,  51227) |*+
Info: [ 51227,  54127) |******+
Info: [ 54127,  57027) |******+
Info: [ 57027,  59927) |****+
Info: [ 59927,  62827) |*******+
Info: [ 62827,  65727) |*******************+
Info: [ 65727,  68627) |*******************************************+
Info: [ 68627,  71527) |***********************+
Info: [ 71527,  74427) |******************+
Info: [ 74427,  77327) |****************************+
Info: [ 77327,  80227) |************************************************************ 
Info: Checksum: 0xb1d37aeb

Info: Routing..
Info: Setting up routing queue.
Info: Routing 16979 arcs.
Info:            |   (re-)routed arcs  |   delta    | remaining|       time spent     |
Info:    IterCnt |  w/ripup   wo/ripup |  w/r  wo/r |      arcs| batch(sec) total(sec)|
Info:       1000 |       47        952 |   47   952 |     16034|       0.39       0.39|
Info:       2000 |      139       1860 |   92   908 |     15159|       0.28       0.68|
Info:       3000 |      289       2710 |  150   850 |     14354|       0.17       0.84|
Info:       4000 |      672       3327 |  383   617 |     13794|       0.18       1.02|
Info:       5000 |     1049       3950 |  377   623 |     13295|       0.17       1.19|
Info:       6000 |     1423       4576 |  374   626 |     12750|       0.21       1.40|
Info:       7000 |     1695       5304 |  272   728 |     12156|       0.28       1.68|
Info:       8000 |     1975       6005 |  280   701 |     11542|       0.24       1.92|
Info:       9000 |     2233       6719 |  258   714 |     10948|       0.28       2.20|
Info:      10000 |     2553       7368 |  320   649 |     10487|       0.30       2.51|
Info:      11000 |     2930       7961 |  377   593 |     10062|       0.28       2.79|
Info:      12000 |     3277       8610 |  347   649 |      9617|       0.30       3.08|
Info:      13000 |     3683       9174 |  406   564 |      9336|       0.32       3.40|
Info:      14000 |     4054       9800 |  371   626 |      8962|       0.31       3.72|
Info:      15000 |     4510      10291 |  456   491 |      8713|       0.31       4.03|
Info:      16000 |     4971      10828 |  461   537 |      8554|       0.35       4.38|
Info:      17000 |     5434      11361 |  463   533 |      8348|       0.35       4.74|
Info:      18000 |     5904      11840 |  470   479 |      8146|       0.33       5.06|
Info:      19000 |     6425      12317 |  521   477 |      7925|       0.39       5.46|
Info:      20000 |     6934      12780 |  509   463 |      7800|       0.36       5.82|
Info:      21000 |     7500      13212 |  566   432 |      7727|       0.35       6.17|
Info:      22000 |     8019      13673 |  519   461 |      7662|       0.37       6.54|
Info:      23000 |     8496      14168 |  477   495 |      7488|       0.34       6.88|
Info:      24000 |     9003      14656 |  507   488 |      7371|       0.41       7.29|
Info:      25000 |     9471      15158 |  468   502 |      7158|       0.36       7.65|
Info:      26000 |     9976      15626 |  505   468 |      6943|       0.31       7.96|
Info:      27000 |    10480      16100 |  504   474 |      6783|       0.36       8.32|
Info:      28000 |    11050      16525 |  570   425 |      6646|       0.40       8.72|
Info:      29000 |    11590      16956 |  540   431 |      6475|       0.38       9.10|
Info:      30000 |    12090      17454 |  500   498 |      6348|       0.37       9.47|
Info:      31000 |    12666      17878 |  576   424 |      6221|       0.34       9.81|
Info:      32000 |    13129      18415 |  463   537 |      5982|       0.35      10.16|
Info:      33000 |    13648      18896 |  519   481 |      5832|       0.34      10.50|
Info:      34000 |    14173      19371 |  525   475 |      5657|       0.33      10.82|
Info:      35000 |    14718      19826 |  545   455 |      5510|       0.40      11.22|
Info:      36000 |    15248      20262 |  530   436 |      5285|       0.32      11.55|
Info:      37000 |    15786      20721 |  538   459 |      5153|       0.38      11.93|
Info:      38000 |    16304      21203 |  518   482 |      5027|       0.43      12.35|
Info:      39000 |    16857      21650 |  553   447 |      4898|       0.37      12.73|
Info:      40000 |    17391      22113 |  534   463 |      4741|       0.39      13.11|
Info:      41000 |    17909      22587 |  518   474 |      4605|       0.40      13.51|
Info:      42000 |    18431      23064 |  522   477 |      4436|       0.41      13.92|
Info:      43000 |    18965      23530 |  534   466 |      4295|       0.35      14.28|
Info:      44000 |    19536      23959 |  571   429 |      4173|       0.42      14.70|
Info:      45000 |    20094      24372 |  558   413 |      4089|       0.44      15.13|
Info:      46000 |    20622      24841 |  528   469 |      3959|       0.38      15.51|
Info:      47000 |    21166      25270 |  544   429 |      3827|       0.35      15.86|
Info:      48000 |    21711      25717 |  545   447 |      3669|       0.35      16.21|
Info:      49000 |    22310      26118 |  599   401 |      3617|       0.47      16.68|
Info:      50000 |    22849      26570 |  539   452 |      3425|       0.32      17.00|
Info:      51000 |    23498      26918 |  649   348 |      3409|       0.41      17.40|
Info:      52000 |    24129      27287 |  631   369 |      3305|       0.56      17.97|
Info:      53000 |    24773      27643 |  644   356 |      3323|       0.62      18.58|
Info:      54000 |    25368      28045 |  595   402 |      3228|       1.08      19.67|
Info:      55000 |    25894      28519 |  526   474 |      3065|       0.39      20.05|
Info:      56000 |    26480      28932 |  586   413 |      2996|       0.51      20.56|
Info:      57000 |    27026      29382 |  546   450 |      2805|       0.45      21.01|
Info:      58000 |    27588      29820 |  562   438 |      2653|       0.40      21.41|
Info:      59000 |    28284      30124 |  696   304 |      2677|       0.46      21.87|
Info:      60000 |    28879      30527 |  595   403 |      2544|       0.38      22.25|
Info:      61000 |    29462      30943 |  583   416 |      2387|       0.35      22.60|
Info:      62000 |    29986      31414 |  524   471 |      2298|       0.40      23.00|
Info:      63000 |    30584      31816 |  598   402 |      2225|       0.46      23.46|
Info:      64000 |    31180      32213 |  596   397 |      2069|       0.34      23.80|
Info:      65000 |    31836      32556 |  656   343 |      2082|       0.39      24.19|
Info:      66000 |    32419      32973 |  583   417 |      2078|       0.54      24.73|
Info:      67000 |    33063      33329 |  644   356 |      2061|       0.52      25.25|
Info:      68000 |    33660      33731 |  597   402 |      1940|       0.39      25.64|
Info:      69000 |    34250      34140 |  590   409 |      1842|       0.53      26.17|
Info:      70000 |    34848      34542 |  598   402 |      1793|       0.45      26.62|
Info:      71000 |    35504      34886 |  656   344 |      1758|       0.72      27.34|
Info:      72000 |    36047      35343 |  543   457 |      1591|       0.42      27.77|
Info:      73000 |    36500      35870 |  453   527 |      1199|       0.27      28.03|
Info:      74000 |    36872      36498 |  372   628 |       730|       0.25      28.28|
Info:      75000 |    37282      37088 |  410   590 |       378|       0.58      28.87|
Info:      76000 |    37721      37649 |  439   561 |        52|       0.91      29.78|
Info:      76146 |    37791      37726 |   70    77 |         0|       0.09      29.87|
Info: Routing complete.
Info: Router1 time 29.87s
Info: Checksum: 0x26357755

Info: Critical path report for clock 'clk' (posedge -> posedge):
Info:       type curr  total name
Info:   clk-to-q  1.39  1.39 Source soc.cpu.mem_addr_SB_DFFE_Q_14_DFFLC.O
Info:    routing  3.06  4.45 Net iomem_addr[17] (23,19) -> (24,13)
Info:                          Sink soc.spimemio.rd_valid_SB_LUT4_I1_O_SB_LUT4_I0_O_SB_LUT4_O_2_I0_SB_LUT4_O_3_I1_SB_LUT4_O_I3_SB_LUT4_O_I3_SB_LUT4_O_LC.I0
Info:                          Defined in:
Info:                               /home/ed667/oss-cad-suite/lib/../share/yosys/ice40/cells_map.v:6.21-6.22
Info:      logic  1.28  5.73 Source soc.spimemio.rd_valid_SB_LUT4_I1_O_SB_LUT4_I0_O_SB_LUT4_O_2_I0_SB_LUT4_O_3_I1_SB_LUT4_O_I3_SB_LUT4_O_I3_SB_LUT4_O_LC.O
Info:    routing  1.76  7.49 Net soc.spimemio.rd_valid_SB_LUT4_I1_O_SB_LUT4_I0_O_SB_LUT4_O_2_I0_SB_LUT4_O_3_I1_SB_LUT4_O_I3_SB_LUT4_O_I3[2] (24,13) -> (24,14)
Info:                          Sink soc.spimemio.rd_valid_SB_LUT4_I1_O_SB_LUT4_I0_O_SB_LUT4_O_2_I0_SB_LUT4_O_3_I1_SB_LUT4_O_I3_SB_LUT4_O_LC.I3
Info:                          Defined in:
Info:                               /home/ed667/oss-cad-suite/lib/../share/yosys/ice40/cells_map.v:6.21-6.22
Info:      logic  0.87  8.37 Source soc.spimemio.rd_valid_SB_LUT4_I1_O_SB_LUT4_I0_O_SB_LUT4_O_2_I0_SB_LUT4_O_3_I1_SB_LUT4_O_I3_SB_LUT4_O_LC.O
Info:    routing  1.76  10.13 Net soc.spimemio.rd_valid_SB_LUT4_I1_O_SB_LUT4_I0_O_SB_LUT4_O_2_I0_SB_LUT4_O_3_I1_SB_LUT4_O_I3[2] (24,14) -> (23,14)
Info:                          Sink soc.spimemio.rd_valid_SB_LUT4_I1_O_SB_LUT4_I0_O_SB_LUT4_O_2_I0_SB_LUT4_O_3_I1_SB_LUT4_O_LC.I3
Info:                          Defined in:
Info:                               /home/ed667/oss-cad-suite/lib/../share/yosys/ice40/cells_map.v:6.21-6.22
Info:      logic  0.87  11.00 Source soc.spimemio.rd_valid_SB_LUT4_I1_O_SB_LUT4_I0_O_SB_LUT4_O_2_I0_SB_LUT4_O_3_I1_SB_LUT4_O_LC.O
Info:    routing  1.76  12.76 Net soc.spimemio.rd_valid_SB_LUT4_I1_O_SB_LUT4_I0_O_SB_LUT4_O_2_I0_SB_LUT4_O_3_I1[0] (23,14) -> (23,13)
Info:                          Sink soc.spimemio.rd_valid_SB_LUT4_I1_O_SB_LUT4_I0_O_SB_LUT4_O_2_I0_SB_LUT4_O_3_LC.I1
Info:                          Defined in:
Info:                               /home/ed667/oss-cad-suite/lib/../share/yosys/ice40/cells_map.v:6.21-6.22
Info:      logic  1.23  13.99 Source soc.spimemio.rd_valid_SB_LUT4_I1_O_SB_LUT4_I0_O_SB_LUT4_O_2_I0_SB_LUT4_O_3_LC.O
Info:    routing  1.76  15.75 Net soc.spimemio.rd_valid_SB_LUT4_I1_O_SB_LUT4_I0_O_SB_LUT4_O_2_I0[3] (23,13) -> (23,12)
Info:                          Sink soc.spimemio.rd_valid_SB_LUT4_I1_O_SB_LUT4_I0_O_SB_LUT4_O_2_LC.I3
Info:                          Defined in:
Info:                               /home/ed667/oss-cad-suite/lib/../share/yosys/ice40/cells_map.v:6.21-6.22
Info:      logic  0.87  16.63 Source soc.spimemio.rd_valid_SB_LUT4_I1_O_SB_LUT4_I0_O_SB_LUT4_O_2_LC.O
Info:    routing  1.76  18.39 Net soc.spimemio.rd_valid_SB_LUT4_I1_O_SB_LUT4_I0_O[3] (23,12) -> (22,11)
Info:                          Sink iomem_ready_SB_LUT4_I2_O_SB_LUT4_O_I2_SB_LUT4_O_LC.I3
Info:                          Defined in:
Info:                               /home/ed667/oss-cad-suite/lib/../share/yosys/ice40/cells_map.v:6.21-6.22
Info:      logic  0.87  19.26 Source iomem_ready_SB_LUT4_I2_O_SB_LUT4_O_I2_SB_LUT4_O_LC.O
Info:    routing  2.95  22.22 Net iomem_ready_SB_LUT4_I2_O_SB_LUT4_O_I2[0] (22,11) -> (20,14)
Info:                          Sink soc.ram_ready_SB_LUT4_I1_O_SB_LUT4_O_1_LC.I1
Info:                          Defined in:
Info:                               /home/ed667/oss-cad-suite/lib/../share/yosys/ice40/cells_map.v:6.21-6.22
Info:      logic  1.23  23.45 Source soc.ram_ready_SB_LUT4_I1_O_SB_LUT4_O_1_LC.O
Info:    routing  1.76  25.21 Net soc.ram_ready_SB_LUT4_I1_O[2] (20,14) -> (20,14)
Info:                          Sink soc.gen_icache.icache_inst.state_SB_DFF_Q_D_SB_LUT4_O_I3_SB_LUT4_O_I2_SB_LUT4_O_1_LC.I2
Info:                          Defined in:
Info:                               /home/ed667/oss-cad-suite/lib/../share/yosys/ice40/cells_map.v:6.21-6.22
Info:      logic  1.21  26.41 Source soc.gen_icache.icache_inst.state_SB_DFF_Q_D_SB_LUT4_O_I3_SB_LUT4_O_I2_SB_LUT4_O_1_LC.O
Info:    routing  1.76  28.17 Net soc.gen_icache.icache_inst.state_SB_DFF_Q_D_SB_LUT4_O_I3_SB_LUT4_O_I2[2] (20,14) -> (20,15)
Info:                          Sink soc.gen_icache.icache_inst.state_SB_DFF_Q_D_SB_LUT4_O_I3_SB_LUT4_O_I2_SB_LUT4_I2_LC.I3
Info:                          Defined in:
Info:                               /home/ed667/oss-cad-suite/lib/../share/yosys/ice40/cells_map.v:6.21-6.22
Info:      logic  0.87  29.05 Source soc.gen_icache.icache_inst.state_SB_DFF_Q_D_SB_LUT4_O_I3_SB_LUT4_O_I2_SB_LUT4_I2_LC.O
Info:    routing  3.70  32.75 Net soc.gen_icache.icache_inst.state_SB_DFF_Q_D_SB_LUT4_O_I3_SB_LUT4_O_I2_SB_LUT4_I2_O[1] (20,15) -> (20,23)
Info:                          Sink soc.cpu.mem_xfer_SB_LUT4_O_LC.I2
Info:                          Defined in:
Info:                               /home/ed667/oss-cad-suite/lib/../share/yosys/ice40/cells_map.v:6.21-6.22
Info:      logic  1.21  33.96 Source soc.cpu.mem_xfer_SB_LUT4_O_LC.O
Info:    routing  1.76  35.72 Net soc.cpu.decoded_imm_j_SB_DFFE_Q_13_D[1] (20,23) -> (21,24)
Info:                          Sink resetn_SB_LUT4_O_I3_SB_LUT4_I3_O_SB_LUT4_O_I3_SB_LUT4_O_LC.I3
Info:                          Defined in:
Info:                               /home/ed667/oss-cad-suite/lib/../share/yosys/ice40/cells_map.v:6.21-6.22
Info:      logic  0.87  36.59 Source resetn_SB_LUT4_O_I3_SB_LUT4_I3_O_SB_LUT4_O_I3_SB_LUT4_O_LC.O
Info:    routing  1.76  38.35 Net resetn_SB_LUT4_O_I3_SB_LUT4_I3_O_SB_LUT4_O_I3[3] (21,24) -> (20,24)
Info:                          Sink resetn_SB_LUT4_O_I3_SB_LUT4_I3_O_SB_LUT4_O_LC.I3
Info:                          Defined in:
Info:                               /home/ed667/oss-cad-suite/lib/../share/yosys/ice40/cells_map.v:6.21-6.22
Info:      logic  0.87  39.23 Source resetn_SB_LUT4_O_I3_SB_LUT4_I3_O_SB_LUT4_O_LC.O
Info:    routing  4.04  43.26 Net resetn_SB_LUT4_O_I3_SB_LUT4_I3_O[1] (20,24) -> (8,25)
Info:                          Sink soc.cpu.mem_do_prefetch_SB_LUT4_I2_2_I3_SB_LUT4_O_LC.I3
Info:                          Defined in:
Info:                               /home/ed667/oss-cad-suite/lib/../share/yosys/ice40/cells_map.v:6.21-6.22
Info:      logic  0.87  44.14 Source soc.cpu.mem_do_prefetch_SB_LUT4_I2_2_I3_SB_LUT4_O_LC.O
Info:    routing  1.76  45.90 Net soc.cpu.mem_do_prefetch_SB_LUT4_I2_2_I3[1] (8,25) -> (7,26)
Info:                          Sink soc.cpu.mem_do_prefetch_SB_LUT4_I2_2_LC.I3
Info:                          Defined in:
Info:                               /home/ed667/oss-cad-suite/lib/../share/yosys/ice40/cells_map.v:6.21-6.22
Info:      logic  0.87  46.77 Source soc.cpu.mem_do_prefetch_SB_LUT4_I2_2_LC.O
Info:    routing  1.76  48.53 Net soc.cpu.instr_lw_SB_LUT4_I2_1_O_SB_LUT4_I3_I2[2] (7,26) -> (8,25)
Info:                          Sink soc.cpu.instr_sll_SB_LUT4_I0_O_SB_LUT4_O_1_LC.I3
Info:                          Defined in:
Info:                               /home/ed667/oss-cad-suite/lib/../share/yosys/ice40/cells_map.v:6.21-6.22
Info:      logic  0.87  49.41 Source soc.cpu.instr_sll_SB_LUT4_I0_O_SB_LUT4_O_1_LC.O
Info:    routing  2.99  52.40 Net soc.cpu.instr_sll_SB_LUT4_I0_O[2] (8,25) -> (8,18)
Info:                          Sink soc.cpu.latched_is_lb_SB_DFFESR_Q_E_SB_LUT4_O_I3_SB_LUT4_I3_LC.I2
Info:                          Defined in:
Info:                               /home/ed667/oss-cad-suite/lib/../share/yosys/ice40/cells_map.v:6.21-6.22
Info:      logic  1.21  53.61 Source soc.cpu.latched_is_lb_SB_DFFESR_Q_E_SB_LUT4_O_I3_SB_LUT4_I3_LC.O
Info:    routing  3.60  57.21 Net soc.cpu.latched_is_lb_SB_DFFESR_Q_E_SB_LUT4_O_I3_SB_LUT4_I3_O[3] (8,18) -> (5,24)
Info:                          Sink soc.cpu.reg_op1_SB_DFFE_Q_E_SB_LUT4_O_LC.I3
Info:                          Defined in:
Info:                               /home/ed667/oss-cad-suite/lib/../share/yosys/ice40/cells_map.v:6.21-6.22
Info:      logic  0.87  58.08 Source soc.cpu.reg_op1_SB_DFFE_Q_E_SB_LUT4_O_LC.O
Info:    routing  2.99  61.07 Net soc.cpu.reg_op1_SB_DFFE_Q_E (5,24) -> (4,24)
Info:                          Sink soc.cpu.reg_op1_SB_DFFE_Q_D_SB_LUT4_O_LC.CEN
Info:      setup  0.10  61.17 Source soc.cpu.reg_op1_SB_DFFE_Q_D_SB_LUT4_O_LC.CEN
Info: 18.47 ns logic, 42.71 ns routing

Info: Critical path report for cross-domain path '<async>' -> 'posedge clk':
Info:       type curr  total name
Info:     source  0.00  0.00 Source flash_io_buf[2].D_IN_0
Info:    routing  4.25  4.25 Net flash_io2_di (18,0) -> (20,11)
Info:                          Sink flash_io2_di_SB_LUT4_I1_LC.I1
Info:                          Defined in:
Info:                               picosoc.v:153.14-153.32
Info:      logic  1.23  5.48 Source flash_io2_di_SB_LUT4_I1_LC.O
Info:    routing  1.76  7.24 Net flash_io2_di_SB_LUT4_I1_O[0] (20,11) -> (20,11)
Info:                          Sink flash_io2_di_SB_LUT4_I1_O_SB_LUT4_I0_LC.I0
Info:                          Defined in:
Info:                               /home/ed667/oss-cad-suite/lib/../share/yosys/ice40/cells_map.v:6.21-6.22
Info:      logic  1.28  8.52 Source flash_io2_di_SB_LUT4_I1_O_SB_LUT4_I0_LC.O
Info:    routing  1.76  10.28 Net flash_io2_di_SB_LUT4_I1_O_SB_LUT4_I0_O[3] (20,11) -> (20,12)
Info:                          Sink soc.gen_icache.icache_inst.miss_rdata_SB_DFFESR_Q_29_D_SB_LUT4_O_I1_SB_LUT4_O_2_LC.I3
Info:                          Defined in:
Info:                               /home/ed667/oss-cad-suite/lib/../share/yosys/ice40/cells_map.v:6.21-6.22
Info:      logic  0.87  11.16 Source soc.gen_icache.icache_inst.miss_rdata_SB_DFFESR_Q_29_D_SB_LUT4_O_I1_SB_LUT4_O_2_LC.O
Info:    routing  2.95  14.11 Net soc.gen_icache.icache_inst.miss_rdata_SB_DFFESR_Q_29_D_SB_LUT4_O_I1[3] (20,12) -> (18,15)
Info:                          Sink soc.gen_icache.icache_inst.data_array.0.1_RDATA_1_SB_LUT4_I0_O_SB_LUT4_O_1_LC.I3
Info:                          Defined in:
Info:                               /home/ed667/oss-cad-suite/lib/../share/yosys/ice40/cells_map.v:6.21-6.22
Info:      logic  0.87  14.98 Source soc.gen_icache.icache_inst.data_array.0.1_RDATA_1_SB_LUT4_I0_O_SB_LUT4_O_1_LC.O
Info:    routing  1.76  16.75 Net soc.gen_icache.icache_inst.data_array.0.1_RDATA_1_SB_LUT4_I0_O[3] (18,15) -> (18,16)
Info:                          Sink soc.gen_icache.icache_inst.data_array.0.9_RDATA_1_SB_LUT4_I0_O_SB_LUT4_I1_O_SB_LUT4_O_LC.I3
Info:                          Defined in:
Info:                               /home/ed667/oss-cad-suite/lib/../share/yosys/ice40/cells_map.v:6.21-6.22
Info:      logic  0.87  17.62 Source soc.gen_icache.icache_inst.data_array.0.9_RDATA_1_SB_LUT4_I0_O_SB_LUT4_I1_O_SB_LUT4_O_LC.O
Info:    routing  3.06  20.68 Net soc.gen_icache.icache_inst.data_array.0.9_RDATA_1_SB_LUT4_I0_O_SB_LUT4_I1_O[2] (18,16) -> (18,23)
Info:                          Sink soc.cpu.mem_rdata_q_SB_DFFE_Q_28_D_SB_LUT4_I3_O_SB_LUT4_O_I2_SB_LUT4_O_LC.I3
Info:                          Defined in:
Info:                               /home/ed667/oss-cad-suite/lib/../share/yosys/ice40/cells_map.v:6.21-6.22
Info:      logic  0.87  21.55 Source soc.cpu.mem_rdata_q_SB_DFFE_Q_28_D_SB_LUT4_I3_O_SB_LUT4_O_I2_SB_LUT4_O_LC.O
Info:    routing  1.76  23.31 Net soc.cpu.mem_rdata_q_SB_DFFE_Q_28_D_SB_LUT4_I3_O_SB_LUT4_O_I2[0] (18,23) -> (17,24)
Info:                          Sink soc.cpu.decoded_imm_j_SB_DFFE_Q_13_D_SB_LUT4_I3_O_SB_LUT4_O_1_LC.I1
Info:                          Defined in:
Info:                               /home/ed667/oss-cad-suite/lib/../share/yosys/ice40/cells_map.v:6.21-6.22
Info:      logic  1.23  24.54 Source soc.cpu.decoded_imm_j_SB_DFFE_Q_13_D_SB_LUT4_I3_O_SB_LUT4_O_1_LC.O
Info:    routing  1.76  26.30 Net soc.cpu.decoded_imm_j_SB_DFFE_Q_13_D_SB_LUT4_I3_O[2] (17,24) -> (16,24)
Info:                          Sink soc.cpu.decoded_imm_j_SB_DFFE_Q_13_D_SB_LUT4_I3_O_SB_LUT4_I0_LC.I2
Info:                          Defined in:
Info:                               /home/ed667/oss-cad-suite/lib/../share/yosys/ice40/cells_map.v:6.21-6.22
Info:      logic  1.21  27.51 Source soc.cpu.decoded_imm_j_SB_DFFE_Q_13_D_SB_LUT4_I3_O_SB_LUT4_I0_LC.O
Info:    routing  1.76  29.27 Net soc.cpu.decoded_imm_j_SB_DFFE_Q_13_D_SB_LUT4_I3_O_SB_LUT4_I0_O[2] (16,24) -> (15,24)
Info:                          Sink soc.cpu.decoded_rs1_SB_DFFESR_Q_D_SB_LUT4_I2_O_SB_LUT4_O_LC.I3
Info:                          Defined in:
Info:                               /home/ed667/oss-cad-suite/lib/../share/yosys/ice40/cells_map.v:6.21-6.22
Info:      logic  0.87  30.14 Source soc.cpu.decoded_rs1_SB_DFFESR_Q_D_SB_LUT4_I2_O_SB_LUT4_O_LC.O
Info:    routing  1.76  31.91 Net soc.cpu.decoded_rs1_SB_DFFESR_Q_D_SB_LUT4_I2_O[2] (15,24) -> (15,24)
Info:                          Sink soc.cpu.cpuregs.regs.1.0_RADDR_2_SB_LUT4_I3_O_SB_LUT4_O_1_LC.I2
Info:                          Defined in:
Info:                               /home/ed667/oss-cad-suite/lib/../share/yosys/ice40/cells_map.v:6.21-6.22
Info:      logic  1.21  33.11 Source soc.cpu.cpuregs.regs.1.0_RADDR_2_SB_LUT4_I3_O_SB_LUT4_O_1_LC.O
Info:    routing  1.76  34.87 Net soc.cpu.cpuregs.regs.1.0_RADDR_2_SB_LUT4_I3_O[2] (15,24) -> (16,24)
Info:                          Sink soc.cpu.cpuregs.regs.1.0_RDATA_7_SB_DFF_Q_1_D_SB_LUT4_O_LC.I2
Info:                          Defined in:
Info:                               /home/ed667/oss-cad-suite/lib/../share/yosys/ice40/cells_map.v:6.21-6.22
Info:      setup  1.15  36.03 Source soc.cpu.cpuregs.regs.1.0_RDATA_7_SB_DFF_Q_1_D_SB_LUT4_O_LC.I2
Info: 11.68 ns logic, 24.34 ns routing

Info: Critical path report for cross-domain path 'posedge clk' -> '<async>':
Info:       type curr  total name
Info:   clk-to-q  1.39  1.39 Source soc.spimemio.din_ddr_SB_LUT4_I3_1_LC.O
Info:    routing  1.76  3.15 Net soc.spimemio.xfer.xfer_dspi (23,3) -> (22,2)
Info:                          Sink soc.spimemio.xfer.count_SB_DFFESR_Q_2_D_SB_LUT4_O_I2_SB_LUT4_O_1_I3_SB_LUT4_I1_O_SB_LUT4_O_LC.I2
Info:                          Defined in:
Info:                               /home/ed667/oss-cad-suite/lib/../share/yosys/ice40/cells_map.v:6.21-6.22
Info:      logic  1.21  4.36 Source soc.spimemio.xfer.count_SB_DFFESR_Q_2_D_SB_LUT4_O_I2_SB_LUT4_O_1_I3_SB_LUT4_I1_O_SB_LUT4_O_LC.O
Info:    routing  1.76  6.12 Net soc.spimemio.xfer.count_SB_DFFESR_Q_2_D_SB_LUT4_O_I2_SB_LUT4_O_1_I3_SB_LUT4_I1_O[1] (22,2) -> (21,2)
Info:                          Sink soc.spimemio.xfer_io1_90_SB_DFFN_Q_D_SB_LUT4_O_I3_SB_LUT4_O_LC.I3
Info:                          Defined in:
Info:                               /home/ed667/oss-cad-suite/lib/../share/yosys/ice40/cells_map.v:6.21-6.22
Info:      logic  0.87  6.99 Source soc.spimemio.xfer_io1_90_SB_DFFN_Q_D_SB_LUT4_O_I3_SB_LUT4_O_LC.O
Info:    routing  1.76  8.75 Net soc.spimemio.xfer_io1_90_SB_DFFN_Q_D_SB_LUT4_O_I3[3] (21,2) -> (21,2)
Info:                          Sink soc.spimemio.xfer_io1_90_SB_DFFN_Q_D_SB_LUT4_O_LC.I3
Info:                          Defined in:
Info:                               /home/ed667/oss-cad-suite/lib/../share/yosys/ice40/cells_map.v:6.21-6.22
Info:      logic  0.87  9.63 Source soc.spimemio.xfer_io1_90_SB_DFFN_Q_D_SB_LUT4_O_LC.O
Info:    routing  1.76  11.39 Net soc.spimemio.xfer_io1_90_SB_DFFN_Q_D[2] (21,2) -> (21,1)
Info:                          Sink soc.spimemio.xfer_io1_90_SB_LUT4_I2_LC.I3
Info:                          Defined in:
Info:                               /home/ed667/oss-cad-suite/lib/../share/yosys/ice40/cells_map.v:6.21-6.22
Info:      logic  0.87  12.26 Source soc.spimemio.xfer_io1_90_SB_LUT4_I2_LC.O
Info:    routing  1.76  14.02 Net flash_io1_do_SB_LUT4_O_I3[2] (21,1) -> (21,1)
Info:                          Sink flash_io1_do_SB_LUT4_O_LC.I3
Info:                          Defined in:
Info:                               /home/ed667/oss-cad-suite/lib/../share/yosys/ice40/cells_map.v:6.21-6.22
Info:      logic  0.87  14.90 Source flash_io1_do_SB_LUT4_O_LC.O
Info:    routing  2.95  17.85 Net flash_io1_do (21,1) -> (23,0)
Info:                          Sink flash_io_buf[1].D_OUT_0
Info:                          Defined in:
Info:                               spimemio.v:37.9-37.21
Info: 6.09 ns logic, 11.76 ns routing

Info: Critical path report for cross-domain path 'negedge clk' -> '<async>':
Info:       type curr  total name
Info:   clk-to-q  1.39  1.39 Source soc.spimemio.xfer_io0_90_SB_DFFN_Q_DFFLC.O
Info:    routing  1.76  3.15 Net soc.spimemio.xfer_io0_90 (22,2) -> (22,2)
Info:                          Sink soc.spimemio.xfer_io0_90_SB_LUT4_I2_LC.I2
Info:                          Defined in:
Info:                               /home/ed667/oss-cad-suite/lib/../share/yosys/ice40/cells_map.v:6.21-6.22
Info:      logic  1.21  4.36 Source soc.spimemio.xfer_io0_90_SB_LUT4_I2_LC.O
Info:    routing  1.76  6.12 Net flash_io0_do_SB_LUT4_O_I3[2] (22,2) -> (21,1)
Info:                          Sink flash_io0_do_SB_LUT4_O_LC.I3
Info:                          Defined in:
Info:                               /home/ed667/oss-cad-suite/lib/../share/yosys/ice40/cells_map.v:6.21-6.22
Info:      logic  0.87  6.99 Source flash_io0_do_SB_LUT4_O_LC.O
Info:    routing  3.60  10.59 Net flash_io0_do (21,1) -> (23,0)
Info:                          Sink flash_io_buf[0].D_OUT_0
Info:                          Defined in:
Info:                               spimemio.v:36.9-36.21
Info: 3.47 ns logic, 7.12 ns routing

Info: Max frequency for clock 'clk': 16.35 MHz (PASS at 12.00 MHz)

Info: Max delay <async>     -> posedge clk: 36.03 ns
Info: Max delay posedge clk -> <async>    : 17.85 ns
Info: Max delay negedge clk -> <async>    : 10.59 ns

Info: Slack histogram:
Info:  legend: * represents 22 endpoint(s)
Info:          + represents [1,22) endpoint(s)
Info: [ 22162,  25059) |+
Info: [ 25059,  27956) |**+
Info: [ 27956,  30853) |*+
Info: [ 30853,  33750) |*+
Info: [ 33750,  36647) |*+
Info: [ 36647,  39544) |***+
Info: [ 39544,  42441) |*******+
Info: [ 42441,  45338) |******+
Info: [ 45338,  48235) |********+
Info: [ 48235,  51132) |*******+
Info: [ 51132,  54029) |********+
Info: [ 54029,  56926) |*****+
Info: [ 56926,  59823) |****+
Info: [ 59823,  62720) |***********+
Info: [ 62720,  65617) |***********************+
Info: [ 65617,  68514) |**************************+
Info: [ 68514,  71411) |*******************************************************+
Info: [ 71411,  74308) |*****************************+
Info: [ 74308,  77205) |**********************************************+
Info: [ 77205,  80102) |************************************************************ 

Info: Program finished normally.
