COMMAND: nextpnr-ice40 --up5k --package sg48 --json design.json --pcf icebreaker.pcf --asc design.asc --pcf-allow-unconstrained

STDOUT:


STDERR:
Info: constrained 'clk_in' to bel 'X12/Y31/io1'
Info: constrained 'ser_rx' to bel 'X13/Y0/io1'
Info: constrained 'ser_tx' to bel 'X15/Y0/io0'
Info: constrained 'flash_clk' to bel 'X24/Y0/io0'
Info: constrained 'flash_csb' to bel 'X24/Y0/io1'
Info: constrained 'flash_io0' to bel 'X23/Y0/io0'
Info: constrained 'flash_io1' to bel 'X23/Y0/io1'
Info: constrained 'flash_io2' to bel 'X18/Y0/io0'
Info: constrained 'flash_io3' to bel 'X19/Y0/io0'
Info: constrained 'P1A1' to bel 'X9/Y0/io0'
Info: constrained 'P1A2' to bel 'X8/Y0/io0'
Info: constrained 'P1A3' to bel 'X6/Y0/io0'
Info: constrained 'P1A4' to bel 'X7/Y0/io1'
Info: constrained 'P1A7' to bel 'X9/Y0/io1'
Info: constrained 'P1A8' to bel 'X7/Y0/io0'
Info: constrained 'P1A9' to bel 'X5/Y0/io0'
Info: constrained 'P1A10' to bel 'X6/Y0/io1'
Info: constrained 'led1' to bel 'X18/Y31/io0'
Info: constrained 'led2' to bel 'X18/Y31/io1'
Info: constrained 'led3' to bel 'X19/Y31/io1'
Info: constrained 'led4' to bel 'X19/Y31/io0'
Info: constrained 'led5' to bel 'X18/Y0/io1'
Info: constrained 'ledr_n' to bel 'X17/Y0/io0'
Info: constrained 'ledg_n' to bel 'X13/Y31/io0'

Info: Packing constants..
Info: Packing IOs..
Info: flash_io3 feeds SB_IO flash_io_buf[3], removing $nextpnr_iobuf flash_io3.
Info: flash_io2 feeds SB_IO flash_io_buf[2], removing $nextpnr_iobuf flash_io2.
Info: flash_io1 feeds SB_IO flash_io_buf[1], removing $nextpnr_iobuf flash_io1.
Info: flash_io0 feeds SB_IO flash_io_buf[0], removing $nextpnr_iobuf flash_io0.
Info: Packing LUT-FFs..
Info:     2990 LCs used as LUT4 only
Info:     1091 LCs used as LUT4 and DFF
Info: Packing non-LUT FFs..
Info:      597 LCs used as DFF only
Info: Packing carries..
Info:      162 LCs used as CARRY only
Info: Packing indirect carry+LUT pairs...
Info:       67 LUTs merged into carry LCs
Info: Packing RAMs..
Info: Placing PLLs..
Info:   constrained PLL 'pll' to X12/Y31/pll_3
Info: Packing special functions..
Info: Packing PLLs..
Info:   PLL 'pll' has LOCK output, need to pass all outputs via LUT
Info:   constrained 'pll_locked_SB_LUT4_I0_LC' to X1/Y30/lc0
Info: Promoting globals..
Info: promoting iomem_ready_SB_LUT4_I2_O_SB_LUT4_I2_O[1] [reset] (fanout 550)
Info: promoting soc.cpu.genblk1.genblk1.pcpi_mul.instr_mulhu_SB_LUT4_I2_O[0] [reset] (fanout 85)
Info: promoting soc.cpu.genblk2.pcpi_div.dq_SB_DFFE_Q_10_D_SB_LUT4_O_I3[1] [reset] (fanout 38)
Info: promoting soc.simpleuart.send_dummy_SB_LUT4_I2_I3_SB_LUT4_I0_O_SB_LUT4_I3_O [reset] (fanout 32)
Info: promoting resetn [cen] (fanout 215)
Info: promoting soc.gen_icache.icache_inst.state_SB_DFF_Q_D_SB_LUT4_O_I3_SB_LUT4_O_I2_SB_LUT4_I3_O_SB_LUT4_I3_1_O [cen] (fanout 128)
Info: promoting soc.cpu.genblk2.pcpi_div.running_SB_DFFSR_Q_D_SB_LUT4_I3_O [cen] (fanout 70)
Info: Constraining chains...
Info:       56 LCs used to legalise carry chains.
Info: Checksum: 0x3fdd8f2b

Info: Device utilisation:
Info: 	         ICESTORM_LC:    4831/   5280    91%
Info: 	        ICESTORM_RAM:      22/     30    73%
Info: 	               SB_IO:      24/     96    25%
Info: 	               SB_GB:       8/      8   100%
Info: 	        ICESTORM_PLL:       1/      1   100%
Info: 	         SB_WARMBOOT:       0/      1     0%
Info: 	        ICESTORM_DSP:       0/      8     0%
Info: 	      ICESTORM_HFOSC:       0/      1     0%
Info: 	      ICESTORM_LFOSC:       0/      1     0%
Info: 	              SB_I2C:       0/      2     0%
Info: 	              SB_SPI:       0/      2     0%
Info: 	              IO_I3C:       0/      2     0%
Info: 	         SB_LEDDA_IP:       0/      1     0%
Info: 	         SB_RGBA_DRV:       0/      1     0%
Info: 	      ICESTORM_SPRAM:       4/      4   100%

Info: Placed 26 cells based on constraints.
Info: Creating initial analytic placement for 4105 cells, random placement wirelen = 118602.
Info:     at initial placer iter 0, wirelen = 1794
Info:     at initial placer iter 1, wirelen = 2273
Info:     at initial placer iter 2, wirelen = 2172
Info:     at initial placer iter 3, wirelen = 2184
Info: Running main analytical placer, max placement attempts per cell = 2989012.
Info:     at iteration #1, type ALL: wirelen solved = 2159, spread = 42652, legal = 47643; time = 0.15s
Info:     at iteration #2, type ALL: wirelen solved = 3082, spread = 36782, legal = 43110; time = 0.14s
Info:     at iteration #3, type ALL: wirelen solved = 4102, spread = 35296, legal = 41256; time = 0.13s
Info:     at iteration #4, type ALL: wirelen solved = 5718, spread = 32558, legal = 38030; time = 0.13s
Info:     at iteration #5, type ALL: wirelen solved = 7046, spread = 29757, legal = 35814; time = 0.13s
Info:     at iteration #6, type ALL: wirelen solved = 7930, spread = 28462, legal = 34702; time = 0.13s
Info:     at iteration #7, type ALL: wirelen solved = 8994, spread = 27560, legal = 33779; time = 0.13s
Info:     at iteration #8, type ALL: wirelen solved = 10085, spread = 26925, legal = 32391; time = 0.14s
Info:     at iteration #9, type ALL: wirelen solved = 10864, spread = 26343, legal = 33072; time = 0.12s
Info:     at iteration #10, type ALL: wirelen solved = 11692, spread = 25813, legal = 32540; time = 0.14s
Info:     at iteration #11, type ALL: wirelen solved = 12257, spread = 25332, legal = 31880; time = 0.12s
Info:     at iteration #12, type ALL: wirelen solved = 13263, spread = 24894, legal = 31363; time = 0.13s
Info:     at iteration #13, type ALL: wirelen solved = 13839, spread = 24623, legal = 32028; time = 0.12s
Info:     at iteration #14, type ALL: wirelen solved = 14026, spread = 24451, legal = 31006; time = 0.12s
Info:     at iteration #15, type ALL: wirelen solved = 14540, spread = 24249, legal = 31197; time = 0.11s
Info:     at iteration #16, type ALL: wirelen solved = 14768, spread = 24192, legal = 31033; time = 0.11s
Info:     at iteration #17, type ALL: wirelen solved = 15022, spread = 24503, legal = 30849; time = 0.11s
Info:     at iteration #18, type ALL: wirelen solved = 15372, spread = 24382, legal = 31888; time = 0.11s
Info:     at iteration #19, type ALL: wirelen solved = 15539, spread = 24680, legal = 31763; time = 0.13s
Info:     at iteration #20, type ALL: wirelen solved = 15559, spread = 24448, legal = 31733; time = 0.12s
Info:     at iteration #21, type ALL: wirelen solved = 16141, spread = 24770, legal = 31679; time = 0.12s
Info:     at iteration #22, type ALL: wirelen solved = 16138, spread = 24671, legal = 31775; time = 0.11s
Info: HeAP Placer Time: 3.66s
Info:   of which solving equations: 1.70s
Info:   of which spreading cells: 0.21s
Info:   of which strict legalisation: 1.10s

Info: Running simulated annealing placer for refinement.
Info:   at iteration #1: temp = 0.000000, timing cost = 1998, wirelen = 30849
Info:   at iteration #5: temp = 0.000000, timing cost = 2241, wirelen = 26386
Info:   at iteration #10: temp = 0.000000, timing cost = 1946, wirelen = 25202
Info:   at iteration #15: temp = 0.000000, timing cost = 1908, wirelen = 24485
Info:   at iteration #20: temp = 0.000000, timing cost = 1922, wirelen = 24138
Info:   at iteration #25: temp = 0.000000, timing cost = 1898, wirelen = 24023
Info:   at iteration #30: temp = 0.000000, timing cost = 1898, wirelen = 23966
Info:   at iteration #31: temp = 0.000000, timing cost = 1916, wirelen = 23962 
Info: SA placement time 5.64s

Info: Max frequency for clock 'clk': 15.98 MHz (PASS at 12.00 MHz)

Info: Max delay <async>     -> posedge clk: 38.21 ns
Info: Max delay posedge clk -> <async>    : 16.40 ns
Info: Max delay negedge clk -> <async>    : 9.77 ns

Info: Slack histogram:
Info:  legend: * represents 26 endpoint(s)
Info:          + represents [1,26) endpoint(s)
Info: [ 20768,  23734) |+
Info: [ 23734,  26700) |**+
Info: [ 26700,  29666) |*+
Info: [ 29666,  32632) |***+
Info: [ 32632,  35598) |******+
Info: [ 35598,  38564) |+
Info: [ 38564,  41530) |+
Info: [ 41530,  44496) |*****+
Info: [ 44496,  47462) |******+
Info: [ 47462,  50428) |****+
Info: [ 50428,  53394) |***+
Info: [ 53394,  56360) |*******+
Info: [ 56360,  59326) |******+
Info: [ 59326,  62292) |*******+
Info: [ 62292,  65258) |*************************+
Info: [ 65258,  68224) |****************************************+
Info: [ 68224,  71190) |*************************+
Info: [ 71190,  74156) |*******************+
Info: [ 74156,  77122) |**********************************+
Info: [ 77122,  80088) |************************************************************ 
Info: Checksum: 0x7e65980c

Info: Routing..
Info: Setting up routing queue.
Info: Routing 16644 arcs.
Info:            |   (re-)routed arcs  |   delta    | remaining|       time spent     |
Info:    IterCnt |  w/ripup   wo/ripup |  w/r  wo/r |      arcs| batch(sec) total(sec)|
Info:       1000 |       38        961 |   38   961 |     15693|       0.40       0.40|
Info:       2000 |      109       1890 |   71   929 |     14798|       0.36       0.75|
Info:       3000 |      207       2786 |   98   896 |     13914|       0.18       0.93|
Info:       4000 |      522       3458 |  315   672 |     13286|       0.16       1.09|
Info:       5000 |      787       4193 |  265   735 |     12616|       0.18       1.27|
Info:       6000 |     1094       4886 |  307   693 |     12005|       0.23       1.50|
Info:       7000 |     1405       5575 |  311   689 |     11462|       0.33       1.83|
Info:       8000 |     1691       6240 |  286   665 |     10919|       0.24       2.08|
Info:       9000 |     1989       6915 |  298   675 |     10415|       0.91       2.98|
Info:      10000 |     2362       7541 |  373   626 |     10013|       0.37       3.35|
Info:      11000 |     2797       8105 |  435   564 |      9772|       0.39       3.74|
Info:      12000 |     3213       8660 |  416   555 |      9503|       0.33       4.07|
Info:      13000 |     3580       9264 |  367   604 |      9153|       0.34       4.41|
Info:      14000 |     4021       9819 |  441   555 |      8978|       0.42       4.84|
Info:      15000 |     4482      10358 |  461   539 |      8859|       0.43       5.26|
Info:      16000 |     4953      10833 |  471   475 |      8602|       0.36       5.62|
Info:      17000 |     5426      11358 |  473   525 |      8423|       0.42       6.04|
Info:      18000 |     5925      11859 |  499   501 |      8234|       0.38       6.42|
Info:      19000 |     6393      12338 |  468   479 |      8041|       0.40       6.82|
Info:      20000 |     6944      12787 |  551   449 |      7903|       0.46       7.28|
Info:      21000 |     7407      13302 |  463   515 |      7813|       0.40       7.68|
Info:      22000 |     7883      13798 |  476   496 |      7544|       0.34       8.03|
Info:      23000 |     8403      14258 |  520   460 |      7452|       0.46       8.49|
Info:      24000 |     8923      14731 |  520   473 |      7259|       0.42       8.91|
Info:      25000 |     9445      15178 |  522   447 |      7127|       0.41       9.32|
Info:      26000 |    10010      15612 |  565   434 |      7037|       0.44       9.77|
Info:      27000 |    10494      16102 |  484   490 |      6863|       0.37      10.13|
Info:      28000 |    10984      16577 |  490   475 |      6706|       0.34      10.48|
Info:      29000 |    11456      17050 |  472   473 |      6454|       0.42      10.90|
Info:      30000 |    11930      17575 |  474   525 |      6243|       0.44      11.34|
Info:      31000 |    12418      18086 |  488   511 |      6012|       0.44      11.79|
Info:      32000 |    12935      18565 |  517   479 |      5820|       0.49      12.28|
Info:      33000 |    13439      19061 |  504   496 |      5624|       0.41      12.69|
Info:      34000 |    13893      19604 |  454   543 |      5420|       0.37      13.06|
Info:      35000 |    14380      20117 |  487   513 |      5283|       0.44      13.50|
Info:      36000 |    14913      20584 |  533   467 |      5153|       0.41      13.91|
Info:      37000 |    15463      21034 |  550   450 |      5006|       0.47      14.38|
Info:      38000 |    15881      21580 |  418   546 |      4748|       0.36      14.74|
Info:      39000 |    16485      21976 |  604   396 |      4725|       0.44      15.18|
Info:      40000 |    17049      22412 |  564   436 |      4657|       0.49      15.67|
Info:      41000 |    17563      22895 |  514   483 |      4511|       0.54      16.20|
Info:      42000 |    18119      23336 |  556   441 |      4354|       0.44      16.65|
Info:      43000 |    18660      23795 |  541   459 |      4283|       0.46      17.10|
Info:      44000 |    19196      24229 |  536   434 |      4143|       0.43      17.53|
Info:      45000 |    19712      24713 |  516   484 |      4078|       0.52      18.05|
Info:      46000 |    20241      25184 |  529   471 |      3962|       0.55      18.60|
Info:      47000 |    20796      25627 |  555   443 |      3845|       0.47      19.06|
Info:      48000 |    21295      26125 |  499   498 |      3776|       0.51      19.57|
Info:      49000 |    21852      26568 |  557   443 |      3700|       0.43      20.00|
Info:      50000 |    22412      27002 |  560   434 |      3557|       0.42      20.42|
Info:      51000 |    22961      27453 |  549   451 |      3497|       0.57      20.99|
Info:      52000 |    23546      27868 |  585   415 |      3419|       0.43      21.42|
Info:      53000 |    24077      28334 |  531   466 |      3253|       0.52      21.94|
Info:      54000 |    24667      28741 |  590   407 |      3202|       0.54      22.48|
Info:      55000 |    25275      29133 |  608   392 |      3143|       0.52      23.00|
Info:      56000 |    25823      29582 |  548   449 |      3017|       0.61      23.61|
Info:      57000 |    26419      29983 |  596   401 |      2992|       0.50      24.11|
Info:      58000 |    26879      30514 |  460   531 |      2828|       0.36      24.46|
Info:      59000 |    27487      30905 |  608   391 |      2747|       0.46      24.92|
Info:      60000 |    28112      31280 |  625   375 |      2722|       0.47      25.39|
Info:      61000 |    28728      31664 |  616   384 |      2651|       0.38      25.76|
Info:      62000 |    29288      32103 |  560   439 |      2517|       0.49      26.26|
Info:      63000 |    29832      32558 |  544   455 |      2390|       0.44      26.70|
Info:      64000 |    30424      32965 |  592   407 |      2285|       0.46      27.16|
Info:      65000 |    30930      33458 |  506   493 |      2119|       0.41      27.57|
Info:      66000 |    31535      33853 |  605   395 |      2056|       0.51      28.09|
Info:      67000 |    31978      34392 |  443   539 |      1734|       0.55      28.64|
Info:      68000 |    32515      34855 |  537   463 |      1615|       0.42      29.06|
Info:      69000 |    33071      35292 |  556   437 |      1452|       0.44      29.51|
Info:      70000 |    33466      35888 |  395   596 |       943|       0.24      29.74|
Info:      71000 |    33933      36421 |  467   533 |       673|       0.51      30.25|
Info:      72000 |    34401      36953 |  468   532 |       407|       0.72      30.97|
Info:      73000 |    34841      37513 |  440   560 |       114|       0.63      31.60|
Info:      73997 |    35355      37997 |  514   484 |         0|       1.20      32.80|
Info: Routing complete.
Info: Router1 time 32.80s
Info: Checksum: 0x74930a83

Info: Critical path report for clock 'clk' (posedge -> posedge):
Info:       type curr  total name
Info:   clk-to-q  1.39  1.39 Source soc.cpu.mem_addr_SB_DFFE_Q_24_DFFLC.O
Info:    routing  4.35  5.74 Net iomem_addr[7] (23,14) -> (22,27)
Info:                          Sink soc.gen_icache.icache_inst.valid_array_SB_DFFESR_Q_3_D_SB_LUT4_O_I3_SB_LUT4_O_I3_SB_LUT4_O_LC.I2
Info:                          Defined in:
Info:                               /home/ed667/oss-cad-suite/lib/../share/yosys/ice40/cells_map.v:6.21-6.22
Info:      logic  1.21  6.95 Source soc.gen_icache.icache_inst.valid_array_SB_DFFESR_Q_3_D_SB_LUT4_O_I3_SB_LUT4_O_I3_SB_LUT4_O_LC.O
Info:    routing  3.06  10.01 Net soc.gen_icache.icache_inst.valid_array_SB_DFFESR_Q_3_D_SB_LUT4_O_I3_SB_LUT4_O_I3[2] (22,27) -> (23,22)
Info:                          Sink iomem_ready_SB_LUT4_I2_I3_SB_LUT4_O_LC.I3
Info:                          Defined in:
Info:                               /home/ed667/oss-cad-suite/lib/../share/yosys/ice40/cells_map.v:6.21-6.22
Info:      logic  0.87  10.88 Source iomem_ready_SB_LUT4_I2_I3_SB_LUT4_O_LC.O
Info:    routing  3.60  14.48 Net iomem_ready_SB_LUT4_I2_I3[0] (23,22) -> (21,16)
Info:                          Sink soc.simpleuart.send_dummy_SB_LUT4_I2_1_O_SB_LUT4_O_I3_SB_LUT4_O_1_LC.I1
Info:                          Defined in:
Info:                               /home/ed667/oss-cad-suite/lib/../share/yosys/ice40/cells_map.v:6.21-6.22
Info:      logic  1.23  15.71 Source soc.simpleuart.send_dummy_SB_LUT4_I2_1_O_SB_LUT4_O_I3_SB_LUT4_O_1_LC.O
Info:    routing  3.06  18.77 Net soc.simpleuart.send_dummy_SB_LUT4_I2_1_O_SB_LUT4_O_I3[2] (21,16) -> (21,9)
Info:                          Sink soc.simpleuart.send_dummy_SB_LUT4_I2_1_O_SB_LUT4_O_I3_SB_LUT4_I3_LC.I3
Info:                          Defined in:
Info:                               /home/ed667/oss-cad-suite/lib/../share/yosys/ice40/cells_map.v:6.21-6.22
Info:      logic  0.87  19.64 Source soc.simpleuart.send_dummy_SB_LUT4_I2_1_O_SB_LUT4_O_I3_SB_LUT4_I3_LC.O
Info:    routing  1.76  21.40 Net soc.memory.addr_SB_LUT4_O_7_I1_SB_LUT4_I3_O[1] (21,9) -> (21,8)
Info:                          Sink iomem_ready_SB_LUT4_I1_O_SB_LUT4_O_1_LC.I2
Info:                          Defined in:
Info:                               /home/ed667/oss-cad-suite/lib/../share/yosys/ice40/cells_map.v:6.21-6.22
Info:      logic  1.21  22.61 Source iomem_ready_SB_LUT4_I1_O_SB_LUT4_O_1_LC.O
Info:    routing  1.76  24.37 Net iomem_ready_SB_LUT4_I1_O[1] (21,8) -> (21,9)
Info:                          Sink soc.ram_ready_SB_DFF_Q_D_SB_LUT4_O_I3_SB_LUT4_O_LC.I1
Info:                          Defined in:
Info:                               /home/ed667/oss-cad-suite/lib/../share/yosys/ice40/cells_map.v:6.21-6.22
Info:      logic  1.23  25.60 Source soc.ram_ready_SB_DFF_Q_D_SB_LUT4_O_I3_SB_LUT4_O_LC.O
Info:    routing  4.22  29.82 Net soc.ram_ready_SB_DFF_Q_D_SB_LUT4_O_I3[2] (21,9) -> (21,21)
Info:                          Sink soc.cpu.mem_instr_SB_LUT4_I0_1_O_SB_LUT4_I1_LC.I3
Info:                          Defined in:
Info:                               /home/ed667/oss-cad-suite/lib/../share/yosys/ice40/cells_map.v:6.21-6.22
Info:      logic  0.87  30.70 Source soc.cpu.mem_instr_SB_LUT4_I0_1_O_SB_LUT4_I1_LC.O
Info:    routing  1.76  32.46 Net soc.cpu.mem_instr_SB_LUT4_I0_1_O_SB_LUT4_I1_O[3] (21,21) -> (20,22)
Info:                          Sink soc.cpu.mem_xfer_SB_LUT4_O_LC.I3
Info:                          Defined in:
Info:                               /home/ed667/oss-cad-suite/lib/../share/yosys/ice40/cells_map.v:6.21-6.22
Info:      logic  0.87  33.33 Source soc.cpu.mem_xfer_SB_LUT4_O_LC.O
Info:    routing  3.60  36.93 Net soc.cpu.mem_do_rdata_SB_LUT4_I2_O[3] (20,22) -> (16,27)
Info:                          Sink soc.cpu.mem_do_wdata_SB_LUT4_I0_LC.I3
Info:                          Defined in:
Info:                               /home/ed667/oss-cad-suite/lib/../share/yosys/ice40/cells_map.v:6.21-6.22
Info:      logic  0.87  37.81 Source soc.cpu.mem_do_wdata_SB_LUT4_I0_LC.O
Info:    routing  3.49  41.30 Net soc.cpu.mem_valid_SB_DFFESR_Q_E_SB_LUT4_O_I0[2] (16,27) -> (10,28)
Info:                          Sink soc.cpu.mem_do_rinst_SB_LUT4_I1_LC.I3
Info:                          Defined in:
Info:                               /home/ed667/oss-cad-suite/lib/../share/yosys/ice40/cells_map.v:6.21-6.22
Info:      logic  0.87  42.17 Source soc.cpu.mem_do_rinst_SB_LUT4_I1_LC.O
Info:    routing  1.76  43.94 Net soc.cpu.mem_do_rinst_SB_LUT4_I1_O[1] (10,28) -> (9,29)
Info:                          Sink soc.cpu.mem_do_wdata_SB_LUT4_I2_O_SB_LUT4_O_LC.I3
Info:                          Defined in:
Info:                               /home/ed667/oss-cad-suite/lib/../share/yosys/ice40/cells_map.v:6.21-6.22
Info:      logic  0.87  44.81 Source soc.cpu.mem_do_wdata_SB_LUT4_I2_O_SB_LUT4_O_LC.O
Info:    routing  1.76  46.57 Net soc.cpu.cpu_state_SB_DFF_Q_6_D_SB_LUT4_O_I2_SB_LUT4_O_I2[2] (9,29) -> (9,29)
Info:                          Sink soc.cpu.mem_do_prefetch_SB_LUT4_I2_LC.I3
Info:                          Defined in:
Info:                               /home/ed667/oss-cad-suite/lib/../share/yosys/ice40/cells_map.v:6.21-6.22
Info:      logic  0.87  47.44 Source soc.cpu.mem_do_prefetch_SB_LUT4_I2_LC.O
Info:    routing  2.41  49.85 Net soc.cpu.instr_sll_SB_LUT4_I0_O_SB_LUT4_I3_O[3] (9,29) -> (9,26)
Info:                          Sink soc.cpu.instr_sll_SB_LUT4_I0_O_SB_LUT4_I3_O_SB_LUT4_I2_LC.I3
Info:                          Defined in:
Info:                               /home/ed667/oss-cad-suite/lib/../share/yosys/ice40/cells_map.v:6.21-6.22
Info:      logic  0.87  50.73 Source soc.cpu.instr_sll_SB_LUT4_I0_O_SB_LUT4_I3_O_SB_LUT4_I2_LC.O
Info:    routing  3.60  54.33 Net soc.cpu.instr_sll_SB_LUT4_I0_O_SB_LUT4_I3_O_SB_LUT4_I2_O[3] (9,26) -> (9,19)
Info:                          Sink soc.cpu.instr_sll_SB_LUT4_I0_O_SB_LUT4_I3_O_SB_LUT4_I2_O_SB_LUT4_I3_LC.I3
Info:                          Defined in:
Info:                               /home/ed667/oss-cad-suite/lib/../share/yosys/ice40/cells_map.v:6.21-6.22
Info:      logic  0.87  55.20 Source soc.cpu.instr_sll_SB_LUT4_I0_O_SB_LUT4_I3_O_SB_LUT4_I2_O_SB_LUT4_I3_LC.O
Info:    routing  3.60  58.80 Net soc.cpu.instr_sll_SB_LUT4_I0_O_SB_LUT4_I3_O_SB_LUT4_I2_O_SB_LUT4_I3_O[3] (9,19) -> (5,24)
Info:                          Sink soc.cpu.reg_op1_SB_DFFE_Q_E_SB_LUT4_O_LC.I3
Info:                          Defined in:
Info:                               /home/ed667/oss-cad-suite/lib/../share/yosys/ice40/cells_map.v:6.21-6.22
Info:      logic  0.87  59.67 Source soc.cpu.reg_op1_SB_DFFE_Q_E_SB_LUT4_O_LC.O
Info:    routing  2.99  62.67 Net soc.cpu.reg_op1_SB_DFFE_Q_E (5,24) -> (4,24)
Info:                          Sink soc.cpu.reg_op1_SB_DFFE_Q_D_SB_LUT4_O_LC.CEN
Info:      setup  0.10  62.77 Source soc.cpu.reg_op1_SB_DFFE_Q_D_SB_LUT4_O_LC.CEN
Info: 15.98 ns logic, 46.79 ns routing

Info: Critical path report for cross-domain path '<async>' -> 'posedge clk':
Info:       type curr  total name
Info:     source  0.00  0.00 Source flash_io_buf[3].D_IN_0
Info:    routing  3.60  3.60 Net flash_io3_di (19,0) -> (20,8)
Info:                          Sink flash_io3_di_SB_LUT4_I0_LC.I0
Info:                          Defined in:
Info:                               picosoc.v:153.14-153.32
Info:      logic  1.28  4.88 Source flash_io3_di_SB_LUT4_I0_LC.O
Info:    routing  1.76  6.64 Net flash_io3_di_SB_LUT4_I0_O[1] (20,8) -> (20,8)
Info:                          Sink flash_io3_di_SB_LUT4_I0_O_SB_LUT4_I1_LC.I1
Info:                          Defined in:
Info:                               /home/ed667/oss-cad-suite/lib/../share/yosys/ice40/cells_map.v:6.21-6.22
Info:      logic  1.23  7.88 Source flash_io3_di_SB_LUT4_I0_O_SB_LUT4_I1_LC.O
Info:    routing  1.76  9.64 Net flash_io3_di_SB_LUT4_I0_O_SB_LUT4_I1_O[2] (20,8) -> (21,8)
Info:                          Sink soc.gen_icache.icache_inst.miss_rdata_SB_DFFESR_Q_28_D_SB_LUT4_O_LC.I2
Info:                          Defined in:
Info:                               /home/ed667/oss-cad-suite/lib/../share/yosys/ice40/cells_map.v:6.21-6.22
Info:      logic  1.21  10.84 Source soc.gen_icache.icache_inst.miss_rdata_SB_DFFESR_Q_28_D_SB_LUT4_O_LC.O
Info:    routing  4.35  15.19 Net soc.gen_icache.icache_inst.miss_rdata_SB_DFFESR_Q_28_D[1] (21,8) -> (21,20)
Info:                          Sink soc.gen_icache.icache_inst.miss_rdata_SB_DFFESR_Q_28_D_SB_LUT4_I3_LC.I3
Info:                          Defined in:
Info:                               /home/ed667/oss-cad-suite/lib/../share/yosys/ice40/cells_map.v:6.21-6.22
Info:      logic  0.87  16.07 Source soc.gen_icache.icache_inst.miss_rdata_SB_DFFESR_Q_28_D_SB_LUT4_I3_LC.O
Info:    routing  1.76  17.83 Net soc.gen_icache.icache_inst.miss_rdata_SB_DFFESR_Q_28_D_SB_LUT4_I3_O[2] (21,20) -> (21,21)
Info:                          Sink soc.gen_icache.icache_inst.miss_rdata_SB_DFFESR_Q_28_D_SB_LUT4_I3_O_SB_LUT4_I0_LC.I2
Info:                          Defined in:
Info:                               /home/ed667/oss-cad-suite/lib/../share/yosys/ice40/cells_map.v:6.21-6.22
Info:      logic  1.21  19.03 Source soc.gen_icache.icache_inst.miss_rdata_SB_DFFESR_Q_28_D_SB_LUT4_I3_O_SB_LUT4_I0_LC.O
Info:    routing  1.76  20.80 Net soc.cpu.mem_valid_SB_LUT4_I0_O[2] (21,21) -> (20,22)
Info:                          Sink soc.gen_icache.icache_inst.data_array.0.14_RDATA_1_SB_LUT4_I0_O_SB_LUT4_I0_O_SB_LUT4_I1_LC.I2
Info:                          Defined in:
Info:                               /home/ed667/oss-cad-suite/lib/../share/yosys/ice40/cells_map.v:6.21-6.22
Info:      logic  1.21  22.00 Source soc.gen_icache.icache_inst.data_array.0.14_RDATA_1_SB_LUT4_I0_O_SB_LUT4_I0_O_SB_LUT4_I1_LC.O
Info:    routing  2.95  24.95 Net soc.cpu.mem_rdata_q_SB_DFFE_Q_26_D_SB_LUT4_I2_O[2] (20,22) -> (18,23)
Info:                          Sink soc.cpu.mem_rdata_q_SB_DFFE_Q_26_D_SB_LUT4_I2_O_SB_LUT4_I2_LC.I2
Info:                          Defined in:
Info:                               /home/ed667/oss-cad-suite/lib/../share/yosys/ice40/cells_map.v:6.21-6.22
Info:      logic  1.21  26.16 Source soc.cpu.mem_rdata_q_SB_DFFE_Q_26_D_SB_LUT4_I2_O_SB_LUT4_I2_LC.O
Info:    routing  2.95  29.11 Net soc.cpu.mem_rdata_q_SB_DFFE_Q_26_D_SB_LUT4_I2_O_SB_LUT4_I2_O[3] (18,23) -> (16,25)
Info:                          Sink soc.gen_icache.icache_inst.data_array.0.12_RDATA_SB_LUT4_I0_O_SB_LUT4_I1_O_SB_LUT4_I2_O_SB_LUT4_I1_LC.I3
Info:                          Defined in:
Info:                               /home/ed667/oss-cad-suite/lib/../share/yosys/ice40/cells_map.v:6.21-6.22
Info:      logic  0.87  29.98 Source soc.gen_icache.icache_inst.data_array.0.12_RDATA_SB_LUT4_I0_O_SB_LUT4_I1_O_SB_LUT4_I2_O_SB_LUT4_I1_LC.O
Info:    routing  1.76  31.75 Net soc.cpu.decoded_imm_j_SB_DFFE_Q_4_D[3] (16,25) -> (15,25)
Info:                          Sink soc.cpu.decoded_imm_j_SB_DFFE_Q_4_D_SB_LUT4_I2_O_SB_LUT4_O_LC.I1
Info:                          Defined in:
Info:                               /home/ed667/oss-cad-suite/lib/../share/yosys/ice40/cells_map.v:6.21-6.22
Info:      logic  1.23  32.98 Source soc.cpu.decoded_imm_j_SB_DFFE_Q_4_D_SB_LUT4_I2_O_SB_LUT4_O_LC.O
Info:    routing  1.76  34.74 Net soc.cpu.decoded_imm_j_SB_DFFE_Q_4_D_SB_LUT4_I2_O[2] (15,25) -> (15,26)
Info:                          Sink soc.cpu.decoded_rs1_SB_DFFESR_Q_D_SB_LUT4_I3_O_SB_LUT4_I2_O_SB_LUT4_O_1_LC.I2
Info:                          Defined in:
Info:                               /home/ed667/oss-cad-suite/lib/../share/yosys/ice40/cells_map.v:6.21-6.22
Info:      logic  1.21  35.94 Source soc.cpu.decoded_rs1_SB_DFFESR_Q_D_SB_LUT4_I3_O_SB_LUT4_I2_O_SB_LUT4_O_1_LC.O
Info:    routing  1.76  37.70 Net soc.cpu.decoded_rs1_SB_DFFESR_Q_D_SB_LUT4_I3_O_SB_LUT4_I2_O[2] (15,26) -> (15,25)
Info:                          Sink soc.cpu.cpuregs.regs.1.1_RDATA_4_SB_DFF_Q_1_D_SB_LUT4_O_LC.I2
Info:                          Defined in:
Info:                               /home/ed667/oss-cad-suite/lib/../share/yosys/ice40/cells_map.v:6.21-6.22
Info:      setup  1.15  38.86 Source soc.cpu.cpuregs.regs.1.1_RDATA_4_SB_DFF_Q_1_D_SB_LUT4_O_LC.I2
Info: 12.67 ns logic, 26.18 ns routing

Info: Critical path report for cross-domain path 'posedge clk' -> '<async>':
Info:       type curr  total name
Info:   clk-to-q  1.39  1.39 Source soc.spimemio.xfer.dummy_count_SB_DFFESR_Q_D_SB_LUT4_O_LC.O
Info:    routing  1.76  3.15 Net soc.spimemio.xfer.dummy_count[3] (23,3) -> (22,3)
Info:                          Sink soc.spimemio.din_valid_SB_LUT4_I2_O_SB_LUT4_O_LC.I0
Info:                          Defined in:
Info:                               spimemio.v:417.12-417.23
Info:      logic  1.28  4.43 Source soc.spimemio.din_valid_SB_LUT4_I2_O_SB_LUT4_O_LC.O
Info:    routing  2.95  7.39 Net soc.spimemio.din_valid_SB_LUT4_I2_O[1] (22,3) -> (20,1)
Info:                          Sink soc.spimemio.xfer.xfer_rd_SB_LUT4_I2_LC.I3
Info:                          Defined in:
Info:                               /home/ed667/oss-cad-suite/lib/../share/yosys/ice40/cells_map.v:6.21-6.22
Info:      logic  0.87  8.26 Source soc.spimemio.xfer.xfer_rd_SB_LUT4_I2_LC.O
Info:    routing  1.76  10.02 Net soc.spimemio.xfer.xfer_rd_SB_LUT4_I2_O[2] (20,1) -> (20,1)
Info:                          Sink soc.spimemio.xfer.xfer_rd_SB_LUT4_I2_O_SB_LUT4_I3_LC.I3
Info:                          Defined in:
Info:                               /home/ed667/oss-cad-suite/lib/../share/yosys/ice40/cells_map.v:6.21-6.22
Info:      logic  0.87  10.90 Source soc.spimemio.xfer.xfer_rd_SB_LUT4_I2_O_SB_LUT4_I3_LC.O
Info:    routing  1.76  12.66 Net soc.spimemio.xfer.xfer_rd_SB_LUT4_I2_O_SB_LUT4_I3_O[1] (20,1) -> (20,1)
Info:                          Sink flash_io1_oe_SB_LUT4_O_LC.I3
Info:                          Defined in:
Info:                               /home/ed667/oss-cad-suite/lib/../share/yosys/ice40/cells_map.v:6.21-6.22
Info:      logic  0.87  13.53 Source flash_io1_oe_SB_LUT4_O_LC.O
Info:    routing  2.95  16.48 Net flash_io1_oe (20,1) -> (23,0)
Info:                          Sink flash_io_buf[1].OUTPUT_ENABLE
Info:                          Defined in:
Info:                               picosoc.v:153.14-153.32
Info: 5.30 ns logic, 11.19 ns routing

Info: Critical path report for cross-domain path 'negedge clk' -> '<async>':
Info:       type curr  total name
Info:   clk-to-q  1.39  1.39 Source soc.spimemio.xfer_io2_90_SB_DFFN_Q_DFFLC.O
Info:    routing  1.76  3.15 Net soc.spimemio.xfer_io2_90 (21,1) -> (21,1)
Info:                          Sink soc.spimemio.xfer_io2_90_SB_LUT4_I2_LC.I2
Info:                          Defined in:
Info:                               /home/ed667/oss-cad-suite/lib/../share/yosys/ice40/cells_map.v:6.21-6.22
Info:      logic  1.21  4.36 Source soc.spimemio.xfer_io2_90_SB_LUT4_I2_LC.O
Info:    routing  1.76  6.12 Net flash_io2_do_SB_LUT4_O_I3[2] (21,1) -> (20,1)
Info:                          Sink flash_io2_do_SB_LUT4_O_LC.I3
Info:                          Defined in:
Info:                               /home/ed667/oss-cad-suite/lib/../share/yosys/ice40/cells_map.v:6.21-6.22
Info:      logic  0.87  6.99 Source flash_io2_do_SB_LUT4_O_LC.O
Info:    routing  2.95  9.94 Net flash_io2_do (20,1) -> (18,0)
Info:                          Sink flash_io_buf[2].D_OUT_0
Info:                          Defined in:
Info:                               spimemio.v:38.9-38.21
Info: 3.47 ns logic, 6.47 ns routing

Info: Max frequency for clock 'clk': 15.93 MHz (PASS at 12.00 MHz)

Info: Max delay <async>     -> posedge clk: 38.86 ns
Info: Max delay posedge clk -> <async>    : 16.48 ns
Info: Max delay negedge clk -> <async>    : 9.94 ns

Info: Slack histogram:
Info:  legend: * represents 22 endpoint(s)
Info:          + represents [1,22) endpoint(s)
Info: [ 20567,  23543) |+
Info: [ 23543,  26519) |**+
Info: [ 26519,  29495) |*+
Info: [ 29495,  32471) |**+
Info: [ 32471,  35447) |**+
Info: [ 35447,  38423) |**+
Info: [ 38423,  41399) |+
Info: [ 41399,  44375) |********+
Info: [ 44375,  47351) |**********+
Info: [ 47351,  50327) |*****+
Info: [ 50327,  53303) |********+
Info: [ 53303,  56279) |****+
Info: [ 56279,  59255) |********+
Info: [ 59255,  62231) |**************+
Info: [ 62231,  65207) |***************+
Info: [ 65207,  68183) |*********************************+
Info: [ 68183,  71159) |***********************************************************+
Info: [ 71159,  74135) |**********************+
Info: [ 74135,  77111) |************************************************+
Info: [ 77111,  80087) |************************************************************ 

Info: Program finished normally.
