COMMAND: nextpnr-ice40 --up5k --package sg48 --json design.json --pcf icebreaker.pcf --asc design.asc --pcf-allow-unconstrained

STDOUT:


STDERR:
Info: constrained 'clk_in' to bel 'X12/Y31/io1'
Info: constrained 'ser_rx' to bel 'X13/Y0/io1'
Info: constrained 'ser_tx' to bel 'X15/Y0/io0'
Info: constrained 'flash_clk' to bel 'X24/Y0/io0'
Info: constrained 'flash_csb' to bel 'X24/Y0/io1'
Info: constrained 'flash_io0' to bel 'X23/Y0/io0'
Info: constrained 'flash_io1' to bel 'X23/Y0/io1'
Info: constrained 'flash_io2' to bel 'X18/Y0/io0'
Info: constrained 'flash_io3' to bel 'X19/Y0/io0'
Info: constrained 'P1A1' to bel 'X9/Y0/io0'
Info: constrained 'P1A2' to bel 'X8/Y0/io0'
Info: constrained 'P1A3' to bel 'X6/Y0/io0'
Info: constrained 'P1A4' to bel 'X7/Y0/io1'
Info: constrained 'P1A7' to bel 'X9/Y0/io1'
Info: constrained 'P1A8' to bel 'X7/Y0/io0'
Info: constrained 'P1A9' to bel 'X5/Y0/io0'
Info: constrained 'P1A10' to bel 'X6/Y0/io1'
Info: constrained 'led1' to bel 'X18/Y31/io0'
Info: constrained 'led2' to bel 'X18/Y31/io1'
Info: constrained 'led3' to bel 'X19/Y31/io1'
Info: constrained 'led4' to bel 'X19/Y31/io0'
Info: constrained 'led5' to bel 'X18/Y0/io1'
Info: constrained 'ledr_n' to bel 'X17/Y0/io0'
Info: constrained 'ledg_n' to bel 'X13/Y31/io0'

Info: Packing constants..
Info: Packing IOs..
Info: flash_io3 feeds SB_IO flash_io_buf[3], removing $nextpnr_iobuf flash_io3.
Info: flash_io2 feeds SB_IO flash_io_buf[2], removing $nextpnr_iobuf flash_io2.
Info: flash_io1 feeds SB_IO flash_io_buf[1], removing $nextpnr_iobuf flash_io1.
Info: flash_io0 feeds SB_IO flash_io_buf[0], removing $nextpnr_iobuf flash_io0.
Info: Packing LUT-FFs..
Info:     3065 LCs used as LUT4 only
Info:     1087 LCs used as LUT4 and DFF
Info: Packing non-LUT FFs..
Info:      604 LCs used as DFF only
Info: Packing carries..
Info:      141 LCs used as CARRY only
Info: Packing indirect carry+LUT pairs...
Info:       67 LUTs merged into carry LCs
Info: Packing RAMs..
Info: Placing PLLs..
Info:   constrained PLL 'pll' to X12/Y31/pll_3
Info: Packing special functions..
Info: Packing PLLs..
Info:   PLL 'pll' has LOCK output, need to pass all outputs via LUT
Info:   constrained 'pll_locked_SB_LUT4_I0_LC' to X1/Y30/lc0
Info: Promoting globals..
Info: promoting iomem_ready_SB_LUT4_I3_O_SB_LUT4_I1_O_SB_LUT4_I3_4_O[0] [reset] (fanout 551)
Info: promoting soc.cpu.genblk1.genblk1.pcpi_mul.mul_counter_SB_DFFE_Q_D_SB_LUT4_O_I3[0] [reset] (fanout 85)
Info: promoting soc.cpu.genblk2.pcpi_div.dq_SB_DFFE_Q_10_D_SB_LUT4_O_I3[1] [reset] (fanout 38)
Info: promoting soc.simpleuart.send_pattern_SB_DFFESS_Q_D_SB_LUT4_O_I3_SB_LUT4_I2_O [reset] (fanout 32)
Info: promoting resetn [cen] (fanout 215)
Info: promoting soc.gen_icache.icache_inst.state_SB_DFF_Q_1_D_SB_LUT4_O_I3_SB_LUT4_I3_1_O [cen] (fanout 128)
Info: promoting soc.cpu.genblk2.pcpi_div.running_SB_DFFSR_Q_D_SB_LUT4_I3_O [cen] (fanout 70)
Info: Constraining chains...
Info:       52 LCs used to legalise carry chains.
Info: Checksum: 0x1c51fb03

Info: Device utilisation:
Info: 	         ICESTORM_LC:    4884/   5280    92%
Info: 	        ICESTORM_RAM:      22/     30    73%
Info: 	               SB_IO:      24/     96    25%
Info: 	               SB_GB:       8/      8   100%
Info: 	        ICESTORM_PLL:       1/      1   100%
Info: 	         SB_WARMBOOT:       0/      1     0%
Info: 	        ICESTORM_DSP:       0/      8     0%
Info: 	      ICESTORM_HFOSC:       0/      1     0%
Info: 	      ICESTORM_LFOSC:       0/      1     0%
Info: 	              SB_I2C:       0/      2     0%
Info: 	              SB_SPI:       0/      2     0%
Info: 	              IO_I3C:       0/      2     0%
Info: 	         SB_LEDDA_IP:       0/      1     0%
Info: 	         SB_RGBA_DRV:       0/      1     0%
Info: 	      ICESTORM_SPRAM:       4/      4   100%

Info: Placed 26 cells based on constraints.
Info: Creating initial analytic placement for 4181 cells, random placement wirelen = 118786.
Info:     at initial placer iter 0, wirelen = 1925
Info:     at initial placer iter 1, wirelen = 1859
Info:     at initial placer iter 2, wirelen = 1865
Info:     at initial placer iter 3, wirelen = 1863
Info: Running main analytical placer, max placement attempts per cell = 3054156.
Info:     at iteration #1, type ALL: wirelen solved = 1870, spread = 43538, legal = 49308; time = 0.16s
Info:     at iteration #2, type ALL: wirelen solved = 2985, spread = 35850, legal = 42892; time = 0.21s
Info:     at iteration #3, type ALL: wirelen solved = 4093, spread = 35706, legal = 42781; time = 0.28s
Info:     at iteration #4, type ALL: wirelen solved = 5485, spread = 33882, legal = 39997; time = 0.15s
Info:     at iteration #5, type ALL: wirelen solved = 6980, spread = 32102, legal = 38379; time = 0.14s
Info:     at iteration #6, type ALL: wirelen solved = 7901, spread = 29714, legal = 35625; time = 0.13s
Info:     at iteration #7, type ALL: wirelen solved = 8650, spread = 28612, legal = 35533; time = 0.16s
Info:     at iteration #8, type ALL: wirelen solved = 9841, spread = 27268, legal = 32931; time = 0.13s
Info:     at iteration #9, type ALL: wirelen solved = 10972, spread = 27022, legal = 33452; time = 0.14s
Info:     at iteration #10, type ALL: wirelen solved = 11679, spread = 26419, legal = 33794; time = 0.14s
Info:     at iteration #11, type ALL: wirelen solved = 12741, spread = 25915, legal = 30333; time = 0.09s
Info:     at iteration #12, type ALL: wirelen solved = 13378, spread = 25212, legal = 30258; time = 0.09s
Info:     at iteration #13, type ALL: wirelen solved = 13581, spread = 25234, legal = 32269; time = 0.12s
Info:     at iteration #14, type ALL: wirelen solved = 13845, spread = 25059, legal = 31938; time = 0.11s
Info:     at iteration #15, type ALL: wirelen solved = 14293, spread = 24768, legal = 31977; time = 0.13s
Info:     at iteration #16, type ALL: wirelen solved = 14894, spread = 24708, legal = 30946; time = 0.12s
Info:     at iteration #17, type ALL: wirelen solved = 15040, spread = 24536, legal = 30688; time = 0.12s
Info: HeAP Placer Time: 3.23s
Info:   of which solving equations: 1.48s
Info:   of which spreading cells: 0.18s
Info:   of which strict legalisation: 1.05s

Info: Running simulated annealing placer for refinement.
Info:   at iteration #1: temp = 0.000000, timing cost = 2417, wirelen = 30258
Info:   at iteration #5: temp = 0.000000, timing cost = 2199, wirelen = 25701
Info:   at iteration #10: temp = 0.000000, timing cost = 1914, wirelen = 24675
Info:   at iteration #15: temp = 0.000000, timing cost = 2067, wirelen = 23991
Info:   at iteration #20: temp = 0.000000, timing cost = 2021, wirelen = 23631
Info:   at iteration #25: temp = 0.000000, timing cost = 2013, wirelen = 23545
Info:   at iteration #30: temp = 0.000000, timing cost = 2092, wirelen = 23501
Info:   at iteration #34: temp = 0.000000, timing cost = 2082, wirelen = 23484 
Info: SA placement time 7.85s

Info: Max frequency for clock 'clk': 17.26 MHz (PASS at 12.00 MHz)

Info: Max delay <async>     -> posedge clk: 37.13 ns
Info: Max delay posedge clk -> <async>    : 17.75 ns
Info: Max delay negedge clk -> <async>    : 10.03 ns

Info: Slack histogram:
Info:  legend: * represents 25 endpoint(s)
Info:          + represents [1,25) endpoint(s)
Info: [ 25391,  28139) |+
Info: [ 28139,  30887) |*+
Info: [ 30887,  33635) |*+
Info: [ 33635,  36383) |***+
Info: [ 36383,  39131) |*****+
Info: [ 39131,  41879) |**+
Info: [ 41879,  44627) |**+
Info: [ 44627,  47375) |*******+
Info: [ 47375,  50123) |*****+
Info: [ 50123,  52871) |****+
Info: [ 52871,  55619) |*********+
Info: [ 55619,  58367) |******+
Info: [ 58367,  61115) |*****+
Info: [ 61115,  63863) |*********+
Info: [ 63863,  66611) |****************************+
Info: [ 66611,  69359) |****************************************+
Info: [ 69359,  72107) |************************+
Info: [ 72107,  74855) |*********************+
Info: [ 74855,  77603) |**************************************+
Info: [ 77603,  80351) |************************************************************ 
Info: Checksum: 0x3b584d7d

Info: Routing..
Info: Setting up routing queue.
Info: Routing 16809 arcs.
Info:            |   (re-)routed arcs  |   delta    | remaining|       time spent     |
Info:    IterCnt |  w/ripup   wo/ripup |  w/r  wo/r |      arcs| batch(sec) total(sec)|
Info:       1000 |       38        961 |   38   961 |     15852|       0.48       0.48|
Info:       2000 |      137       1862 |   99   901 |     14995|       0.31       0.78|
Info:       3000 |      356       2643 |  219   781 |     14252|       0.20       0.98|
Info:       4000 |      657       3342 |  301   699 |     13604|       0.15       1.13|
Info:       5000 |      998       4001 |  341   659 |     13008|       0.16       1.30|
Info:       6000 |     1350       4649 |  352   648 |     12425|       0.24       1.54|
Info:       7000 |     1582       5417 |  232   768 |     11765|       0.22       1.76|
Info:       8000 |     1872       6110 |  290   693 |     11190|       0.23       1.99|
Info:       9000 |     2102       6829 |  230   719 |     10566|       0.34       2.33|
Info:      10000 |     2494       7433 |  392   604 |     10160|       0.36       2.69|
Info:      11000 |     2894       8033 |  400   600 |      9863|       0.36       3.05|
Info:      12000 |     3293       8605 |  399   572 |      9595|       0.32       3.37|
Info:      13000 |     3631       9216 |  338   611 |      9260|       0.29       3.65|
Info:      14000 |     3998       9767 |  367   551 |      8857|       0.27       3.92|
Info:      15000 |     4455      10282 |  457   515 |      8583|       0.35       4.27|
Info:      16000 |     4933      10804 |  478   522 |      8374|       0.39       4.66|
Info:      17000 |     5423      11314 |  490   510 |      8240|       0.40       5.06|
Info:      18000 |     5902      11835 |  479   521 |      8041|       0.34       5.41|
Info:      19000 |     6466      12271 |  564   436 |      7942|       0.37       5.78|
Info:      20000 |     6946      12740 |  480   469 |      7694|       0.33       6.11|
Info:      21000 |     7445      13188 |  499   448 |      7463|       0.36       6.47|
Info:      22000 |     7918      13689 |  473   501 |      7211|       0.28       6.75|
Info:      23000 |     8443      14163 |  525   474 |      7129|       0.39       7.14|
Info:      24000 |     8976      14607 |  533   444 |      6951|       0.31       7.45|
Info:      25000 |     9476      15104 |  500   497 |      6747|       0.40       7.85|
Info:      26000 |     9972      15553 |  496   449 |      6616|       0.37       8.22|
Info:      27000 |    10514      16009 |  542   456 |      6525|       0.42       8.64|
Info:      28000 |    11007      16516 |  493   507 |      6295|       0.38       9.02|
Info:      29000 |    11517      17005 |  510   489 |      6156|       0.34       9.35|
Info:      30000 |    11988      17529 |  471   524 |      5927|       0.34       9.70|
Info:      31000 |    12523      17994 |  535   465 |      5748|       0.35      10.05|
Info:      32000 |    13023      18490 |  500   496 |      5614|       0.34      10.39|
Info:      33000 |    13541      18969 |  518   479 |      5415|       0.35      10.74|
Info:      34000 |    14082      19428 |  541   459 |      5231|       0.48      11.22|
Info:      35000 |    14557      19944 |  475   516 |      5002|       0.49      11.70|
Info:      36000 |    15060      20441 |  503   497 |      4859|       0.41      12.11|
Info:      37000 |    15619      20876 |  559   435 |      4671|       0.35      12.46|
Info:      38000 |    16214      21281 |  595   405 |      4493|       0.43      12.89|
Info:      39000 |    16818      21677 |  604   396 |      4405|       0.48      13.36|
Info:      40000 |    17375      22120 |  557   443 |      4341|       0.48      13.84|
Info:      41000 |    17913      22555 |  538   435 |      4127|       0.45      14.29|
Info:      42000 |    18466      23001 |  553   446 |      3998|       0.39      14.68|
Info:      43000 |    19009      23431 |  543   430 |      3862|       0.37      15.06|
Info:      44000 |    19569      23870 |  560   439 |      3768|       0.51      15.57|
Info:      45000 |    20173      24266 |  604   396 |      3717|       0.53      16.10|
Info:      46000 |    20808      24631 |  635   365 |      3686|       0.47      16.57|
Info:      47000 |    21427      25012 |  619   381 |      3616|       0.44      17.00|
Info:      48000 |    21958      25478 |  531   466 |      3521|       0.47      17.47|
Info:      49000 |    22483      25947 |  525   469 |      3408|       0.44      17.91|
Info:      50000 |    23008      26422 |  525   475 |      3337|       0.45      18.36|
Info:      51000 |    23597      26830 |  589   408 |      3269|       0.47      18.83|
Info:      52000 |    24185      27242 |  588   412 |      3126|       0.55      19.38|
Info:      53000 |    24814      27610 |  629   368 |      3085|       0.55      19.93|
Info:      54000 |    25357      28058 |  543   448 |      2916|       0.42      20.35|
Info:      55000 |    25935      28476 |  578   418 |      2789|       0.40      20.76|
Info:      56000 |    26554      28857 |  619   381 |      2712|       0.55      21.31|
Info:      57000 |    27165      29244 |  611   387 |      2684|       0.48      21.79|
Info:      58000 |    27794      29615 |  629   371 |      2583|       0.59      22.38|
Info:      59000 |    28395      30013 |  601   398 |      2478|       0.49      22.87|
Info:      60000 |    28991      30414 |  596   401 |      2406|       0.43      23.30|
Info:      61000 |    29581      30824 |  590   410 |      2301|       0.49      23.78|
Info:      62000 |    30194      31210 |  613   386 |      2241|       0.74      24.52|
Info:      63000 |    30750      31654 |  556   444 |      2130|       0.48      25.00|
Info:      64000 |    31282      32109 |  532   455 |      1994|       0.47      25.47|
Info:      65000 |    31812      32579 |  530   470 |      1826|       0.54      26.00|
Info:      66000 |    32308      33078 |  496   499 |      1617|       1.29      27.29|
Info:      67000 |    32848      33531 |  540   453 |      1503|       0.48      27.77|
Info:      68000 |    33482      33897 |  634   366 |      1527|       0.73      28.50|
Info:      69000 |    34066      34306 |  584   409 |      1397|       0.43      28.93|
Info:      70000 |    34464      34908 |  398   602 |       889|       0.19      29.12|
Info:      71000 |    34818      35554 |  354   646 |       383|       0.86      29.98|
Info:      71811 |    35119      36065 |  301   511 |         0|       1.61      31.58|
Info: Routing complete.
Info: Router1 time 31.58s
Info: Checksum: 0x1523cf41

Info: Critical path report for clock 'clk' (posedge -> posedge):
Info:       type curr  total name
Info:   clk-to-q  1.39  1.39 Source soc.cpu.mem_addr_SB_DFFE_Q_2_DFFLC.O
Info:    routing  2.95  4.34 Net iomem_addr[29] (18,23) -> (21,22)
Info:                          Sink iomem_ready_SB_LUT4_I3_O_SB_LUT4_I1_I2_SB_LUT4_O_1_I3_SB_LUT4_O_LC.I2
Info:                          Defined in:
Info:                               picosoc.v:109.14-109.22
Info:      logic  1.21  5.55 Source iomem_ready_SB_LUT4_I3_O_SB_LUT4_I1_I2_SB_LUT4_O_1_I3_SB_LUT4_O_LC.O
Info:    routing  1.76  7.31 Net iomem_ready_SB_LUT4_I3_O_SB_LUT4_I1_I2_SB_LUT4_O_1_I3[3] (21,22) -> (22,21)
Info:                          Sink iomem_ready_SB_LUT4_I2_I3_SB_LUT4_O_I2_SB_LUT4_O_3_LC.I3
Info:                          Defined in:
Info:                               /home/ed667/oss-cad-suite/lib/../share/yosys/ice40/cells_map.v:6.21-6.22
Info:      logic  0.87  8.18 Source iomem_ready_SB_LUT4_I2_I3_SB_LUT4_O_I2_SB_LUT4_O_3_LC.O
Info:    routing  3.06  11.24 Net iomem_ready_SB_LUT4_I2_I3_SB_LUT4_O_I2[3] (22,21) -> (22,14)
Info:                          Sink soc.gen_dmem_lookahead.dmem_lookahead_buffer_inst.la_valid_SB_LUT4_I3_O_SB_LUT4_I0_O_SB_LUT4_O_2_LC.I3
Info:                          Defined in:
Info:                               /home/ed667/oss-cad-suite/lib/../share/yosys/ice40/cells_map.v:6.21-6.22
Info:      logic  0.87  12.11 Source soc.gen_dmem_lookahead.dmem_lookahead_buffer_inst.la_valid_SB_LUT4_I3_O_SB_LUT4_I0_O_SB_LUT4_O_2_LC.O
Info:    routing  1.76  13.87 Net soc.gen_dmem_lookahead.dmem_lookahead_buffer_inst.la_valid_SB_LUT4_I3_O_SB_LUT4_I0_O[3] (22,14) -> (22,13)
Info:                          Sink soc.ram_ready_SB_LUT4_I1_I2_SB_LUT4_O_1_LC.I3
Info:                          Defined in:
Info:                               /home/ed667/oss-cad-suite/lib/../share/yosys/ice40/cells_map.v:6.21-6.22
Info:      logic  0.87  14.75 Source soc.ram_ready_SB_LUT4_I1_I2_SB_LUT4_O_1_LC.O
Info:    routing  1.76  16.51 Net soc.ram_ready_SB_LUT4_I1_I2[3] (22,13) -> (21,12)
Info:                          Sink soc.ram_ready_SB_LUT4_I1_I2_SB_LUT4_I1_LC.I1
Info:                          Defined in:
Info:                               /home/ed667/oss-cad-suite/lib/../share/yosys/ice40/cells_map.v:6.21-6.22
Info:      logic  1.23  17.74 Source soc.ram_ready_SB_LUT4_I1_I2_SB_LUT4_I1_LC.O
Info:    routing  1.76  19.50 Net flash_io1_di_SB_LUT4_I0_O_SB_LUT4_O_I2[3] (21,12) -> (20,13)
Info:                          Sink soc.ram_ready_SB_LUT4_I1_I2_SB_LUT4_I1_O_SB_LUT4_I3_LC.I3
Info:                          Defined in:
Info:                               /home/ed667/oss-cad-suite/lib/../share/yosys/ice40/cells_map.v:6.21-6.22
Info:      logic  0.87  20.38 Source soc.ram_ready_SB_LUT4_I1_I2_SB_LUT4_I1_O_SB_LUT4_I3_LC.O
Info:    routing  2.95  23.33 Net soc.ram_ready_SB_LUT4_I1_I2_SB_LUT4_I1_O_SB_LUT4_I3_O[3] (20,13) -> (16,11)
Info:                          Sink soc.memory.cs_0_SB_LUT4_O_LC.I3
Info:                          Defined in:
Info:                               /home/ed667/oss-cad-suite/lib/../share/yosys/ice40/cells_map.v:6.21-6.22
Info:      logic  0.87  24.20 Source soc.memory.cs_0_SB_LUT4_O_LC.O
Info:    routing  2.95  27.15 Net soc.memory.cs_0 (16,11) -> (20,10)
Info:                          Sink flash_io0_di_SB_LUT4_I0_O_SB_LUT4_I0_O_SB_LUT4_O_2_LC.I3
Info:                          Defined in:
Info:                               ice40up5k_spram.v:32.7-32.11
Info:      logic  0.87  28.03 Source flash_io0_di_SB_LUT4_I0_O_SB_LUT4_I0_O_SB_LUT4_O_2_LC.O
Info:    routing  1.76  29.79 Net flash_io0_di_SB_LUT4_I0_O_SB_LUT4_I0_O[3] (20,10) -> (21,10)
Info:                          Sink soc.gen_icache.icache_inst.data_array.0.0_RDATA_1_SB_LUT4_I0_O_SB_LUT4_I1_O_SB_LUT4_O_1_LC.I3
Info:                          Defined in:
Info:                               /home/ed667/oss-cad-suite/lib/../share/yosys/ice40/cells_map.v:6.21-6.22
Info:      logic  0.87  30.66 Source soc.gen_icache.icache_inst.data_array.0.0_RDATA_1_SB_LUT4_I0_O_SB_LUT4_I1_O_SB_LUT4_O_1_LC.O
Info:    routing  3.06  33.72 Net soc.gen_icache.icache_inst.data_array.0.0_RDATA_1_SB_LUT4_I0_O_SB_LUT4_I1_O[3] (21,10) -> (22,17)
Info:                          Sink soc.gen_icache.icache_inst.data_array.0.0_RDATA_1_SB_LUT4_I0_O_SB_LUT4_I1_O_SB_LUT4_I1_LC.I3
Info:                          Defined in:
Info:                               /home/ed667/oss-cad-suite/lib/../share/yosys/ice40/cells_map.v:6.21-6.22
Info:      logic  0.87  34.59 Source soc.gen_icache.icache_inst.data_array.0.0_RDATA_1_SB_LUT4_I0_O_SB_LUT4_I1_O_SB_LUT4_I1_LC.O
Info:    routing  3.49  38.09 Net soc.cpu.instr_fence_SB_DFFESR_Q_D_SB_LUT4_O_I1[2] (22,17) -> (18,21)
Info:                          Sink soc.cpu.instr_jal_SB_DFFE_Q_D_SB_LUT4_O_I2_SB_LUT4_O_I3_SB_LUT4_O_LC.I2
Info:                          Defined in:
Info:                               /home/ed667/oss-cad-suite/lib/../share/yosys/ice40/cells_map.v:6.21-6.22
Info:      logic  1.21  39.29 Source soc.cpu.instr_jal_SB_DFFE_Q_D_SB_LUT4_O_I2_SB_LUT4_O_I3_SB_LUT4_O_LC.O
Info:    routing  1.76  41.05 Net soc.cpu.instr_jal_SB_DFFE_Q_D_SB_LUT4_O_I2_SB_LUT4_O_I3[3] (18,21) -> (18,22)
Info:                          Sink soc.cpu.instr_jal_SB_DFFE_Q_D_SB_LUT4_O_I2_SB_LUT4_O_I3_SB_LUT4_I3_LC.I3
Info:                          Defined in:
Info:                               /home/ed667/oss-cad-suite/lib/../share/yosys/ice40/cells_map.v:6.21-6.22
Info:      logic  0.87  41.93 Source soc.cpu.instr_jal_SB_DFFE_Q_D_SB_LUT4_O_I2_SB_LUT4_O_I3_SB_LUT4_I3_LC.O
Info:    routing  1.76  43.69 Net soc.cpu.instr_jal_SB_DFFE_Q_D_SB_LUT4_O_I2_SB_LUT4_O_I3_SB_LUT4_I3_O[3] (18,22) -> (17,22)
Info:                          Sink soc.cpu.decoded_imm_j_SB_DFFE_Q_13_D_SB_LUT4_O_LC.I3
Info:                          Defined in:
Info:                               /home/ed667/oss-cad-suite/lib/../share/yosys/ice40/cells_map.v:6.21-6.22
Info:      logic  0.87  44.56 Source soc.cpu.decoded_imm_j_SB_DFFE_Q_13_D_SB_LUT4_O_LC.O
Info:    routing  1.76  46.32 Net soc.cpu.decoded_imm_j_SB_DFFE_Q_13_D[0] (17,22) -> (17,23)
Info:                          Sink soc.cpu.decoded_imm_j_SB_DFFE_Q_14_D_SB_LUT4_I2_O_SB_LUT4_O_LC.I1
Info:                          Defined in:
Info:                               /home/ed667/oss-cad-suite/lib/../share/yosys/ice40/cells_map.v:6.21-6.22
Info:      logic  1.23  47.56 Source soc.cpu.decoded_imm_j_SB_DFFE_Q_14_D_SB_LUT4_I2_O_SB_LUT4_O_LC.O
Info:    routing  1.76  49.32 Net soc.cpu.decoded_imm_j_SB_DFFE_Q_14_D_SB_LUT4_I2_O[1] (17,23) -> (16,24)
Info:                          Sink soc.cpu.decoded_imm_j_SB_DFFE_Q_4_D_SB_LUT4_I3_O_SB_LUT4_I0_O_SB_LUT4_O_LC.I3
Info:                          Defined in:
Info:                               /home/ed667/oss-cad-suite/lib/../share/yosys/ice40/cells_map.v:6.21-6.22
Info:      logic  0.87  50.19 Source soc.cpu.decoded_imm_j_SB_DFFE_Q_4_D_SB_LUT4_I3_O_SB_LUT4_I0_O_SB_LUT4_O_LC.O
Info:    routing  1.76  51.95 Net soc.cpu.decoded_imm_j_SB_DFFE_Q_4_D_SB_LUT4_I3_O_SB_LUT4_I0_O[2] (16,24) -> (15,23)
Info:                          Sink soc.cpu.cpuregs.regs.1.0_RDATA_3_SB_DFF_Q_D_SB_LUT4_O_I1_SB_LUT4_O_LC.I2
Info:                          Defined in:
Info:                               /home/ed667/oss-cad-suite/lib/../share/yosys/ice40/cells_map.v:6.21-6.22
Info:      logic  1.21  53.16 Source soc.cpu.cpuregs.regs.1.0_RDATA_3_SB_DFF_Q_D_SB_LUT4_O_I1_SB_LUT4_O_LC.O
Info:    routing  1.76  54.92 Net soc.cpu.cpuregs.regs.1.0_RDATA_3_SB_DFF_Q_D_SB_LUT4_O_I1[0] (15,23) -> (15,22)
Info:                          Sink soc.cpu.cpuregs.regs.1.0_RDATA_3_SB_DFF_Q_D_SB_LUT4_O_LC.I1
Info:                          Defined in:
Info:                               /home/ed667/oss-cad-suite/lib/../share/yosys/ice40/cells_map.v:6.21-6.22
Info:      setup  1.18  56.10 Source soc.cpu.cpuregs.regs.1.0_RDATA_3_SB_DFF_Q_D_SB_LUT4_O_LC.I1
Info: 18.26 ns logic, 37.84 ns routing

Info: Critical path report for cross-domain path '<async>' -> 'posedge clk':
Info:       type curr  total name
Info:     source  0.00  0.00 Source flash_io_buf[0].D_IN_0
Info:    routing  4.25  4.25 Net flash_io0_di (23,0) -> (21,11)
Info:                          Sink flash_io0_di_SB_LUT4_I0_LC.I0
Info:                          Defined in:
Info:                               picosoc.v:153.14-153.32
Info:      logic  1.28  5.53 Source flash_io0_di_SB_LUT4_I0_LC.O
Info:    routing  1.76  7.29 Net flash_io0_di_SB_LUT4_I0_O[0] (21,11) -> (21,10)
Info:                          Sink flash_io0_di_SB_LUT4_I0_O_SB_LUT4_I0_LC.I0
Info:                          Defined in:
Info:                               /home/ed667/oss-cad-suite/lib/../share/yosys/ice40/cells_map.v:6.21-6.22
Info:      logic  1.28  8.58 Source flash_io0_di_SB_LUT4_I0_O_SB_LUT4_I0_LC.O
Info:    routing  1.76  10.34 Net flash_io0_di_SB_LUT4_I0_O_SB_LUT4_I0_O[2] (21,10) -> (21,10)
Info:                          Sink soc.gen_icache.icache_inst.data_array.0.0_RDATA_1_SB_LUT4_I0_O_SB_LUT4_I1_O_SB_LUT4_O_1_LC.I2
Info:                          Defined in:
Info:                               /home/ed667/oss-cad-suite/lib/../share/yosys/ice40/cells_map.v:6.21-6.22
Info:      logic  1.21  11.54 Source soc.gen_icache.icache_inst.data_array.0.0_RDATA_1_SB_LUT4_I0_O_SB_LUT4_I1_O_SB_LUT4_O_1_LC.O
Info:    routing  3.06  14.60 Net soc.gen_icache.icache_inst.data_array.0.0_RDATA_1_SB_LUT4_I0_O_SB_LUT4_I1_O[3] (21,10) -> (22,17)
Info:                          Sink soc.gen_icache.icache_inst.data_array.0.0_RDATA_1_SB_LUT4_I0_O_SB_LUT4_I1_O_SB_LUT4_I1_LC.I3
Info:                          Defined in:
Info:                               /home/ed667/oss-cad-suite/lib/../share/yosys/ice40/cells_map.v:6.21-6.22
Info:      logic  0.87  15.47 Source soc.gen_icache.icache_inst.data_array.0.0_RDATA_1_SB_LUT4_I0_O_SB_LUT4_I1_O_SB_LUT4_I1_LC.O
Info:    routing  3.49  18.97 Net soc.cpu.instr_fence_SB_DFFESR_Q_D_SB_LUT4_O_I1[2] (22,17) -> (18,21)
Info:                          Sink soc.cpu.instr_jal_SB_DFFE_Q_D_SB_LUT4_O_I2_SB_LUT4_O_I3_SB_LUT4_O_LC.I2
Info:                          Defined in:
Info:                               /home/ed667/oss-cad-suite/lib/../share/yosys/ice40/cells_map.v:6.21-6.22
Info:      logic  1.21  20.17 Source soc.cpu.instr_jal_SB_DFFE_Q_D_SB_LUT4_O_I2_SB_LUT4_O_I3_SB_LUT4_O_LC.O
Info:    routing  1.76  21.93 Net soc.cpu.instr_jal_SB_DFFE_Q_D_SB_LUT4_O_I2_SB_LUT4_O_I3[3] (18,21) -> (18,22)
Info:                          Sink soc.cpu.instr_jal_SB_DFFE_Q_D_SB_LUT4_O_I2_SB_LUT4_O_I3_SB_LUT4_I3_LC.I3
Info:                          Defined in:
Info:                               /home/ed667/oss-cad-suite/lib/../share/yosys/ice40/cells_map.v:6.21-6.22
Info:      logic  0.87  22.81 Source soc.cpu.instr_jal_SB_DFFE_Q_D_SB_LUT4_O_I2_SB_LUT4_O_I3_SB_LUT4_I3_LC.O
Info:    routing  1.76  24.57 Net soc.cpu.instr_jal_SB_DFFE_Q_D_SB_LUT4_O_I2_SB_LUT4_O_I3_SB_LUT4_I3_O[3] (18,22) -> (17,22)
Info:                          Sink soc.cpu.decoded_imm_j_SB_DFFE_Q_13_D_SB_LUT4_O_LC.I3
Info:                          Defined in:
Info:                               /home/ed667/oss-cad-suite/lib/../share/yosys/ice40/cells_map.v:6.21-6.22
Info:      logic  0.87  25.44 Source soc.cpu.decoded_imm_j_SB_DFFE_Q_13_D_SB_LUT4_O_LC.O
Info:    routing  1.76  27.20 Net soc.cpu.decoded_imm_j_SB_DFFE_Q_13_D[0] (17,22) -> (17,23)
Info:                          Sink soc.cpu.decoded_imm_j_SB_DFFE_Q_14_D_SB_LUT4_I2_O_SB_LUT4_O_LC.I1
Info:                          Defined in:
Info:                               /home/ed667/oss-cad-suite/lib/../share/yosys/ice40/cells_map.v:6.21-6.22
Info:      logic  1.23  28.44 Source soc.cpu.decoded_imm_j_SB_DFFE_Q_14_D_SB_LUT4_I2_O_SB_LUT4_O_LC.O
Info:    routing  1.76  30.20 Net soc.cpu.decoded_imm_j_SB_DFFE_Q_14_D_SB_LUT4_I2_O[1] (17,23) -> (16,24)
Info:                          Sink soc.cpu.decoded_imm_j_SB_DFFE_Q_4_D_SB_LUT4_I3_O_SB_LUT4_I0_O_SB_LUT4_O_LC.I3
Info:                          Defined in:
Info:                               /home/ed667/oss-cad-suite/lib/../share/yosys/ice40/cells_map.v:6.21-6.22
Info:      logic  0.87  31.07 Source soc.cpu.decoded_imm_j_SB_DFFE_Q_4_D_SB_LUT4_I3_O_SB_LUT4_I0_O_SB_LUT4_O_LC.O
Info:    routing  1.76  32.83 Net soc.cpu.decoded_imm_j_SB_DFFE_Q_4_D_SB_LUT4_I3_O_SB_LUT4_I0_O[2] (16,24) -> (15,23)
Info:                          Sink soc.cpu.cpuregs.regs.1.0_RDATA_3_SB_DFF_Q_D_SB_LUT4_O_I1_SB_LUT4_O_LC.I2
Info:                          Defined in:
Info:                               /home/ed667/oss-cad-suite/lib/../share/yosys/ice40/cells_map.v:6.21-6.22
Info:      logic  1.21  34.04 Source soc.cpu.cpuregs.regs.1.0_RDATA_3_SB_DFF_Q_D_SB_LUT4_O_I1_SB_LUT4_O_LC.O
Info:    routing  1.76  35.80 Net soc.cpu.cpuregs.regs.1.0_RDATA_3_SB_DFF_Q_D_SB_LUT4_O_I1[0] (15,23) -> (15,22)
Info:                          Sink soc.cpu.cpuregs.regs.1.0_RDATA_3_SB_DFF_Q_D_SB_LUT4_O_LC.I1
Info:                          Defined in:
Info:                               /home/ed667/oss-cad-suite/lib/../share/yosys/ice40/cells_map.v:6.21-6.22
Info:      setup  1.18  36.98 Source soc.cpu.cpuregs.regs.1.0_RDATA_3_SB_DFF_Q_D_SB_LUT4_O_LC.I1
Info: 12.09 ns logic, 24.89 ns routing

Info: Critical path report for cross-domain path 'posedge clk' -> '<async>':
Info:       type curr  total name
Info:   clk-to-q  1.39  1.39 Source soc.spimemio.xfer.dummy_count_SB_DFFESR_Q_D_SB_LUT4_O_LC.O
Info:    routing  1.76  3.15 Net soc.spimemio.xfer.dummy_count[3] (22,3) -> (22,2)
Info:                          Sink soc.spimemio.xfer.dummy_count_SB_LUT4_I0_LC.I0
Info:                          Defined in:
Info:                               spimemio.v:417.12-417.23
Info:      logic  1.28  4.43 Source soc.spimemio.xfer.dummy_count_SB_LUT4_I0_LC.O
Info:    routing  1.76  6.20 Net flash_io0_oe_SB_LUT4_O_I3[2] (22,2) -> (21,1)
Info:                          Sink flash_io2_oe_SB_LUT4_O_I3_SB_LUT4_O_LC.I3
Info:                          Defined in:
Info:                               /home/ed667/oss-cad-suite/lib/../share/yosys/ice40/cells_map.v:6.21-6.22
Info:      logic  0.87  7.07 Source flash_io2_oe_SB_LUT4_O_I3_SB_LUT4_O_LC.O
Info:    routing  1.76  8.83 Net flash_io2_oe_SB_LUT4_O_I3[3] (21,1) -> (21,1)
Info:                          Sink soc.spimemio.xfer_io2_90_SB_DFFN_Q_D_SB_LUT4_O_LC.I3
Info:                          Defined in:
Info:                               /home/ed667/oss-cad-suite/lib/../share/yosys/ice40/cells_map.v:6.21-6.22
Info:      logic  0.87  9.70 Source soc.spimemio.xfer_io2_90_SB_DFFN_Q_D_SB_LUT4_O_LC.O
Info:    routing  1.76  11.47 Net soc.spimemio.xfer_io2_90_SB_DFFN_Q_D[2] (21,1) -> (21,1)
Info:                          Sink soc.spimemio.xfer_io2_90_SB_LUT4_I2_LC.I3
Info:                          Defined in:
Info:                               /home/ed667/oss-cad-suite/lib/../share/yosys/ice40/cells_map.v:6.21-6.22
Info:      logic  0.87  12.34 Source soc.spimemio.xfer_io2_90_SB_LUT4_I2_LC.O
Info:    routing  1.76  14.10 Net flash_io2_do_SB_LUT4_O_I3[2] (21,1) -> (20,1)
Info:                          Sink flash_io2_do_SB_LUT4_O_LC.I3
Info:                          Defined in:
Info:                               /home/ed667/oss-cad-suite/lib/../share/yosys/ice40/cells_map.v:6.21-6.22
Info:      logic  0.87  14.98 Source flash_io2_do_SB_LUT4_O_LC.O
Info:    routing  2.95  17.93 Net flash_io2_do (20,1) -> (18,0)
Info:                          Sink flash_io_buf[2].D_OUT_0
Info:                          Defined in:
Info:                               spimemio.v:38.9-38.21
Info: 6.17 ns logic, 11.76 ns routing

Info: Critical path report for cross-domain path 'negedge clk' -> '<async>':
Info:       type curr  total name
Info:   clk-to-q  1.39  1.39 Source soc.spimemio.xfer_io1_90_SB_DFFN_Q_DFFLC.O
Info:    routing  1.76  3.15 Net soc.spimemio.xfer_io1_90 (21,1) -> (21,2)
Info:                          Sink soc.spimemio.xfer_io1_90_SB_LUT4_I2_LC.I2
Info:                          Defined in:
Info:                               /home/ed667/oss-cad-suite/lib/../share/yosys/ice40/cells_map.v:6.21-6.22
Info:      logic  1.21  4.36 Source soc.spimemio.xfer_io1_90_SB_LUT4_I2_LC.O
Info:    routing  1.76  6.12 Net flash_io1_do_SB_LUT4_O_I3[2] (21,2) -> (20,2)
Info:                          Sink flash_io1_do_SB_LUT4_O_LC.I3
Info:                          Defined in:
Info:                               /home/ed667/oss-cad-suite/lib/../share/yosys/ice40/cells_map.v:6.21-6.22
Info:      logic  0.87  6.99 Source flash_io1_do_SB_LUT4_O_LC.O
Info:    routing  3.06  10.05 Net flash_io1_do (20,2) -> (23,0)
Info:                          Sink flash_io_buf[1].D_OUT_0
Info:                          Defined in:
Info:                               spimemio.v:37.9-37.21
Info: 3.47 ns logic, 6.58 ns routing

Info: Max frequency for clock 'clk': 17.83 MHz (PASS at 12.00 MHz)

Info: Max delay <async>     -> posedge clk: 36.98 ns
Info: Max delay posedge clk -> <async>    : 17.93 ns
Info: Max delay negedge clk -> <async>    : 10.05 ns

Info: Slack histogram:
Info:  legend: * represents 20 endpoint(s)
Info:          + represents [1,20) endpoint(s)
Info: [ 27235,  29878) |**+
Info: [ 29878,  32521) |**+
Info: [ 32521,  35164) |*+
Info: [ 35164,  37807) |*+
Info: [ 37807,  40450) |**+
Info: [ 40450,  43093) |***+
Info: [ 43093,  45736) |*********+
Info: [ 45736,  48379) |******+
Info: [ 48379,  51022) |***********+
Info: [ 51022,  53665) |**********+
Info: [ 53665,  56308) |******+
Info: [ 56308,  58951) |****+
Info: [ 58951,  61594) |*********+
Info: [ 61594,  64237) |***************+
Info: [ 64237,  66880) |**********************+
Info: [ 66880,  69523) |***************************+
Info: [ 69523,  72166) |**********************************************************+
Info: [ 72166,  74809) |********************************+
Info: [ 74809,  77452) |*****************************************************+
Info: [ 77452,  80095) |************************************************************ 

Info: Program finished normally.
