COMMAND: nextpnr-ice40 --up5k --package sg48 --json design.json --pcf icebreaker.pcf --asc design.asc --pcf-allow-unconstrained

STDOUT:


STDERR:
Info: constrained 'clk_in' to bel 'X12/Y31/io1'
Info: constrained 'ser_rx' to bel 'X13/Y0/io1'
Info: constrained 'ser_tx' to bel 'X15/Y0/io0'
Info: constrained 'flash_clk' to bel 'X24/Y0/io0'
Info: constrained 'flash_csb' to bel 'X24/Y0/io1'
Info: constrained 'flash_io0' to bel 'X23/Y0/io0'
Info: constrained 'flash_io1' to bel 'X23/Y0/io1'
Info: constrained 'flash_io2' to bel 'X18/Y0/io0'
Info: constrained 'flash_io3' to bel 'X19/Y0/io0'
Info: constrained 'P1A1' to bel 'X9/Y0/io0'
Info: constrained 'P1A2' to bel 'X8/Y0/io0'
Info: constrained 'P1A3' to bel 'X6/Y0/io0'
Info: constrained 'P1A4' to bel 'X7/Y0/io1'
Info: constrained 'P1A7' to bel 'X9/Y0/io1'
Info: constrained 'P1A8' to bel 'X7/Y0/io0'
Info: constrained 'P1A9' to bel 'X5/Y0/io0'
Info: constrained 'P1A10' to bel 'X6/Y0/io1'
Info: constrained 'led1' to bel 'X18/Y31/io0'
Info: constrained 'led2' to bel 'X18/Y31/io1'
Info: constrained 'led3' to bel 'X19/Y31/io1'
Info: constrained 'led4' to bel 'X19/Y31/io0'
Info: constrained 'led5' to bel 'X18/Y0/io1'
Info: constrained 'ledr_n' to bel 'X17/Y0/io0'
Info: constrained 'ledg_n' to bel 'X13/Y31/io0'

Info: Packing constants..
Info: Packing IOs..
Info: flash_io3 feeds SB_IO flash_io_buf[3], removing $nextpnr_iobuf flash_io3.
Info: flash_io2 feeds SB_IO flash_io_buf[2], removing $nextpnr_iobuf flash_io2.
Info: flash_io1 feeds SB_IO flash_io_buf[1], removing $nextpnr_iobuf flash_io1.
Info: flash_io0 feeds SB_IO flash_io_buf[0], removing $nextpnr_iobuf flash_io0.
Info: Packing LUT-FFs..
Info:     2981 LCs used as LUT4 only
Info:     1082 LCs used as LUT4 and DFF
Info: Packing non-LUT FFs..
Info:      599 LCs used as DFF only
Info: Packing carries..
Info:      160 LCs used as CARRY only
Info: Packing indirect carry+LUT pairs...
Info:       67 LUTs merged into carry LCs
Info: Packing RAMs..
Info: Placing PLLs..
Info:   constrained PLL 'pll' to X12/Y31/pll_3
Info: Packing special functions..
Info: Packing PLLs..
Info:   PLL 'pll' has LOCK output, need to pass all outputs via LUT
Info:   constrained 'pll_locked_SB_LUT4_I0_LC' to X1/Y30/lc0
Info: Promoting globals..
Info: promoting iomem_ready_SB_LUT4_I2_O_SB_LUT4_I2_O_SB_LUT4_I3_4_O[2] [reset] (fanout 548)
Info: promoting soc.cpu.genblk1.genblk1.pcpi_mul.mul_counter_SB_DFFE_Q_D_SB_LUT4_O_I3[0] [reset] (fanout 85)
Info: promoting soc.cpu.genblk2.pcpi_div.dq_SB_DFFE_Q_11_D_SB_LUT4_O_I3[1] [reset] (fanout 38)
Info: promoting soc.simpleuart.send_dummy_SB_DFFESS_Q_D_SB_LUT4_I2_O_SB_LUT4_I1_O [reset] (fanout 32)
Info: promoting resetn [cen] (fanout 215)
Info: promoting soc.gen_icache.icache_inst.valid_array_SB_DFFESR_Q_E [cen] (fanout 128)
Info: promoting soc.cpu.genblk2.pcpi_div.running_SB_DFFSR_Q_D_SB_LUT4_I3_O [cen] (fanout 70)
Info: Constraining chains...
Info:       55 LCs used to legalise carry chains.
Info: Checksum: 0x891b8fac

Info: Device utilisation:
Info: 	         ICESTORM_LC:    4812/   5280    91%
Info: 	        ICESTORM_RAM:      22/     30    73%
Info: 	               SB_IO:      24/     96    25%
Info: 	               SB_GB:       8/      8   100%
Info: 	        ICESTORM_PLL:       1/      1   100%
Info: 	         SB_WARMBOOT:       0/      1     0%
Info: 	        ICESTORM_DSP:       0/      8     0%
Info: 	      ICESTORM_HFOSC:       0/      1     0%
Info: 	      ICESTORM_LFOSC:       0/      1     0%
Info: 	              SB_I2C:       0/      2     0%
Info: 	              SB_SPI:       0/      2     0%
Info: 	              IO_I3C:       0/      2     0%
Info: 	         SB_LEDDA_IP:       0/      1     0%
Info: 	         SB_RGBA_DRV:       0/      1     0%
Info: 	      ICESTORM_SPRAM:       4/      4   100%

Info: Placed 26 cells based on constraints.
Info: Creating initial analytic placement for 4089 cells, random placement wirelen = 119378.
Info:     at initial placer iter 0, wirelen = 1984
Info:     at initial placer iter 1, wirelen = 1897
Info:     at initial placer iter 2, wirelen = 1880
Info:     at initial placer iter 3, wirelen = 1883
Info: Running main analytical placer, max placement attempts per cell = 2965830.
Info:     at iteration #1, type ALL: wirelen solved = 1885, spread = 44127, legal = 49899; time = 0.18s
Info:     at iteration #2, type ALL: wirelen solved = 2755, spread = 38184, legal = 45014; time = 0.14s
Info:     at iteration #3, type ALL: wirelen solved = 3909, spread = 35660, legal = 41829; time = 0.14s
Info:     at iteration #4, type ALL: wirelen solved = 5365, spread = 33764, legal = 38029; time = 0.09s
Info:     at iteration #5, type ALL: wirelen solved = 7275, spread = 30498, legal = 35743; time = 0.10s
Info:     at iteration #6, type ALL: wirelen solved = 8084, spread = 28441, legal = 34294; time = 0.13s
Info:     at iteration #7, type ALL: wirelen solved = 8641, spread = 27229, legal = 33952; time = 0.12s
Info:     at iteration #8, type ALL: wirelen solved = 9733, spread = 26631, legal = 32805; time = 0.12s
Info:     at iteration #9, type ALL: wirelen solved = 10784, spread = 25756, legal = 33440; time = 0.13s
Info:     at iteration #10, type ALL: wirelen solved = 11570, spread = 25539, legal = 32166; time = 0.12s
Info:     at iteration #11, type ALL: wirelen solved = 12643, spread = 24657, legal = 32653; time = 0.12s
Info:     at iteration #12, type ALL: wirelen solved = 13342, spread = 24633, legal = 31828; time = 0.13s
Info:     at iteration #13, type ALL: wirelen solved = 13745, spread = 24476, legal = 32044; time = 0.13s
Info:     at iteration #14, type ALL: wirelen solved = 14348, spread = 24291, legal = 31540; time = 0.11s
Info:     at iteration #15, type ALL: wirelen solved = 14583, spread = 24331, legal = 31809; time = 0.12s
Info:     at iteration #16, type ALL: wirelen solved = 14836, spread = 24395, legal = 29429; time = 0.09s
Info:     at iteration #17, type ALL: wirelen solved = 15105, spread = 23844, legal = 30558; time = 0.11s
Info:     at iteration #18, type ALL: wirelen solved = 15265, spread = 24231, legal = 31245; time = 0.11s
Info:     at iteration #19, type ALL: wirelen solved = 15585, spread = 24626, legal = 30704; time = 0.11s
Info:     at iteration #20, type ALL: wirelen solved = 15797, spread = 24832, legal = 31245; time = 0.11s
Info:     at iteration #21, type ALL: wirelen solved = 16082, spread = 24949, legal = 31547; time = 0.11s
Info: HeAP Placer Time: 3.40s
Info:   of which solving equations: 1.52s
Info:   of which spreading cells: 0.20s
Info:   of which strict legalisation: 1.05s

Info: Running simulated annealing placer for refinement.
Info:   at iteration #1: temp = 0.000000, timing cost = 1834, wirelen = 29429
Info:   at iteration #5: temp = 0.000000, timing cost = 2187, wirelen = 25746
Info:   at iteration #10: temp = 0.000000, timing cost = 2054, wirelen = 24696
Info:   at iteration #15: temp = 0.000000, timing cost = 1940, wirelen = 23978
Info:   at iteration #20: temp = 0.000000, timing cost = 1922, wirelen = 23660
Info:   at iteration #25: temp = 0.000000, timing cost = 1960, wirelen = 23568
Info:   at iteration #30: temp = 0.000000, timing cost = 1944, wirelen = 23518
Info:   at iteration #35: temp = 0.000000, timing cost = 1965, wirelen = 23489
Info:   at iteration #36: temp = 0.000000, timing cost = 1965, wirelen = 23484 
Info: SA placement time 6.45s

Info: Max frequency for clock 'clk': 16.98 MHz (PASS at 12.00 MHz)

Info: Max delay <async>     -> posedge clk: 35.60 ns
Info: Max delay posedge clk -> <async>    : 17.62 ns
Info: Max delay negedge clk -> <async>    : 9.77 ns

Info: Slack histogram:
Info:  legend: * represents 24 endpoint(s)
Info:          + represents [1,24) endpoint(s)
Info: [ 24457,  27252) |+
Info: [ 27252,  30047) |*+
Info: [ 30047,  32842) |******+
Info: [ 32842,  35637) |**+
Info: [ 35637,  38432) |*+
Info: [ 38432,  41227) |**+
Info: [ 41227,  44022) |****+
Info: [ 44022,  46817) |*****+
Info: [ 46817,  49612) |****+
Info: [ 49612,  52407) |**********+
Info: [ 52407,  55202) |******+
Info: [ 55202,  57997) |**+
Info: [ 57997,  60792) |*****+
Info: [ 60792,  63587) |********+
Info: [ 63587,  66382) |**************************************+
Info: [ 66382,  69177) |*****************************************+
Info: [ 69177,  71972) |*****************+
Info: [ 71972,  74767) |***********************+
Info: [ 74767,  77562) |****************************************+
Info: [ 77562,  80357) |************************************************************ 
Info: Checksum: 0x473ea49e

Info: Routing..
Info: Setting up routing queue.
Info: Routing 16610 arcs.
Info:            |   (re-)routed arcs  |   delta    | remaining|       time spent     |
Info:    IterCnt |  w/ripup   wo/ripup |  w/r  wo/r |      arcs| batch(sec) total(sec)|
Info:       1000 |       68        931 |   68   931 |     15688|       0.66       0.66|
Info:       2000 |      143       1856 |   75   925 |     14830|       0.35       1.01|
Info:       3000 |      240       2759 |   97   903 |     13998|       0.22       1.23|
Info:       4000 |      545       3441 |  305   682 |     13338|       0.17       1.40|
Info:       5000 |      829       4151 |  284   710 |     12704|       0.18       1.58|
Info:       6000 |     1220       4760 |  391   609 |     12194|       0.19       1.77|
Info:       7000 |     1517       5437 |  297   677 |     11639|       0.27       2.03|
Info:       8000 |     1874       6051 |  357   614 |     11145|       0.32       2.35|
Info:       9000 |     2213       6690 |  339   639 |     10713|       0.28       2.63|
Info:      10000 |     2601       7297 |  388   607 |     10410|       0.33       2.96|
Info:      11000 |     2984       7913 |  383   616 |     10031|       0.33       3.29|
Info:      12000 |     3377       8472 |  393   559 |      9689|       0.31       3.59|
Info:      13000 |     3830       9014 |  453   542 |      9375|       0.38       3.97|
Info:      14000 |     4343       9473 |  513   459 |      9165|       0.37       4.35|
Info:      15000 |     4812      10004 |  469   531 |      9040|       0.41       4.75|
Info:      16000 |     5250      10534 |  438   530 |      8872|       0.32       5.07|
Info:      17000 |     5667      11093 |  417   559 |      8561|       0.28       5.35|
Info:      18000 |     6137      11623 |  470   530 |      8425|       0.34       5.69|
Info:      19000 |     6613      12145 |  476   522 |      8244|       0.35       6.04|
Info:      20000 |     7070      12660 |  457   515 |      8066|       0.33       6.37|
Info:      21000 |     7551      13155 |  481   495 |      7870|       0.37       6.74|
Info:      22000 |     8011      13692 |  460   537 |      7696|       0.34       7.08|
Info:      23000 |     8526      14177 |  515   485 |      7508|       0.39       7.46|
Info:      24000 |     9058      14645 |  532   468 |      7419|       0.32       7.79|
Info:      25000 |     9654      15046 |  596   401 |      7351|       0.50       8.29|
Info:      26000 |    10049      15546 |  395   500 |      6974|       0.28       8.57|
Info:      27000 |    10613      15980 |  564   434 |      6865|       0.39       8.96|
Info:      28000 |    11097      16495 |  484   515 |      6660|       0.41       9.37|
Info:      29000 |    11576      16985 |  479   490 |      6405|       0.45       9.83|
Info:      30000 |    12023      17482 |  447   497 |      6110|       0.34      10.17|
Info:      31000 |    12610      17895 |  587   413 |      6051|       1.02      11.19|
Info:      32000 |    13086      18419 |  476   524 |      5848|       0.46      11.65|
Info:      33000 |    13550      18949 |  464   530 |      5541|       0.29      11.94|
Info:      34000 |    14028      19464 |  478   515 |      5288|       0.37      12.31|
Info:      35000 |    14594      19895 |  566   431 |      5194|       0.40      12.71|
Info:      36000 |    15128      20355 |  534   460 |      5014|       0.37      13.08|
Info:      37000 |    15581      20901 |  453   546 |      4816|       0.32      13.40|
Info:      38000 |    16112      21367 |  531   466 |      4647|       0.48      13.88|
Info:      39000 |    16679      21797 |  567   430 |      4516|       0.37      14.25|
Info:      40000 |    17192      22284 |  513   487 |      4380|       0.46      14.71|
Info:      41000 |    17729      22718 |  537   434 |      4171|       0.34      15.06|
Info:      42000 |    18303      23114 |  574   396 |      3989|       0.46      15.52|
Info:      43000 |    18777      23640 |  474   526 |      3819|       0.34      15.85|
Info:      44000 |    19314      24103 |  537   463 |      3706|       0.46      16.31|
Info:      45000 |    19863      24546 |  549   443 |      3555|       0.38      16.69|
Info:      46000 |    20395      25009 |  532   463 |      3405|       0.43      17.12|
Info:      47000 |    20975      25428 |  580   419 |      3349|       0.47      17.59|
Info:      48000 |    21521      25878 |  546   450 |      3249|       0.37      17.96|
Info:      49000 |    22103      26296 |  582   418 |      3261|       0.41      18.37|
Info:      50000 |    22676      26723 |  573   427 |      3165|       0.40      18.77|
Info:      51000 |    23196      27201 |  520   478 |      3061|       0.38      19.15|
Info:      52000 |    23783      27614 |  587   413 |      3018|       0.64      19.79|
Info:      53000 |    24363      28030 |  580   416 |      2869|       0.40      20.19|
Info:      54000 |    24931      28461 |  568   431 |      2715|       0.47      20.66|
Info:      55000 |    25496      28895 |  565   434 |      2619|       0.51      21.17|
Info:      56000 |    26061      29329 |  565   434 |      2510|       0.41      21.57|
Info:      57000 |    26621      29769 |  560   440 |      2413|       0.48      22.05|
Info:      58000 |    27242      30148 |  621   379 |      2393|       0.55      22.60|
Info:      59000 |    27822      30566 |  580   418 |      2301|       0.44      23.05|
Info:      60000 |    28462      30926 |  640   360 |      2205|       0.47      23.51|
Info:      61000 |    29100      31288 |  638   362 |      2129|       0.42      23.93|
Info:      62000 |    29664      31721 |  564   433 |      2098|       0.40      24.34|
Info:      63000 |    30215      32160 |  551   439 |      2010|       0.46      24.80|
Info:      64000 |    30770      32605 |  555   445 |      1931|       0.53      25.33|
Info:      65000 |    31210      33164 |  440   559 |      1725|       0.38      25.71|
Info:      66000 |    31746      33621 |  536   457 |      1528|       0.32      26.03|
Info:      67000 |    32254      34102 |  508   481 |      1266|       0.43      26.46|
Info:      68000 |    32559      34797 |  305   695 |       693|       0.27      26.73|
Info:      69000 |    33061      35295 |  502   498 |       448|       0.55      27.28|
Info:      70000 |    33605      35751 |  544   456 |       199|       0.64      27.92|
Info:      71000 |    34142      36214 |  537   463 |        34|       0.77      28.69|
Info:      71486 |    34412      36431 |  270   217 |         0|       0.42      29.11|
Info: Routing complete.
Info: Router1 time 29.11s
Info: Checksum: 0x0183a022

Info: Critical path report for clock 'clk' (posedge -> posedge):
Info:       type curr  total name
Info:   clk-to-q  1.39  1.39 Source soc.cpu.mem_addr_SB_DFFE_Q_24_DFFLC.O
Info:    routing  2.99  4.38 Net iomem_addr[7] (22,22) -> (22,26)
Info:                          Sink soc.gen_icache.icache_inst.valid_array_SB_DFFESR_Q_3_D_SB_LUT4_O_I3_SB_LUT4_O_I3_SB_LUT4_O_LC.I2
Info:                          Defined in:
Info:                               /home/ed667/oss-cad-suite/lib/../share/yosys/ice40/cells_map.v:6.21-6.22
Info:      logic  1.21  5.59 Source soc.gen_icache.icache_inst.valid_array_SB_DFFESR_Q_3_D_SB_LUT4_O_I3_SB_LUT4_O_I3_SB_LUT4_O_LC.O
Info:    routing  2.95  8.54 Net soc.cpu.mem_instr_SB_LUT4_I2_O_SB_LUT4_I1_I3_SB_LUT4_O_I1_SB_LUT4_O_I0_SB_LUT4_O_2_I2_SB_LUT4_O_1_I2[1] (22,26) -> (22,23)
Info:                          Sink soc.gen_icache.icache_inst.valid_array_SB_DFFESR_Q_3_D_SB_LUT4_O_I3_SB_LUT4_O_I3_SB_LUT4_I3_LC.I3
Info:                          Defined in:
Info:                               /home/ed667/oss-cad-suite/lib/../share/yosys/ice40/cells_map.v:6.21-6.22
Info:      logic  0.87  9.41 Source soc.gen_icache.icache_inst.valid_array_SB_DFFESR_Q_3_D_SB_LUT4_O_I3_SB_LUT4_O_I3_SB_LUT4_I3_LC.O
Info:    routing  1.76  11.17 Net soc.gen_icache.icache_inst.valid_array_SB_DFFESR_Q_3_D_SB_LUT4_O_I3_SB_LUT4_O_I3_SB_LUT4_I3_O[1] (22,23) -> (21,22)
Info:                          Sink soc.gen_icache.icache_inst.valid_array_SB_DFFESR_Q_63_D_SB_LUT4_O_I3_SB_LUT4_O_LC.I3
Info:                          Defined in:
Info:                               /home/ed667/oss-cad-suite/lib/../share/yosys/ice40/cells_map.v:6.21-6.22
Info:      logic  0.87  12.05 Source soc.gen_icache.icache_inst.valid_array_SB_DFFESR_Q_63_D_SB_LUT4_O_I3_SB_LUT4_O_LC.O
Info:    routing  3.60  15.65 Net soc.gen_icache.icache_inst.valid_array_SB_DFFESR_Q_63_D_SB_LUT4_O_I3[0] (21,22) -> (21,14)
Info:                          Sink soc.simpleuart.send_dummy_SB_LUT4_I2_1_O_SB_LUT4_O_I3_SB_LUT4_O_LC.I1
Info:                          Defined in:
Info:                               /home/ed667/oss-cad-suite/lib/../share/yosys/ice40/cells_map.v:6.21-6.22
Info:      logic  1.23  16.88 Source soc.simpleuart.send_dummy_SB_LUT4_I2_1_O_SB_LUT4_O_I3_SB_LUT4_O_LC.O
Info:    routing  2.41  19.29 Net soc.simpleuart.send_dummy_SB_LUT4_I2_1_O_SB_LUT4_O_I3[1] (21,14) -> (20,11)
Info:                          Sink soc.simpleuart.send_dummy_SB_LUT4_I2_1_O_SB_LUT4_O_I3_SB_LUT4_I3_LC.I3
Info:                          Defined in:
Info:                               /home/ed667/oss-cad-suite/lib/../share/yosys/ice40/cells_map.v:6.21-6.22
Info:      logic  0.87  20.16 Source soc.simpleuart.send_dummy_SB_LUT4_I2_1_O_SB_LUT4_O_I3_SB_LUT4_I3_LC.O
Info:    routing  1.76  21.92 Net soc.ram_ready_SB_LUT4_I0_I1_SB_LUT4_I1_1_O[0] (20,11) -> (20,12)
Info:                          Sink soc.ram_ready_SB_LUT4_I1_I2_SB_LUT4_O_1_LC.I2
Info:                          Defined in:
Info:                               /home/ed667/oss-cad-suite/lib/../share/yosys/ice40/cells_map.v:6.21-6.22
Info:      logic  1.21  23.13 Source soc.ram_ready_SB_LUT4_I1_I2_SB_LUT4_O_1_LC.O
Info:    routing  1.76  24.89 Net soc.ram_ready_SB_LUT4_I1_I2[2] (20,12) -> (21,13)
Info:                          Sink soc.ram_ready_SB_LUT4_I1_LC.I3
Info:                          Defined in:
Info:                               /home/ed667/oss-cad-suite/lib/../share/yosys/ice40/cells_map.v:6.21-6.22
Info:      logic  0.87  25.76 Source soc.ram_ready_SB_LUT4_I1_LC.O
Info:    routing  1.76  27.52 Net iomem_ready_SB_LUT4_I1_O[3] (21,13) -> (20,14)
Info:                          Sink soc.cpu.mem_xfer_SB_LUT4_O_I2_SB_LUT4_O_LC.I3
Info:                          Defined in:
Info:                               /home/ed667/oss-cad-suite/lib/../share/yosys/ice40/cells_map.v:6.21-6.22
Info:      logic  0.87  28.40 Source soc.cpu.mem_xfer_SB_LUT4_O_I2_SB_LUT4_O_LC.O
Info:    routing  4.25  32.65 Net soc.cpu.mem_xfer_SB_LUT4_O_I2[1] (20,14) -> (17,24)
Info:                          Sink soc.cpu.mem_xfer_SB_LUT4_O_LC.I2
Info:                          Defined in:
Info:                               /home/ed667/oss-cad-suite/lib/../share/yosys/ice40/cells_map.v:6.21-6.22
Info:      logic  1.21  33.85 Source soc.cpu.mem_xfer_SB_LUT4_O_LC.O
Info:    routing  1.76  35.61 Net soc.cpu.decoded_imm_j_SB_DFFE_Q_D[1] (17,24) -> (17,25)
Info:                          Sink soc.cpu.mem_state_SB_DFFESR_Q_D_SB_LUT4_O_I3_SB_LUT4_I1_LC.I3
Info:                          Defined in:
Info:                               /home/ed667/oss-cad-suite/lib/../share/yosys/ice40/cells_map.v:6.21-6.22
Info:      logic  0.87  36.49 Source soc.cpu.mem_state_SB_DFFESR_Q_D_SB_LUT4_O_I3_SB_LUT4_I1_LC.O
Info:    routing  1.76  38.25 Net soc.cpu.mem_state_SB_DFFESR_Q_D_SB_LUT4_O_I3_SB_LUT4_I1_O[2] (17,25) -> (16,26)
Info:                          Sink soc.cpu.cpu_state_SB_DFF_Q_3_D_SB_LUT4_O_I3_SB_LUT4_O_LC.I3
Info:                          Defined in:
Info:                               /home/ed667/oss-cad-suite/lib/../share/yosys/ice40/cells_map.v:6.21-6.22
Info:      logic  0.87  39.12 Source soc.cpu.cpu_state_SB_DFF_Q_3_D_SB_LUT4_O_I3_SB_LUT4_O_LC.O
Info:    routing  3.49  42.62 Net soc.cpu.cpu_state_SB_DFF_Q_3_D_SB_LUT4_O_I1[3] (16,26) -> (10,29)
Info:                          Sink soc.cpu.cpu_state_SB_DFF_Q_3_D_SB_LUT4_O_I3_SB_LUT4_I3_1_LC.I3
Info:                          Defined in:
Info:                               /home/ed667/oss-cad-suite/lib/../share/yosys/ice40/cells_map.v:6.21-6.22
Info:      logic  0.87  43.49 Source soc.cpu.cpu_state_SB_DFF_Q_3_D_SB_LUT4_O_I3_SB_LUT4_I3_1_LC.O
Info:    routing  1.76  45.25 Net soc.cpu.cpu_state_SB_DFF_Q_3_D_SB_LUT4_O_I3_SB_LUT4_I3_1_O[1] (10,29) -> (10,29)
Info:                          Sink soc.cpu.cpu_state_SB_DFF_Q_3_D_SB_LUT4_O_I3_SB_LUT4_I3_1_O_SB_LUT4_I3_LC.I3
Info:                          Defined in:
Info:                               /home/ed667/oss-cad-suite/lib/../share/yosys/ice40/cells_map.v:6.21-6.22
Info:      logic  0.87  46.12 Source soc.cpu.cpu_state_SB_DFF_Q_3_D_SB_LUT4_O_I3_SB_LUT4_I3_1_O_SB_LUT4_I3_LC.O
Info:    routing  1.76  47.89 Net soc.cpu.instr_sh_SB_LUT4_I0_O_SB_LUT4_I2_O_SB_LUT4_O_1_I3_SB_LUT4_I3_O_SB_LUT4_O_I1[3] (10,29) -> (9,28)
Info:                          Sink soc.cpu.instr_sh_SB_LUT4_I0_O_SB_LUT4_I2_O_SB_LUT4_O_1_I3_SB_LUT4_I3_O_SB_LUT4_O_LC.I3
Info:                          Defined in:
Info:                               /home/ed667/oss-cad-suite/lib/../share/yosys/ice40/cells_map.v:6.21-6.22
Info:      logic  0.87  48.76 Source soc.cpu.instr_sh_SB_LUT4_I0_O_SB_LUT4_I2_O_SB_LUT4_O_1_I3_SB_LUT4_I3_O_SB_LUT4_O_LC.O
Info:    routing  4.35  53.11 Net soc.cpu.instr_sh_SB_LUT4_I0_O_SB_LUT4_I2_O_SB_LUT4_O_1_I3_SB_LUT4_I3_O[0] (9,28) -> (9,16)
Info:                          Sink soc.cpu.instr_sh_SB_LUT4_I0_O_SB_LUT4_I2_O_SB_LUT4_O_1_I3_SB_LUT4_I3_O_SB_LUT4_I2_LC.I2
Info:                          Defined in:
Info:                               /home/ed667/oss-cad-suite/lib/../share/yosys/ice40/cells_map.v:6.21-6.22
Info:      logic  1.21  54.32 Source soc.cpu.instr_sh_SB_LUT4_I0_O_SB_LUT4_I2_O_SB_LUT4_O_1_I3_SB_LUT4_I3_O_SB_LUT4_I2_LC.O
Info:    routing  4.18  58.50 Net soc.cpu.instr_sh_SB_LUT4_I0_O_SB_LUT4_I2_O_SB_LUT4_O_1_I3_SB_LUT4_I3_O_SB_LUT4_I2_O (9,16) -> (5,23)
Info:                          Sink soc.cpu.reg_op1_SB_DFFE_Q_2_D_SB_LUT4_O_LC.CEN
Info:      setup  0.10  58.60 Source soc.cpu.reg_op1_SB_DFFE_Q_2_D_SB_LUT4_O_LC.CEN
Info: 16.28 ns logic, 42.32 ns routing

Info: Critical path report for cross-domain path '<async>' -> 'posedge clk':
Info:       type curr  total name
Info:     source  0.00  0.00 Source flash_io_buf[3].D_IN_0
Info:    routing  3.60  3.60 Net flash_io3_di (19,0) -> (22,8)
Info:                          Sink flash_io3_di_SB_LUT4_I0_LC.I0
Info:                          Defined in:
Info:                               picosoc.v:153.14-153.32
Info:      logic  1.28  4.88 Source flash_io3_di_SB_LUT4_I0_LC.O
Info:    routing  1.76  6.64 Net flash_io3_di_SB_LUT4_I0_O[1] (22,8) -> (22,9)
Info:                          Sink flash_io3_di_SB_LUT4_I0_O_SB_LUT4_I1_LC.I1
Info:                          Defined in:
Info:                               /home/ed667/oss-cad-suite/lib/../share/yosys/ice40/cells_map.v:6.21-6.22
Info:      logic  1.23  7.88 Source flash_io3_di_SB_LUT4_I0_O_SB_LUT4_I1_LC.O
Info:    routing  1.76  9.64 Net soc.gen_icache.icache_inst.data_array.0.1_RDATA_SB_LUT4_I0_O_SB_LUT4_I1_O_SB_LUT4_O_1_I0[3] (22,9) -> (22,10)
Info:                          Sink soc.gen_icache.icache_inst.data_array.0.1_RDATA_SB_LUT4_I0_O_SB_LUT4_I1_O_SB_LUT4_O_1_LC.I3
Info:                          Defined in:
Info:                               /home/ed667/oss-cad-suite/lib/../share/yosys/ice40/cells_map.v:6.21-6.22
Info:      logic  0.87  10.51 Source soc.gen_icache.icache_inst.data_array.0.1_RDATA_SB_LUT4_I0_O_SB_LUT4_I1_O_SB_LUT4_O_1_LC.O
Info:    routing  3.70  14.22 Net soc.gen_icache.icache_inst.data_array.0.1_RDATA_SB_LUT4_I0_O_SB_LUT4_I1_O[3] (22,10) -> (21,20)
Info:                          Sink soc.cpu.mem_rdata_q_SB_DFFE_Q_28_D_SB_LUT4_O_LC.I3
Info:                          Defined in:
Info:                               /home/ed667/oss-cad-suite/lib/../share/yosys/ice40/cells_map.v:6.21-6.22
Info:      logic  0.87  15.09 Source soc.cpu.mem_rdata_q_SB_DFFE_Q_28_D_SB_LUT4_O_LC.O
Info:    routing  2.95  18.04 Net soc.cpu.mem_rdata_q_SB_DFFE_Q_28_D[2] (21,20) -> (18,24)
Info:                          Sink soc.cpu.mem_rdata_q_SB_DFFE_Q_28_D_SB_LUT4_I3_LC.I3
Info:                          Defined in:
Info:                               /home/ed667/oss-cad-suite/lib/../share/yosys/ice40/cells_map.v:6.21-6.22
Info:      logic  0.87  18.92 Source soc.cpu.mem_rdata_q_SB_DFFE_Q_28_D_SB_LUT4_I3_LC.O
Info:    routing  1.76  20.68 Net soc.cpu.decoded_imm_j_SB_DFFE_Q_11_D[3] (18,24) -> (17,23)
Info:                          Sink soc.cpu.decoded_rs1_SB_DFFESS_Q_D_SB_LUT4_I3_O_SB_LUT4_I0_I2_SB_LUT4_O_1_LC.I3
Info:                          Defined in:
Info:                               /home/ed667/oss-cad-suite/lib/../share/yosys/ice40/cells_map.v:6.21-6.22
Info:      logic  0.87  21.55 Source soc.cpu.decoded_rs1_SB_DFFESS_Q_D_SB_LUT4_I3_O_SB_LUT4_I0_I2_SB_LUT4_O_1_LC.O
Info:    routing  2.41  23.96 Net soc.cpu.decoded_rs1_SB_DFFESS_Q_D_SB_LUT4_I3_O_SB_LUT4_I0_I2[0] (17,23) -> (17,26)
Info:                          Sink soc.cpu.instr_waitirq_SB_DFFE_Q_D_SB_LUT4_O_I2_SB_LUT4_O_1_LC.I2
Info:                          Defined in:
Info:                               /home/ed667/oss-cad-suite/lib/../share/yosys/ice40/cells_map.v:6.21-6.22
Info:      logic  1.21  25.17 Source soc.cpu.instr_waitirq_SB_DFFE_Q_D_SB_LUT4_O_I2_SB_LUT4_O_1_LC.O
Info:    routing  1.76  26.93 Net soc.cpu.decoded_imm_j_SB_DFFE_Q_3_D_SB_LUT4_I3_O[3] (17,26) -> (16,25)
Info:                          Sink soc.cpu.decoded_rs1_SB_DFFESS_Q_D_SB_LUT4_I3_O_SB_LUT4_I0_LC.I3
Info:                          Defined in:
Info:                               /home/ed667/oss-cad-suite/lib/../share/yosys/ice40/cells_map.v:6.21-6.22
Info:      logic  0.87  27.80 Source soc.cpu.decoded_rs1_SB_DFFESS_Q_D_SB_LUT4_I3_O_SB_LUT4_I0_LC.O
Info:    routing  1.76  29.56 Net soc.cpu.decoded_rs1_SB_DFFESS_Q_D_SB_LUT4_I3_O_SB_LUT4_I0_O[2] (16,25) -> (16,25)
Info:                          Sink soc.cpu.decoded_rs1_SB_DFFESS_Q_D_SB_LUT4_I3_O_SB_LUT4_I0_O_SB_LUT4_I2_LC.I2
Info:                          Defined in:
Info:                               /home/ed667/oss-cad-suite/lib/../share/yosys/ice40/cells_map.v:6.21-6.22
Info:      logic  1.21  30.77 Source soc.cpu.decoded_rs1_SB_DFFESS_Q_D_SB_LUT4_I3_O_SB_LUT4_I0_O_SB_LUT4_I2_LC.O
Info:    routing  2.95  33.72 Net soc.cpu.cpuregs.regs.1.1_RDATA_8_SB_DFF_Q_D_SB_LUT4_O_I0[3] (16,25) -> (16,28)
Info:                          Sink soc.cpu.cpuregs.regs.1.1_RDATA_8_SB_DFF_Q_D_SB_LUT4_O_LC.I3
Info:                          Defined in:
Info:                               /home/ed667/oss-cad-suite/lib/../share/yosys/ice40/cells_map.v:6.21-6.22
Info:      setup  0.82  34.54 Source soc.cpu.cpuregs.regs.1.1_RDATA_8_SB_DFF_Q_D_SB_LUT4_O_LC.I3
Info: 10.12 ns logic, 24.42 ns routing

Info: Critical path report for cross-domain path 'posedge clk' -> '<async>':
Info:       type curr  total name
Info:   clk-to-q  1.39  1.39 Source soc.spimemio.din_ddr_SB_LUT4_I3_LC.O
Info:    routing  2.95  4.34 Net soc.spimemio.xfer.xfer_ddr (24,4) -> (22,1)
Info:                          Sink soc.spimemio.xfer.count_SB_DFFESR_Q_D_SB_LUT4_O_I3_SB_LUT4_I3_O_SB_LUT4_O_LC.I2
Info:                          Defined in:
Info:                               spimemio.v:422.6-422.14
Info:      logic  1.21  5.55 Source soc.spimemio.xfer.count_SB_DFFESR_Q_D_SB_LUT4_O_I3_SB_LUT4_I3_O_SB_LUT4_O_LC.O
Info:    routing  1.76  7.31 Net flash_io1_oe_SB_LUT4_O_I2[1] (22,1) -> (21,2)
Info:                          Sink soc.spimemio.xfer_io0_90_SB_DFFN_Q_D_SB_LUT4_O_LC.I1
Info:                          Defined in:
Info:                               /home/ed667/oss-cad-suite/lib/../share/yosys/ice40/cells_map.v:6.21-6.22
Info:      logic  1.23  8.54 Source soc.spimemio.xfer_io0_90_SB_DFFN_Q_D_SB_LUT4_O_LC.O
Info:    routing  1.76  10.30 Net soc.spimemio.xfer_io0_90_SB_DFFN_Q_D[2] (21,2) -> (21,1)
Info:                          Sink soc.spimemio.xfer_io0_90_SB_LUT4_I2_LC.I3
Info:                          Defined in:
Info:                               /home/ed667/oss-cad-suite/lib/../share/yosys/ice40/cells_map.v:6.21-6.22
Info:      logic  0.87  11.17 Source soc.spimemio.xfer_io0_90_SB_LUT4_I2_LC.O
Info:    routing  1.76  12.94 Net flash_io0_do_SB_LUT4_O_I3[2] (21,1) -> (21,1)
Info:                          Sink flash_io0_do_SB_LUT4_O_LC.I3
Info:                          Defined in:
Info:                               /home/ed667/oss-cad-suite/lib/../share/yosys/ice40/cells_map.v:6.21-6.22
Info:      logic  0.87  13.81 Source flash_io0_do_SB_LUT4_O_LC.O
Info:    routing  4.40  18.20 Net flash_io0_do (21,1) -> (23,0)
Info:                          Sink flash_io_buf[0].D_OUT_0
Info:                          Defined in:
Info:                               spimemio.v:36.9-36.21
Info: 5.57 ns logic, 12.63 ns routing

Info: Critical path report for cross-domain path 'negedge clk' -> '<async>':
Info:       type curr  total name
Info:   clk-to-q  1.39  1.39 Source soc.spimemio.xfer_io0_90_SB_DFFN_Q_DFFLC.O
Info:    routing  1.76  3.15 Net soc.spimemio.xfer_io0_90 (21,1) -> (21,1)
Info:                          Sink soc.spimemio.xfer_io0_90_SB_LUT4_I2_LC.I2
Info:                          Defined in:
Info:                               /home/ed667/oss-cad-suite/lib/../share/yosys/ice40/cells_map.v:6.21-6.22
Info:      logic  1.21  4.36 Source soc.spimemio.xfer_io0_90_SB_LUT4_I2_LC.O
Info:    routing  1.76  6.12 Net flash_io0_do_SB_LUT4_O_I3[2] (21,1) -> (21,1)
Info:                          Sink flash_io0_do_SB_LUT4_O_LC.I3
Info:                          Defined in:
Info:                               /home/ed667/oss-cad-suite/lib/../share/yosys/ice40/cells_map.v:6.21-6.22
Info:      logic  0.87  6.99 Source flash_io0_do_SB_LUT4_O_LC.O
Info:    routing  4.40  11.39 Net flash_io0_do (21,1) -> (23,0)
Info:                          Sink flash_io_buf[0].D_OUT_0
Info:                          Defined in:
Info:                               spimemio.v:36.9-36.21
Info: 3.47 ns logic, 7.92 ns routing

Info: Max frequency for clock 'clk': 17.06 MHz (PASS at 12.00 MHz)

Info: Max delay <async>     -> posedge clk: 34.54 ns
Info: Max delay posedge clk -> <async>    : 18.20 ns
Info: Max delay negedge clk -> <async>    : 11.39 ns

Info: Slack histogram:
Info:  legend: * represents 19 endpoint(s)
Info:          + represents [1,19) endpoint(s)
Info: [ 24733,  27501) |*+
Info: [ 27501,  30269) |+
Info: [ 30269,  33037) |**+
Info: [ 33037,  35805) |**+
Info: [ 35805,  38573) |********+
Info: [ 38573,  41341) |***+
Info: [ 41341,  44109) |*****+
Info: [ 44109,  46877) |********+
Info: [ 46877,  49645) |************+
Info: [ 49645,  52413) |********+
Info: [ 52413,  55181) |*****+
Info: [ 55181,  57949) |***+
Info: [ 57949,  60717) |******+
Info: [ 60717,  63485) |**************+
Info: [ 63485,  66253) |**************************+
Info: [ 66253,  69021) |*********************************************************+
Info: [ 69021,  71789) |*************************************+
Info: [ 71789,  74557) |************************+
Info: [ 74557,  77325) |***********************************************************+
Info: [ 77325,  80093) |************************************************************ 

Info: Program finished normally.
