COMMAND: nextpnr-ice40 --up5k --package sg48 --json design.json --pcf icebreaker.pcf --asc design.asc --pcf-allow-unconstrained

STDOUT:


STDERR:
Info: constrained 'clk_in' to bel 'X12/Y31/io1'
Info: constrained 'ser_rx' to bel 'X13/Y0/io1'
Info: constrained 'ser_tx' to bel 'X15/Y0/io0'
Info: constrained 'flash_clk' to bel 'X24/Y0/io0'
Info: constrained 'flash_csb' to bel 'X24/Y0/io1'
Info: constrained 'flash_io0' to bel 'X23/Y0/io0'
Info: constrained 'flash_io1' to bel 'X23/Y0/io1'
Info: constrained 'flash_io2' to bel 'X18/Y0/io0'
Info: constrained 'flash_io3' to bel 'X19/Y0/io0'
Info: constrained 'P1A1' to bel 'X9/Y0/io0'
Info: constrained 'P1A2' to bel 'X8/Y0/io0'
Info: constrained 'P1A3' to bel 'X6/Y0/io0'
Info: constrained 'P1A4' to bel 'X7/Y0/io1'
Info: constrained 'P1A7' to bel 'X9/Y0/io1'
Info: constrained 'P1A8' to bel 'X7/Y0/io0'
Info: constrained 'P1A9' to bel 'X5/Y0/io0'
Info: constrained 'P1A10' to bel 'X6/Y0/io1'
Info: constrained 'led1' to bel 'X18/Y31/io0'
Info: constrained 'led2' to bel 'X18/Y31/io1'
Info: constrained 'led3' to bel 'X19/Y31/io1'
Info: constrained 'led4' to bel 'X19/Y31/io0'
Info: constrained 'led5' to bel 'X18/Y0/io1'
Info: constrained 'ledr_n' to bel 'X17/Y0/io0'
Info: constrained 'ledg_n' to bel 'X13/Y31/io0'

Info: Packing constants..
Info: Packing IOs..
Info: flash_io2 feeds SB_IO flash_io_buf[2], removing $nextpnr_iobuf flash_io2.
Info: flash_io1 feeds SB_IO flash_io_buf[1], removing $nextpnr_iobuf flash_io1.
Info: flash_io0 feeds SB_IO flash_io_buf[0], removing $nextpnr_iobuf flash_io0.
Info: flash_io3 feeds SB_IO flash_io_buf[3], removing $nextpnr_iobuf flash_io3.
Info: Packing LUT-FFs..
Info:     3071 LCs used as LUT4 only
Info:     1088 LCs used as LUT4 and DFF
Info: Packing non-LUT FFs..
Info:      600 LCs used as DFF only
Info: Packing carries..
Info:      141 LCs used as CARRY only
Info: Packing indirect carry+LUT pairs...
Info:       67 LUTs merged into carry LCs
Info: Packing RAMs..
Info: Placing PLLs..
Info:   constrained PLL 'pll' to X12/Y31/pll_3
Info: Packing special functions..
Info: Packing PLLs..
Info:   PLL 'pll' has LOCK output, need to pass all outputs via LUT
Info:   constrained 'pll_locked_SB_LUT4_I0_LC' to X1/Y30/lc0
Info: Promoting globals..
Info: promoting iomem_ready_SB_LUT4_I3_O_SB_LUT4_I1_O_SB_LUT4_I3_4_O[0] [reset] (fanout 551)
Info: promoting soc.cpu.genblk1.genblk1.pcpi_mul.mul_counter_SB_DFFE_Q_D_SB_LUT4_O_I3[0] [reset] (fanout 85)
Info: promoting soc.cpu.genblk2.pcpi_div.dq_SB_DFFE_Q_10_D_SB_LUT4_O_I3[1] [reset] (fanout 38)
Info: promoting ser_rx_SB_LUT4_I0_I3_SB_LUT4_O_I3_SB_CARRY_CO_I1_SB_CARRY_I1_CO_SB_LUT4_I3_O_SB_LUT4_I3_O [reset] (fanout 32)
Info: promoting resetn [cen] (fanout 215)
Info: promoting soc.gen_icache.icache_inst.state_SB_DFF_Q_1_D_SB_LUT4_O_I3_SB_LUT4_I3_1_O [cen] (fanout 128)
Info: promoting soc.cpu.genblk2.pcpi_div.running_SB_DFFSR_Q_D_SB_LUT4_I3_O [cen] (fanout 70)
Info: Constraining chains...
Info:       53 LCs used to legalise carry chains.
Info: Checksum: 0x82f716c7

Info: Device utilisation:
Info: 	         ICESTORM_LC:    4888/   5280    92%
Info: 	        ICESTORM_RAM:      22/     30    73%
Info: 	               SB_IO:      24/     96    25%
Info: 	               SB_GB:       8/      8   100%
Info: 	        ICESTORM_PLL:       1/      1   100%
Info: 	         SB_WARMBOOT:       0/      1     0%
Info: 	        ICESTORM_DSP:       0/      8     0%
Info: 	      ICESTORM_HFOSC:       0/      1     0%
Info: 	      ICESTORM_LFOSC:       0/      1     0%
Info: 	              SB_I2C:       0/      2     0%
Info: 	              SB_SPI:       0/      2     0%
Info: 	              IO_I3C:       0/      2     0%
Info: 	         SB_LEDDA_IP:       0/      1     0%
Info: 	         SB_RGBA_DRV:       0/      1     0%
Info: 	      ICESTORM_SPRAM:       4/      4   100%

Info: Placed 26 cells based on constraints.
Info: Creating initial analytic placement for 4182 cells, random placement wirelen = 121406.
Info:     at initial placer iter 0, wirelen = 1903
Info:     at initial placer iter 1, wirelen = 1853
Info:     at initial placer iter 2, wirelen = 1900
Info:     at initial placer iter 3, wirelen = 1906
Info: Running main analytical placer, max placement attempts per cell = 3059101.
Info:     at iteration #1, type ALL: wirelen solved = 1918, spread = 43415, legal = 49285; time = 0.16s
Info:     at iteration #2, type ALL: wirelen solved = 2693, spread = 35866, legal = 42553; time = 0.16s
Info:     at iteration #3, type ALL: wirelen solved = 4117, spread = 35328, legal = 41315; time = 0.15s
Info:     at iteration #4, type ALL: wirelen solved = 5602, spread = 33684, legal = 39406; time = 0.13s
Info:     at iteration #5, type ALL: wirelen solved = 6717, spread = 30230, legal = 36596; time = 0.13s
Info:     at iteration #6, type ALL: wirelen solved = 8007, spread = 28613, legal = 34517; time = 0.15s
Info:     at iteration #7, type ALL: wirelen solved = 9340, spread = 28112, legal = 35260; time = 0.13s
Info:     at iteration #8, type ALL: wirelen solved = 9759, spread = 27589, legal = 34589; time = 0.13s
Info:     at iteration #9, type ALL: wirelen solved = 10961, spread = 27269, legal = 33754; time = 0.13s
Info:     at iteration #10, type ALL: wirelen solved = 11487, spread = 26571, legal = 33277; time = 0.12s
Info:     at iteration #11, type ALL: wirelen solved = 12216, spread = 26218, legal = 32995; time = 0.14s
Info:     at iteration #12, type ALL: wirelen solved = 13157, spread = 25857, legal = 32600; time = 0.13s
Info:     at iteration #13, type ALL: wirelen solved = 13610, spread = 25319, legal = 31417; time = 0.12s
Info:     at iteration #14, type ALL: wirelen solved = 14213, spread = 25281, legal = 31982; time = 0.12s
Info:     at iteration #15, type ALL: wirelen solved = 14295, spread = 24949, legal = 31994; time = 0.11s
Info:     at iteration #16, type ALL: wirelen solved = 14640, spread = 24575, legal = 31803; time = 0.12s
Info:     at iteration #17, type ALL: wirelen solved = 15150, spread = 24436, legal = 30790; time = 0.12s
Info:     at iteration #18, type ALL: wirelen solved = 15296, spread = 24566, legal = 30454; time = 0.09s
Info:     at iteration #19, type ALL: wirelen solved = 15364, spread = 24467, legal = 29414; time = 0.08s
Info:     at iteration #20, type ALL: wirelen solved = 15630, spread = 24545, legal = 31501; time = 0.12s
Info:     at iteration #21, type ALL: wirelen solved = 15908, spread = 24734, legal = 31669; time = 0.13s
Info:     at iteration #22, type ALL: wirelen solved = 16234, spread = 24500, legal = 31424; time = 0.13s
Info:     at iteration #23, type ALL: wirelen solved = 16607, spread = 24752, legal = 29850; time = 0.10s
Info:     at iteration #24, type ALL: wirelen solved = 16916, spread = 24476, legal = 31626; time = 0.13s
Info: HeAP Placer Time: 3.98s
Info:   of which solving equations: 1.79s
Info:   of which spreading cells: 0.24s
Info:   of which strict legalisation: 1.21s

Info: Running simulated annealing placer for refinement.
Info:   at iteration #1: temp = 0.000000, timing cost = 2352, wirelen = 29414
Info:   at iteration #5: temp = 0.000000, timing cost = 1736, wirelen = 25345
Info:   at iteration #10: temp = 0.000000, timing cost = 1646, wirelen = 24327
Info:   at iteration #15: temp = 0.000000, timing cost = 1864, wirelen = 23731
Info:   at iteration #20: temp = 0.000000, timing cost = 1841, wirelen = 23471
Info:   at iteration #25: temp = 0.000000, timing cost = 1839, wirelen = 23394
Info:   at iteration #28: temp = 0.000000, timing cost = 1832, wirelen = 23376 
Info: SA placement time 6.27s

Info: Max frequency for clock 'clk': 16.41 MHz (PASS at 12.00 MHz)

Info: Max delay <async>     -> posedge clk: 36.12 ns
Info: Max delay posedge clk -> <async>    : 17.16 ns
Info: Max delay negedge clk -> <async>    : 9.77 ns

Info: Slack histogram:
Info:  legend: * represents 24 endpoint(s)
Info:          + represents [1,24) endpoint(s)
Info: [ 22395,  25288) |+
Info: [ 25288,  28181) |**+
Info: [ 28181,  31074) |*+
Info: [ 31074,  33967) |*+
Info: [ 33967,  36860) |***+
Info: [ 36860,  39753) |*****+
Info: [ 39753,  42646) |***+
Info: [ 42646,  45539) |***+
Info: [ 45539,  48432) |********+
Info: [ 48432,  51325) |****+
Info: [ 51325,  54218) |***+
Info: [ 54218,  57111) |*********+
Info: [ 57111,  60004) |*********+
Info: [ 60004,  62897) |*************+
Info: [ 62897,  65790) |***************************+
Info: [ 65790,  68683) |*************************************+
Info: [ 68683,  71576) |********************************+
Info: [ 71576,  74469) |**********************+
Info: [ 74469,  77362) |*************************************+
Info: [ 77362,  80255) |************************************************************ 
Info: Checksum: 0xaccc4162

Info: Routing..
Info: Setting up routing queue.
Info: Routing 16779 arcs.
Info:            |   (re-)routed arcs  |   delta    | remaining|       time spent     |
Info:    IterCnt |  w/ripup   wo/ripup |  w/r  wo/r |      arcs| batch(sec) total(sec)|
Info:       1000 |       41        958 |   41   958 |     15831|       0.42       0.42|
Info:       2000 |      102       1897 |   61   939 |     14947|       0.29       0.71|
Info:       3000 |      461       2538 |  359   641 |     14329|       0.15       0.86|
Info:       4000 |      912       3087 |  451   549 |     13845|       0.15       1.01|
Info:       5000 |     1199       3800 |  287   713 |     13245|       0.23       1.24|
Info:       6000 |     1491       4508 |  292   708 |     12594|       0.20       1.44|
Info:       7000 |     1821       5178 |  330   670 |     12043|       0.21       1.65|
Info:       8000 |     2037       5943 |  216   765 |     11367|       0.25       1.90|
Info:       9000 |     2296       6634 |  259   691 |     10748|       0.27       2.16|
Info:      10000 |     2579       7292 |  283   658 |     10173|       0.31       2.48|
Info:      11000 |     2949       7922 |  370   630 |      9769|       0.35       2.83|
Info:      12000 |     3345       8498 |  396   576 |      9413|       0.31       3.14|
Info:      13000 |     3735       9080 |  390   582 |      9154|       0.39       3.53|
Info:      14000 |     4234       9581 |  499   501 |      8969|       0.33       3.85|
Info:      15000 |     4666      10121 |  432   540 |      8693|       0.34       4.19|
Info:      16000 |     5108      10679 |  442   558 |      8478|       0.29       4.48|
Info:      17000 |     5514      11220 |  406   541 |      8165|       0.32       4.80|
Info:      18000 |     5933      11754 |  419   534 |      7924|       0.28       5.09|
Info:      19000 |     6430      12253 |  497   499 |      7784|       0.45       5.54|
Info:      20000 |     6915      12764 |  485   511 |      7619|       0.37       5.91|
Info:      21000 |     7377      13279 |  462   515 |      7418|       0.30       6.20|
Info:      22000 |     7858      13771 |  481   492 |      7181|       0.38       6.59|
Info:      23000 |     8354      14246 |  496   475 |      6966|       0.35       6.93|
Info:      24000 |     8825      14774 |  471   528 |      6815|       0.41       7.34|
Info:      25000 |     9305      15269 |  480   495 |      6558|       0.35       7.69|
Info:      26000 |     9839      15734 |  534   465 |      6477|       0.38       8.07|
Info:      27000 |    10352      16198 |  513   464 |      6315|       0.38       8.46|
Info:      28000 |    10825      16723 |  473   525 |      6143|       0.38       8.83|
Info:      29000 |    11363      17181 |  538   458 |      6008|       0.40       9.23|
Info:      30000 |    11912      17630 |  549   449 |      5855|       0.35       9.58|
Info:      31000 |    12404      18138 |  492   508 |      5679|       0.39       9.98|
Info:      32000 |    12917      18619 |  513   481 |      5474|       0.36      10.34|
Info:      33000 |    13473      19054 |  556   435 |      5313|       0.36      10.70|
Info:      34000 |    13993      19527 |  520   473 |      5132|       0.35      11.05|
Info:      35000 |    14504      20016 |  511   489 |      5007|       0.48      11.53|
Info:      36000 |    15021      20496 |  517   480 |      4858|       0.43      11.96|
Info:      37000 |    15651      20863 |  630   367 |      4807|       0.41      12.37|
Info:      38000 |    16133      21359 |  482   496 |      4636|       0.39      12.76|
Info:      39000 |    16684      21808 |  551   449 |      4555|       0.46      13.22|
Info:      40000 |    17204      22285 |  520   477 |      4373|       0.40      13.61|
Info:      41000 |    17778      22705 |  574   420 |      4161|       0.34      13.95|
Info:      42000 |    18253      23169 |  475   464 |      3908|       0.30      14.25|
Info:      43000 |    18833      23589 |  580   420 |      3775|       0.36      14.61|
Info:      44000 |    19382      24036 |  549   447 |      3632|       0.40      15.01|
Info:      45000 |    19913      24505 |  531   469 |      3499|       0.38      15.39|
Info:      46000 |    20430      24984 |  517   479 |      3382|       0.44      15.83|
Info:      47000 |    21021      25393 |  591   409 |      3288|       0.48      16.31|
Info:      48000 |    21638      25776 |  617   383 |      3252|       0.53      16.84|
Info:      49000 |    22176      26238 |  538   462 |      3114|       0.41      17.26|
Info:      50000 |    22725      26689 |  549   451 |      2960|       0.42      17.67|
Info:      51000 |    23300      27109 |  575   420 |      2714|       0.31      17.98|
Info:      52000 |    23820      27580 |  520   471 |      2478|       0.40      18.39|
Info:      53000 |    24390      28010 |  570   430 |      2382|       0.42      18.80|
Info:      54000 |    24982      28417 |  592   407 |      2282|       0.45      19.25|
Info:      55000 |    25576      28823 |  594   406 |      2278|       0.46      19.71|
Info:      56000 |    26190      29209 |  614   386 |      2214|       0.57      20.28|
Info:      57000 |    26737      29662 |  547   453 |      2094|       0.44      20.72|
Info:      58000 |    27267      30128 |  530   466 |      2009|       0.43      21.15|
Info:      59000 |    27839      30552 |  572   424 |      1966|       0.56      21.70|
Info:      60000 |    28387      31004 |  548   452 |      1778|       0.36      22.06|
Info:      61000 |    28945      31445 |  558   441 |      1652|       0.45      22.51|
Info:      62000 |    29483      31903 |  538   458 |      1563|       0.39      22.90|
Info:      63000 |    29932      32438 |  449   535 |      1182|       0.28      23.18|
Info:      64000 |    30315      33055 |  383   617 |       749|       0.36      23.53|
Info:      65000 |    30755      33615 |  440   560 |       384|       0.61      24.14|
Info:      66000 |    31368      34002 |  613   387 |       355|       0.69      24.83|
Info:      67000 |    31833      34537 |  465   535 |        89|       0.70      25.53|
Info:      67443 |    32046      34768 |  213   231 |         0|       0.61      26.14|
Info: Routing complete.
Info: Router1 time 26.14s
Info: Checksum: 0x70e08c7e

Info: Critical path report for clock 'clk' (posedge -> posedge):
Info:       type curr  total name
Info:   clk-to-q  1.39  1.39 Source soc.cpu.mem_addr_SB_DFFE_Q_23_DFFLC.O
Info:    routing  4.25  5.64 Net iomem_addr[8] (23,25) -> (23,14)
Info:                          Sink soc.cpu.mem_instr_SB_LUT4_I1_O_SB_LUT4_I2_I3_SB_LUT4_O_I0_SB_LUT4_O_LC.I2
Info:                          Defined in:
Info:                               /home/ed667/oss-cad-suite/lib/../share/yosys/ice40/cells_map.v:6.21-6.22
Info:      logic  1.21  6.84 Source soc.cpu.mem_instr_SB_LUT4_I1_O_SB_LUT4_I2_I3_SB_LUT4_O_I0_SB_LUT4_O_LC.O
Info:    routing  1.76  8.60 Net soc.cpu.mem_instr_SB_LUT4_I1_O_SB_LUT4_I2_I3_SB_LUT4_O_I0[0] (23,14) -> (23,13)
Info:                          Sink soc.cpu.mem_instr_SB_LUT4_I1_O_SB_LUT4_I2_I3_SB_LUT4_O_LC.I0
Info:                          Defined in:
Info:                               /home/ed667/oss-cad-suite/lib/../share/yosys/ice40/cells_map.v:6.21-6.22
Info:      logic  1.28  9.89 Source soc.cpu.mem_instr_SB_LUT4_I1_O_SB_LUT4_I2_I3_SB_LUT4_O_LC.O
Info:    routing  1.76  11.65 Net soc.cpu.mem_instr_SB_LUT4_I1_O_SB_LUT4_I2_I3[3] (23,13) -> (22,13)
Info:                          Sink soc.cpu.mem_instr_SB_LUT4_I1_O_SB_LUT4_I2_LC.I3
Info:                          Defined in:
Info:                               /home/ed667/oss-cad-suite/lib/../share/yosys/ice40/cells_map.v:6.21-6.22
Info:      logic  0.87  12.52 Source soc.cpu.mem_instr_SB_LUT4_I1_O_SB_LUT4_I2_LC.O
Info:    routing  1.76  14.28 Net soc.cpu.mem_instr_SB_LUT4_I1_O_SB_LUT4_I3_O[2] (22,13) -> (21,12)
Info:                          Sink soc.cpu.mem_instr_SB_LUT4_I1_O_SB_LUT4_I3_O_SB_LUT4_I0_LC.I2
Info:                          Defined in:
Info:                               /home/ed667/oss-cad-suite/lib/../share/yosys/ice40/cells_map.v:6.21-6.22
Info:      logic  1.21  15.49 Source soc.cpu.mem_instr_SB_LUT4_I1_O_SB_LUT4_I3_O_SB_LUT4_I0_LC.O
Info:    routing  1.76  17.25 Net flash_clk_SB_LUT4_I0_O_SB_LUT4_O_1_I1[1] (21,12) -> (22,11)
Info:                          Sink soc.spimemio.rd_valid_SB_LUT4_I3_O_SB_LUT4_I2_O_SB_LUT4_I2_O_SB_LUT4_I0_O_SB_LUT4_O_LC.I3
Info:                          Defined in:
Info:                               /home/ed667/oss-cad-suite/lib/../share/yosys/ice40/cells_map.v:6.21-6.22
Info:      logic  0.87  18.12 Source soc.spimemio.rd_valid_SB_LUT4_I3_O_SB_LUT4_I2_O_SB_LUT4_I2_O_SB_LUT4_I0_O_SB_LUT4_O_LC.O
Info:    routing  1.76  19.89 Net soc.ram_ready_SB_LUT4_I2_O_SB_LUT4_O_1_I2[0] (22,11) -> (22,10)
Info:                          Sink soc.ram_ready_SB_LUT4_I2_O_SB_LUT4_O_1_LC.I1
Info:                          Defined in:
Info:                               /home/ed667/oss-cad-suite/lib/../share/yosys/ice40/cells_map.v:6.21-6.22
Info:      logic  1.23  21.12 Source soc.ram_ready_SB_LUT4_I2_O_SB_LUT4_O_1_LC.O
Info:    routing  1.76  22.88 Net soc.ram_ready_SB_LUT4_I2_O[2] (22,10) -> (21,10)
Info:                          Sink soc.cpu.mem_xfer_SB_LUT4_O_I3_SB_LUT4_O_I3_SB_LUT4_O_LC.I2
Info:                          Defined in:
Info:                               /home/ed667/oss-cad-suite/lib/../share/yosys/ice40/cells_map.v:6.21-6.22
Info:      logic  1.21  24.08 Source soc.cpu.mem_xfer_SB_LUT4_O_I3_SB_LUT4_O_I3_SB_LUT4_O_LC.O
Info:    routing  2.95  27.03 Net soc.cpu.mem_xfer_SB_LUT4_O_I3_SB_LUT4_O_I3[2] (21,10) -> (21,14)
Info:                          Sink soc.cpu.mem_xfer_SB_LUT4_O_I3_SB_LUT4_O_LC.I3
Info:                          Defined in:
Info:                               /home/ed667/oss-cad-suite/lib/../share/yosys/ice40/cells_map.v:6.21-6.22
Info:      logic  0.87  27.91 Source soc.cpu.mem_xfer_SB_LUT4_O_I3_SB_LUT4_O_LC.O
Info:    routing  3.60  31.51 Net soc.cpu.mem_xfer_SB_LUT4_O_I3[3] (21,14) -> (18,21)
Info:                          Sink soc.cpu.mem_xfer_SB_LUT4_O_LC.I3
Info:                          Defined in:
Info:                               /home/ed667/oss-cad-suite/lib/../share/yosys/ice40/cells_map.v:6.21-6.22
Info:      logic  0.87  32.38 Source soc.cpu.mem_xfer_SB_LUT4_O_LC.O
Info:    routing  2.95  35.33 Net soc.cpu.mem_rdata_q_SB_DFFE_Q_14_D[1] (18,21) -> (17,25)
Info:                          Sink soc.cpu.mem_state_SB_DFFESR_Q_D_SB_LUT4_O_I3_SB_LUT4_I1_LC.I3
Info:                          Defined in:
Info:                               /home/ed667/oss-cad-suite/lib/../share/yosys/ice40/cells_map.v:6.21-6.22
Info:      logic  0.87  36.21 Source soc.cpu.mem_state_SB_DFFESR_Q_D_SB_LUT4_O_I3_SB_LUT4_I1_LC.O
Info:    routing  1.76  37.97 Net soc.cpu.mem_state_SB_DFFESR_Q_D_SB_LUT4_O_I3_SB_LUT4_I1_O[3] (17,25) -> (16,26)
Info:                          Sink soc.cpu.mem_do_rinst_SB_LUT4_I1_LC.I3
Info:                          Defined in:
Info:                               /home/ed667/oss-cad-suite/lib/../share/yosys/ice40/cells_map.v:6.21-6.22
Info:      logic  0.87  38.84 Source soc.cpu.mem_do_rinst_SB_LUT4_I1_LC.O
Info:    routing  3.49  42.34 Net soc.cpu.mem_do_rinst_SB_LUT4_I1_O[1] (16,26) -> (11,28)
Info:                          Sink soc.cpu.instr_sw_SB_LUT4_I1_I3_SB_LUT4_O_I3_SB_LUT4_O_LC.I3
Info:                          Defined in:
Info:                               /home/ed667/oss-cad-suite/lib/../share/yosys/ice40/cells_map.v:6.21-6.22
Info:      logic  0.87  43.21 Source soc.cpu.instr_sw_SB_LUT4_I1_I3_SB_LUT4_O_I3_SB_LUT4_O_LC.O
Info:    routing  1.76  44.97 Net soc.cpu.instr_sw_SB_LUT4_I1_I3_SB_LUT4_O_I3[1] (11,28) -> (11,29)
Info:                          Sink soc.cpu.mem_do_prefetch_SB_LUT4_I2_1_LC.I3
Info:                          Defined in:
Info:                               /home/ed667/oss-cad-suite/lib/../share/yosys/ice40/cells_map.v:6.21-6.22
Info:      logic  0.87  45.85 Source soc.cpu.mem_do_prefetch_SB_LUT4_I2_1_LC.O
Info:    routing  1.76  47.61 Net soc.cpu.instr_sll_SB_LUT4_I1_O_SB_LUT4_I2_O[3] (11,29) -> (10,28)
Info:                          Sink soc.cpu.instr_sll_SB_LUT4_I1_O_SB_LUT4_I2_O_SB_LUT4_I2_LC.I3
Info:                          Defined in:
Info:                               /home/ed667/oss-cad-suite/lib/../share/yosys/ice40/cells_map.v:6.21-6.22
Info:      logic  0.87  48.48 Source soc.cpu.instr_sll_SB_LUT4_I1_O_SB_LUT4_I2_O_SB_LUT4_I2_LC.O
Info:    routing  3.70  52.19 Net soc.cpu.instr_sll_SB_LUT4_I1_O_SB_LUT4_I2_O_SB_LUT4_I2_O[1] (10,28) -> (10,18)
Info:                          Sink soc.cpu.mem_do_rdata_SB_DFFESS_Q_E_SB_LUT4_O_I3_SB_LUT4_I3_LC.I2
Info:                          Defined in:
Info:                               /home/ed667/oss-cad-suite/lib/../share/yosys/ice40/cells_map.v:6.21-6.22
Info:      logic  1.21  53.39 Source soc.cpu.mem_do_rdata_SB_DFFESS_Q_E_SB_LUT4_O_I3_SB_LUT4_I3_LC.O
Info:    routing  3.60  56.99 Net soc.cpu.mem_do_rdata_SB_DFFESS_Q_E_SB_LUT4_O_I3_SB_LUT4_I3_O[3] (10,18) -> (5,25)
Info:                          Sink soc.cpu.reg_op1_SB_DFFE_Q_E_SB_LUT4_O_LC.I3
Info:                          Defined in:
Info:                               /home/ed667/oss-cad-suite/lib/../share/yosys/ice40/cells_map.v:6.21-6.22
Info:      logic  0.87  57.87 Source soc.cpu.reg_op1_SB_DFFE_Q_E_SB_LUT4_O_LC.O
Info:    routing  2.99  60.86 Net soc.cpu.reg_op1_SB_DFFE_Q_E (5,25) -> (5,26)
Info:                          Sink soc.cpu.reg_op1_SB_DFFE_Q_D_SB_LUT4_O_LC.CEN
Info:      setup  0.10  60.96 Source soc.cpu.reg_op1_SB_DFFE_Q_D_SB_LUT4_O_LC.CEN
Info: 17.57 ns logic, 43.39 ns routing

Info: Critical path report for cross-domain path '<async>' -> 'posedge clk':
Info:       type curr  total name
Info:     source  0.00  0.00 Source flash_io_buf[0].D_IN_0
Info:    routing  4.99  4.99 Net flash_io0_di (23,0) -> (21,9)
Info:                          Sink flash_io0_di_SB_LUT4_I1_LC.I1
Info:                          Defined in:
Info:                               picosoc.v:153.14-153.32
Info:      logic  1.23  6.22 Source flash_io0_di_SB_LUT4_I1_LC.O
Info:    routing  1.76  7.98 Net flash_io0_di_SB_LUT4_I1_O[2] (21,9) -> (20,9)
Info:                          Sink flash_io0_di_SB_LUT4_I1_O_SB_LUT4_I1_LC.I2
Info:                          Defined in:
Info:                               /home/ed667/oss-cad-suite/lib/../share/yosys/ice40/cells_map.v:6.21-6.22
Info:      logic  1.21  9.19 Source flash_io0_di_SB_LUT4_I1_O_SB_LUT4_I1_LC.O
Info:    routing  2.95  12.14 Net flash_io0_di_SB_LUT4_I1_O_SB_LUT4_I1_O[3] (20,9) -> (18,11)
Info:                          Sink soc.gen_icache.icache_inst.miss_rdata_SB_DFFESR_Q_31_D_SB_LUT4_O_LC.I3
Info:                          Defined in:
Info:                               /home/ed667/oss-cad-suite/lib/../share/yosys/ice40/cells_map.v:6.21-6.22
Info:      logic  0.87  13.01 Source soc.gen_icache.icache_inst.miss_rdata_SB_DFFESR_Q_31_D_SB_LUT4_O_LC.O
Info:    routing  4.22  17.24 Net soc.gen_icache.icache_inst.miss_rdata_SB_DFFESR_Q_31_D[2] (18,11) -> (20,20)
Info:                          Sink soc.gen_icache.icache_inst.data_array.0.0_RDATA_1_SB_LUT4_I2_O_SB_LUT4_O_LC.I3
Info:                          Defined in:
Info:                               /home/ed667/oss-cad-suite/lib/../share/yosys/ice40/cells_map.v:6.21-6.22
Info:      logic  0.87  18.11 Source soc.gen_icache.icache_inst.data_array.0.0_RDATA_1_SB_LUT4_I2_O_SB_LUT4_O_LC.O
Info:    routing  1.76  19.87 Net soc.gen_icache.icache_inst.data_array.0.0_RDATA_1_SB_LUT4_I2_O[3] (20,20) -> (20,20)
Info:                          Sink soc.cpu.mem_rdata_q_SB_DFFE_Q_29_D_SB_LUT4_I3_O_SB_LUT4_O_1_LC.I3
Info:                          Defined in:
Info:                               /home/ed667/oss-cad-suite/lib/../share/yosys/ice40/cells_map.v:6.21-6.22
Info:      logic  0.87  20.74 Source soc.cpu.mem_rdata_q_SB_DFFE_Q_29_D_SB_LUT4_I3_O_SB_LUT4_O_1_LC.O
Info:    routing  1.76  22.50 Net soc.cpu.mem_rdata_q_SB_DFFE_Q_29_D_SB_LUT4_I3_O[2] (20,20) -> (20,21)
Info:                          Sink soc.cpu.mem_rdata_q_SB_DFFE_Q_27_D_SB_LUT4_I3_O_SB_LUT4_O_2_LC.I2
Info:                          Defined in:
Info:                               /home/ed667/oss-cad-suite/lib/../share/yosys/ice40/cells_map.v:6.21-6.22
Info:      logic  1.21  23.71 Source soc.cpu.mem_rdata_q_SB_DFFE_Q_27_D_SB_LUT4_I3_O_SB_LUT4_O_2_LC.O
Info:    routing  2.95  26.66 Net soc.cpu.is_lb_lh_lw_lbu_lhu_SB_DFFE_Q_D_SB_LUT4_O_I2[0] (20,21) -> (18,22)
Info:                          Sink soc.cpu.cpuregs.regs.1.0_RADDR_3_SB_LUT4_O_I2_SB_LUT4_O_1_LC.I2
Info:                          Defined in:
Info:                               /home/ed667/oss-cad-suite/lib/../share/yosys/ice40/cells_map.v:6.21-6.22
Info:      logic  1.21  27.87 Source soc.cpu.cpuregs.regs.1.0_RADDR_3_SB_LUT4_O_I2_SB_LUT4_O_1_LC.O
Info:    routing  1.76  29.63 Net soc.cpu.decoded_imm_j_SB_DFFE_Q_14_D[3] (18,22) -> (17,23)
Info:                          Sink soc.cpu.decoded_rs1_SB_DFFESR_Q_2_D_SB_LUT4_I3_O_SB_LUT4_O_1_LC.I3
Info:                          Defined in:
Info:                               /home/ed667/oss-cad-suite/lib/../share/yosys/ice40/cells_map.v:6.21-6.22
Info:      logic  0.87  30.50 Source soc.cpu.decoded_rs1_SB_DFFESR_Q_2_D_SB_LUT4_I3_O_SB_LUT4_O_1_LC.O
Info:    routing  1.76  32.26 Net soc.cpu.decoded_rs1_SB_DFFESR_Q_2_D_SB_LUT4_I3_O[2] (17,23) -> (16,22)
Info:                          Sink soc.cpu.cpuregs.regs.1.0_RADDR_SB_LUT4_O_LC.I3
Info:                          Defined in:
Info:                               /home/ed667/oss-cad-suite/lib/../share/yosys/ice40/cells_map.v:6.21-6.22
Info:      logic  0.87  33.14 Source soc.cpu.cpuregs.regs.1.0_RADDR_SB_LUT4_O_LC.O
Info:    routing  4.04  37.17 Net soc.cpu.cpuregs.regs.1.0_RADDR (16,22) -> (6,19)
Info:                          Sink soc.cpu.cpuregs.regs.1.0_RAM.RADDR_4
Info:      setup  0.10  37.28 Source soc.cpu.cpuregs.regs.1.0_RAM.RADDR_4
Info: 9.32 ns logic, 27.96 ns routing

Info: Critical path report for cross-domain path 'posedge clk' -> '<async>':
Info:       type curr  total name
Info:   clk-to-q  1.39  1.39 Source soc.spimemio.xfer.dummy_count_SB_DFFESR_Q_D_SB_LUT4_O_LC.O
Info:    routing  1.76  3.15 Net soc.spimemio.xfer.dummy_count[3] (23,3) -> (23,2)
Info:                          Sink soc.spimemio.xfer.count_SB_DFFESR_Q_1_D_SB_LUT4_O_I3_SB_LUT4_O_I3_SB_LUT4_O_I3_SB_LUT4_I1_O_SB_LUT4_I2_O_SB_LUT4_O_LC.I0
Info:                          Defined in:
Info:                               spimemio.v:417.12-417.23
Info:      logic  1.28  4.43 Source soc.spimemio.xfer.count_SB_DFFESR_Q_1_D_SB_LUT4_O_I3_SB_LUT4_O_I3_SB_LUT4_O_I3_SB_LUT4_I1_O_SB_LUT4_I2_O_SB_LUT4_O_LC.O
Info:    routing  2.95  7.39 Net soc.spimemio.din_valid_SB_LUT4_I2_O[1] (23,2) -> (20,1)
Info:                          Sink soc.spimemio.xfer.xfer_rd_SB_LUT4_I2_LC.I3
Info:                          Defined in:
Info:                               /home/ed667/oss-cad-suite/lib/../share/yosys/ice40/cells_map.v:6.21-6.22
Info:      logic  0.87  8.26 Source soc.spimemio.xfer.xfer_rd_SB_LUT4_I2_LC.O
Info:    routing  1.76  10.02 Net soc.spimemio.xfer.xfer_rd_SB_LUT4_I2_O[2] (20,1) -> (20,1)
Info:                          Sink flash_io1_oe_SB_LUT4_O_I3_SB_LUT4_O_LC.I3
Info:                          Defined in:
Info:                               /home/ed667/oss-cad-suite/lib/../share/yosys/ice40/cells_map.v:6.21-6.22
Info:      logic  0.87  10.90 Source flash_io1_oe_SB_LUT4_O_I3_SB_LUT4_O_LC.O
Info:    routing  1.76  12.66 Net flash_io0_oe_SB_LUT4_O_I2[1] (20,1) -> (20,1)
Info:                          Sink flash_io0_oe_SB_LUT4_O_LC.I3
Info:                          Defined in:
Info:                               /home/ed667/oss-cad-suite/lib/../share/yosys/ice40/cells_map.v:6.21-6.22
Info:      logic  0.87  13.53 Source flash_io0_oe_SB_LUT4_O_LC.O
Info:    routing  4.22  17.75 Net flash_io0_oe (20,1) -> (23,0)
Info:                          Sink flash_io_buf[0].OUTPUT_ENABLE
Info:                          Defined in:
Info:                               picosoc.v:153.14-153.32
Info: 5.30 ns logic, 12.46 ns routing

Info: Critical path report for cross-domain path 'negedge clk' -> '<async>':
Info:       type curr  total name
Info:   clk-to-q  1.39  1.39 Source soc.spimemio.xfer_io0_90_SB_DFFN_Q_DFFLC.O
Info:    routing  1.76  3.15 Net soc.spimemio.xfer_io0_90 (21,1) -> (21,1)
Info:                          Sink soc.spimemio.xfer_io0_90_SB_LUT4_I2_LC.I2
Info:                          Defined in:
Info:                               /home/ed667/oss-cad-suite/lib/../share/yosys/ice40/cells_map.v:6.21-6.22
Info:      logic  1.21  4.36 Source soc.spimemio.xfer_io0_90_SB_LUT4_I2_LC.O
Info:    routing  1.76  6.12 Net flash_io0_do_SB_LUT4_O_I3[2] (21,1) -> (21,1)
Info:                          Sink flash_io0_do_SB_LUT4_O_LC.I3
Info:                          Defined in:
Info:                               /home/ed667/oss-cad-suite/lib/../share/yosys/ice40/cells_map.v:6.21-6.22
Info:      logic  0.87  6.99 Source flash_io0_do_SB_LUT4_O_LC.O
Info:    routing  3.60  10.59 Net flash_io0_do (21,1) -> (23,0)
Info:                          Sink flash_io_buf[0].D_OUT_0
Info:                          Defined in:
Info:                               spimemio.v:36.9-36.21
Info: 3.47 ns logic, 7.12 ns routing

Info: Max frequency for clock 'clk': 16.41 MHz (PASS at 12.00 MHz)

Info: Max delay <async>     -> posedge clk: 37.28 ns
Info: Max delay posedge clk -> <async>    : 17.75 ns
Info: Max delay negedge clk -> <async>    : 10.59 ns

Info: Slack histogram:
Info:  legend: * represents 21 endpoint(s)
Info:          + represents [1,21) endpoint(s)
Info: [ 22376,  25262) |+
Info: [ 25262,  28148) |*+
Info: [ 28148,  31034) |**+
Info: [ 31034,  33920) |*+
Info: [ 33920,  36806) |*+
Info: [ 36806,  39692) |*+
Info: [ 39692,  42578) |***+
Info: [ 42578,  45464) |**********+
Info: [ 45464,  48350) |*******+
Info: [ 48350,  51236) |**********+
Info: [ 51236,  54122) |******+
Info: [ 54122,  57008) |*******+
Info: [ 57008,  59894) |********** 
Info: [ 59894,  62780) |*******+
Info: [ 62780,  65666) |*********************+
Info: [ 65666,  68552) |****************************************+
Info: [ 68552,  71438) |****************************************************+
Info: [ 71438,  74324) |**********************+
Info: [ 74324,  77210) |****************************************************+
Info: [ 77210,  80096) |************************************************************ 

Info: Program finished normally.
