COMMAND: nextpnr-ice40 --up5k --package sg48 --json design.json --pcf icebreaker.pcf --asc design.asc --pcf-allow-unconstrained

STDOUT:


STDERR:
Info: constrained 'clk_in' to bel 'X12/Y31/io1'
Info: constrained 'ser_rx' to bel 'X13/Y0/io1'
Info: constrained 'ser_tx' to bel 'X15/Y0/io0'
Info: constrained 'flash_clk' to bel 'X24/Y0/io0'
Info: constrained 'flash_csb' to bel 'X24/Y0/io1'
Info: constrained 'flash_io0' to bel 'X23/Y0/io0'
Info: constrained 'flash_io1' to bel 'X23/Y0/io1'
Info: constrained 'flash_io2' to bel 'X18/Y0/io0'
Info: constrained 'flash_io3' to bel 'X19/Y0/io0'
Info: constrained 'P1A1' to bel 'X9/Y0/io0'
Info: constrained 'P1A2' to bel 'X8/Y0/io0'
Info: constrained 'P1A3' to bel 'X6/Y0/io0'
Info: constrained 'P1A4' to bel 'X7/Y0/io1'
Info: constrained 'P1A7' to bel 'X9/Y0/io1'
Info: constrained 'P1A8' to bel 'X7/Y0/io0'
Info: constrained 'P1A9' to bel 'X5/Y0/io0'
Info: constrained 'P1A10' to bel 'X6/Y0/io1'
Info: constrained 'led1' to bel 'X18/Y31/io0'
Info: constrained 'led2' to bel 'X18/Y31/io1'
Info: constrained 'led3' to bel 'X19/Y31/io1'
Info: constrained 'led4' to bel 'X19/Y31/io0'
Info: constrained 'led5' to bel 'X18/Y0/io1'
Info: constrained 'ledr_n' to bel 'X17/Y0/io0'
Info: constrained 'ledg_n' to bel 'X13/Y31/io0'

Info: Packing constants..
Info: Packing IOs..
Info: flash_io0 feeds SB_IO flash_io_buf[0], removing $nextpnr_iobuf flash_io0.
Info: flash_io3 feeds SB_IO flash_io_buf[3], removing $nextpnr_iobuf flash_io3.
Info: flash_io2 feeds SB_IO flash_io_buf[2], removing $nextpnr_iobuf flash_io2.
Info: flash_io1 feeds SB_IO flash_io_buf[1], removing $nextpnr_iobuf flash_io1.
Info: Packing LUT-FFs..
Info:     3053 LCs used as LUT4 only
Info:     1114 LCs used as LUT4 and DFF
Info: Packing non-LUT FFs..
Info:      603 LCs used as DFF only
Info: Packing carries..
Info:      158 LCs used as CARRY only
Info: Packing indirect carry+LUT pairs...
Info:       68 LUTs merged into carry LCs
Info: Packing RAMs..
Info: Placing PLLs..
Info:   constrained PLL 'pll' to X12/Y31/pll_3
Info: Packing special functions..
Info: Packing PLLs..
Info:   PLL 'pll' has LOCK output, need to pass all outputs via LUT
Info:   constrained 'pll_locked_SB_LUT4_I0_LC' to X1/Y30/lc0
Info: Promoting globals..
Info: promoting iomem_ready_SB_LUT4_I2_O_SB_LUT4_I2_O[1] [reset] (fanout 548)
Info: promoting soc.cpu.genblk1.genblk1.pcpi_mul.mul_counter_SB_DFFE_Q_D_SB_LUT4_O_I3[0] [reset] (fanout 85)
Info: promoting soc.cpu.genblk2.pcpi_div.dq_SB_DFFE_Q_10_D_SB_LUT4_O_I3[1] [reset] (fanout 38)
Info: promoting soc.simpleuart.recv_buf_valid_SB_DFFSR_Q_D_SB_LUT4_O_I3_SB_LUT4_O_I3_SB_LUT4_O_I3_SB_CARRY_CO_I1_SB_CARRY_I1_CO_SB_LUT4_I3_O_SB_LUT4_I3_O [reset] (fanout 32)
Info: promoting resetn [cen] (fanout 215)
Info: promoting soc.gen_icache.icache_inst.state_SB_DFF_Q_1_D_SB_LUT4_O_I3_SB_LUT4_I3_1_O [cen] (fanout 128)
Info: promoting soc.cpu.genblk2.pcpi_div.running_SB_DFFSR_Q_D_SB_LUT4_I3_O [cen] (fanout 70)
Info: Constraining chains...
Info:       54 LCs used to legalise carry chains.
Info: Checksum: 0x2f9ea236

Info: Device utilisation:
Info: 	         ICESTORM_LC:    4916/   5280    93%
Info: 	        ICESTORM_RAM:      22/     30    73%
Info: 	               SB_IO:      24/     96    25%
Info: 	               SB_GB:       8/      8   100%
Info: 	        ICESTORM_PLL:       1/      1   100%
Info: 	         SB_WARMBOOT:       0/      1     0%
Info: 	        ICESTORM_DSP:       0/      8     0%
Info: 	      ICESTORM_HFOSC:       0/      1     0%
Info: 	      ICESTORM_LFOSC:       0/      1     0%
Info: 	              SB_I2C:       0/      2     0%
Info: 	              SB_SPI:       0/      2     0%
Info: 	              IO_I3C:       0/      2     0%
Info: 	         SB_LEDDA_IP:       0/      1     0%
Info: 	         SB_RGBA_DRV:       0/      1     0%
Info: 	      ICESTORM_SPRAM:       4/      4   100%

Info: Placed 26 cells based on constraints.
Info: Creating initial analytic placement for 4192 cells, random placement wirelen = 119865.
Info:     at initial placer iter 0, wirelen = 1904
Info:     at initial placer iter 1, wirelen = 1862
Info:     at initial placer iter 2, wirelen = 1936
Info:     at initial placer iter 3, wirelen = 2182
Info: Running main analytical placer, max placement attempts per cell = 3093828.
Info:     at iteration #1, type ALL: wirelen solved = 1987, spread = 42645, legal = 48681; time = 0.15s
Info:     at iteration #2, type ALL: wirelen solved = 2842, spread = 36070, legal = 40451; time = 0.10s
Info:     at iteration #3, type ALL: wirelen solved = 4468, spread = 34982, legal = 39513; time = 0.10s
Info:     at iteration #4, type ALL: wirelen solved = 5936, spread = 32434, legal = 39807; time = 0.14s
Info:     at iteration #5, type ALL: wirelen solved = 6989, spread = 30262, legal = 36782; time = 0.13s
Info:     at iteration #6, type ALL: wirelen solved = 7840, spread = 28773, legal = 36060; time = 0.17s
Info:     at iteration #7, type ALL: wirelen solved = 9014, spread = 27572, legal = 34880; time = 0.15s
Info:     at iteration #8, type ALL: wirelen solved = 9771, spread = 26594, legal = 34437; time = 0.13s
Info:     at iteration #9, type ALL: wirelen solved = 10606, spread = 26147, legal = 34216; time = 0.12s
Info:     at iteration #10, type ALL: wirelen solved = 11618, spread = 25594, legal = 32825; time = 0.13s
Info:     at iteration #11, type ALL: wirelen solved = 12288, spread = 25570, legal = 33276; time = 0.12s
Info:     at iteration #12, type ALL: wirelen solved = 13062, spread = 24957, legal = 33790; time = 0.15s
Info:     at iteration #13, type ALL: wirelen solved = 13525, spread = 25229, legal = 30426; time = 0.09s
Info:     at iteration #14, type ALL: wirelen solved = 14178, spread = 24508, legal = 32533; time = 0.13s
Info:     at iteration #15, type ALL: wirelen solved = 14552, spread = 24852, legal = 32187; time = 0.13s
Info:     at iteration #16, type ALL: wirelen solved = 14690, spread = 24658, legal = 32729; time = 0.12s
Info:     at iteration #17, type ALL: wirelen solved = 15062, spread = 24706, legal = 32282; time = 0.12s
Info:     at iteration #18, type ALL: wirelen solved = 15471, spread = 24359, legal = 32205; time = 0.12s
Info: HeAP Placer Time: 3.08s
Info:   of which solving equations: 1.39s
Info:   of which spreading cells: 0.17s
Info:   of which strict legalisation: 0.96s

Info: Running simulated annealing placer for refinement.
Info:   at iteration #1: temp = 0.000000, timing cost = 2544, wirelen = 30426
Info:   at iteration #5: temp = 0.000000, timing cost = 1878, wirelen = 26270
Info:   at iteration #10: temp = 0.000000, timing cost = 1976, wirelen = 25096
Info:   at iteration #15: temp = 0.000000, timing cost = 2011, wirelen = 24417
Info:   at iteration #20: temp = 0.000000, timing cost = 1957, wirelen = 24051
Info:   at iteration #25: temp = 0.000000, timing cost = 1945, wirelen = 23917
Info:   at iteration #30: temp = 0.000000, timing cost = 1940, wirelen = 23880
Info:   at iteration #30: temp = 0.000000, timing cost = 1940, wirelen = 23881 
Info: SA placement time 5.34s

Info: Max frequency for clock 'clk': 16.74 MHz (PASS at 12.00 MHz)

Info: Max delay <async>     -> posedge clk: 38.51 ns
Info: Max delay posedge clk -> <async>    : 15.40 ns
Info: Max delay negedge clk -> <async>    : 9.77 ns

Info: Slack histogram:
Info:  legend: * represents 25 endpoint(s)
Info:          + represents [1,25) endpoint(s)
Info: [ 23588,  26420) |+
Info: [ 26420,  29252) |*+
Info: [ 29252,  32084) |***+
Info: [ 32084,  34916) |****+
Info: [ 34916,  37748) |**+
Info: [ 37748,  40580) |**+
Info: [ 40580,  43412) |**+
Info: [ 43412,  46244) |*****+
Info: [ 46244,  49076) |******+
Info: [ 49076,  51908) |****+
Info: [ 51908,  54740) |****+
Info: [ 54740,  57572) |******+
Info: [ 57572,  60404) |*******+
Info: [ 60404,  63236) |********+
Info: [ 63236,  66068) |***************************+
Info: [ 66068,  68900) |******************************************+
Info: [ 68900,  71732) |************************+
Info: [ 71732,  74564) |**************************+
Info: [ 74564,  77396) |************************************+
Info: [ 77396,  80228) |************************************************************ 
Info: Checksum: 0x59865d02

Info: Routing..
Info: Setting up routing queue.
Info: Routing 16961 arcs.
Info:            |   (re-)routed arcs  |   delta    | remaining|       time spent     |
Info:    IterCnt |  w/ripup   wo/ripup |  w/r  wo/r |      arcs| batch(sec) total(sec)|
Info:       1000 |       58        941 |   58   941 |     16028|       0.42       0.42|
Info:       2000 |      141       1858 |   83   917 |     15159|       0.29       0.71|
Info:       3000 |      287       2706 |  146   848 |     14333|       0.14       0.85|
Info:       4000 |      442       3538 |  155   832 |     13522|       0.19       1.05|
Info:       5000 |      761       4219 |  319   681 |     12913|       0.23       1.27|
Info:       6000 |     1058       4922 |  297   703 |     12285|       0.24       1.51|
Info:       7000 |     1368       5593 |  310   671 |     11750|       0.30       1.81|
Info:       8000 |     1654       6306 |  286   713 |     11194|       0.33       2.14|
Info:       9000 |     1990       6943 |  336   637 |     10732|       0.32       2.46|
Info:      10000 |     2370       7531 |  380   588 |     10335|       0.36       2.82|
Info:      11000 |     2744       8153 |  374   622 |      9973|       0.38       3.20|
Info:      12000 |     3133       8734 |  389   581 |      9678|       0.35       3.55|
Info:      13000 |     3547       9289 |  414   555 |      9368|       0.38       3.93|
Info:      14000 |     3972       9836 |  425   547 |      9047|       0.33       4.26|
Info:      15000 |     4418      10362 |  446   526 |      8820|       0.37       4.63|
Info:      16000 |     4951      10829 |  533   467 |      8683|       0.46       5.09|
Info:      17000 |     5460      11320 |  509   491 |      8557|       0.43       5.52|
Info:      18000 |     5874      11906 |  414   586 |      8348|       0.36       5.87|
Info:      19000 |     6383      12394 |  509   488 |      8153|       0.42       6.30|
Info:      20000 |     6904      12873 |  521   479 |      8075|       0.44       6.73|
Info:      21000 |     7376      13399 |  472   526 |      7946|       0.48       7.21|
Info:      22000 |     7846      13858 |  470   459 |      7721|       0.40       7.62|
Info:      23000 |     8373      14279 |  527   421 |      7584|       0.42       8.04|
Info:      24000 |     8917      14727 |  544   448 |      7490|       0.39       8.43|
Info:      25000 |     9439      15204 |  522   477 |      7357|       0.47       8.90|
Info:      26000 |     9860      15729 |  421   525 |      7067|       0.37       9.26|
Info:      27000 |    10291      16243 |  431   514 |      6813|       0.41       9.67|
Info:      28000 |    10892      16641 |  601   398 |      6745|       0.43      10.10|
Info:      29000 |    11399      17133 |  507   492 |      6704|       0.40      10.50|
Info:      30000 |    11889      17640 |  490   507 |      6489|       0.41      10.91|
Info:      31000 |    12377      18151 |  488   511 |      6267|       0.39      11.29|
Info:      32000 |    12810      18717 |  433   566 |      5994|       0.37      11.67|
Info:      33000 |    13301      19226 |  491   509 |      5796|       0.39      12.06|
Info:      34000 |    13885      19642 |  584   416 |      5758|       0.41      12.47|
Info:      35000 |    14423      20104 |  538   462 |      5569|       0.36      12.83|
Info:      36000 |    14916      20583 |  493   479 |      5360|       0.31      13.14|
Info:      37000 |    15405      21082 |  489   499 |      5177|       0.36      13.50|
Info:      38000 |    15924      21560 |  519   478 |      4961|       0.40      13.90|
Info:      39000 |    16543      21941 |  619   381 |      4879|       0.44      14.34|
Info:      40000 |    17086      22398 |  543   457 |      4816|       0.42      14.75|
Info:      41000 |    17703      22781 |  617   383 |      4747|       0.50      15.25|
Info:      42000 |    18199      23285 |  496   504 |      4684|       0.44      15.69|
Info:      43000 |    18744      23737 |  545   452 |      4523|       1.21      16.90|
Info:      44000 |    19214      24267 |  470   530 |      4280|       0.46      17.37|
Info:      45000 |    19796      24682 |  582   415 |      4226|       0.43      17.80|
Info:      46000 |    20299      25149 |  503   467 |      4109|       0.47      18.27|
Info:      47000 |    20864      25584 |  565   435 |      4019|       0.41      18.68|
Info:      48000 |    21401      26045 |  537   461 |      3867|       0.43      19.12|
Info:      49000 |    21919      26497 |  518   452 |      3716|       0.36      19.47|
Info:      50000 |    22429      26984 |  510   487 |      3518|       0.37      19.85|
Info:      51000 |    22979      27434 |  550   450 |      3412|       0.51      20.36|
Info:      52000 |    23571      27832 |  592   398 |      3249|       0.46      20.82|
Info:      53000 |    24136      28267 |  565   435 |      3215|       0.50      21.32|
Info:      54000 |    24696      28704 |  560   437 |      3120|       0.42      21.74|
Info:      55000 |    25255      29142 |  559   438 |      2994|       0.49      22.23|
Info:      56000 |    25819      29574 |  564   432 |      2991|       0.55      22.78|
Info:      57000 |    26431      29962 |  612   388 |      2928|       0.56      23.34|
Info:      58000 |    27014      30377 |  583   415 |      2803|       0.63      23.97|
Info:      59000 |    27590      30801 |  576   424 |      2646|       0.61      24.58|
Info:      60000 |    28191      31199 |  601   398 |      2524|       0.53      25.11|
Info:      61000 |    28776      31613 |  585   414 |      2427|       0.56      25.67|
Info:      62000 |    29354      32035 |  578   422 |      2436|       0.57      26.24|
Info:      63000 |    29945      32443 |  591   408 |      2354|       0.44      26.68|
Info:      64000 |    30460      32927 |  515   484 |      2256|       0.43      27.10|
Info:      65000 |    31040      33347 |  580   420 |      2214|       0.62      27.72|
Info:      66000 |    31646      33741 |  606   394 |      2120|       0.54      28.27|
Info:      67000 |    32321      34066 |  675   325 |      2115|       0.50      28.77|
Info:      68000 |    32919      34459 |  598   393 |      1997|       0.55      29.32|
Info:      69000 |    33546      34832 |  627   373 |      2003|       0.56      29.88|
Info:      70000 |    34024      35350 |  478   518 |      1853|       0.50      30.39|
Info:      71000 |    34606      35768 |  582   418 |      1840|       0.56      30.94|
Info:      72000 |    35204      36169 |  598   401 |      1735|       0.47      31.41|
Info:      73000 |    35718      36650 |  514   481 |      1581|       0.45      31.87|
Info:      74000 |    36229      37126 |  511   476 |      1291|       0.39      32.26|
Info:      75000 |    36675      37680 |  446   554 |       929|       0.24      32.49|
Info:      76000 |    37099      38256 |  424   576 |       577|       0.58      33.08|
Info:      77000 |    37605      38750 |  506   494 |       287|       0.79      33.87|
Info:      78000 |    38137      39218 |  532   468 |        89|       0.91      34.77|
Info:      78350 |    38276      39430 |  139   212 |         0|       0.24      35.01|
Info: Routing complete.
Info: Router1 time 35.01s
Info: Checksum: 0xc766e199

Info: Critical path report for clock 'clk' (posedge -> posedge):
Info:       type curr  total name
Info:   clk-to-q  1.39  1.39 Source soc.cpu.mem_wstrb_SB_DFFE_Q_D_SB_LUT4_O_LC.O
Info:    routing  1.76  3.15 Net iomem_wstrb[3] (18,16) -> (18,16)
Info:                          Sink soc.cpu.mem_instr_SB_LUT4_I0_I3_SB_LUT4_O_LC.I0
Info:                          Defined in:
Info:                               picosoc.v:111.13-111.22
Info:      logic  1.28  4.43 Source soc.cpu.mem_instr_SB_LUT4_I0_I3_SB_LUT4_O_LC.O
Info:    routing  2.30  6.74 Net soc.cpu.mem_instr_SB_LUT4_I0_I3[3] (18,16) -> (21,16)
Info:                          Sink soc.cpu.mem_instr_SB_LUT4_I0_1_LC.I3
Info:                          Defined in:
Info:                               /home/ed667/oss-cad-suite/lib/../share/yosys/ice40/cells_map.v:6.21-6.22
Info:      logic  0.87  7.61 Source soc.cpu.mem_instr_SB_LUT4_I0_1_LC.O
Info:    routing  3.06  10.67 Net soc.cpu.mem_instr_SB_LUT4_I0_1_O[2] (21,16) -> (21,11)
Info:                          Sink soc.cpu.mem_instr_SB_LUT4_I0_1_O_SB_LUT4_I3_1_LC.I3
Info:                          Defined in:
Info:                               /home/ed667/oss-cad-suite/lib/../share/yosys/ice40/cells_map.v:6.21-6.22
Info:      logic  0.87  11.54 Source soc.cpu.mem_instr_SB_LUT4_I0_1_O_SB_LUT4_I3_1_LC.O
Info:    routing  3.06  14.60 Net flash_clk_SB_LUT4_I1_O_SB_LUT4_O_1_I0[3] (21,11) -> (22,15)
Info:                          Sink iomem_ready_SB_LUT4_I1_I2_SB_LUT4_I1_LC.I2
Info:                          Defined in:
Info:                               /home/ed667/oss-cad-suite/lib/../share/yosys/ice40/cells_map.v:6.21-6.22
Info:      logic  1.21  15.81 Source iomem_ready_SB_LUT4_I1_I2_SB_LUT4_I1_LC.O
Info:    routing  2.99  18.80 Net iomem_ready_SB_LUT4_I1_I2_SB_LUT4_I1_O[0] (22,15) -> (22,10)
Info:                          Sink soc.ram_ready_SB_LUT4_I0_1_I1_SB_LUT4_O_1_LC.I2
Info:                          Defined in:
Info:                               /home/ed667/oss-cad-suite/lib/../share/yosys/ice40/cells_map.v:6.21-6.22
Info:      logic  1.21  20.00 Source soc.ram_ready_SB_LUT4_I0_1_I1_SB_LUT4_O_1_LC.O
Info:    routing  1.76  21.76 Net soc.ram_ready_SB_LUT4_I0_1_I1[3] (22,10) -> (21,10)
Info:                          Sink soc.ram_ready_SB_LUT4_I0_1_LC.I3
Info:                          Defined in:
Info:                               /home/ed667/oss-cad-suite/lib/../share/yosys/ice40/cells_map.v:6.21-6.22
Info:      logic  0.87  22.64 Source soc.ram_ready_SB_LUT4_I0_1_LC.O
Info:    routing  1.76  24.40 Net soc.ram_ready_SB_LUT4_I0_1_O[3] (21,10) -> (20,10)
Info:                          Sink soc.ram_ready_SB_LUT4_I0_1_O_SB_LUT4_I1_LC.I3
Info:                          Defined in:
Info:                               /home/ed667/oss-cad-suite/lib/../share/yosys/ice40/cells_map.v:6.21-6.22
Info:      logic  0.87  25.27 Source soc.ram_ready_SB_LUT4_I0_1_O_SB_LUT4_I1_LC.O
Info:    routing  2.99  28.26 Net soc.cpu.mem_instr_SB_LUT4_I0_1_O_SB_LUT4_I1_I2[2] (20,10) -> (20,15)
Info:                          Sink soc.cpu.mem_instr_SB_LUT4_I0_1_O_SB_LUT4_I1_LC.I3
Info:                          Defined in:
Info:                               /home/ed667/oss-cad-suite/lib/../share/yosys/ice40/cells_map.v:6.21-6.22
Info:      logic  0.87  29.14 Source soc.cpu.mem_instr_SB_LUT4_I0_1_O_SB_LUT4_I1_LC.O
Info:    routing  3.60  32.74 Net soc.cpu.mem_instr_SB_LUT4_I0_1_O_SB_LUT4_I1_O[2] (20,15) -> (17,22)
Info:                          Sink soc.cpu.mem_xfer_SB_LUT4_O_LC.I3
Info:                          Defined in:
Info:                               /home/ed667/oss-cad-suite/lib/../share/yosys/ice40/cells_map.v:6.21-6.22
Info:      logic  0.87  33.61 Source soc.cpu.mem_xfer_SB_LUT4_O_LC.O
Info:    routing  2.41  36.02 Net soc.cpu.mem_rdata_q_SB_DFFE_Q_13_D[1] (17,22) -> (17,25)
Info:                          Sink soc.cpu.mem_state_SB_DFFESR_Q_D_SB_LUT4_O_I3_SB_LUT4_I2_O_SB_LUT4_I1_LC.I3
Info:                          Defined in:
Info:                               /home/ed667/oss-cad-suite/lib/../share/yosys/ice40/cells_map.v:6.21-6.22
Info:      logic  0.87  36.90 Source soc.cpu.mem_state_SB_DFFESR_Q_D_SB_LUT4_O_I3_SB_LUT4_I2_O_SB_LUT4_I1_LC.O
Info:    routing  1.76  38.66 Net soc.cpu.cpu_state_SB_DFF_Q_3_D_SB_LUT4_O_I2[3] (17,25) -> (16,26)
Info:                          Sink soc.cpu.decoder_pseudo_trigger_SB_DFFSR_Q_D_SB_LUT4_O_I3_SB_LUT4_O_LC.I3
Info:                          Defined in:
Info:                               /home/ed667/oss-cad-suite/lib/../share/yosys/ice40/cells_map.v:6.21-6.22
Info:      logic  0.87  39.53 Source soc.cpu.decoder_pseudo_trigger_SB_DFFSR_Q_D_SB_LUT4_O_I3_SB_LUT4_O_LC.O
Info:    routing  1.76  41.29 Net soc.cpu.cpu_state_SB_DFF_Q_5_D_SB_LUT4_O_I3_SB_LUT4_O_I1[2] (16,26) -> (16,27)
Info:                          Sink soc.cpu.decoder_pseudo_trigger_SB_DFFSR_Q_D_SB_LUT4_O_I3_SB_LUT4_I3_LC.I3
Info:                          Defined in:
Info:                               /home/ed667/oss-cad-suite/lib/../share/yosys/ice40/cells_map.v:6.21-6.22
Info:      logic  0.87  42.17 Source soc.cpu.decoder_pseudo_trigger_SB_DFFSR_Q_D_SB_LUT4_O_I3_SB_LUT4_I3_LC.O
Info:    routing  1.76  43.93 Net soc.cpu.decoder_pseudo_trigger_SB_DFFSR_Q_D_SB_LUT4_O_I3_SB_LUT4_I3_O[3] (16,27) -> (15,26)
Info:                          Sink soc.cpu.instr_sll_SB_LUT4_I1_O_SB_LUT4_I3_O_SB_LUT4_O_LC.I3
Info:                          Defined in:
Info:                               /home/ed667/oss-cad-suite/lib/../share/yosys/ice40/cells_map.v:6.21-6.22
Info:      logic  0.87  44.80 Source soc.cpu.instr_sll_SB_LUT4_I1_O_SB_LUT4_I3_O_SB_LUT4_O_LC.O
Info:    routing  4.22  49.02 Net soc.cpu.instr_sll_SB_LUT4_I1_O_SB_LUT4_I3_O[2] (15,26) -> (9,17)
Info:                          Sink soc.cpu.instr_sll_SB_LUT4_I1_O_SB_LUT4_I3_O_SB_LUT4_I1_LC.I2
Info:                          Defined in:
Info:                               /home/ed667/oss-cad-suite/lib/../share/yosys/ice40/cells_map.v:6.21-6.22
Info:      logic  1.21  50.23 Source soc.cpu.instr_sll_SB_LUT4_I1_O_SB_LUT4_I3_O_SB_LUT4_I1_LC.O
Info:    routing  3.70  53.93 Net soc.cpu.instr_sll_SB_LUT4_I1_O_SB_LUT4_I3_O_SB_LUT4_I1_O[3] (9,17) -> (10,27)
Info:                          Sink soc.cpu.reg_op1_SB_DFFE_Q_E_SB_LUT4_O_LC.I3
Info:                          Defined in:
Info:                               /home/ed667/oss-cad-suite/lib/../share/yosys/ice40/cells_map.v:6.21-6.22
Info:      logic  0.87  54.81 Source soc.cpu.reg_op1_SB_DFFE_Q_E_SB_LUT4_O_LC.O
Info:    routing  2.99  57.80 Net soc.cpu.reg_op1_SB_DFFE_Q_E (10,27) -> (11,27)
Info:                          Sink soc.cpu.reg_op1_SB_DFFE_Q_D_SB_LUT4_O_LC.CEN
Info:      setup  0.10  57.90 Source soc.cpu.reg_op1_SB_DFFE_Q_D_SB_LUT4_O_LC.CEN
Info: 16.00 ns logic, 41.90 ns routing

Info: Critical path report for cross-domain path '<async>' -> 'posedge clk':
Info:       type curr  total name
Info:     source  0.00  0.00 Source flash_io_buf[2].D_IN_0
Info:    routing  4.45  4.45 Net flash_io2_di (18,0) -> (20,9)
Info:                          Sink flash_io2_di_SB_LUT4_I1_LC.I1
Info:                          Defined in:
Info:                               picosoc.v:153.14-153.32
Info:      logic  1.23  5.68 Source flash_io2_di_SB_LUT4_I1_LC.O
Info:    routing  1.76  7.44 Net flash_io2_di_SB_LUT4_I1_O[2] (20,9) -> (20,9)
Info:                          Sink flash_io2_di_SB_LUT4_I1_O_SB_LUT4_I1_LC.I2
Info:                          Defined in:
Info:                               /home/ed667/oss-cad-suite/lib/../share/yosys/ice40/cells_map.v:6.21-6.22
Info:      logic  1.21  8.64 Source flash_io2_di_SB_LUT4_I1_O_SB_LUT4_I1_LC.O
Info:    routing  2.30  10.95 Net flash_io2_di_SB_LUT4_I1_O_SB_LUT4_I1_O[0] (20,9) -> (18,9)
Info:                          Sink soc.gen_icache.icache_inst.miss_rdata_SB_DFFESR_Q_29_D_SB_LUT4_O_I1_SB_LUT4_O_2_LC.I2
Info:                          Defined in:
Info:                               /home/ed667/oss-cad-suite/lib/../share/yosys/ice40/cells_map.v:6.21-6.22
Info:      logic  1.21  12.15 Source soc.gen_icache.icache_inst.miss_rdata_SB_DFFESR_Q_29_D_SB_LUT4_O_I1_SB_LUT4_O_2_LC.O
Info:    routing  3.60  15.75 Net soc.gen_icache.icache_inst.miss_rdata_SB_DFFESR_Q_29_D_SB_LUT4_O_I1[3] (18,9) -> (16,15)
Info:                          Sink soc.gen_icache.icache_inst.data_array.0.1_RDATA_1_SB_LUT4_I0_O_SB_LUT4_O_1_LC.I3
Info:                          Defined in:
Info:                               /home/ed667/oss-cad-suite/lib/../share/yosys/ice40/cells_map.v:6.21-6.22
Info:      logic  0.87  16.63 Source soc.gen_icache.icache_inst.data_array.0.1_RDATA_1_SB_LUT4_I0_O_SB_LUT4_O_1_LC.O
Info:    routing  2.99  19.62 Net soc.gen_icache.icache_inst.data_array.0.1_RDATA_1_SB_LUT4_I0_O[3] (16,15) -> (16,21)
Info:                          Sink soc.gen_icache.icache_inst.data_array.0.1_RDATA_1_SB_LUT4_I0_O_SB_LUT4_I0_LC.I3
Info:                          Defined in:
Info:                               /home/ed667/oss-cad-suite/lib/../share/yosys/ice40/cells_map.v:6.21-6.22
Info:      logic  0.87  20.49 Source soc.gen_icache.icache_inst.data_array.0.1_RDATA_1_SB_LUT4_I0_O_SB_LUT4_I0_LC.O
Info:    routing  1.76  22.25 Net soc.cpu.mem_rdata_q_SB_DFFE_Q_29_D[2] (16,21) -> (17,22)
Info:                          Sink soc.cpu.mem_rdata_q_SB_DFFE_Q_27_D_SB_LUT4_I3_O_SB_LUT4_O_2_LC.I3
Info:                          Defined in:
Info:                               /home/ed667/oss-cad-suite/lib/../share/yosys/ice40/cells_map.v:6.21-6.22
Info:      logic  0.87  23.13 Source soc.cpu.mem_rdata_q_SB_DFFE_Q_27_D_SB_LUT4_I3_O_SB_LUT4_O_2_LC.O
Info:    routing  1.76  24.89 Net soc.cpu.mem_rdata_q_SB_DFFE_Q_27_D_SB_LUT4_I3_O[1] (17,22) -> (17,22)
Info:                          Sink soc.cpu.mem_rdata_q_SB_DFFE_Q_27_D_SB_LUT4_I3_O_SB_LUT4_I0_LC.I1
Info:                          Defined in:
Info:                               /home/ed667/oss-cad-suite/lib/../share/yosys/ice40/cells_map.v:6.21-6.22
Info:      logic  1.23  26.12 Source soc.cpu.mem_rdata_q_SB_DFFE_Q_27_D_SB_LUT4_I3_O_SB_LUT4_I0_LC.O
Info:    routing  2.95  29.07 Net soc.cpu.instr_waitirq_SB_DFFE_Q_D_SB_LUT4_O_I2[3] (17,22) -> (15,23)
Info:                          Sink soc.cpu.decoded_imm_j_SB_DFFE_Q_3_D_SB_LUT4_I3_O_SB_LUT4_O_1_LC.I3
Info:                          Defined in:
Info:                               /home/ed667/oss-cad-suite/lib/../share/yosys/ice40/cells_map.v:6.21-6.22
Info:      logic  0.87  29.94 Source soc.cpu.decoded_imm_j_SB_DFFE_Q_3_D_SB_LUT4_I3_O_SB_LUT4_O_1_LC.O
Info:    routing  1.76  31.71 Net soc.cpu.decoded_imm_j_SB_DFFE_Q_3_D_SB_LUT4_I3_O[1] (15,23) -> (14,22)
Info:                          Sink soc.cpu.cpuregs.regs.1.0_RADDR_4_SB_LUT4_O_1_LC.I3
Info:                          Defined in:
Info:                               /home/ed667/oss-cad-suite/lib/../share/yosys/ice40/cells_map.v:6.21-6.22
Info:      logic  0.87  32.58 Source soc.cpu.cpuregs.regs.1.0_RADDR_4_SB_LUT4_O_1_LC.O
Info:    routing  1.76  34.34 Net soc.cpu.cpuregs.regs.1.0_RADDR_4[3] (14,22) -> (15,23)
Info:                          Sink soc.cpu.cpuregs.regs.1.0_RADDR_3_SB_LUT4_I2_O_SB_LUT4_O_2_LC.I3
Info:                          Defined in:
Info:                               /home/ed667/oss-cad-suite/lib/../share/yosys/ice40/cells_map.v:6.21-6.22
Info:      logic  0.87  35.22 Source soc.cpu.cpuregs.regs.1.0_RADDR_3_SB_LUT4_I2_O_SB_LUT4_O_2_LC.O
Info:    routing  2.41  37.62 Net soc.cpu.cpuregs.regs.1.0_RADDR_3_SB_LUT4_I2_O[3] (15,23) -> (16,26)
Info:                          Sink soc.cpu.cpuregs.regs.1.1_RDATA_14_SB_DFF_Q_1_D_SB_LUT4_O_LC.I3
Info:                          Defined in:
Info:                               /home/ed667/oss-cad-suite/lib/../share/yosys/ice40/cells_map.v:6.21-6.22
Info:      setup  0.82  38.45 Source soc.cpu.cpuregs.regs.1.1_RDATA_14_SB_DFF_Q_1_D_SB_LUT4_O_LC.I3
Info: 10.94 ns logic, 27.51 ns routing

Info: Critical path report for cross-domain path 'posedge clk' -> '<async>':
Info:       type curr  total name
Info:   clk-to-q  1.39  1.39 Source soc.spimemio.xfer.dummy_count_SB_DFFESR_Q_D_SB_LUT4_O_LC.O
Info:    routing  1.76  3.15 Net soc.spimemio.xfer.dummy_count[3] (23,3) -> (22,2)
Info:                          Sink soc.spimemio.xfer.dummy_count_SB_LUT4_I0_LC.I0
Info:                          Defined in:
Info:                               spimemio.v:417.12-417.23
Info:      logic  1.28  4.43 Source soc.spimemio.xfer.dummy_count_SB_LUT4_I0_LC.O
Info:    routing  1.76  6.20 Net soc.spimemio.din_valid_SB_LUT4_I2_O[1] (22,2) -> (21,2)
Info:                          Sink soc.spimemio.xfer.xfer_rd_SB_LUT4_I2_LC.I3
Info:                          Defined in:
Info:                               /home/ed667/oss-cad-suite/lib/../share/yosys/ice40/cells_map.v:6.21-6.22
Info:      logic  0.87  7.07 Source soc.spimemio.xfer.xfer_rd_SB_LUT4_I2_LC.O
Info:    routing  1.76  8.83 Net soc.spimemio.xfer.xfer_rd_SB_LUT4_I2_O[2] (21,2) -> (21,2)
Info:                          Sink soc.spimemio.xfer.xfer_rd_SB_LUT4_I2_O_SB_LUT4_I3_LC.I3
Info:                          Defined in:
Info:                               /home/ed667/oss-cad-suite/lib/../share/yosys/ice40/cells_map.v:6.21-6.22
Info:      logic  0.87  9.70 Source soc.spimemio.xfer.xfer_rd_SB_LUT4_I2_O_SB_LUT4_I3_LC.O
Info:    routing  1.76  11.47 Net soc.spimemio.xfer.xfer_rd_SB_LUT4_I2_O_SB_LUT4_I3_O[1] (21,2) -> (21,2)
Info:                          Sink flash_io1_oe_SB_LUT4_O_LC.I3
Info:                          Defined in:
Info:                               /home/ed667/oss-cad-suite/lib/../share/yosys/ice40/cells_map.v:6.21-6.22
Info:      logic  0.87  12.34 Source flash_io1_oe_SB_LUT4_O_LC.O
Info:    routing  4.25  16.59 Net flash_io1_oe (21,2) -> (23,0)
Info:                          Sink flash_io_buf[1].OUTPUT_ENABLE
Info:                          Defined in:
Info:                               picosoc.v:153.14-153.32
Info: 5.30 ns logic, 11.29 ns routing

Info: Critical path report for cross-domain path 'negedge clk' -> '<async>':
Info:       type curr  total name
Info:   clk-to-q  1.39  1.39 Source soc.spimemio.xfer_io2_90_SB_DFFN_Q_DFFLC.O
Info:    routing  1.76  3.15 Net soc.spimemio.xfer_io2_90 (21,1) -> (21,1)
Info:                          Sink soc.spimemio.xfer_io2_90_SB_LUT4_I2_LC.I2
Info:                          Defined in:
Info:                               /home/ed667/oss-cad-suite/lib/../share/yosys/ice40/cells_map.v:6.21-6.22
Info:      logic  1.21  4.36 Source soc.spimemio.xfer_io2_90_SB_LUT4_I2_LC.O
Info:    routing  1.76  6.12 Net flash_io2_do_SB_LUT4_O_I3[2] (21,1) -> (20,1)
Info:                          Sink flash_io2_do_SB_LUT4_O_LC.I3
Info:                          Defined in:
Info:                               /home/ed667/oss-cad-suite/lib/../share/yosys/ice40/cells_map.v:6.21-6.22
Info:      logic  0.87  6.99 Source flash_io2_do_SB_LUT4_O_LC.O
Info:    routing  3.06  10.05 Net flash_io2_do (20,1) -> (18,0)
Info:                          Sink flash_io_buf[2].D_OUT_0
Info:                          Defined in:
Info:                               spimemio.v:38.9-38.21
Info: 3.47 ns logic, 6.58 ns routing

Info: Max frequency for clock 'clk': 17.27 MHz (PASS at 12.00 MHz)

Info: Max delay <async>     -> posedge clk: 38.45 ns
Info: Max delay posedge clk -> <async>    : 16.59 ns
Info: Max delay negedge clk -> <async>    : 10.05 ns

Info: Slack histogram:
Info:  legend: * represents 21 endpoint(s)
Info:          + represents [1,21) endpoint(s)
Info: [ 25434,  28167) |+
Info: [ 28167,  30900) |*+
Info: [ 30900,  33633) |*+
Info: [ 33633,  36366) |*+
Info: [ 36366,  39099) |*+
Info: [ 39099,  41832) |*********+
Info: [ 41832,  44565) |***+
Info: [ 44565,  47298) |********+
Info: [ 47298,  50031) |*****+
Info: [ 50031,  52764) |********+
Info: [ 52764,  55497) |****+
Info: [ 55497,  58230) |********+
Info: [ 58230,  60963) |***********+
Info: [ 60963,  63696) |***************+
Info: [ 63696,  66429) |*********************+
Info: [ 66429,  69162) |*******************************+
Info: [ 69162,  71895) |************************************************************ 
Info: [ 71895,  74628) |*************************+
Info: [ 74628,  77361) |*******************************************************+
Info: [ 77361,  80094) |*********************************************************+

Info: Program finished normally.
