COMMAND: nextpnr-ice40 --up5k --package sg48 --json design.json --pcf icebreaker.pcf --asc design.asc --pcf-allow-unconstrained

STDOUT:


STDERR:
Info: constrained 'clk_in' to bel 'X12/Y31/io1'
Info: constrained 'ser_rx' to bel 'X13/Y0/io1'
Info: constrained 'ser_tx' to bel 'X15/Y0/io0'
Info: constrained 'flash_clk' to bel 'X24/Y0/io0'
Info: constrained 'flash_csb' to bel 'X24/Y0/io1'
Info: constrained 'flash_io0' to bel 'X23/Y0/io0'
Info: constrained 'flash_io1' to bel 'X23/Y0/io1'
Info: constrained 'flash_io2' to bel 'X18/Y0/io0'
Info: constrained 'flash_io3' to bel 'X19/Y0/io0'
Info: constrained 'P1A1' to bel 'X9/Y0/io0'
Info: constrained 'P1A2' to bel 'X8/Y0/io0'
Info: constrained 'P1A3' to bel 'X6/Y0/io0'
Info: constrained 'P1A4' to bel 'X7/Y0/io1'
Info: constrained 'P1A7' to bel 'X9/Y0/io1'
Info: constrained 'P1A8' to bel 'X7/Y0/io0'
Info: constrained 'P1A9' to bel 'X5/Y0/io0'
Info: constrained 'P1A10' to bel 'X6/Y0/io1'
Info: constrained 'led1' to bel 'X18/Y31/io0'
Info: constrained 'led2' to bel 'X18/Y31/io1'
Info: constrained 'led3' to bel 'X19/Y31/io1'
Info: constrained 'led4' to bel 'X19/Y31/io0'
Info: constrained 'led5' to bel 'X18/Y0/io1'
Info: constrained 'ledr_n' to bel 'X17/Y0/io0'
Info: constrained 'ledg_n' to bel 'X13/Y31/io0'

Info: Packing constants..
Info: Packing IOs..
Info: flash_io3 feeds SB_IO flash_io_buf[3], removing $nextpnr_iobuf flash_io3.
Info: flash_io2 feeds SB_IO flash_io_buf[2], removing $nextpnr_iobuf flash_io2.
Info: flash_io1 feeds SB_IO flash_io_buf[1], removing $nextpnr_iobuf flash_io1.
Info: flash_io0 feeds SB_IO flash_io_buf[0], removing $nextpnr_iobuf flash_io0.
Info: Packing LUT-FFs..
Info:     3075 LCs used as LUT4 only
Info:     1096 LCs used as LUT4 and DFF
Info: Packing non-LUT FFs..
Info:      598 LCs used as DFF only
Info: Packing carries..
Info:      110 LCs used as CARRY only
Info: Packing indirect carry+LUT pairs...
Info:       38 LUTs merged into carry LCs
Info: Packing RAMs..
Info: Placing PLLs..
Info:   constrained PLL 'pll' to X12/Y31/pll_3
Info: Packing special functions..
Info: Packing PLLs..
Info:   PLL 'pll' has LOCK output, need to pass all outputs via LUT
Info:   constrained 'pll_locked_SB_LUT4_I0_LC' to X1/Y30/lc0
Info: Promoting globals..
Info: promoting iomem_ready_SB_LUT4_I3_O_SB_LUT4_I1_O[1] [reset] (fanout 552)
Info: promoting soc.cpu.genblk1.genblk1.pcpi_mul.mul_counter_SB_DFFE_Q_D_SB_LUT4_O_I3[0] [reset] (fanout 85)
Info: promoting soc.cpu.genblk2.pcpi_div.dq_SB_DFFE_Q_10_D_SB_LUT4_O_I3[1] [reset] (fanout 38)
Info: promoting soc.simpleuart.send_dummy_SB_LUT4_I2_I3_SB_LUT4_I0_O_SB_LUT4_I2_O [reset] (fanout 32)
Info: promoting resetn [cen] (fanout 215)
Info: promoting soc.gen_icache.icache_inst.state_SB_DFF_Q_1_D_SB_LUT4_O_I3_SB_LUT4_I3_1_O [cen] (fanout 128)
Info: promoting soc.cpu.genblk2.pcpi_div.running_SB_DFFSR_Q_D_SB_LUT4_I3_O [cen] (fanout 70)
Info: Constraining chains...
Info:       51 LCs used to legalise carry chains.
Info: Checksum: 0xe33025a6

Info: Device utilisation:
Info: 	         ICESTORM_LC:    4894/   5280    92%
Info: 	        ICESTORM_RAM:      22/     30    73%
Info: 	               SB_IO:      24/     96    25%
Info: 	               SB_GB:       8/      8   100%
Info: 	        ICESTORM_PLL:       1/      1   100%
Info: 	         SB_WARMBOOT:       0/      1     0%
Info: 	        ICESTORM_DSP:       0/      8     0%
Info: 	      ICESTORM_HFOSC:       0/      1     0%
Info: 	      ICESTORM_LFOSC:       0/      1     0%
Info: 	              SB_I2C:       0/      2     0%
Info: 	              SB_SPI:       0/      2     0%
Info: 	              IO_I3C:       0/      2     0%
Info: 	         SB_LEDDA_IP:       0/      1     0%
Info: 	         SB_RGBA_DRV:       0/      1     0%
Info: 	      ICESTORM_SPRAM:       4/      4   100%

Info: Placed 26 cells based on constraints.
Info: Creating initial analytic placement for 4220 cells, random placement wirelen = 118980.
Info:     at initial placer iter 0, wirelen = 1958
Info:     at initial placer iter 1, wirelen = 1908
Info:     at initial placer iter 2, wirelen = 1940
Info:     at initial placer iter 3, wirelen = 1959
Info: Running main analytical placer, max placement attempts per cell = 3066526.
Info:     at iteration #1, type ALL: wirelen solved = 1968, spread = 43198, legal = 49381; time = 0.17s
Info:     at iteration #2, type ALL: wirelen solved = 2480, spread = 36255, legal = 44232; time = 0.14s
Info:     at iteration #3, type ALL: wirelen solved = 4314, spread = 35687, legal = 42075; time = 0.14s
Info:     at iteration #4, type ALL: wirelen solved = 5509, spread = 33268, legal = 39791; time = 0.14s
Info:     at iteration #5, type ALL: wirelen solved = 7107, spread = 30389, legal = 36930; time = 0.13s
Info:     at iteration #6, type ALL: wirelen solved = 7848, spread = 28824, legal = 35107; time = 0.13s
Info:     at iteration #7, type ALL: wirelen solved = 9301, spread = 27692, legal = 33832; time = 0.13s
Info:     at iteration #8, type ALL: wirelen solved = 9873, spread = 27468, legal = 34617; time = 0.14s
Info:     at iteration #9, type ALL: wirelen solved = 10891, spread = 26965, legal = 33646; time = 0.12s
Info:     at iteration #10, type ALL: wirelen solved = 11652, spread = 26658, legal = 32637; time = 0.14s
Info:     at iteration #11, type ALL: wirelen solved = 12857, spread = 26118, legal = 32680; time = 0.14s
Info:     at iteration #12, type ALL: wirelen solved = 13432, spread = 25266, legal = 33141; time = 0.13s
Info:     at iteration #13, type ALL: wirelen solved = 13666, spread = 25285, legal = 32262; time = 0.13s
Info:     at iteration #14, type ALL: wirelen solved = 14220, spread = 24888, legal = 31570; time = 0.14s
Info:     at iteration #15, type ALL: wirelen solved = 14490, spread = 24881, legal = 31372; time = 0.16s
Info:     at iteration #16, type ALL: wirelen solved = 14933, spread = 24628, legal = 31718; time = 0.12s
Info:     at iteration #17, type ALL: wirelen solved = 15154, spread = 24690, legal = 31044; time = 0.12s
Info:     at iteration #18, type ALL: wirelen solved = 15760, spread = 24417, legal = 30955; time = 0.12s
Info:     at iteration #19, type ALL: wirelen solved = 15703, spread = 24602, legal = 31103; time = 0.12s
Info:     at iteration #20, type ALL: wirelen solved = 16149, spread = 24704, legal = 31405; time = 0.12s
Info:     at iteration #21, type ALL: wirelen solved = 16089, spread = 24598, legal = 30774; time = 0.11s
Info:     at iteration #22, type ALL: wirelen solved = 16438, spread = 24637, legal = 31491; time = 0.12s
Info:     at iteration #23, type ALL: wirelen solved = 16618, spread = 24579, legal = 31426; time = 0.10s
Info:     at iteration #24, type ALL: wirelen solved = 16825, spread = 24807, legal = 32563; time = 0.12s
Info:     at iteration #25, type ALL: wirelen solved = 17129, spread = 24845, legal = 32317; time = 0.12s
Info:     at iteration #26, type ALL: wirelen solved = 17518, spread = 24746, legal = 30648; time = 0.12s
Info:     at iteration #27, type ALL: wirelen solved = 17650, spread = 24788, legal = 31535; time = 0.12s
Info:     at iteration #28, type ALL: wirelen solved = 17712, spread = 24946, legal = 31441; time = 0.11s
Info:     at iteration #29, type ALL: wirelen solved = 17951, spread = 24998, legal = 31149; time = 0.12s
Info:     at iteration #30, type ALL: wirelen solved = 18049, spread = 25489, legal = 32007; time = 0.11s
Info:     at iteration #31, type ALL: wirelen solved = 18281, spread = 25184, legal = 32025; time = 0.14s
Info: HeAP Placer Time: 5.11s
Info:   of which solving equations: 2.19s
Info:   of which spreading cells: 0.30s
Info:   of which strict legalisation: 1.66s

Info: Running simulated annealing placer for refinement.
Info:   at iteration #1: temp = 0.000000, timing cost = 2196, wirelen = 30648
Info:   at iteration #5: temp = 0.000000, timing cost = 2038, wirelen = 26708
Info:   at iteration #10: temp = 0.000000, timing cost = 1880, wirelen = 25507
Info:   at iteration #15: temp = 0.000000, timing cost = 1859, wirelen = 24736
Info:   at iteration #20: temp = 0.000000, timing cost = 1836, wirelen = 24410
Info:   at iteration #25: temp = 0.000000, timing cost = 1824, wirelen = 24305
Info:   at iteration #30: temp = 0.000000, timing cost = 1819, wirelen = 24227
Info:   at iteration #34: temp = 0.000000, timing cost = 1824, wirelen = 24194 
Info: SA placement time 6.69s

Info: Max frequency for clock 'clk': 16.79 MHz (PASS at 12.00 MHz)

Info: Max delay <async>     -> posedge clk: 37.01 ns
Info: Max delay posedge clk -> <async>    : 17.68 ns
Info: Max delay negedge clk -> <async>    : 9.77 ns

Info: Slack histogram:
Info:  legend: * represents 24 endpoint(s)
Info:          + represents [1,24) endpoint(s)
Info: [ 23778,  26600) |*+
Info: [ 26600,  29422) |**+
Info: [ 29422,  32244) |**+
Info: [ 32244,  35066) |*+
Info: [ 35066,  37888) |******+
Info: [ 37888,  40710) |*+
Info: [ 40710,  43532) |***+
Info: [ 43532,  46354) |****+
Info: [ 46354,  49176) |****+
Info: [ 49176,  51998) |********+
Info: [ 51998,  54820) |*******+
Info: [ 54820,  57642) |*****+
Info: [ 57642,  60464) |******+
Info: [ 60464,  63286) |*********+
Info: [ 63286,  66108) |******************************+
Info: [ 66108,  68930) |****************************************+
Info: [ 68930,  71752) |*******************************+
Info: [ 71752,  74574) |***************************+
Info: [ 74574,  77396) |************************************+
Info: [ 77396,  80218) |************************************************************ 
Info: Checksum: 0xdafd2936

Info: Routing..
Info: Setting up routing queue.
Info: Routing 16923 arcs.
Info:            |   (re-)routed arcs  |   delta    | remaining|       time spent     |
Info:    IterCnt |  w/ripup   wo/ripup |  w/r  wo/r |      arcs| batch(sec) total(sec)|
Info:       1000 |       56        943 |   56   943 |     15990|       0.44       0.44|
Info:       2000 |      128       1871 |   72   928 |     15096|       0.36       0.80|
Info:       3000 |      287       2712 |  159   841 |     14293|       0.20       1.00|
Info:       4000 |      452       3547 |  165   835 |     13524|       0.17       1.17|
Info:       5000 |      766       4233 |  314   686 |     12884|       0.20       1.37|
Info:       6000 |     1033       4966 |  267   733 |     12222|       0.27       1.64|
Info:       7000 |     1278       5703 |  245   737 |     11603|       0.30       1.94|
Info:       8000 |     1522       6426 |  244   723 |     10983|       0.28       2.22|
Info:       9000 |     1857       7066 |  335   640 |     10586|       0.29       2.51|
Info:      10000 |     2269       7651 |  412   585 |     10227|       0.37       2.87|
Info:      11000 |     2670       8249 |  401   598 |      9883|       0.34       3.21|
Info:      12000 |     3088       8801 |  418   552 |      9669|       0.41       3.62|
Info:      13000 |     3551       9337 |  463   536 |      9539|       0.36       3.98|
Info:      14000 |     3972       9860 |  421   523 |      9302|       0.31       4.29|
Info:      15000 |     4337      10492 |  365   632 |      9007|       0.30       4.59|
Info:      16000 |     4825      11004 |  488   512 |      8847|       0.41       5.00|
Info:      17000 |     5250      11579 |  425   575 |      8601|       0.31       5.31|
Info:      18000 |     5711      12090 |  461   511 |      8426|       0.32       5.63|
Info:      19000 |     6170      12631 |  459   541 |      8235|       1.22       6.84|
Info:      20000 |     6639      13160 |  469   529 |      8097|       0.36       7.21|
Info:      21000 |     7170      13626 |  531   466 |      7976|       0.34       7.55|
Info:      22000 |     7648      14123 |  478   497 |      7752|       0.34       7.89|
Info:      23000 |     8165      14606 |  517   483 |      7617|       0.43       8.32|
Info:      24000 |     8694      15046 |  529   440 |      7464|       0.45       8.77|
Info:      25000 |     9209      15507 |  515   461 |      7322|       0.40       9.16|
Info:      26000 |     9747      15943 |  538   436 |      7203|       0.40       9.56|
Info:      27000 |    10221      16440 |  474   497 |      7036|       0.38       9.94|
Info:      28000 |    10759      16877 |  538   437 |      6965|       0.49      10.43|
Info:      29000 |    11274      17362 |  515   485 |      6834|       0.45      10.88|
Info:      30000 |    11775      17829 |  501   467 |      6570|       0.33      11.21|
Info:      31000 |    12340      18262 |  565   433 |      6510|       0.46      11.67|
Info:      32000 |    12867      18688 |  527   426 |      6360|       0.51      12.18|
Info:      33000 |    13348      19207 |  481   519 |      6261|       0.33      12.52|
Info:      34000 |    13810      19740 |  462   533 |      5962|       0.37      12.89|
Info:      35000 |    14303      20242 |  493   502 |      5783|       0.41      13.30|
Info:      36000 |    14827      20718 |  524   476 |      5723|       0.51      13.81|
Info:      37000 |    15355      21190 |  528   472 |      5708|       0.42      14.22|
Info:      38000 |    15900      21645 |  545   455 |      5683|       0.43      14.65|
Info:      39000 |    16397      22148 |  497   503 |      5519|       0.40      15.05|
Info:      40000 |    16907      22638 |  510   490 |      5336|       0.36      15.40|
Info:      41000 |    17414      23131 |  507   493 |      5229|       0.49      15.90|
Info:      42000 |    17991      23553 |  577   422 |      5087|       0.39      16.29|
Info:      43000 |    18532      24009 |  541   456 |      4959|       0.53      16.82|
Info:      44000 |    19094      24444 |  562   435 |      4859|       0.38      17.20|
Info:      45000 |    19654      24884 |  560   440 |      4731|       0.36      17.56|
Info:      46000 |    20219      25316 |  565   432 |      4727|       0.44      18.00|
Info:      47000 |    20742      25793 |  523   477 |      4610|       0.44      18.45|
Info:      48000 |    21239      26296 |  497   503 |      4466|       0.48      18.92|
Info:      49000 |    21776      26759 |  537   463 |      4308|       0.39      19.31|
Info:      50000 |    22310      27222 |  534   463 |      4164|       0.47      19.79|
Info:      51000 |    22862      27667 |  552   445 |      4001|       0.43      20.22|
Info:      52000 |    23453      28043 |  591   376 |      3925|       0.44      20.65|
Info:      53000 |    24003      28466 |  550   423 |      3790|       0.40      21.06|
Info:      54000 |    24481      28986 |  478   520 |      3668|       0.43      21.49|
Info:      55000 |    24954      29508 |  473   522 |      3492|       0.42      21.91|
Info:      56000 |    25530      29932 |  576   424 |      3488|       0.48      22.39|
Info:      57000 |    26092      30370 |  562   438 |      3374|       0.46      22.85|
Info:      58000 |    26646      30815 |  554   445 |      3293|       0.52      23.37|
Info:      59000 |    27124      31334 |  478   519 |      3198|       0.45      23.82|
Info:      60000 |    27656      31799 |  532   465 |      3140|       0.39      24.21|
Info:      61000 |    28265      32189 |  609   390 |      3105|       0.52      24.73|
Info:      62000 |    28805      32639 |  540   450 |      2993|       0.54      25.26|
Info:      63000 |    29418      33026 |  613   387 |      2960|       0.51      25.78|
Info:      64000 |    30052      33392 |  634   366 |      2958|       0.58      26.35|
Info:      65000 |    30636      33808 |  584   416 |      2865|       0.47      26.82|
Info:      66000 |    31276      34168 |  640   360 |      2800|       1.26      28.08|
Info:      67000 |    31792      34644 |  516   476 |      2586|       0.40      28.49|
Info:      68000 |    32421      35015 |  629   371 |      2591|       0.73      29.22|
Info:      69000 |    32979      35457 |  558   442 |      2537|       0.43      29.65|
Info:      70000 |    33482      35954 |  503   497 |      2398|       0.45      30.09|
Info:      71000 |    34014      36422 |  532   468 |      2284|       0.74      30.84|
Info:      72000 |    34651      36783 |  637   361 |      2203|       0.48      31.32|
Info:      73000 |    35251      37183 |  600   400 |      2150|       0.49      31.81|
Info:      74000 |    35843      37589 |  592   406 |      2078|       0.39      32.20|
Info:      75000 |    36419      38009 |  576   420 |      1990|       0.41      32.61|
Info:      76000 |    36961      38458 |  542   449 |      1863|       0.37      32.97|
Info:      77000 |    37334      39073 |  373   615 |      1526|       0.28      33.26|
Info:      78000 |    37884      39514 |  550   441 |      1290|       0.37      33.62|
Info:      79000 |    38214      40184 |  330   670 |       749|       0.32      33.94|
Info:      80000 |    38676      40722 |  462   538 |       456|       0.76      34.69|
Info:      81000 |    39199      41199 |  523   477 |       255|       2.08      36.78|
Info:      82000 |    39881      41517 |  682   318 |       297|       0.72      37.50|
Info:      83000 |    40445      41953 |  564   436 |       186|       0.92      38.42|
Info:      83763 |    40823      42339 |  378   386 |         0|       2.83      41.25|
Info: Routing complete.
Info: Router1 time 41.25s
Info: Checksum: 0x57ef69b7

Info: Critical path report for clock 'clk' (posedge -> posedge):
Info:       type curr  total name
Info:   clk-to-q  1.39  1.39 Source soc.cpu.mem_addr_SB_DFFE_Q_24_DFFLC.O
Info:    routing  2.95  4.34 Net iomem_addr[7] (20,25) -> (23,29)
Info:                          Sink soc.gen_icache.icache_inst.valid_array_SB_DFFESR_Q_7_D_SB_LUT4_O_I3_SB_LUT4_O_I3_SB_LUT4_O_LC.I2
Info:                          Defined in:
Info:                               /home/ed667/oss-cad-suite/lib/../share/yosys/ice40/cells_map.v:6.21-6.22
Info:      logic  1.21  5.55 Source soc.gen_icache.icache_inst.valid_array_SB_DFFESR_Q_7_D_SB_LUT4_O_I3_SB_LUT4_O_I3_SB_LUT4_O_LC.O
Info:    routing  3.70  9.25 Net soc.gen_icache.icache_inst.valid_array_SB_DFFESR_Q_7_D_SB_LUT4_O_I3_SB_LUT4_O_I3[1] (23,29) -> (23,20)
Info:                          Sink iomem_ready_SB_LUT4_I0_O_SB_LUT4_O_I2_SB_LUT4_I2_I0_SB_LUT4_O_3_I3_SB_LUT4_I3_O_SB_LUT4_O_LC.I3
Info:                          Defined in:
Info:                               /home/ed667/oss-cad-suite/lib/../share/yosys/ice40/cells_map.v:6.21-6.22
Info:      logic  0.87  10.13 Source iomem_ready_SB_LUT4_I0_O_SB_LUT4_O_I2_SB_LUT4_I2_I0_SB_LUT4_O_3_I3_SB_LUT4_I3_O_SB_LUT4_O_LC.O
Info:    routing  3.06  13.18 Net iomem_ready_SB_LUT4_I0_O_SB_LUT4_O_I2_SB_LUT4_I2_I0_SB_LUT4_O_3_I3_SB_LUT4_I3_O[0] (23,20) -> (22,14)
Info:                          Sink iomem_ready_SB_LUT4_I0_O_SB_LUT4_O_I2_SB_LUT4_I2_I0_SB_LUT4_O_3_I3_SB_LUT4_I3_O_SB_LUT4_I0_LC.I0
Info:                          Defined in:
Info:                               /home/ed667/oss-cad-suite/lib/../share/yosys/ice40/cells_map.v:6.21-6.22
Info:      logic  1.28  14.47 Source iomem_ready_SB_LUT4_I0_O_SB_LUT4_O_I2_SB_LUT4_I2_I0_SB_LUT4_O_3_I3_SB_LUT4_I3_O_SB_LUT4_I0_LC.O
Info:    routing  1.76  16.23 Net soc.memory.addr_SB_LUT4_O_8_I1[1] (22,14) -> (21,13)
Info:                          Sink soc.simpleuart.send_dummy_SB_LUT4_I2_1_O_SB_LUT4_O_1_I3_SB_LUT4_O_LC.I3
Info:                          Defined in:
Info:                               /home/ed667/oss-cad-suite/lib/../share/yosys/ice40/cells_map.v:6.21-6.22
Info:      logic  0.87  17.10 Source soc.simpleuart.send_dummy_SB_LUT4_I2_1_O_SB_LUT4_O_1_I3_SB_LUT4_O_LC.O
Info:    routing  1.76  18.86 Net soc.simpleuart.send_dummy_SB_LUT4_I2_1_O_SB_LUT4_O_1_I3[1] (21,13) -> (21,13)
Info:                          Sink soc.simpleuart.send_dummy_SB_LUT4_I2_1_O_SB_LUT4_O_1_LC.I3
Info:                          Defined in:
Info:                               /home/ed667/oss-cad-suite/lib/../share/yosys/ice40/cells_map.v:6.21-6.22
Info:      logic  0.87  19.74 Source soc.simpleuart.send_dummy_SB_LUT4_I2_1_O_SB_LUT4_O_1_LC.O
Info:    routing  1.76  21.50 Net flash_clk_SB_LUT4_I0_O_SB_LUT4_O_1_I1[3] (21,13) -> (20,14)
Info:                          Sink iomem_ready_SB_LUT4_I0_LC.I3
Info:                          Defined in:
Info:                               /home/ed667/oss-cad-suite/lib/../share/yosys/ice40/cells_map.v:6.21-6.22
Info:      logic  0.87  22.37 Source iomem_ready_SB_LUT4_I0_LC.O
Info:    routing  1.76  24.13 Net iomem_ready_SB_LUT4_I0_O[2] (20,14) -> (21,14)
Info:                          Sink soc.cpu.mem_instr_SB_LUT4_I1_O_SB_LUT4_I2_I3_SB_LUT4_O_LC.I2
Info:                          Defined in:
Info:                               /home/ed667/oss-cad-suite/lib/../share/yosys/ice40/cells_map.v:6.21-6.22
Info:      logic  1.21  25.34 Source soc.cpu.mem_instr_SB_LUT4_I1_O_SB_LUT4_I2_I3_SB_LUT4_O_LC.O
Info:    routing  1.76  27.10 Net soc.cpu.mem_instr_SB_LUT4_I1_O_SB_LUT4_I2_I3[2] (21,14) -> (21,15)
Info:                          Sink soc.cpu.mem_instr_SB_LUT4_I1_O_SB_LUT4_I2_LC.I3
Info:                          Defined in:
Info:                               /home/ed667/oss-cad-suite/lib/../share/yosys/ice40/cells_map.v:6.21-6.22
Info:      logic  0.87  27.97 Source soc.cpu.mem_instr_SB_LUT4_I1_O_SB_LUT4_I2_LC.O
Info:    routing  2.99  30.97 Net soc.cpu.mem_instr_SB_LUT4_I1_O_SB_LUT4_I2_O[1] (21,15) -> (21,19)
Info:                          Sink soc.cpu.mem_xfer_SB_LUT4_O_LC.I2
Info:                          Defined in:
Info:                               /home/ed667/oss-cad-suite/lib/../share/yosys/ice40/cells_map.v:6.21-6.22
Info:      logic  1.21  32.17 Source soc.cpu.mem_xfer_SB_LUT4_O_LC.O
Info:    routing  3.60  35.77 Net soc.cpu.mem_rdata_q_SB_DFFE_Q_27_D[1] (21,19) -> (18,24)
Info:                          Sink soc.cpu.mem_do_wdata_SB_LUT4_I0_LC.I3
Info:                          Defined in:
Info:                               /home/ed667/oss-cad-suite/lib/../share/yosys/ice40/cells_map.v:6.21-6.22
Info:      logic  0.87  36.64 Source soc.cpu.mem_do_wdata_SB_LUT4_I0_LC.O
Info:    routing  3.49  40.14 Net soc.cpu.trap_SB_LUT4_I2_3_I3[2] (18,24) -> (11,28)
Info:                          Sink soc.cpu.cpu_state_SB_DFF_Q_5_D_SB_LUT4_O_I2_SB_LUT4_O_I3_SB_LUT4_O_I3_SB_LUT4_O_LC.I3
Info:                          Defined in:
Info:                               /home/ed667/oss-cad-suite/lib/../share/yosys/ice40/cells_map.v:6.21-6.22
Info:      logic  0.87  41.01 Source soc.cpu.cpu_state_SB_DFF_Q_5_D_SB_LUT4_O_I2_SB_LUT4_O_I3_SB_LUT4_O_I3_SB_LUT4_O_LC.O
Info:    routing  1.76  42.77 Net soc.cpu.cpu_state_SB_DFF_Q_5_D_SB_LUT4_O_I2_SB_LUT4_O_I3_SB_LUT4_O_I3[1] (11,28) -> (10,28)
Info:                          Sink soc.cpu.cpu_state_SB_DFF_Q_5_D_SB_LUT4_O_I2_SB_LUT4_O_I3_SB_LUT4_O_LC.I3
Info:                          Defined in:
Info:                               /home/ed667/oss-cad-suite/lib/../share/yosys/ice40/cells_map.v:6.21-6.22
Info:      logic  0.87  43.65 Source soc.cpu.cpu_state_SB_DFF_Q_5_D_SB_LUT4_O_I2_SB_LUT4_O_I3_SB_LUT4_O_LC.O
Info:    routing  2.85  46.49 Net soc.cpu.cpu_state_SB_DFF_Q_5_D_SB_LUT4_O_I2_SB_LUT4_O_I3[1] (10,28) -> (5,28)
Info:                          Sink soc.cpu.cpu_state_SB_DFF_Q_5_D_SB_LUT4_O_I2_SB_LUT4_O_I3_SB_LUT4_I3_LC.I3
Info:                          Defined in:
Info:                               /home/ed667/oss-cad-suite/lib/../share/yosys/ice40/cells_map.v:6.21-6.22
Info:      logic  0.87  47.37 Source soc.cpu.cpu_state_SB_DFF_Q_5_D_SB_LUT4_O_I2_SB_LUT4_O_I3_SB_LUT4_I3_LC.O
Info:    routing  3.06  50.43 Net soc.cpu.cpu_state_SB_DFF_Q_5_D_SB_LUT4_O_I2_SB_LUT4_O_I3_SB_LUT4_I3_O[3] (5,28) -> (4,23)
Info:                          Sink soc.cpu.instr_sll_SB_LUT4_I1_O_SB_LUT4_I3_O_SB_LUT4_I3_O_SB_LUT4_I2_LC.I3
Info:                          Defined in:
Info:                               /home/ed667/oss-cad-suite/lib/../share/yosys/ice40/cells_map.v:6.21-6.22
Info:      logic  0.87  51.30 Source soc.cpu.instr_sll_SB_LUT4_I1_O_SB_LUT4_I3_O_SB_LUT4_I3_O_SB_LUT4_I2_LC.O
Info:    routing  1.76  53.06 Net soc.cpu.latched_is_lb_SB_DFFESR_Q_E_SB_LUT4_O_I3_SB_LUT4_I3_I2[1] (4,23) -> (4,22)
Info:                          Sink soc.cpu.latched_is_lb_SB_DFFESR_Q_E_SB_LUT4_O_I3_SB_LUT4_I3_LC.I2
Info:                          Defined in:
Info:                               /home/ed667/oss-cad-suite/lib/../share/yosys/ice40/cells_map.v:6.21-6.22
Info:      logic  1.21  54.27 Source soc.cpu.latched_is_lb_SB_DFFESR_Q_E_SB_LUT4_O_I3_SB_LUT4_I3_LC.O
Info:    routing  1.76  56.03 Net soc.cpu.latched_is_lb_SB_DFFESR_Q_E_SB_LUT4_O_I3_SB_LUT4_I3_O[3] (4,22) -> (4,21)
Info:                          Sink soc.cpu.reg_op1_SB_DFFE_Q_E_SB_LUT4_O_LC.I3
Info:                          Defined in:
Info:                               /home/ed667/oss-cad-suite/lib/../share/yosys/ice40/cells_map.v:6.21-6.22
Info:      logic  0.87  56.90 Source soc.cpu.reg_op1_SB_DFFE_Q_E_SB_LUT4_O_LC.O
Info:    routing  2.99  59.89 Net soc.cpu.reg_op1_SB_DFFE_Q_E (4,21) -> (4,21)
Info:                          Sink soc.cpu.reg_op1_SB_DFFE_Q_D_SB_LUT4_O_LC.CEN
Info:      setup  0.10  59.99 Source soc.cpu.reg_op1_SB_DFFE_Q_D_SB_LUT4_O_LC.CEN
Info: 17.21 ns logic, 42.78 ns routing

Info: Critical path report for cross-domain path '<async>' -> 'posedge clk':
Info:       type curr  total name
Info:     source  0.00  0.00 Source flash_io_buf[3].D_IN_0
Info:    routing  4.25  4.25 Net flash_io3_di (19,0) -> (21,12)
Info:                          Sink flash_io3_di_SB_LUT4_I0_1_LC.I0
Info:                          Defined in:
Info:                               picosoc.v:153.14-153.32
Info:      logic  1.28  5.53 Source flash_io3_di_SB_LUT4_I0_1_LC.O
Info:    routing  1.76  7.29 Net flash_io3_di_SB_LUT4_I0_1_O[0] (21,12) -> (20,12)
Info:                          Sink flash_io3_di_SB_LUT4_I0_1_O_SB_LUT4_I0_LC.I0
Info:                          Defined in:
Info:                               /home/ed667/oss-cad-suite/lib/../share/yosys/ice40/cells_map.v:6.21-6.22
Info:      logic  1.28  8.58 Source flash_io3_di_SB_LUT4_I0_1_O_SB_LUT4_I0_LC.O
Info:    routing  1.76  10.34 Net flash_io3_di_SB_LUT4_I0_1_O_SB_LUT4_I0_O[0] (20,12) -> (20,12)
Info:                          Sink flash_io3_di_SB_LUT4_I0_1_O_SB_LUT4_I0_O_SB_LUT4_I2_LC.I2
Info:                          Defined in:
Info:                               /home/ed667/oss-cad-suite/lib/../share/yosys/ice40/cells_map.v:6.21-6.22
Info:      logic  1.21  11.54 Source flash_io3_di_SB_LUT4_I0_1_O_SB_LUT4_I0_O_SB_LUT4_I2_LC.O
Info:    routing  2.41  13.95 Net flash_io3_di_SB_LUT4_I0_1_O_SB_LUT4_I0_O_SB_LUT4_I2_O[3] (20,12) -> (20,15)
Info:                          Sink soc.gen_icache.icache_inst.data_array.0.1_RDATA_SB_LUT4_I0_O_SB_LUT4_O_1_LC.I3
Info:                          Defined in:
Info:                               /home/ed667/oss-cad-suite/lib/../share/yosys/ice40/cells_map.v:6.21-6.22
Info:      logic  0.87  14.83 Source soc.gen_icache.icache_inst.data_array.0.1_RDATA_SB_LUT4_I0_O_SB_LUT4_O_1_LC.O
Info:    routing  1.76  16.59 Net soc.gen_icache.icache_inst.data_array.0.1_RDATA_SB_LUT4_I0_O[3] (20,15) -> (21,16)
Info:                          Sink soc.cpu.mem_rdata_q_SB_DFFE_Q_28_D_SB_LUT4_O_LC.I3
Info:                          Defined in:
Info:                               /home/ed667/oss-cad-suite/lib/../share/yosys/ice40/cells_map.v:6.21-6.22
Info:      logic  0.87  17.46 Source soc.cpu.mem_rdata_q_SB_DFFE_Q_28_D_SB_LUT4_O_LC.O
Info:    routing  2.95  20.41 Net soc.cpu.mem_rdata_q_SB_DFFE_Q_28_D[2] (21,16) -> (20,20)
Info:                          Sink soc.cpu.mem_rdata_q_SB_DFFE_Q_28_D_SB_LUT4_I3_LC.I3
Info:                          Defined in:
Info:                               /home/ed667/oss-cad-suite/lib/../share/yosys/ice40/cells_map.v:6.21-6.22
Info:      logic  0.87  21.29 Source soc.cpu.mem_rdata_q_SB_DFFE_Q_28_D_SB_LUT4_I3_LC.O
Info:    routing  1.76  23.05 Net soc.cpu.instr_jalr_SB_DFFE_Q_D_SB_LUT4_O_I3[0] (20,20) -> (20,21)
Info:                          Sink soc.gen_icache.icache_inst.data_array.0.12_RDATA_SB_LUT4_I0_O_SB_LUT4_I0_O_SB_LUT4_I0_O_SB_LUT4_O_1_LC.I3
Info:                          Defined in:
Info:                               /home/ed667/oss-cad-suite/lib/../share/yosys/ice40/cells_map.v:6.21-6.22
Info:      logic  0.87  23.92 Source soc.gen_icache.icache_inst.data_array.0.12_RDATA_SB_LUT4_I0_O_SB_LUT4_I0_O_SB_LUT4_I0_O_SB_LUT4_O_1_LC.O
Info:    routing  2.95  26.87 Net soc.gen_icache.icache_inst.data_array.0.12_RDATA_SB_LUT4_I0_O_SB_LUT4_I0_O_SB_LUT4_I0_O[2] (20,21) -> (18,22)
Info:                          Sink soc.cpu.decoded_imm_j_SB_DFFE_Q_15_D_SB_LUT4_I2_O_SB_LUT4_O_LC.I3
Info:                          Defined in:
Info:                               /home/ed667/oss-cad-suite/lib/../share/yosys/ice40/cells_map.v:6.21-6.22
Info:      logic  0.87  27.75 Source soc.cpu.decoded_imm_j_SB_DFFE_Q_15_D_SB_LUT4_I2_O_SB_LUT4_O_LC.O
Info:    routing  1.76  29.51 Net soc.cpu.decoded_imm_j_SB_DFFE_Q_15_D_SB_LUT4_I2_O[2] (18,22) -> (17,22)
Info:                          Sink soc.cpu.cpuregs.regs.1.0_RADDR_2_SB_LUT4_O_I2_SB_LUT4_O_1_LC.I3
Info:                          Defined in:
Info:                               /home/ed667/oss-cad-suite/lib/../share/yosys/ice40/cells_map.v:6.21-6.22
Info:      logic  0.87  30.38 Source soc.cpu.cpuregs.regs.1.0_RADDR_2_SB_LUT4_O_I2_SB_LUT4_O_1_LC.O
Info:    routing  1.76  32.14 Net soc.cpu.cpuregs.regs.1.0_RADDR_1_SB_LUT4_O_I1_SB_LUT4_I1_O[2] (17,22) -> (16,22)
Info:                          Sink soc.cpu.cpuregs.regs.1.0_RADDR_2_SB_LUT4_O_LC.I3
Info:                          Defined in:
Info:                               /home/ed667/oss-cad-suite/lib/../share/yosys/ice40/cells_map.v:6.21-6.22
Info:      logic  0.87  33.02 Source soc.cpu.cpuregs.regs.1.0_RADDR_2_SB_LUT4_O_LC.O
Info:    routing  4.04  37.06 Net soc.cpu.cpuregs.regs.1.0_RADDR_2 (16,22) -> (6,21)
Info:                          Sink soc.cpu.cpuregs.regs.1.0_RAM.RADDR_1
Info:      setup  0.10  37.16 Source soc.cpu.cpuregs.regs.1.0_RAM.RADDR_1
Info: 9.99 ns logic, 27.17 ns routing

Info: Critical path report for cross-domain path 'posedge clk' -> '<async>':
Info:       type curr  total name
Info:   clk-to-q  1.39  1.39 Source soc.spimemio.din_ddr_SB_LUT4_I3_1_LC.O
Info:    routing  1.76  3.15 Net soc.spimemio.xfer.xfer_dspi (22,1) -> (21,2)
Info:                          Sink soc.spimemio.xfer.count_SB_DFFESR_Q_2_D_SB_LUT4_O_I2_SB_LUT4_O_1_I3_SB_LUT4_I1_O_SB_LUT4_O_LC.I2
Info:                          Defined in:
Info:                               spimemio.v:420.6-420.15
Info:      logic  1.21  4.36 Source soc.spimemio.xfer.count_SB_DFFESR_Q_2_D_SB_LUT4_O_I2_SB_LUT4_O_1_I3_SB_LUT4_I1_O_SB_LUT4_O_LC.O
Info:    routing  1.76  6.12 Net soc.spimemio.xfer.count_SB_DFFESR_Q_2_D_SB_LUT4_O_I2_SB_LUT4_O_1_I3_SB_LUT4_I1_O[1] (21,2) -> (20,2)
Info:                          Sink soc.spimemio.xfer_io1_90_SB_DFFN_Q_D_SB_LUT4_O_I3_SB_LUT4_O_LC.I3
Info:                          Defined in:
Info:                               /home/ed667/oss-cad-suite/lib/../share/yosys/ice40/cells_map.v:6.21-6.22
Info:      logic  0.87  6.99 Source soc.spimemio.xfer_io1_90_SB_DFFN_Q_D_SB_LUT4_O_I3_SB_LUT4_O_LC.O
Info:    routing  1.76  8.75 Net soc.spimemio.xfer_io1_90_SB_DFFN_Q_D_SB_LUT4_O_I3[3] (20,2) -> (20,2)
Info:                          Sink soc.spimemio.xfer_io1_90_SB_DFFN_Q_D_SB_LUT4_O_LC.I3
Info:                          Defined in:
Info:                               /home/ed667/oss-cad-suite/lib/../share/yosys/ice40/cells_map.v:6.21-6.22
Info:      logic  0.87  9.63 Source soc.spimemio.xfer_io1_90_SB_DFFN_Q_D_SB_LUT4_O_LC.O
Info:    routing  1.76  11.39 Net soc.spimemio.xfer_io1_90_SB_DFFN_Q_D[2] (20,2) -> (21,1)
Info:                          Sink soc.spimemio.xfer_io1_90_SB_LUT4_I2_LC.I3
Info:                          Defined in:
Info:                               /home/ed667/oss-cad-suite/lib/../share/yosys/ice40/cells_map.v:6.21-6.22
Info:      logic  0.87  12.26 Source soc.spimemio.xfer_io1_90_SB_LUT4_I2_LC.O
Info:    routing  1.76  14.02 Net flash_io1_do_SB_LUT4_O_I3[2] (21,1) -> (21,1)
Info:                          Sink flash_io1_do_SB_LUT4_O_LC.I3
Info:                          Defined in:
Info:                               /home/ed667/oss-cad-suite/lib/../share/yosys/ice40/cells_map.v:6.21-6.22
Info:      logic  0.87  14.90 Source flash_io1_do_SB_LUT4_O_LC.O
Info:    routing  2.95  17.85 Net flash_io1_do (21,1) -> (23,0)
Info:                          Sink flash_io_buf[1].D_OUT_0
Info:                          Defined in:
Info:                               spimemio.v:37.9-37.21
Info: 6.09 ns logic, 11.76 ns routing

Info: Critical path report for cross-domain path 'negedge clk' -> '<async>':
Info:       type curr  total name
Info:   clk-to-q  1.39  1.39 Source soc.spimemio.xfer_io1_90_SB_DFFN_Q_DFFLC.O
Info:    routing  1.76  3.15 Net soc.spimemio.xfer_io1_90 (21,1) -> (21,1)
Info:                          Sink soc.spimemio.xfer_io1_90_SB_LUT4_I2_LC.I2
Info:                          Defined in:
Info:                               /home/ed667/oss-cad-suite/lib/../share/yosys/ice40/cells_map.v:6.21-6.22
Info:      logic  1.21  4.36 Source soc.spimemio.xfer_io1_90_SB_LUT4_I2_LC.O
Info:    routing  1.76  6.12 Net flash_io1_do_SB_LUT4_O_I3[2] (21,1) -> (21,1)
Info:                          Sink flash_io1_do_SB_LUT4_O_LC.I3
Info:                          Defined in:
Info:                               /home/ed667/oss-cad-suite/lib/../share/yosys/ice40/cells_map.v:6.21-6.22
Info:      logic  0.87  6.99 Source flash_io1_do_SB_LUT4_O_LC.O
Info:    routing  2.95  9.94 Net flash_io1_do (21,1) -> (23,0)
Info:                          Sink flash_io_buf[1].D_OUT_0
Info:                          Defined in:
Info:                               spimemio.v:37.9-37.21
Info: 3.47 ns logic, 6.47 ns routing

Info: Max frequency for clock 'clk': 16.67 MHz (PASS at 12.00 MHz)

Info: Max delay <async>     -> posedge clk: 37.16 ns
Info: Max delay posedge clk -> <async>    : 17.85 ns
Info: Max delay negedge clk -> <async>    : 9.94 ns

Info: Slack histogram:
Info:  legend: * represents 22 endpoint(s)
Info:          + represents [1,22) endpoint(s)
Info: [ 23341,  26179) |*+
Info: [ 26179,  29017) |*+
Info: [ 29017,  31855) |**+
Info: [ 31855,  34693) |*+
Info: [ 34693,  37531) |**+
Info: [ 37531,  40369) |*+
Info: [ 40369,  43207) |**+
Info: [ 43207,  46045) |************+
Info: [ 46045,  48883) |******+
Info: [ 48883,  51721) |**********+
Info: [ 51721,  54559) |**********+
Info: [ 54559,  57397) |****+
Info: [ 57397,  60235) |****+
Info: [ 60235,  63073) |*************+
Info: [ 63073,  65911) |******************+
Info: [ 65911,  68749) |******************************+
Info: [ 68749,  71587) |************************************************************ 
Info: [ 71587,  74425) |**********************+
Info: [ 74425,  77263) |****************************************************+
Info: [ 77263,  80101) |******************************************************+

Info: Program finished normally.
