COMMAND: nextpnr-ice40 --up5k --package sg48 --json design.json --pcf icebreaker.pcf --asc design.asc --pcf-allow-unconstrained

STDOUT:


STDERR:
Info: constrained 'clk_in' to bel 'X12/Y31/io1'
Info: constrained 'ser_rx' to bel 'X13/Y0/io1'
Info: constrained 'ser_tx' to bel 'X15/Y0/io0'
Info: constrained 'flash_clk' to bel 'X24/Y0/io0'
Info: constrained 'flash_csb' to bel 'X24/Y0/io1'
Info: constrained 'flash_io0' to bel 'X23/Y0/io0'
Info: constrained 'flash_io1' to bel 'X23/Y0/io1'
Info: constrained 'flash_io2' to bel 'X18/Y0/io0'
Info: constrained 'flash_io3' to bel 'X19/Y0/io0'
Info: constrained 'P1A1' to bel 'X9/Y0/io0'
Info: constrained 'P1A2' to bel 'X8/Y0/io0'
Info: constrained 'P1A3' to bel 'X6/Y0/io0'
Info: constrained 'P1A4' to bel 'X7/Y0/io1'
Info: constrained 'P1A7' to bel 'X9/Y0/io1'
Info: constrained 'P1A8' to bel 'X7/Y0/io0'
Info: constrained 'P1A9' to bel 'X5/Y0/io0'
Info: constrained 'P1A10' to bel 'X6/Y0/io1'
Info: constrained 'led1' to bel 'X18/Y31/io0'
Info: constrained 'led2' to bel 'X18/Y31/io1'
Info: constrained 'led3' to bel 'X19/Y31/io1'
Info: constrained 'led4' to bel 'X19/Y31/io0'
Info: constrained 'led5' to bel 'X18/Y0/io1'
Info: constrained 'ledr_n' to bel 'X17/Y0/io0'
Info: constrained 'ledg_n' to bel 'X13/Y31/io0'

Info: Packing constants..
Info: Packing IOs..
Info: flash_io1 feeds SB_IO flash_io_buf[1], removing $nextpnr_iobuf flash_io1.
Info: flash_io0 feeds SB_IO flash_io_buf[0], removing $nextpnr_iobuf flash_io0.
Info: flash_io3 feeds SB_IO flash_io_buf[3], removing $nextpnr_iobuf flash_io3.
Info: flash_io2 feeds SB_IO flash_io_buf[2], removing $nextpnr_iobuf flash_io2.
Info: Packing LUT-FFs..
Info:     3053 LCs used as LUT4 only
Info:     1084 LCs used as LUT4 and DFF
Info: Packing non-LUT FFs..
Info:      603 LCs used as DFF only
Info: Packing carries..
Info:      159 LCs used as CARRY only
Info: Packing indirect carry+LUT pairs...
Info:       67 LUTs merged into carry LCs
Info: Packing RAMs..
Info: Placing PLLs..
Info:   constrained PLL 'pll' to X12/Y31/pll_3
Info: Packing special functions..
Info: Packing PLLs..
Info:   PLL 'pll' has LOCK output, need to pass all outputs via LUT
Info:   constrained 'pll_locked_SB_LUT4_I0_LC' to X1/Y30/lc0
Info: Promoting globals..
Info: promoting iomem_ready_SB_LUT4_I2_O_SB_LUT4_I2_O[1] [reset] (fanout 550)
Info: promoting soc.cpu.genblk1.genblk1.pcpi_mul.instr_mulhu_SB_LUT4_I2_O[0] [reset] (fanout 85)
Info: promoting soc.cpu.genblk2.pcpi_div.dq_SB_DFFE_Q_10_D_SB_LUT4_O_I3[1] [reset] (fanout 38)
Info: promoting soc.simpleuart.send_pattern_SB_DFFESS_Q_D_SB_LUT4_O_I3_SB_LUT4_I2_O [reset] (fanout 32)
Info: promoting resetn [cen] (fanout 215)
Info: promoting soc.gen_icache.icache_inst.state_SB_DFF_Q_1_D_SB_LUT4_O_I3_SB_LUT4_I3_1_O [cen] (fanout 128)
Info: promoting soc.cpu.genblk2.pcpi_div.running_SB_DFFSR_Q_D_SB_LUT4_I3_O [cen] (fanout 70)
Info: Constraining chains...
Info:       56 LCs used to legalise carry chains.
Info: Checksum: 0x245ab85f

Info: Device utilisation:
Info: 	         ICESTORM_LC:    4890/   5280    92%
Info: 	        ICESTORM_RAM:      22/     30    73%
Info: 	               SB_IO:      24/     96    25%
Info: 	               SB_GB:       8/      8   100%
Info: 	        ICESTORM_PLL:       1/      1   100%
Info: 	         SB_WARMBOOT:       0/      1     0%
Info: 	        ICESTORM_DSP:       0/      8     0%
Info: 	      ICESTORM_HFOSC:       0/      1     0%
Info: 	      ICESTORM_LFOSC:       0/      1     0%
Info: 	              SB_I2C:       0/      2     0%
Info: 	              SB_SPI:       0/      2     0%
Info: 	              IO_I3C:       0/      2     0%
Info: 	         SB_LEDDA_IP:       0/      1     0%
Info: 	         SB_RGBA_DRV:       0/      1     0%
Info: 	      ICESTORM_SPRAM:       4/      4   100%

Info: Placed 26 cells based on constraints.
Info: Creating initial analytic placement for 4163 cells, random placement wirelen = 118051.
Info:     at initial placer iter 0, wirelen = 2260
Info:     at initial placer iter 1, wirelen = 1936
Info:     at initial placer iter 2, wirelen = 1904
Info:     at initial placer iter 3, wirelen = 1942
Info: Running main analytical placer, max placement attempts per cell = 3061575.
Info:     at iteration #1, type ALL: wirelen solved = 1909, spread = 43845, legal = 48521; time = 0.18s
Info:     at iteration #2, type ALL: wirelen solved = 2964, spread = 36038, legal = 43323; time = 0.20s
Info:     at iteration #3, type ALL: wirelen solved = 4324, spread = 35302, legal = 40563; time = 0.14s
Info:     at iteration #4, type ALL: wirelen solved = 5843, spread = 33083, legal = 38695; time = 0.16s
Info:     at iteration #5, type ALL: wirelen solved = 7070, spread = 31745, legal = 38210; time = 0.14s
Info:     at iteration #6, type ALL: wirelen solved = 8332, spread = 29446, legal = 35742; time = 0.13s
Info:     at iteration #7, type ALL: wirelen solved = 9031, spread = 28409, legal = 35582; time = 0.15s
Info:     at iteration #8, type ALL: wirelen solved = 9891, spread = 27873, legal = 31656; time = 0.09s
Info:     at iteration #9, type ALL: wirelen solved = 11154, spread = 27069, legal = 32341; time = 0.14s
Info:     at iteration #10, type ALL: wirelen solved = 11688, spread = 26668, legal = 33830; time = 0.14s
Info:     at iteration #11, type ALL: wirelen solved = 12572, spread = 25902, legal = 32647; time = 0.14s
Info:     at iteration #12, type ALL: wirelen solved = 13126, spread = 25592, legal = 32174; time = 0.12s
Info:     at iteration #13, type ALL: wirelen solved = 13812, spread = 25277, legal = 32359; time = 0.14s
Info: HeAP Placer Time: 2.54s
Info:   of which solving equations: 1.23s
Info:   of which spreading cells: 0.14s
Info:   of which strict legalisation: 0.76s

Info: Running simulated annealing placer for refinement.
Info:   at iteration #1: temp = 0.000000, timing cost = 1684, wirelen = 31656
Info:   at iteration #5: temp = 0.000000, timing cost = 1629, wirelen = 26816
Info:   at iteration #10: temp = 0.000000, timing cost = 1812, wirelen = 25640
Info:   at iteration #15: temp = 0.000000, timing cost = 1706, wirelen = 24936
Info:   at iteration #20: temp = 0.000000, timing cost = 1682, wirelen = 24607
Info:   at iteration #25: temp = 0.000000, timing cost = 1701, wirelen = 24508
Info:   at iteration #28: temp = 0.000000, timing cost = 1691, wirelen = 24478 
Info: SA placement time 6.44s

Info: Max frequency for clock 'clk': 17.06 MHz (PASS at 12.00 MHz)

Info: Max delay <async>     -> posedge clk: 34.62 ns
Info: Max delay posedge clk -> <async>    : 16.66 ns
Info: Max delay negedge clk -> <async>    : 9.90 ns

Info: Slack histogram:
Info:  legend: * represents 25 endpoint(s)
Info:          + represents [1,25) endpoint(s)
Info: [ 24727,  27508) |+
Info: [ 27508,  30289) |**+
Info: [ 30289,  33070) |**+
Info: [ 33070,  35851) |****+
Info: [ 35851,  38632) |***+
Info: [ 38632,  41413) |**+
Info: [ 41413,  44194) |****+
Info: [ 44194,  46975) |***+
Info: [ 46975,  49756) |****+
Info: [ 49756,  52537) |******+
Info: [ 52537,  55318) |***+
Info: [ 55318,  58099) |*******+
Info: [ 58099,  60880) |**********+
Info: [ 60880,  63661) |************************+
Info: [ 63661,  66442) |******************************+
Info: [ 66442,  69223) |**********************+
Info: [ 69223,  72004) |*********************+
Info: [ 72004,  74785) |****************+
Info: [ 74785,  77566) |*************************************+
Info: [ 77566,  80347) |************************************************************ 
Info: Checksum: 0x2961ab2d

Info: Routing..
Info: Setting up routing queue.
Info: Routing 16893 arcs.
Info:            |   (re-)routed arcs  |   delta    | remaining|       time spent     |
Info:    IterCnt |  w/ripup   wo/ripup |  w/r  wo/r |      arcs| batch(sec) total(sec)|
Info:       1000 |       42        957 |   42   957 |     15946|       0.45       0.45|
Info:       2000 |      104       1895 |   62   938 |     15023|       0.28       0.73|
Info:       3000 |      478       2515 |  374   620 |     14437|       0.19       0.92|
Info:       4000 |      610       3370 |  132   855 |     13633|       0.17       1.09|
Info:       5000 |      853       4127 |  243   757 |     12937|       0.22       1.31|
Info:       6000 |     1149       4831 |  296   704 |     12327|       0.26       1.57|
Info:       7000 |     1487       5492 |  338   661 |     11775|       0.24       1.81|
Info:       8000 |     1890       6088 |  403   596 |     11412|       0.35       2.16|
Info:       9000 |     2223       6736 |  333   648 |     11048|       0.36       2.52|
Info:      10000 |     2627       7325 |  404   589 |     10715|       0.43       2.95|
Info:      11000 |     3013       7891 |  386   566 |     10415|       0.36       3.31|
Info:      12000 |     3457       8440 |  444   549 |     10222|       0.55       3.86|
Info:      13000 |     3989       8905 |  532   465 |     10087|       0.48       4.34|
Info:      14000 |     4447       9419 |  458   514 |      9880|       0.49       4.83|
Info:      15000 |     4894       9970 |  447   551 |      9718|       0.40       5.22|
Info:      16000 |     5352      10482 |  458   512 |      9476|       0.40       5.62|
Info:      17000 |     5785      11018 |  433   536 |      9232|       0.43       6.06|
Info:      18000 |     6283      11520 |  498   502 |      9031|       0.43       6.49|
Info:      19000 |     6760      11991 |  477   471 |      8885|       0.34       6.84|
Info:      20000 |     7300      12449 |  540   458 |      8721|       0.41       7.25|
Info:      21000 |     7797      12951 |  497   502 |      8572|       0.46       7.71|
Info:      22000 |     8291      13429 |  494   478 |      8412|       0.47       8.18|
Info:      23000 |     8768      13940 |  477   511 |      8219|       0.49       8.67|
Info:      24000 |     9279      14385 |  511   445 |      8022|       0.41       9.08|
Info:      25000 |     9799      14838 |  520   453 |      7837|       0.46       9.54|
Info:      26000 |    10285      15298 |  486   460 |      7621|       0.37       9.91|
Info:      27000 |    10800      15780 |  515   482 |      7473|       0.40      10.31|
Info:      28000 |    11358      16222 |  558   442 |      7347|       0.49      10.80|
Info:      29000 |    11896      16684 |  538   462 |      7264|       0.51      11.31|
Info:      30000 |    12423      17157 |  527   473 |      7133|       0.54      11.86|
Info:      31000 |    13033      17547 |  610   390 |      7129|       0.57      12.43|
Info:      32000 |    13561      18017 |  528   470 |      7032|       0.44      12.87|
Info:      33000 |    14075      18479 |  514   462 |      6847|       0.55      13.42|
Info:      34000 |    14570      18955 |  495   476 |      6642|       0.52      13.94|
Info:      35000 |    15094      19404 |  524   449 |      6433|       0.45      14.39|
Info:      36000 |    15586      19912 |  492   508 |      6208|       0.31      14.70|
Info:      37000 |    16124      20374 |  538   462 |      6042|       0.52      15.22|
Info:      38000 |    16613      20885 |  489   511 |      5878|       0.54      15.76|
Info:      39000 |    17209      21289 |  596   404 |      5850|       0.60      16.36|
Info:      40000 |    17745      21747 |  536   458 |      5644|       0.39      16.75|
Info:      41000 |    18271      22220 |  526   473 |      5461|       0.69      17.45|
Info:      42000 |    18817      22668 |  546   448 |      5348|       0.55      18.00|
Info:      43000 |    19506      22976 |  689   308 |      5181|       0.39      18.39|
Info:      44000 |    20051      23428 |  545   452 |      5075|       0.41      18.80|
Info:      45000 |    20621      23858 |  570   430 |      5031|       0.51      19.31|
Info:      46000 |    21134      24342 |  513   484 |      4857|       0.42      19.72|
Info:      47000 |    21672      24804 |  538   462 |      4755|       0.43      20.15|
Info:      48000 |    22258      25218 |  586   414 |      4670|       0.38      20.53|
Info:      49000 |    22842      25634 |  584   416 |      4565|       0.43      20.96|
Info:      50000 |    23415      26061 |  573   427 |      4466|       0.57      21.53|
Info:      51000 |    24000      26476 |  585   415 |      4399|       0.51      22.04|
Info:      52000 |    24564      26911 |  564   435 |      4271|       1.35      23.39|
Info:      53000 |    25178      27294 |  614   383 |      4214|       0.67      24.06|
Info:      54000 |    25780      27665 |  602   371 |      4102|       0.64      24.70|
Info:      55000 |    26349      28064 |  569   399 |      3920|       0.41      25.11|
Info:      56000 |    27012      28401 |  663   337 |      3856|       0.55      25.66|
Info:      57000 |    27514      28899 |  502   498 |      3686|       0.41      26.07|
Info:      58000 |    28137      29276 |  623   377 |      3624|       0.76      26.83|
Info:      59000 |    28705      29705 |  568   429 |      3498|       0.47      27.31|
Info:      60000 |    29324      30077 |  619   372 |      3449|       0.58      27.89|
Info:      61000 |    29910      30488 |  586   411 |      3319|       0.49      28.38|
Info:      62000 |    30402      30991 |  492   503 |      3173|       0.40      28.78|
Info:      63000 |    30978      31415 |  576   424 |      3107|       0.55      29.34|
Info:      64000 |    31588      31802 |  610   387 |      2944|       0.45      29.78|
Info:      65000 |    32253      32137 |  665   335 |      2955|       0.45      30.23|
Info:      66000 |    32866      32524 |  613   387 |      2914|       0.91      31.14|
Info:      67000 |    33506      32883 |  640   359 |      2825|       0.62      31.76|
Info:      68000 |    34085      33304 |  579   421 |      2701|       0.42      32.18|
Info:      69000 |    34638      33750 |  553   446 |      2551|       0.41      32.59|
Info:      70000 |    35229      34159 |  591   409 |      2451|       0.42      33.01|
Info:      71000 |    35858      34530 |  629   371 |      2442|       0.59      33.60|
Info:      72000 |    36451      34936 |  593   406 |      2400|       0.63      34.22|
Info:      73000 |    37044      35339 |  593   403 |      2315|       0.58      34.81|
Info:      74000 |    37574      35809 |  530   470 |      2290|       0.45      35.26|
Info:      75000 |    38193      36179 |  619   370 |      2167|       0.46      35.72|
Info:      76000 |    38750      36622 |  557   443 |      2065|       0.50      36.22|
Info:      77000 |    39401      36971 |  651   349 |      1999|       0.53      36.75|
Info:      78000 |    40027      37345 |  626   374 |      1970|       0.64      37.40|
Info:      79000 |    40574      37797 |  547   452 |      1813|       0.53      37.93|
Info:      80000 |    41142      38229 |  568   432 |      1740|       0.49      38.42|
Info:      81000 |    41594      38759 |  452   530 |      1412|       0.31      38.73|
Info:      82000 |    42023      39330 |  429   571 |      1078|       0.38      39.10|
Info:      83000 |    42475      39878 |  452   548 |       774|       0.36      39.46|
Info:      84000 |    42982      40371 |  507   493 |       523|       0.66      40.12|
Info:      85000 |    43450      40903 |  468   532 |       207|       0.79      40.91|
Info:      86000 |    44113      41240 |  663   337 |       136|       0.69      41.59|
Info:      87000 |    44657      41696 |  544   456 |         8|       0.70      42.29|
Info:      87191 |    44805      41740 |  148    44 |         0|       0.14      42.43|
Info: Routing complete.
Info: Router1 time 42.43s
Info: Checksum: 0x9aba24f1

Info: Critical path report for clock 'clk' (posedge -> posedge):
Info:       type curr  total name
Info:   clk-to-q  1.39  1.39 Source soc.cpu.mem_valid_SB_DFFESR_Q_DFFLC.O
Info:    routing  3.60  4.99 Net soc.cpu_mem_valid (20,23) -> (18,16)
Info:                          Sink soc.cpu.mem_instr_SB_LUT4_I3_LC.I2
Info:                          Defined in:
Info:                               icache.v:1078.23-1078.36
Info:      logic  1.21  6.20 Source soc.cpu.mem_instr_SB_LUT4_I3_LC.O
Info:    routing  1.76  7.96 Net soc.cpu.mem_instr_SB_LUT4_I3_O[1] (18,16) -> (18,15)
Info:                          Sink soc.cpu.mem_valid_SB_LUT4_I1_I3_SB_LUT4_O_LC.I2
Info:                          Defined in:
Info:                               /home/ed667/oss-cad-suite/lib/../share/yosys/ice40/cells_map.v:6.21-6.22
Info:      logic  1.21  9.16 Source soc.cpu.mem_valid_SB_LUT4_I1_I3_SB_LUT4_O_LC.O
Info:    routing  1.76  10.92 Net soc.cpu.mem_valid_SB_LUT4_I1_I3[2] (18,15) -> (17,14)
Info:                          Sink soc.cpu.mem_valid_SB_LUT4_I1_LC.I3
Info:                          Defined in:
Info:                               /home/ed667/oss-cad-suite/lib/../share/yosys/ice40/cells_map.v:6.21-6.22
Info:      logic  0.87  11.80 Source soc.cpu.mem_valid_SB_LUT4_I1_LC.O
Info:    routing  1.76  13.56 Net flash_clk_SB_LUT4_I1_O_SB_LUT4_O_1_I2_SB_LUT4_O_I2[2] (17,14) -> (18,15)
Info:                          Sink iomem_ready_SB_LUT4_I1_I2_SB_LUT4_I1_LC.I2
Info:                          Defined in:
Info:                               /home/ed667/oss-cad-suite/lib/../share/yosys/ice40/cells_map.v:6.21-6.22
Info:      logic  1.21  14.76 Source iomem_ready_SB_LUT4_I1_I2_SB_LUT4_I1_LC.O
Info:    routing  3.60  18.36 Net iomem_ready_SB_LUT4_I1_I2_SB_LUT4_I1_O[0] (18,15) -> (16,9)
Info:                          Sink iomem_ready_SB_LUT4_I1_O_SB_LUT4_O_LC.I1
Info:                          Defined in:
Info:                               /home/ed667/oss-cad-suite/lib/../share/yosys/ice40/cells_map.v:6.21-6.22
Info:      logic  1.23  19.59 Source iomem_ready_SB_LUT4_I1_O_SB_LUT4_O_LC.O
Info:    routing  1.76  21.35 Net flash_clk_SB_LUT4_I1_O[0] (16,9) -> (17,10)
Info:                          Sink soc.ram_ready_SB_LUT4_I1_LC.I0
Info:                          Defined in:
Info:                               /home/ed667/oss-cad-suite/lib/../share/yosys/ice40/cells_map.v:6.21-6.22
Info:      logic  1.28  22.64 Source soc.ram_ready_SB_LUT4_I1_LC.O
Info:    routing  2.95  25.59 Net soc.ram_ready_SB_LUT4_I1_O[3] (17,10) -> (20,13)
Info:                          Sink soc.gen_icache.icache_inst.state_SB_DFF_Q_D_SB_LUT4_O_I3_SB_LUT4_O_I2_SB_LUT4_O_LC.I3
Info:                          Defined in:
Info:                               /home/ed667/oss-cad-suite/lib/../share/yosys/ice40/cells_map.v:6.21-6.22
Info:      logic  0.87  26.46 Source soc.gen_icache.icache_inst.state_SB_DFF_Q_D_SB_LUT4_O_I3_SB_LUT4_O_I2_SB_LUT4_O_LC.O
Info:    routing  1.76  28.23 Net soc.gen_icache.icache_inst.state_SB_DFF_Q_D_SB_LUT4_O_I3_SB_LUT4_O_I2[2] (20,13) -> (20,14)
Info:                          Sink soc.cpu.mem_valid_SB_LUT4_I1_I3_SB_LUT4_I2_LC.I3
Info:                          Defined in:
Info:                               /home/ed667/oss-cad-suite/lib/../share/yosys/ice40/cells_map.v:6.21-6.22
Info:      logic  0.87  29.10 Source soc.cpu.mem_valid_SB_LUT4_I1_I3_SB_LUT4_I2_LC.O
Info:    routing  2.99  32.09 Net soc.cpu.mem_valid_SB_LUT4_I1_I3_SB_LUT4_I2_O[1] (20,14) -> (20,21)
Info:                          Sink soc.cpu.mem_xfer_SB_LUT4_O_LC.I2
Info:                          Defined in:
Info:                               /home/ed667/oss-cad-suite/lib/../share/yosys/ice40/cells_map.v:6.21-6.22
Info:      logic  1.21  33.30 Source soc.cpu.mem_xfer_SB_LUT4_O_LC.O
Info:    routing  2.95  36.25 Net soc.cpu.instr_fence_SB_DFFESR_Q_D_SB_LUT4_O_I1[1] (20,21) -> (18,24)
Info:                          Sink soc.cpu.mem_state_SB_DFFESR_Q_D_SB_LUT4_O_I3_SB_LUT4_I1_LC.I3
Info:                          Defined in:
Info:                               /home/ed667/oss-cad-suite/lib/../share/yosys/ice40/cells_map.v:6.21-6.22
Info:      logic  0.87  37.12 Source soc.cpu.mem_state_SB_DFFESR_Q_D_SB_LUT4_O_I3_SB_LUT4_I1_LC.O
Info:    routing  3.49  40.62 Net soc.cpu.mem_state_SB_DFFESR_Q_D_SB_LUT4_O_I3_SB_LUT4_I1_O[3] (18,24) -> (12,28)
Info:                          Sink soc.cpu.mem_do_rinst_SB_LUT4_I1_LC.I3
Info:                          Defined in:
Info:                               /home/ed667/oss-cad-suite/lib/../share/yosys/ice40/cells_map.v:6.21-6.22
Info:      logic  0.87  41.49 Source soc.cpu.mem_do_rinst_SB_LUT4_I1_LC.O
Info:    routing  1.76  43.25 Net soc.cpu.cpu_state_SB_DFF_Q_3_D_SB_LUT4_O_I2_SB_LUT4_O_I3[1] (12,28) -> (11,28)
Info:                          Sink soc.cpu.mem_do_prefetch_SB_LUT4_I2_LC.I3
Info:                          Defined in:
Info:                               /home/ed667/oss-cad-suite/lib/../share/yosys/ice40/cells_map.v:6.21-6.22
Info:      logic  0.87  44.13 Source soc.cpu.mem_do_prefetch_SB_LUT4_I2_LC.O
Info:    routing  1.76  45.89 Net soc.cpu.decoder_pseudo_trigger_SB_DFFSR_Q_R_SB_LUT4_O_I3[3] (11,28) -> (10,27)
Info:                          Sink soc.cpu.instr_sll_SB_LUT4_I0_O_SB_LUT4_I2_O_SB_LUT4_I2_LC.I3
Info:                          Defined in:
Info:                               /home/ed667/oss-cad-suite/lib/../share/yosys/ice40/cells_map.v:6.21-6.22
Info:      logic  0.87  46.76 Source soc.cpu.instr_sll_SB_LUT4_I0_O_SB_LUT4_I2_O_SB_LUT4_I2_LC.O
Info:    routing  3.06  49.82 Net soc.cpu.instr_sll_SB_LUT4_I0_O_SB_LUT4_I2_O_SB_LUT4_I2_O[1] (10,27) -> (9,21)
Info:                          Sink soc.cpu.latched_is_lb_SB_DFFESR_Q_E_SB_LUT4_O_I3_SB_LUT4_I3_LC.I2
Info:                          Defined in:
Info:                               /home/ed667/oss-cad-suite/lib/../share/yosys/ice40/cells_map.v:6.21-6.22
Info:      logic  1.21  51.02 Source soc.cpu.latched_is_lb_SB_DFFESR_Q_E_SB_LUT4_O_I3_SB_LUT4_I3_LC.O
Info:    routing  2.95  53.97 Net soc.cpu.latched_is_lb_SB_DFFESR_Q_E_SB_LUT4_O_I3_SB_LUT4_I3_O[3] (9,21) -> (8,25)
Info:                          Sink soc.cpu.reg_op1_SB_DFFE_Q_E_SB_LUT4_O_LC.I3
Info:                          Defined in:
Info:                               /home/ed667/oss-cad-suite/lib/../share/yosys/ice40/cells_map.v:6.21-6.22
Info:      logic  0.87  54.85 Source soc.cpu.reg_op1_SB_DFFE_Q_E_SB_LUT4_O_LC.O
Info:    routing  1.80  56.65 Net soc.cpu.reg_op1_SB_DFFE_Q_E (8,25) -> (8,25)
Info:                          Sink soc.cpu.reg_op1_SB_DFFE_Q_D_SB_LUT4_O_LC.CEN
Info:      setup  0.10  56.75 Source soc.cpu.reg_op1_SB_DFFE_Q_D_SB_LUT4_O_LC.CEN
Info: 17.02 ns logic, 39.73 ns routing

Info: Critical path report for cross-domain path '<async>' -> 'posedge clk':
Info:       type curr  total name
Info:     source  0.00  0.00 Source flash_io_buf[3].D_IN_0
Info:    routing  4.14  4.14 Net flash_io3_di (19,0) -> (17,8)
Info:                          Sink flash_io3_di_SB_LUT4_I0_LC.I0
Info:                          Defined in:
Info:                               picosoc.v:153.14-153.32
Info:      logic  1.28  5.43 Source flash_io3_di_SB_LUT4_I0_LC.O
Info:    routing  1.76  7.19 Net flash_io3_di_SB_LUT4_I0_O[2] (17,8) -> (16,8)
Info:                          Sink flash_io3_di_SB_LUT4_I0_O_SB_LUT4_I1_LC.I2
Info:                          Defined in:
Info:                               /home/ed667/oss-cad-suite/lib/../share/yosys/ice40/cells_map.v:6.21-6.22
Info:      logic  1.21  8.39 Source flash_io3_di_SB_LUT4_I0_O_SB_LUT4_I1_LC.O
Info:    routing  1.76  10.15 Net soc.gen_icache.icache_inst.miss_rdata_SB_DFFESR_Q_28_D_SB_LUT4_O_I0[3] (16,8) -> (16,8)
Info:                          Sink soc.gen_icache.icache_inst.miss_rdata_SB_DFFESR_Q_28_D_SB_LUT4_O_LC.I3
Info:                          Defined in:
Info:                               /home/ed667/oss-cad-suite/lib/../share/yosys/ice40/cells_map.v:6.21-6.22
Info:      logic  0.87  11.03 Source soc.gen_icache.icache_inst.miss_rdata_SB_DFFESR_Q_28_D_SB_LUT4_O_LC.O
Info:    routing  4.79  15.82 Net soc.gen_icache.icache_inst.miss_rdata_SB_DFFESR_Q_28_D[3] (16,8) -> (20,20)
Info:                          Sink soc.gen_icache.icache_inst.miss_rdata_SB_DFFESR_Q_28_D_SB_LUT4_I3_LC.I3
Info:                          Defined in:
Info:                               /home/ed667/oss-cad-suite/lib/../share/yosys/ice40/cells_map.v:6.21-6.22
Info:      logic  0.87  16.69 Source soc.gen_icache.icache_inst.miss_rdata_SB_DFFESR_Q_28_D_SB_LUT4_I3_LC.O
Info:    routing  1.76  18.45 Net soc.gen_icache.icache_inst.miss_rdata_SB_DFFESR_Q_28_D_SB_LUT4_I3_O[3] (20,20) -> (20,21)
Info:                          Sink soc.gen_icache.icache_inst.miss_rdata_SB_DFFESR_Q_28_D_SB_LUT4_I3_O_SB_LUT4_I1_LC.I3
Info:                          Defined in:
Info:                               /home/ed667/oss-cad-suite/lib/../share/yosys/ice40/cells_map.v:6.21-6.22
Info:      logic  0.87  19.33 Source soc.gen_icache.icache_inst.miss_rdata_SB_DFFESR_Q_28_D_SB_LUT4_I3_O_SB_LUT4_I1_LC.O
Info:    routing  2.30  21.63 Net soc.cpu.instr_jal_SB_DFFE_Q_D_SB_LUT4_O_I2[0] (20,21) -> (18,21)
Info:                          Sink soc.cpu.mem_rdata_q_SB_DFFE_Q_27_D_SB_LUT4_I3_O_SB_LUT4_O_2_LC.I2
Info:                          Defined in:
Info:                               /home/ed667/oss-cad-suite/lib/../share/yosys/ice40/cells_map.v:6.21-6.22
Info:      logic  1.21  22.84 Source soc.cpu.mem_rdata_q_SB_DFFE_Q_27_D_SB_LUT4_I3_O_SB_LUT4_O_2_LC.O
Info:    routing  1.76  24.60 Net soc.cpu.instr_waitirq_SB_DFFE_Q_D_SB_LUT4_O_I2[1] (18,21) -> (17,22)
Info:                          Sink soc.cpu.mem_rdata_q_SB_DFFE_Q_14_D_SB_LUT4_I3_O_SB_LUT4_O_2_LC.I3
Info:                          Defined in:
Info:                               /home/ed667/oss-cad-suite/lib/../share/yosys/ice40/cells_map.v:6.21-6.22
Info:      logic  0.87  25.47 Source soc.cpu.mem_rdata_q_SB_DFFE_Q_14_D_SB_LUT4_I3_O_SB_LUT4_O_2_LC.O
Info:    routing  1.76  27.23 Net soc.cpu.decoded_imm_j_SB_DFFE_Q_14_D[3] (17,22) -> (16,23)
Info:                          Sink soc.cpu.cpuregs.regs.1.0_RADDR_1_SB_LUT4_O_1_LC.I3
Info:                          Defined in:
Info:                               /home/ed667/oss-cad-suite/lib/../share/yosys/ice40/cells_map.v:6.21-6.22
Info:      logic  0.87  28.11 Source soc.cpu.cpuregs.regs.1.0_RADDR_1_SB_LUT4_O_1_LC.O
Info:    routing  1.76  29.87 Net soc.cpu.cpuregs.regs.1.0_RADDR_1[2] (16,23) -> (16,22)
Info:                          Sink soc.cpu.cpuregs.regs.1.0_RDATA_15_SB_DFF_Q_D_SB_LUT4_O_I0_SB_LUT4_O_2_LC.I2
Info:                          Defined in:
Info:                               /home/ed667/oss-cad-suite/lib/../share/yosys/ice40/cells_map.v:6.21-6.22
Info:      logic  1.21  31.07 Source soc.cpu.cpuregs.regs.1.0_RDATA_15_SB_DFF_Q_D_SB_LUT4_O_I0_SB_LUT4_O_2_LC.O
Info:    routing  2.41  33.48 Net soc.cpu.cpuregs.regs.1.0_RDATA_15_SB_DFF_Q_D_SB_LUT4_O_I0[2] (16,22) -> (15,20)
Info:                          Sink soc.cpu.cpuregs.regs.1.0_RDATA_15_SB_DFF_Q_D_SB_LUT4_O_LC.I2
Info:                          Defined in:
Info:                               /home/ed667/oss-cad-suite/lib/../share/yosys/ice40/cells_map.v:6.21-6.22
Info:      setup  1.15  34.64 Source soc.cpu.cpuregs.regs.1.0_RDATA_15_SB_DFF_Q_D_SB_LUT4_O_LC.I2
Info: 10.42 ns logic, 24.21 ns routing

Info: Critical path report for cross-domain path 'posedge clk' -> '<async>':
Info:       type curr  total name
Info:   clk-to-q  1.39  1.39 Source soc.spimemio.xfer.dummy_count_SB_DFFESR_Q_D_SB_LUT4_O_LC.O
Info:    routing  3.06  4.45 Net soc.spimemio.xfer.dummy_count[3] (24,7) -> (23,3)
Info:                          Sink soc.spimemio.xfer.count_SB_DFFESR_Q_3_D_SB_LUT4_O_I2_SB_LUT4_O_I2_SB_LUT4_I3_O_SB_LUT4_I1_O_SB_LUT4_O_LC.I0
Info:                          Defined in:
Info:                               spimemio.v:417.12-417.23
Info:      logic  1.28  5.73 Source soc.spimemio.xfer.count_SB_DFFESR_Q_3_D_SB_LUT4_O_I2_SB_LUT4_O_I2_SB_LUT4_I3_O_SB_LUT4_I1_O_SB_LUT4_O_LC.O
Info:    routing  1.76  7.49 Net soc.spimemio.din_valid_SB_LUT4_I2_O[1] (23,3) -> (22,3)
Info:                          Sink soc.spimemio.xfer.xfer_rd_SB_LUT4_I2_LC.I3
Info:                          Defined in:
Info:                               /home/ed667/oss-cad-suite/lib/../share/yosys/ice40/cells_map.v:6.21-6.22
Info:      logic  0.87  8.37 Source soc.spimemio.xfer.xfer_rd_SB_LUT4_I2_LC.O
Info:    routing  1.76  10.13 Net soc.spimemio.xfer.xfer_rd_SB_LUT4_I2_O[2] (22,3) -> (21,2)
Info:                          Sink flash_io0_oe_SB_LUT4_O_I3_SB_LUT4_O_LC.I3
Info:                          Defined in:
Info:                               /home/ed667/oss-cad-suite/lib/../share/yosys/ice40/cells_map.v:6.21-6.22
Info:      logic  0.87  11.00 Source flash_io0_oe_SB_LUT4_O_I3_SB_LUT4_O_LC.O
Info:    routing  1.76  12.76 Net flash_io0_oe_SB_LUT4_O_I2[1] (21,2) -> (20,2)
Info:                          Sink flash_io1_oe_SB_LUT4_O_LC.I3
Info:                          Defined in:
Info:                               /home/ed667/oss-cad-suite/lib/../share/yosys/ice40/cells_map.v:6.21-6.22
Info:      logic  0.87  13.64 Source flash_io1_oe_SB_LUT4_O_LC.O
Info:    routing  4.22  17.86 Net flash_io1_oe (20,2) -> (23,0)
Info:                          Sink flash_io_buf[1].OUTPUT_ENABLE
Info:                          Defined in:
Info:                               picosoc.v:153.14-153.32
Info: 5.30 ns logic, 12.56 ns routing

Info: Critical path report for cross-domain path 'negedge clk' -> '<async>':
Info:       type curr  total name
Info:   clk-to-q  1.39  1.39 Source soc.spimemio.xfer_io3_90_SB_DFFN_Q_DFFLC.O
Info:    routing  1.76  3.15 Net soc.spimemio.xfer_io3_90 (22,1) -> (22,1)
Info:                          Sink soc.spimemio.xfer_io3_90_SB_LUT4_I2_LC.I2
Info:                          Defined in:
Info:                               /home/ed667/oss-cad-suite/lib/../share/yosys/ice40/cells_map.v:6.21-6.22
Info:      logic  1.21  4.36 Source soc.spimemio.xfer_io3_90_SB_LUT4_I2_LC.O
Info:    routing  1.76  6.12 Net flash_io3_do_SB_LUT4_O_I3[2] (22,1) -> (21,1)
Info:                          Sink flash_io3_do_SB_LUT4_O_LC.I3
Info:                          Defined in:
Info:                               /home/ed667/oss-cad-suite/lib/../share/yosys/ice40/cells_map.v:6.21-6.22
Info:      logic  0.87  6.99 Source flash_io3_do_SB_LUT4_O_LC.O
Info:    routing  2.95  9.94 Net flash_io3_do (21,1) -> (19,0)
Info:                          Sink flash_io_buf[3].D_OUT_0
Info:                          Defined in:
Info:                               spimemio.v:39.9-39.21
Info: 3.47 ns logic, 6.47 ns routing

Info: Max frequency for clock 'clk': 17.62 MHz (PASS at 12.00 MHz)

Info: Max delay <async>     -> posedge clk: 34.64 ns
Info: Max delay posedge clk -> <async>    : 17.86 ns
Info: Max delay negedge clk -> <async>    : 9.94 ns

Info: Slack histogram:
Info:  legend: * represents 22 endpoint(s)
Info:          + represents [1,22) endpoint(s)
Info: [ 26584,  29259) |*+
Info: [ 29259,  31934) |**+
Info: [ 31934,  34609) |*+
Info: [ 34609,  37284) |*+
Info: [ 37284,  39959) |**+
Info: [ 39959,  42634) |********+
Info: [ 42634,  45309) |****+
Info: [ 45309,  47984) |******+
Info: [ 47984,  50659) |*****+
Info: [ 50659,  53334) |********+
Info: [ 53334,  56009) |*********+
Info: [ 56009,  58684) |*****+
Info: [ 58684,  61359) |*********+
Info: [ 61359,  64034) |************+
Info: [ 64034,  66709) |*******************************+
Info: [ 66709,  69384) |**************************************************+
Info: [ 69384,  72059) |*****************+
Info: [ 72059,  74734) |**************************+
Info: [ 74734,  77409) |*********************************************+
Info: [ 77409,  80084) |************************************************************ 

Info: Program finished normally.
