
icetime topological timing analysis report
==========================================

Info: max_span_hack is enabled: estimate is conservative.

Report for critical path:
-------------------------

        lc40_22_25_2 (LogicCell40) [clk] -> lcout: 1.491 ns
     1.491 ns net_85749 (iomem_addr[7])
        odrv_22_25_85749_89360 (Odrv4) I -> O: 0.649 ns
        t25402 (Span4Mux_v4) I -> O: 0.649 ns
        t25406 (Span4Mux_v4) I -> O: 0.649 ns
        t25412 (Span4Mux_h4) I -> O: 0.543 ns
        t25411 (LocalMux) I -> O: 1.099 ns
        inmux_23_13_91978_92033 (InMux) I -> O: 0.662 ns
        t4142 (CascadeMux) I -> O: 0.000 ns
        lc40_23_13_4 (LogicCell40) in2 -> lcout: 1.205 ns
     6.947 ns net_88106 (iomem_ready_SB_LUT4_I1_I2_SB_LUT4_I1_O_SB_LUT4_O_1_I0_SB_LUT4_O_1_I2_SB_LUT4_O_1_I3[2])
        t25726 (LocalMux) I -> O: 1.099 ns
        inmux_23_13_91994_92045 (InMux) I -> O: 0.662 ns
        t4144 (CascadeMux) I -> O: 0.000 ns
        lc40_23_13_6 (LogicCell40) in2 -> lcout: 1.205 ns
     9.914 ns net_88108 (iomem_ready_SB_LUT4_I1_I2_SB_LUT4_I1_O_SB_LUT4_O_1_I0_SB_LUT4_O_1_I2[3])
        t25730 (LocalMux) I -> O: 1.099 ns
        inmux_23_13_92004_92049 (InMux) I -> O: 0.662 ns
        lc40_23_13_7 (LogicCell40) in0 -> lcout: 1.285 ns
    12.960 ns net_88109 (iomem_ready_SB_LUT4_I1_I2_SB_LUT4_I1_O_SB_LUT4_O_1_I0[1])
        t25731 (LocalMux) I -> O: 1.099 ns
        inmux_22_12_88051_88086 (InMux) I -> O: 0.662 ns
        lc40_22_12_5 (LogicCell40) in3 -> lcout: 0.874 ns
    15.596 ns net_84153 (iomem_ready_SB_LUT4_I1_I2_SB_LUT4_I1_O[2])
        odrv_22_12_84153_80456 (Odrv4) I -> O: 0.649 ns
        t24494 (Span4Mux_h4) I -> O: 0.543 ns
        t24493 (Span4Mux_v4) I -> O: 0.649 ns
        t24492 (LocalMux) I -> O: 1.099 ns
        inmux_16_9_65314_65343 (InMux) I -> O: 0.662 ns
        t2890 (CascadeMux) I -> O: 0.000 ns
        lc40_16_9_2 (LogicCell40) in2 -> lcout: 1.205 ns
    20.404 ns net_61426 (flash_clk_SB_LUT4_I1_O[0])
        t18549 (LocalMux) I -> O: 1.099 ns
        inmux_17_10_69276_69301 (InMux) I -> O: 0.662 ns
        lc40_17_10_3 (LogicCell40) in0 -> lcout: 1.285 ns
    23.450 ns net_65381 (soc.ram_ready_SB_LUT4_I1_O[3])
        odrv_17_10_65381_69352 (Odrv4) I -> O: 0.649 ns
        t19586 (Span4Mux_v4) I -> O: 0.649 ns
        t19585 (LocalMux) I -> O: 1.099 ns
        inmux_20_13_80508_80521 (InMux) I -> O: 0.662 ns
        lc40_20_13_1 (LogicCell40) in1 -> lcout: 1.232 ns
    27.741 ns net_76958 (soc.gen_icache.icache_inst.state_SB_DFF_Q_D_SB_LUT4_O_I3_SB_LUT4_O_I2[2])
        t21917 (LocalMux) I -> O: 1.099 ns
        inmux_20_14_80605_80650 (InMux) I -> O: 0.662 ns
        lc40_20_14_2 (LogicCell40) in1 -> lcout: 1.232 ns
    30.735 ns net_77061 (soc.cpu.mem_valid_SB_LUT4_I1_I3_SB_LUT4_I2_O[1])
        odrv_20_14_77061_80451 (Odrv12) I -> O: 1.232 ns
        t21960 (LocalMux) I -> O: 1.099 ns
        inmux_20_21_81496_81541 (InMux) I -> O: 0.662 ns
        lc40_20_21_7 (LogicCell40) in1 -> lcout: 1.232 ns
    34.960 ns net_77780 (soc.cpu.instr_fence_SB_DFFESR_Q_D_SB_LUT4_O_I1[1])
        odrv_20_21_77780_77922 (Odrv4) I -> O: 0.649 ns
        t22219 (Span4Mux_v4) I -> O: 0.649 ns
        t22218 (LocalMux) I -> O: 1.099 ns
        inmux_18_24_74825_74855 (InMux) I -> O: 0.662 ns
        lc40_18_24_3 (LogicCell40) in1 -> lcout: 1.232 ns
    39.251 ns net_70934 (soc.cpu.mem_state_SB_DFFESR_Q_D_SB_LUT4_O_I3_SB_LUT4_I1_O[3])
        odrv_18_24_70934_71069 (Odrv4) I -> O: 0.649 ns
        t21321 (Span4Mux_h4) I -> O: 0.543 ns
        t21320 (Span4Mux_v4) I -> O: 0.649 ns
        t21319 (LocalMux) I -> O: 1.099 ns
        inmux_12_28_52324_52380 (InMux) I -> O: 0.662 ns
        lc40_12_28_6 (LogicCell40) in0 -> lcout: 1.285 ns
    44.138 ns net_48445 (soc.cpu.cpu_state_SB_DFF_Q_3_D_SB_LUT4_O_I2_SB_LUT4_O_I3[1])
        t15534 (LocalMux) I -> O: 1.099 ns
        inmux_11_28_48510_48538 (InMux) I -> O: 0.662 ns
        lc40_11_28_4 (LogicCell40) in1 -> lcout: 1.232 ns
    47.131 ns net_44612 (soc.cpu.decoder_pseudo_trigger_SB_DFFSR_Q_R_SB_LUT4_O_I3[3])
        t13957 (LocalMux) I -> O: 1.099 ns
        inmux_10_27_44546_44573 (InMux) I -> O: 0.662 ns
        t1871 (CascadeMux) I -> O: 0.000 ns
        lc40_10_27_2 (LogicCell40) in2 -> lcout: 1.205 ns
    50.098 ns net_40656 (soc.cpu.instr_sll_SB_LUT4_I0_O_SB_LUT4_I2_O_SB_LUT4_I2_O[2])
        odrv_10_27_40656_40437 (Odrv4) I -> O: 0.649 ns
        t12553 (Span4Mux_v4) I -> O: 0.649 ns
        t12552 (LocalMux) I -> O: 1.099 ns
        inmux_9_21_39961_40016 (InMux) I -> O: 0.662 ns
        t1640 (CascadeMux) I -> O: 0.000 ns
        lc40_9_21_4 (LogicCell40) in2 -> lcout: 1.205 ns
    54.363 ns net_36089 (soc.cpu.latched_is_lb_SB_DFFESR_Q_E_SB_LUT4_O_I3_SB_LUT4_I3_O[3])
        odrv_9_21_36089_40061 (Odrv4) I -> O: 0.649 ns
        t10897 (Span4Mux_v4) I -> O: 0.649 ns
        t10896 (LocalMux) I -> O: 1.099 ns
        inmux_8_25_36628_36669 (InMux) I -> O: 0.662 ns
        lc40_8_25_3 (LogicCell40) in0 -> lcout: 1.285 ns
    58.707 ns net_32749 (soc.cpu.reg_op1_SB_DFFE_Q_E)
        t9614 (LocalMux) I -> O: 1.099 ns
        inmux_8_25_36645_36697 (CEMux) I -> O: 0.702 ns
    60.508 ns net_36697 (soc.cpu.reg_op1_SB_DFFE_Q_E)
        lc40_8_25_5 (LogicCell40) ce [setup]: 0.000 ns
    60.508 ns net_32751 (soc.cpu.alu_out_q_SB_DFF_Q_D_SB_LUT4_O_I2_SB_LUT4_O_I3[1])

Resolvable net names on path:
     1.491 ns ..  5.742 ns iomem_addr[7]
     6.947 ns ..  8.709 ns iomem_ready_SB_LUT4_I1_I2_SB_LUT4_I1_O_SB_LUT4_O_1_I0_SB_LUT4_O_1_I2_SB_LUT4_O_1_I3[2]
     9.914 ns .. 11.676 ns iomem_ready_SB_LUT4_I1_I2_SB_LUT4_I1_O_SB_LUT4_O_1_I0_SB_LUT4_O_1_I2[3]
    12.960 ns .. 14.722 ns iomem_ready_SB_LUT4_I1_I2_SB_LUT4_I1_O_SB_LUT4_O_1_I0[1]
    15.596 ns .. 19.199 ns iomem_ready_SB_LUT4_I1_I2_SB_LUT4_I1_O[2]
    20.404 ns .. 22.165 ns flash_clk_SB_LUT4_I1_O[0]
    23.450 ns .. 26.510 ns soc.ram_ready_SB_LUT4_I1_O[3]
    27.741 ns .. 29.503 ns soc.gen_icache.icache_inst.state_SB_DFF_Q_D_SB_LUT4_O_I3_SB_LUT4_O_I2[2]
    30.735 ns .. 33.728 ns soc.cpu.mem_valid_SB_LUT4_I1_I3_SB_LUT4_I2_O[1]
    34.960 ns .. 38.019 ns soc.cpu.instr_fence_SB_DFFESR_Q_D_SB_LUT4_O_I1[1]
    39.251 ns .. 42.853 ns soc.cpu.mem_state_SB_DFFESR_Q_D_SB_LUT4_O_I3_SB_LUT4_I1_O[3]
    44.138 ns .. 45.900 ns soc.cpu.cpu_state_SB_DFF_Q_3_D_SB_LUT4_O_I2_SB_LUT4_O_I3[1]
    47.131 ns .. 48.893 ns soc.cpu.decoder_pseudo_trigger_SB_DFFSR_Q_R_SB_LUT4_O_I3[3]
    50.098 ns .. 53.158 ns soc.cpu.instr_sll_SB_LUT4_I0_O_SB_LUT4_I2_O_SB_LUT4_I2_O[2]
    54.363 ns .. 57.422 ns soc.cpu.latched_is_lb_SB_DFFESR_Q_E_SB_LUT4_O_I3_SB_LUT4_I3_O[3]
    58.707 ns .. 60.508 ns soc.cpu.reg_op1_SB_DFFE_Q_E
                  lcout -> soc.cpu.alu_out_q_SB_DFF_Q_D_SB_LUT4_O_I2_SB_LUT4_O_I3[1]

Total number of logic levels: 16
Total path delay: 60.51 ns (16.53 MHz)

