COMMAND: nextpnr-ice40 --up5k --package sg48 --json design.json --pcf icebreaker.pcf --asc design.asc --pcf-allow-unconstrained

STDOUT:


STDERR:
Info: constrained 'clk_in' to bel 'X12/Y31/io1'
Info: constrained 'ser_rx' to bel 'X13/Y0/io1'
Info: constrained 'ser_tx' to bel 'X15/Y0/io0'
Info: constrained 'flash_clk' to bel 'X24/Y0/io0'
Info: constrained 'flash_csb' to bel 'X24/Y0/io1'
Info: constrained 'flash_io0' to bel 'X23/Y0/io0'
Info: constrained 'flash_io1' to bel 'X23/Y0/io1'
Info: constrained 'flash_io2' to bel 'X18/Y0/io0'
Info: constrained 'flash_io3' to bel 'X19/Y0/io0'
Info: constrained 'P1A1' to bel 'X9/Y0/io0'
Info: constrained 'P1A2' to bel 'X8/Y0/io0'
Info: constrained 'P1A3' to bel 'X6/Y0/io0'
Info: constrained 'P1A4' to bel 'X7/Y0/io1'
Info: constrained 'P1A7' to bel 'X9/Y0/io1'
Info: constrained 'P1A8' to bel 'X7/Y0/io0'
Info: constrained 'P1A9' to bel 'X5/Y0/io0'
Info: constrained 'P1A10' to bel 'X6/Y0/io1'
Info: constrained 'led1' to bel 'X18/Y31/io0'
Info: constrained 'led2' to bel 'X18/Y31/io1'
Info: constrained 'led3' to bel 'X19/Y31/io1'
Info: constrained 'led4' to bel 'X19/Y31/io0'
Info: constrained 'led5' to bel 'X18/Y0/io1'
Info: constrained 'ledr_n' to bel 'X17/Y0/io0'
Info: constrained 'ledg_n' to bel 'X13/Y31/io0'

Info: Packing constants..
Info: Packing IOs..
Info: flash_io0 feeds SB_IO flash_io_buf[0], removing $nextpnr_iobuf flash_io0.
Info: flash_io3 feeds SB_IO flash_io_buf[3], removing $nextpnr_iobuf flash_io3.
Info: flash_io2 feeds SB_IO flash_io_buf[2], removing $nextpnr_iobuf flash_io2.
Info: flash_io1 feeds SB_IO flash_io_buf[1], removing $nextpnr_iobuf flash_io1.
Info: Packing LUT-FFs..
Info:     3060 LCs used as LUT4 only
Info:     1080 LCs used as LUT4 and DFF
Info: Packing non-LUT FFs..
Info:      603 LCs used as DFF only
Info: Packing carries..
Info:      161 LCs used as CARRY only
Info: Packing indirect carry+LUT pairs...
Info:       67 LUTs merged into carry LCs
Info: Packing RAMs..
Info: Placing PLLs..
Info:   constrained PLL 'pll' to X12/Y31/pll_3
Info: Packing special functions..
Info: Packing PLLs..
Info:   PLL 'pll' has LOCK output, need to pass all outputs via LUT
Info:   constrained 'pll_locked_SB_LUT4_I0_LC' to X1/Y30/lc0
Info: Promoting globals..
Info: promoting iomem_ready_SB_LUT4_I2_O_SB_LUT4_I2_O[1] [reset] (fanout 548)
Info: promoting soc.cpu.genblk1.genblk1.pcpi_mul.mul_counter_SB_DFFE_Q_D_SB_LUT4_O_I3[0] [reset] (fanout 85)
Info: promoting soc.cpu.genblk2.pcpi_div.dq_SB_DFFE_Q_10_D_SB_LUT4_O_I3[1] [reset] (fanout 38)
Info: promoting soc.simpleuart.recv_buf_valid_SB_DFFSR_Q_D_SB_LUT4_O_I3_SB_LUT4_O_I3_SB_LUT4_O_I3_SB_CARRY_CO_I1_SB_CARRY_I1_CO_SB_LUT4_I3_O_SB_LUT4_I2_O [reset] (fanout 32)
Info: promoting resetn [cen] (fanout 215)
Info: promoting soc.gen_icache.icache_inst.state_SB_DFF_Q_D_SB_LUT4_O_I3_SB_LUT4_O_I3_SB_LUT4_I3_O_SB_LUT4_I1_1_O [cen] (fanout 128)
Info: promoting soc.cpu.genblk2.pcpi_div.running_SB_DFFSR_Q_D_SB_LUT4_I3_O [cen] (fanout 70)
Info: Constraining chains...
Info:       55 LCs used to legalise carry chains.
Info: Checksum: 0x31d2823c

Info: Device utilisation:
Info: 	         ICESTORM_LC:    4894/   5280    92%
Info: 	        ICESTORM_RAM:      22/     30    73%
Info: 	               SB_IO:      24/     96    25%
Info: 	               SB_GB:       8/      8   100%
Info: 	        ICESTORM_PLL:       1/      1   100%
Info: 	         SB_WARMBOOT:       0/      1     0%
Info: 	        ICESTORM_DSP:       0/      8     0%
Info: 	      ICESTORM_HFOSC:       0/      1     0%
Info: 	      ICESTORM_LFOSC:       0/      1     0%
Info: 	              SB_I2C:       0/      2     0%
Info: 	              SB_SPI:       0/      2     0%
Info: 	              IO_I3C:       0/      2     0%
Info: 	         SB_LEDDA_IP:       0/      1     0%
Info: 	         SB_RGBA_DRV:       0/      1     0%
Info: 	      ICESTORM_SPRAM:       4/      4   100%

Info: Placed 26 cells based on constraints.
Info: Creating initial analytic placement for 4171 cells, random placement wirelen = 122229.
Info:     at initial placer iter 0, wirelen = 1948
Info:     at initial placer iter 1, wirelen = 1907
Info:     at initial placer iter 2, wirelen = 1907
Info:     at initial placer iter 3, wirelen = 2125
Info: Running main analytical placer, max placement attempts per cell = 3066526.
Info:     at iteration #1, type ALL: wirelen solved = 2026, spread = 43923, legal = 49907; time = 0.15s
Info:     at iteration #2, type ALL: wirelen solved = 2944, spread = 35929, legal = 44726; time = 0.15s
Info:     at iteration #3, type ALL: wirelen solved = 3930, spread = 35551, legal = 41579; time = 0.13s
Info:     at iteration #4, type ALL: wirelen solved = 5552, spread = 33476, legal = 39187; time = 0.12s
Info:     at iteration #5, type ALL: wirelen solved = 6718, spread = 30764, legal = 37339; time = 0.13s
Info:     at iteration #6, type ALL: wirelen solved = 7886, spread = 28980, legal = 35817; time = 0.13s
Info:     at iteration #7, type ALL: wirelen solved = 8699, spread = 27855, legal = 35478; time = 0.15s
Info:     at iteration #8, type ALL: wirelen solved = 9462, spread = 26320, legal = 31803; time = 0.43s
Info:     at iteration #9, type ALL: wirelen solved = 10771, spread = 26165, legal = 33825; time = 0.14s
Info:     at iteration #10, type ALL: wirelen solved = 11463, spread = 25551, legal = 32658; time = 0.17s
Info:     at iteration #11, type ALL: wirelen solved = 12775, spread = 25407, legal = 32247; time = 0.13s
Info:     at iteration #12, type ALL: wirelen solved = 13259, spread = 25134, legal = 32828; time = 0.11s
Info:     at iteration #13, type ALL: wirelen solved = 13565, spread = 24945, legal = 32339; time = 0.11s
Info: HeAP Placer Time: 2.63s
Info:   of which solving equations: 1.21s
Info:   of which spreading cells: 0.18s
Info:   of which strict legalisation: 0.88s

Info: Running simulated annealing placer for refinement.
Info:   at iteration #1: temp = 0.000000, timing cost = 2853, wirelen = 31803
Info:   at iteration #5: temp = 0.000000, timing cost = 2126, wirelen = 26713
Info:   at iteration #10: temp = 0.000000, timing cost = 2105, wirelen = 25368
Info:   at iteration #15: temp = 0.000000, timing cost = 2014, wirelen = 24665
Info:   at iteration #20: temp = 0.000000, timing cost = 1979, wirelen = 24244
Info:   at iteration #25: temp = 0.000000, timing cost = 1970, wirelen = 24142
Info:   at iteration #30: temp = 0.000000, timing cost = 1939, wirelen = 24098
Info:   at iteration #33: temp = 0.000000, timing cost = 1937, wirelen = 24079 
Info: SA placement time 7.24s

Info: Max frequency for clock 'clk': 17.73 MHz (PASS at 12.00 MHz)

Info: Max delay <async>     -> posedge clk: 37.39 ns
Info: Max delay posedge clk -> <async>    : 17.29 ns
Info: Max delay negedge clk -> <async>    : 10.79 ns

Info: Slack histogram:
Info:  legend: * represents 24 endpoint(s)
Info:          + represents [1,24) endpoint(s)
Info: [ 26931,  29602) |+
Info: [ 29602,  32273) |**+
Info: [ 32273,  34944) |*******+
Info: [ 34944,  37615) |**+
Info: [ 37615,  40286) |***+
Info: [ 40286,  42957) |**+
Info: [ 42957,  45628) |******+
Info: [ 45628,  48299) |*****+
Info: [ 48299,  50970) |*****+
Info: [ 50970,  53641) |**+
Info: [ 53641,  56312) |******+
Info: [ 56312,  58983) |*******+
Info: [ 58983,  61654) |********+
Info: [ 61654,  64325) |********+
Info: [ 64325,  66996) |*************************************+
Info: [ 66996,  69667) |************************************+
Info: [ 69667,  72338) |*************************+
Info: [ 72338,  75009) |********************+
Info: [ 75009,  77680) |************************************+
Info: [ 77680,  80351) |************************************************************ 
Info: Checksum: 0x5e513b82

Info: Routing..
Info: Setting up routing queue.
Info: Routing 16915 arcs.
Info:            |   (re-)routed arcs  |   delta    | remaining|       time spent     |
Info:    IterCnt |  w/ripup   wo/ripup |  w/r  wo/r |      arcs| batch(sec) total(sec)|
Info:       1000 |       31        968 |   31   968 |     15953|       1.04       1.04|
Info:       2000 |      122       1877 |   91   909 |     15103|       0.97       2.01|
Info:       3000 |      258       2741 |  136   864 |     14296|       0.52       2.53|
Info:       4000 |      450       3530 |  192   789 |     13536|       0.25       2.79|
Info:       5000 |      776       4204 |  326   674 |     12964|       0.19       2.98|
Info:       6000 |     1060       4920 |  284   716 |     12383|       0.22       3.20|
Info:       7000 |     1408       5554 |  348   634 |     11886|       0.24       3.44|
Info:       8000 |     1757       6205 |  349   651 |     11462|       0.39       3.83|
Info:       9000 |     2114       6846 |  357   641 |     10997|       0.67       4.50|
Info:      10000 |     2420       7441 |  306   595 |     10536|       0.64       5.14|
Info:      11000 |     2768       8076 |  348   635 |     10201|       0.82       5.96|
Info:      12000 |     3215       8628 |  447   552 |      9964|       0.58       6.54|
Info:      13000 |     3693       9147 |  478   519 |      9731|       0.81       7.35|
Info:      14000 |     4142       9698 |  449   551 |      9429|       1.04       8.39|
Info:      15000 |     4670      10170 |  528   472 |      9325|       0.51       8.90|
Info:      16000 |     5167      10621 |  497   451 |      9198|       0.44       9.34|
Info:      17000 |     5627      11159 |  460   538 |      8975|       0.46       9.79|
Info:      18000 |     6151      11604 |  524   445 |      8744|       0.35      10.14|
Info:      19000 |     6628      12127 |  477   523 |      8540|       0.43      10.57|
Info:      20000 |     7092      12610 |  464   483 |      8318|       0.36      10.93|
Info:      21000 |     7637      13065 |  545   455 |      8318|       0.44      11.37|
Info:      22000 |     8125      13547 |  488   482 |      8118|       0.38      11.75|
Info:      23000 |     8549      14071 |  424   524 |      7832|       0.40      12.15|
Info:      24000 |     9041      14551 |  492   480 |      7570|       0.36      12.51|
Info:      25000 |     9582      15008 |  541   457 |      7434|       0.43      12.94|
Info:      26000 |    10075      15487 |  493   479 |      7213|       0.41      13.35|
Info:      27000 |    10621      15939 |  546   452 |      7017|       0.46      13.81|
Info:      28000 |    11219      16338 |  598   399 |      6905|       0.54      14.35|
Info:      29000 |    11793      16740 |  574   402 |      6827|       0.44      14.80|
Info:      30000 |    12292      17213 |  499   473 |      6585|       0.39      15.19|
Info:      31000 |    12827      17674 |  535   461 |      6439|       0.47      15.66|
Info:      32000 |    13326      18175 |  499   501 |      6266|       0.48      16.14|
Info:      33000 |    13879      18622 |  553   447 |      6090|       0.47      16.61|
Info:      34000 |    14410      19091 |  531   469 |      5887|       0.48      17.09|
Info:      35000 |    14925      19576 |  515   485 |      5722|       0.44      17.52|
Info:      36000 |    15464      20036 |  539   460 |      5583|       0.48      18.00|
Info:      37000 |    15967      20533 |  503   497 |      5380|       0.39      18.39|
Info:      38000 |    16448      21048 |  481   515 |      5126|       0.33      18.72|
Info:      39000 |    16962      21525 |  514   477 |      4971|       0.46      19.18|
Info:      40000 |    17480      21999 |  518   474 |      4775|       0.45      19.62|
Info:      41000 |    17986      22493 |  506   494 |      4679|       0.40      20.03|
Info:      42000 |    18622      22857 |  636   364 |      4644|       0.51      20.54|
Info:      43000 |    19186      23290 |  564   433 |      4530|       1.44      21.98|
Info:      44000 |    19718      23758 |  532   468 |      4406|       0.46      22.44|
Info:      45000 |    20297      24179 |  579   421 |      4386|       0.47      22.91|
Info:      46000 |    20820      24626 |  523   447 |      4234|       0.44      23.35|
Info:      47000 |    21345      25101 |  525   475 |      4051|       0.52      23.87|
Info:      48000 |    21984      25462 |  639   361 |      3975|       0.37      24.24|
Info:      49000 |    22540      25879 |  556   417 |      3862|       0.34      24.58|
Info:      50000 |    23145      26274 |  605   395 |      3784|       0.48      25.06|
Info:      51000 |    23780      26637 |  635   363 |      3646|       0.57      25.63|
Info:      52000 |    24317      27093 |  537   456 |      3530|       1.15      26.78|
Info:      53000 |    24884      27526 |  567   433 |      3539|       1.32      28.11|
Info:      54000 |    25438      27970 |  554   444 |      3398|       2.17      30.28|
Info:      55000 |    26094      28314 |  656   344 |      3375|       1.88      32.16|
Info:      56000 |    26656      28752 |  562   438 |      3306|       1.25      33.41|
Info:      57000 |    27240      29159 |  584   407 |      3217|       0.95      34.36|
Info:      58000 |    27780      29616 |  540   457 |      3099|       0.67      35.04|
Info:      59000 |    28375      30016 |  595   400 |      2981|       0.55      35.59|
Info:      60000 |    28930      30461 |  555   445 |      2884|       0.43      36.02|
Info:      61000 |    29477      30913 |  547   452 |      2712|       0.37      36.39|
Info:      62000 |    30038      31352 |  561   439 |      2623|       0.45      36.84|
Info:      63000 |    30635      31755 |  597   403 |      2581|       0.65      37.49|
Info:      64000 |    31202      32188 |  567   433 |      2555|       0.53      38.02|
Info:      65000 |    31822      32566 |  620   378 |      2425|       0.47      38.49|
Info:      66000 |    32380      33006 |  558   440 |      2304|       0.66      39.15|
Info:      67000 |    32947      33439 |  567   433 |      2230|       0.48      39.63|
Info:      68000 |    33516      33859 |  569   420 |      2100|       0.55      40.18|
Info:      69000 |    34094      34281 |  578   422 |      1952|       0.56      40.75|
Info:      70000 |    34600      34774 |  506   493 |      1714|       0.45      41.20|
Info:      71000 |    35151      35216 |  551   442 |      1562|       0.61      41.81|
Info:      72000 |    35719      35637 |  568   421 |      1407|       0.45      42.26|
Info:      73000 |    36071      36285 |  352   648 |       846|       0.16      42.42|
Info:      74000 |    36601      36755 |  530   470 |       657|       0.58      43.00|
Info:      75000 |    36992      37364 |  391   609 |       254|       0.70      43.70|
Info:      76000 |    37495      37861 |  503   497 |        27|       1.20      44.90|
Info:      76145 |    37577      37925 |   82    64 |         0|       0.18      45.08|
Info: Routing complete.
Info: Router1 time 45.08s
Info: Checksum: 0xb67ba564

Info: Critical path report for clock 'clk' (posedge -> posedge):
Info:       type curr  total name
Info:   clk-to-q  1.39  1.39 Source soc.cpu.mem_wstrb_SB_DFFE_Q_2_D_SB_LUT4_O_LC.O
Info:    routing  3.70  5.09 Net iomem_wstrb[1] (22,25) -> (22,17)
Info:                          Sink soc.cpu.mem_instr_SB_LUT4_I3_I2_SB_LUT4_O_LC.I2
Info:                          Defined in:
Info:                               picosoc.v:111.13-111.22
Info:      logic  1.21  6.30 Source soc.cpu.mem_instr_SB_LUT4_I3_I2_SB_LUT4_O_LC.O
Info:    routing  1.76  8.06 Net soc.cpu.mem_instr_SB_LUT4_I3_I2[0] (22,17) -> (22,16)
Info:                          Sink soc.cpu.mem_instr_SB_LUT4_I3_LC.I2
Info:                          Defined in:
Info:                               /home/ed667/oss-cad-suite/lib/../share/yosys/ice40/cells_map.v:6.21-6.22
Info:      logic  1.21  9.27 Source soc.cpu.mem_instr_SB_LUT4_I3_LC.O
Info:    routing  2.95  12.22 Net soc.cpu.mem_instr_SB_LUT4_I3_O[3] (22,16) -> (21,12)
Info:                          Sink soc.cpu.mem_valid_SB_LUT4_I0_LC.I3
Info:                          Defined in:
Info:                               /home/ed667/oss-cad-suite/lib/../share/yosys/ice40/cells_map.v:6.21-6.22
Info:      logic  0.87  13.09 Source soc.cpu.mem_valid_SB_LUT4_I0_LC.O
Info:    routing  1.76  14.85 Net flash_clk_SB_LUT4_I0_O_SB_LUT4_O_I0[2] (21,12) -> (20,13)
Info:                          Sink soc.ram_ready_SB_LUT4_I0_I2_SB_LUT4_O_LC.I2
Info:                          Defined in:
Info:                               /home/ed667/oss-cad-suite/lib/../share/yosys/ice40/cells_map.v:6.21-6.22
Info:      logic  1.21  16.06 Source soc.ram_ready_SB_LUT4_I0_I2_SB_LUT4_O_LC.O
Info:    routing  2.95  19.01 Net soc.ram_ready_SB_LUT4_I0_I2[1] (20,13) -> (17,11)
Info:                          Sink soc.ram_ready_SB_LUT4_I0_LC.I2
Info:                          Defined in:
Info:                               /home/ed667/oss-cad-suite/lib/../share/yosys/ice40/cells_map.v:6.21-6.22
Info:      logic  1.21  20.22 Source soc.ram_ready_SB_LUT4_I0_LC.O
Info:    routing  2.95  23.17 Net flash_clk_SB_LUT4_I0_O_SB_LUT4_O_I0[1] (17,11) -> (20,10)
Info:                          Sink flash_csb_SB_LUT4_I0_O_SB_LUT4_O_1_LC.I1
Info:                          Defined in:
Info:                               /home/ed667/oss-cad-suite/lib/../share/yosys/ice40/cells_map.v:6.21-6.22
Info:      logic  1.23  24.40 Source flash_csb_SB_LUT4_I0_O_SB_LUT4_O_1_LC.O
Info:    routing  1.76  26.16 Net flash_csb_SB_LUT4_I0_O[3] (20,10) -> (20,11)
Info:                          Sink flash_csb_SB_LUT4_I0_O_SB_LUT4_I1_LC.I3
Info:                          Defined in:
Info:                               /home/ed667/oss-cad-suite/lib/../share/yosys/ice40/cells_map.v:6.21-6.22
Info:      logic  0.87  27.03 Source flash_csb_SB_LUT4_I0_O_SB_LUT4_I1_LC.O
Info:    routing  2.30  29.34 Net soc.gen_icache.icache_inst.data_array.0.2_RDATA_SB_LUT4_I0_O_SB_LUT4_I1_O_SB_LUT4_O_I0[2] (20,11) -> (18,11)
Info:                          Sink soc.gen_icache.icache_inst.data_array.0.2_RDATA_SB_LUT4_I0_O_SB_LUT4_I1_O_SB_LUT4_O_LC.I2
Info:                          Defined in:
Info:                               /home/ed667/oss-cad-suite/lib/../share/yosys/ice40/cells_map.v:6.21-6.22
Info:      logic  1.21  30.54 Source soc.gen_icache.icache_inst.data_array.0.2_RDATA_SB_LUT4_I0_O_SB_LUT4_I1_O_SB_LUT4_O_LC.O
Info:    routing  3.60  34.14 Net soc.gen_icache.icache_inst.data_array.0.2_RDATA_SB_LUT4_I0_O_SB_LUT4_I1_O[1] (18,11) -> (22,17)
Info:                          Sink soc.cpu.mem_rdata_q_SB_DFFE_Q_26_D_SB_LUT4_O_LC.I1
Info:                          Defined in:
Info:                               /home/ed667/oss-cad-suite/lib/../share/yosys/ice40/cells_map.v:6.21-6.22
Info:      logic  1.23  35.37 Source soc.cpu.mem_rdata_q_SB_DFFE_Q_26_D_SB_LUT4_O_LC.O
Info:    routing  3.60  38.97 Net soc.cpu.mem_rdata_q_SB_DFFE_Q_26_D[2] (22,17) -> (18,22)
Info:                          Sink soc.cpu.mem_rdata_q_SB_DFFE_Q_26_D_SB_LUT4_I3_LC.I3
Info:                          Defined in:
Info:                               /home/ed667/oss-cad-suite/lib/../share/yosys/ice40/cells_map.v:6.21-6.22
Info:      logic  0.87  39.85 Source soc.cpu.mem_rdata_q_SB_DFFE_Q_26_D_SB_LUT4_I3_LC.O
Info:    routing  1.76  41.61 Net soc.cpu.is_sb_sh_sw_SB_DFFE_Q_D_SB_LUT4_O_I2[1] (18,22) -> (18,22)
Info:                          Sink soc.cpu.mem_rdata_q_SB_DFFE_Q_29_D_SB_LUT4_I3_O_SB_LUT4_O_1_LC.I3
Info:                          Defined in:
Info:                               /home/ed667/oss-cad-suite/lib/../share/yosys/ice40/cells_map.v:6.21-6.22
Info:      logic  0.87  42.48 Source soc.cpu.mem_rdata_q_SB_DFFE_Q_29_D_SB_LUT4_I3_O_SB_LUT4_O_1_LC.O
Info:    routing  2.95  45.43 Net soc.cpu.mem_rdata_q_SB_DFFE_Q_29_D_SB_LUT4_I3_O[2] (18,22) -> (15,21)
Info:                          Sink soc.gen_icache.icache_inst.data_array.0.13_RDATA_SB_LUT4_I0_O_SB_LUT4_I1_O_SB_LUT4_I3_O_SB_LUT4_O_2_LC.I2
Info:                          Defined in:
Info:                               /home/ed667/oss-cad-suite/lib/../share/yosys/ice40/cells_map.v:6.21-6.22
Info:      logic  1.21  46.64 Source soc.gen_icache.icache_inst.data_array.0.13_RDATA_SB_LUT4_I0_O_SB_LUT4_I1_O_SB_LUT4_I3_O_SB_LUT4_O_2_LC.O
Info:    routing  1.76  48.40 Net soc.cpu.cpuregs.regs.1.0_RADDR_1_SB_LUT4_O_1_I0[3] (15,21) -> (14,21)
Info:                          Sink soc.cpu.cpuregs.regs.1.0_RADDR_1_SB_LUT4_O_1_LC.I3
Info:                          Defined in:
Info:                               /home/ed667/oss-cad-suite/lib/../share/yosys/ice40/cells_map.v:6.21-6.22
Info:      logic  0.87  49.27 Source soc.cpu.cpuregs.regs.1.0_RADDR_1_SB_LUT4_O_1_LC.O
Info:    routing  2.99  52.27 Net soc.cpu.cpuregs.regs.1.0_RADDR_1[2] (14,21) -> (14,16)
Info:                          Sink soc.cpu.cpuregs.regs.1.0_RADDR_SB_LUT4_I3_O_SB_LUT4_O_1_LC.I2
Info:                          Defined in:
Info:                               /home/ed667/oss-cad-suite/lib/../share/yosys/ice40/cells_map.v:6.21-6.22
Info:      logic  1.21  53.47 Source soc.cpu.cpuregs.regs.1.0_RADDR_SB_LUT4_I3_O_SB_LUT4_O_1_LC.O
Info:    routing  1.76  55.23 Net soc.cpu.cpuregs.regs.1.0_RADDR_SB_LUT4_I3_O[2] (14,16) -> (14,15)
Info:                          Sink soc.cpu.cpuregs.regs.1.0_RDATA_2_SB_DFF_Q_D_SB_LUT4_O_LC.I2
Info:                          Defined in:
Info:                               /home/ed667/oss-cad-suite/lib/../share/yosys/ice40/cells_map.v:6.21-6.22
Info:      setup  1.15  56.39 Source soc.cpu.cpuregs.regs.1.0_RDATA_2_SB_DFF_Q_D_SB_LUT4_O_LC.I2
Info: 17.81 ns logic, 38.58 ns routing

Info: Critical path report for cross-domain path '<async>' -> 'posedge clk':
Info:       type curr  total name
Info:     source  0.00  0.00 Source flash_io_buf[3].D_IN_0
Info:    routing  4.25  4.25 Net flash_io3_di (19,0) -> (21,12)
Info:                          Sink flash_io3_di_SB_LUT4_I0_LC.I0
Info:                          Defined in:
Info:                               picosoc.v:153.14-153.32
Info:      logic  1.28  5.53 Source flash_io3_di_SB_LUT4_I0_LC.O
Info:    routing  1.76  7.29 Net flash_io3_di_SB_LUT4_I0_O[2] (21,12) -> (20,12)
Info:                          Sink flash_io3_di_SB_LUT4_I0_O_SB_LUT4_I1_LC.I2
Info:                          Defined in:
Info:                               /home/ed667/oss-cad-suite/lib/../share/yosys/ice40/cells_map.v:6.21-6.22
Info:      logic  1.21  8.50 Source flash_io3_di_SB_LUT4_I0_O_SB_LUT4_I1_LC.O
Info:    routing  2.95  11.45 Net flash_io3_di_SB_LUT4_I0_O_SB_LUT4_I1_O[3] (20,12) -> (18,13)
Info:                          Sink soc.gen_icache.icache_inst.miss_rdata_SB_DFFESR_Q_28_D_SB_LUT4_O_I1_SB_LUT4_O_2_LC.I3
Info:                          Defined in:
Info:                               /home/ed667/oss-cad-suite/lib/../share/yosys/ice40/cells_map.v:6.21-6.22
Info:      logic  0.87  12.32 Source soc.gen_icache.icache_inst.miss_rdata_SB_DFFESR_Q_28_D_SB_LUT4_O_I1_SB_LUT4_O_2_LC.O
Info:    routing  1.76  14.09 Net soc.gen_icache.icache_inst.miss_rdata_SB_DFFESR_Q_28_D_SB_LUT4_O_I1[2] (18,13) -> (17,14)
Info:                          Sink soc.gen_icache.icache_inst.data_array.0.1_RDATA_SB_LUT4_I0_O_SB_LUT4_O_1_LC.I3
Info:                          Defined in:
Info:                               /home/ed667/oss-cad-suite/lib/../share/yosys/ice40/cells_map.v:6.21-6.22
Info:      logic  0.87  14.96 Source soc.gen_icache.icache_inst.data_array.0.1_RDATA_SB_LUT4_I0_O_SB_LUT4_O_1_LC.O
Info:    routing  1.76  16.72 Net soc.gen_icache.icache_inst.data_array.0.1_RDATA_SB_LUT4_I0_O[3] (17,14) -> (17,15)
Info:                          Sink soc.cpu.mem_rdata_q_SB_DFFE_Q_28_D_SB_LUT4_O_LC.I3
Info:                          Defined in:
Info:                               /home/ed667/oss-cad-suite/lib/../share/yosys/ice40/cells_map.v:6.21-6.22
Info:      logic  0.87  17.59 Source soc.cpu.mem_rdata_q_SB_DFFE_Q_28_D_SB_LUT4_O_LC.O
Info:    routing  3.06  20.65 Net soc.cpu.mem_rdata_q_SB_DFFE_Q_28_D[2] (17,15) -> (17,21)
Info:                          Sink soc.cpu.mem_rdata_q_SB_DFFE_Q_28_D_SB_LUT4_I3_LC.I3
Info:                          Defined in:
Info:                               /home/ed667/oss-cad-suite/lib/../share/yosys/ice40/cells_map.v:6.21-6.22
Info:      logic  0.87  21.52 Source soc.cpu.mem_rdata_q_SB_DFFE_Q_28_D_SB_LUT4_I3_LC.O
Info:    routing  1.76  23.29 Net soc.cpu.decoded_imm_j_SB_DFFE_Q_8_D[0] (17,21) -> (17,21)
Info:                          Sink soc.cpu.mem_rdata_q_SB_DFFE_Q_29_D_SB_LUT4_I3_O_SB_LUT4_O_2_LC.I3
Info:                          Defined in:
Info:                               /home/ed667/oss-cad-suite/lib/../share/yosys/ice40/cells_map.v:6.21-6.22
Info:      logic  0.87  24.16 Source soc.cpu.mem_rdata_q_SB_DFFE_Q_29_D_SB_LUT4_I3_O_SB_LUT4_O_2_LC.O
Info:    routing  2.30  26.46 Net soc.cpu.mem_rdata_q_SB_DFFE_Q_29_D_SB_LUT4_I3_O[3] (17,21) -> (15,21)
Info:                          Sink soc.gen_icache.icache_inst.data_array.0.13_RDATA_SB_LUT4_I0_O_SB_LUT4_I1_O_SB_LUT4_I3_O_SB_LUT4_O_2_LC.I3
Info:                          Defined in:
Info:                               /home/ed667/oss-cad-suite/lib/../share/yosys/ice40/cells_map.v:6.21-6.22
Info:      logic  0.87  27.34 Source soc.gen_icache.icache_inst.data_array.0.13_RDATA_SB_LUT4_I0_O_SB_LUT4_I1_O_SB_LUT4_I3_O_SB_LUT4_O_2_LC.O
Info:    routing  1.76  29.10 Net soc.cpu.cpuregs.regs.1.0_RADDR_1_SB_LUT4_O_1_I0[3] (15,21) -> (14,21)
Info:                          Sink soc.cpu.cpuregs.regs.1.0_RADDR_1_SB_LUT4_O_1_LC.I3
Info:                          Defined in:
Info:                               /home/ed667/oss-cad-suite/lib/../share/yosys/ice40/cells_map.v:6.21-6.22
Info:      logic  0.87  29.97 Source soc.cpu.cpuregs.regs.1.0_RADDR_1_SB_LUT4_O_1_LC.O
Info:    routing  2.99  32.97 Net soc.cpu.cpuregs.regs.1.0_RADDR_1[2] (14,21) -> (14,16)
Info:                          Sink soc.cpu.cpuregs.regs.1.0_RADDR_SB_LUT4_I3_O_SB_LUT4_O_1_LC.I2
Info:                          Defined in:
Info:                               /home/ed667/oss-cad-suite/lib/../share/yosys/ice40/cells_map.v:6.21-6.22
Info:      logic  1.21  34.17 Source soc.cpu.cpuregs.regs.1.0_RADDR_SB_LUT4_I3_O_SB_LUT4_O_1_LC.O
Info:    routing  1.76  35.93 Net soc.cpu.cpuregs.regs.1.0_RADDR_SB_LUT4_I3_O[2] (14,16) -> (14,15)
Info:                          Sink soc.cpu.cpuregs.regs.1.0_RDATA_2_SB_DFF_Q_D_SB_LUT4_O_LC.I2
Info:                          Defined in:
Info:                               /home/ed667/oss-cad-suite/lib/../share/yosys/ice40/cells_map.v:6.21-6.22
Info:      setup  1.15  37.09 Source soc.cpu.cpuregs.regs.1.0_RDATA_2_SB_DFF_Q_D_SB_LUT4_O_LC.I2
Info: 10.97 ns logic, 26.12 ns routing

Info: Critical path report for cross-domain path 'posedge clk' -> '<async>':
Info:       type curr  total name
Info:   clk-to-q  1.39  1.39 Source soc.spimemio.xfer.dummy_count_SB_DFFESR_Q_D_SB_LUT4_O_LC.O
Info:    routing  1.76  3.15 Net soc.spimemio.xfer.dummy_count[3] (23,7) -> (22,6)
Info:                          Sink soc.spimemio.din_valid_SB_LUT4_I2_O_SB_LUT4_O_LC.I0
Info:                          Defined in:
Info:                               spimemio.v:417.12-417.23
Info:      logic  1.28  4.43 Source soc.spimemio.din_valid_SB_LUT4_I2_O_SB_LUT4_O_LC.O
Info:    routing  2.95  7.39 Net soc.spimemio.din_valid_SB_LUT4_I2_O[1] (22,6) -> (21,3)
Info:                          Sink soc.spimemio.xfer_io2_90_SB_DFFN_Q_D_SB_LUT4_O_LC.I3
Info:                          Defined in:
Info:                               /home/ed667/oss-cad-suite/lib/../share/yosys/ice40/cells_map.v:6.21-6.22
Info:      logic  0.87  8.26 Source soc.spimemio.xfer_io2_90_SB_DFFN_Q_D_SB_LUT4_O_LC.O
Info:    routing  1.76  10.02 Net soc.spimemio.xfer_io2_90_SB_DFFN_Q_D[2] (21,3) -> (21,3)
Info:                          Sink soc.spimemio.xfer_io2_90_SB_LUT4_I2_LC.I3
Info:                          Defined in:
Info:                               /home/ed667/oss-cad-suite/lib/../share/yosys/ice40/cells_map.v:6.21-6.22
Info:      logic  0.87  10.90 Source soc.spimemio.xfer_io2_90_SB_LUT4_I2_LC.O
Info:    routing  2.41  13.31 Net flash_io2_do_SB_LUT4_O_I3[2] (21,3) -> (21,1)
Info:                          Sink flash_io2_do_SB_LUT4_O_LC.I3
Info:                          Defined in:
Info:                               /home/ed667/oss-cad-suite/lib/../share/yosys/ice40/cells_map.v:6.21-6.22
Info:      logic  0.87  14.18 Source flash_io2_do_SB_LUT4_O_LC.O
Info:    routing  3.06  17.24 Net flash_io2_do (21,1) -> (18,0)
Info:                          Sink flash_io_buf[2].D_OUT_0
Info:                          Defined in:
Info:                               spimemio.v:38.9-38.21
Info: 5.30 ns logic, 11.94 ns routing

Info: Critical path report for cross-domain path 'negedge clk' -> '<async>':
Info:       type curr  total name
Info:   clk-to-q  1.39  1.39 Source soc.spimemio.xfer_io2_90_SB_DFFN_Q_DFFLC.O
Info:    routing  1.76  3.15 Net soc.spimemio.xfer_io2_90 (21,3) -> (21,3)
Info:                          Sink soc.spimemio.xfer_io2_90_SB_LUT4_I2_LC.I2
Info:                          Defined in:
Info:                               /home/ed667/oss-cad-suite/lib/../share/yosys/ice40/cells_map.v:6.21-6.22
Info:      logic  1.21  4.36 Source soc.spimemio.xfer_io2_90_SB_LUT4_I2_LC.O
Info:    routing  2.41  6.76 Net flash_io2_do_SB_LUT4_O_I3[2] (21,3) -> (21,1)
Info:                          Sink flash_io2_do_SB_LUT4_O_LC.I3
Info:                          Defined in:
Info:                               /home/ed667/oss-cad-suite/lib/../share/yosys/ice40/cells_map.v:6.21-6.22
Info:      logic  0.87  7.64 Source flash_io2_do_SB_LUT4_O_LC.O
Info:    routing  3.06  10.70 Net flash_io2_do (21,1) -> (18,0)
Info:                          Sink flash_io_buf[2].D_OUT_0
Info:                          Defined in:
Info:                               spimemio.v:38.9-38.21
Info: 3.47 ns logic, 7.23 ns routing

Info: Max frequency for clock 'clk': 17.73 MHz (PASS at 12.00 MHz)

Info: Max delay <async>     -> posedge clk: 37.09 ns
Info: Max delay posedge clk -> <async>    : 17.24 ns
Info: Max delay negedge clk -> <async>    : 10.70 ns

Info: Slack histogram:
Info:  legend: * represents 21 endpoint(s)
Info:          + represents [1,21) endpoint(s)
Info: [ 26946,  29603) |+
Info: [ 29603,  32260) |**+
Info: [ 32260,  34917) |*+
Info: [ 34917,  37574) |**+
Info: [ 37574,  40231) |****+
Info: [ 40231,  42888) |********+
Info: [ 42888,  45545) |*******+
Info: [ 45545,  48202) |*****+
Info: [ 48202,  50859) |*****+
Info: [ 50859,  53516) |**********+
Info: [ 53516,  56173) |****+
Info: [ 56173,  58830) |******+
Info: [ 58830,  61487) |**********+
Info: [ 61487,  64144) |****************+
Info: [ 64144,  66801) |*********************+
Info: [ 66801,  69458) |**************************+
Info: [ 69458,  72115) |**********************************************************+
Info: [ 72115,  74772) |*****************************+
Info: [ 74772,  77429) |**********************************************+
Info: [ 77429,  80086) |************************************************************ 

Info: Program finished normally.
