COMMAND: nextpnr-ice40 --up5k --package sg48 --json design.json --pcf icebreaker.pcf --asc design.asc --pcf-allow-unconstrained

STDOUT:


STDERR:
Info: constrained 'clk_in' to bel 'X12/Y31/io1'
Info: constrained 'ser_rx' to bel 'X13/Y0/io1'
Info: constrained 'ser_tx' to bel 'X15/Y0/io0'
Info: constrained 'flash_clk' to bel 'X24/Y0/io0'
Info: constrained 'flash_csb' to bel 'X24/Y0/io1'
Info: constrained 'flash_io0' to bel 'X23/Y0/io0'
Info: constrained 'flash_io1' to bel 'X23/Y0/io1'
Info: constrained 'flash_io2' to bel 'X18/Y0/io0'
Info: constrained 'flash_io3' to bel 'X19/Y0/io0'
Info: constrained 'P1A1' to bel 'X9/Y0/io0'
Info: constrained 'P1A2' to bel 'X8/Y0/io0'
Info: constrained 'P1A3' to bel 'X6/Y0/io0'
Info: constrained 'P1A4' to bel 'X7/Y0/io1'
Info: constrained 'P1A7' to bel 'X9/Y0/io1'
Info: constrained 'P1A8' to bel 'X7/Y0/io0'
Info: constrained 'P1A9' to bel 'X5/Y0/io0'
Info: constrained 'P1A10' to bel 'X6/Y0/io1'
Info: constrained 'led1' to bel 'X18/Y31/io0'
Info: constrained 'led2' to bel 'X18/Y31/io1'
Info: constrained 'led3' to bel 'X19/Y31/io1'
Info: constrained 'led4' to bel 'X19/Y31/io0'
Info: constrained 'led5' to bel 'X18/Y0/io1'
Info: constrained 'ledr_n' to bel 'X17/Y0/io0'
Info: constrained 'ledg_n' to bel 'X13/Y31/io0'

Info: Packing constants..
Info: Packing IOs..
Info: flash_io3 feeds SB_IO flash_io_buf[3], removing $nextpnr_iobuf flash_io3.
Info: flash_io2 feeds SB_IO flash_io_buf[2], removing $nextpnr_iobuf flash_io2.
Info: flash_io1 feeds SB_IO flash_io_buf[1], removing $nextpnr_iobuf flash_io1.
Info: flash_io0 feeds SB_IO flash_io_buf[0], removing $nextpnr_iobuf flash_io0.
Info: Packing LUT-FFs..
Info:     3013 LCs used as LUT4 only
Info:     1087 LCs used as LUT4 and DFF
Info: Packing non-LUT FFs..
Info:      599 LCs used as DFF only
Info: Packing carries..
Info:      144 LCs used as CARRY only
Info: Packing indirect carry+LUT pairs...
Info:       67 LUTs merged into carry LCs
Info: Packing RAMs..
Info: Placing PLLs..
Info:   constrained PLL 'pll' to X12/Y31/pll_3
Info: Packing special functions..
Info: Packing PLLs..
Info:   PLL 'pll' has LOCK output, need to pass all outputs via LUT
Info:   constrained 'pll_locked_SB_LUT4_I0_LC' to X1/Y30/lc0
Info: Promoting globals..
Info: promoting iomem_ready_SB_LUT4_I3_O_SB_LUT4_I1_O[1] [reset] (fanout 549)
Info: promoting soc.cpu.genblk1.genblk1.pcpi_mul.mul_counter_SB_DFFE_Q_D_SB_LUT4_O_I3[0] [reset] (fanout 85)
Info: promoting soc.cpu.genblk2.pcpi_div.dq_SB_DFFE_Q_11_D_SB_LUT4_O_I3[1] [reset] (fanout 38)
Info: promoting ser_rx_SB_LUT4_I0_I3_SB_LUT4_O_I3_SB_LUT4_O_I3_SB_CARRY_CO_I1_SB_CARRY_I1_CO_SB_LUT4_I3_O [reset] (fanout 32)
Info: promoting resetn [cen] (fanout 215)
Info: promoting soc.gen_icache.icache_inst.state_SB_DFF_Q_1_D_SB_LUT4_O_I3_SB_LUT4_I3_1_O [cen] (fanout 128)
Info: promoting soc.cpu.genblk2.pcpi_div.running_SB_DFFSR_Q_D_SB_LUT4_I3_O [cen] (fanout 70)
Info: Constraining chains...
Info:       52 LCs used to legalise carry chains.
Info: Checksum: 0x679e9896

Info: Device utilisation:
Info: 	         ICESTORM_LC:    4830/   5280    91%
Info: 	        ICESTORM_RAM:      22/     30    73%
Info: 	               SB_IO:      24/     96    25%
Info: 	               SB_GB:       8/      8   100%
Info: 	        ICESTORM_PLL:       1/      1   100%
Info: 	         SB_WARMBOOT:       0/      1     0%
Info: 	        ICESTORM_DSP:       0/      8     0%
Info: 	      ICESTORM_HFOSC:       0/      1     0%
Info: 	      ICESTORM_LFOSC:       0/      1     0%
Info: 	              SB_I2C:       0/      2     0%
Info: 	              SB_SPI:       0/      2     0%
Info: 	              IO_I3C:       0/      2     0%
Info: 	         SB_LEDDA_IP:       0/      1     0%
Info: 	         SB_RGBA_DRV:       0/      1     0%
Info: 	      ICESTORM_SPRAM:       4/      4   100%

Info: Placed 26 cells based on constraints.
Info: Creating initial analytic placement for 4127 cells, random placement wirelen = 119978.
Info:     at initial placer iter 0, wirelen = 1884
Info:     at initial placer iter 1, wirelen = 1864
Info:     at initial placer iter 2, wirelen = 1969
Info:     at initial placer iter 3, wirelen = 1945
Info: Running main analytical placer, max placement attempts per cell = 2987790.
Info:     at iteration #1, type ALL: wirelen solved = 2042, spread = 42364, legal = 46954; time = 0.15s
Info:     at iteration #2, type ALL: wirelen solved = 3020, spread = 35990, legal = 42827; time = 0.15s
Info:     at iteration #3, type ALL: wirelen solved = 4163, spread = 34476, legal = 40748; time = 0.14s
Info:     at iteration #4, type ALL: wirelen solved = 5460, spread = 32884, legal = 38239; time = 0.13s
Info:     at iteration #5, type ALL: wirelen solved = 6865, spread = 30248, legal = 36863; time = 0.16s
Info:     at iteration #6, type ALL: wirelen solved = 8035, spread = 27963, legal = 34333; time = 0.14s
Info:     at iteration #7, type ALL: wirelen solved = 9042, spread = 27762, legal = 33717; time = 0.13s
Info:     at iteration #8, type ALL: wirelen solved = 9976, spread = 27164, legal = 33592; time = 0.12s
Info:     at iteration #9, type ALL: wirelen solved = 10976, spread = 26724, legal = 33723; time = 0.13s
Info:     at iteration #10, type ALL: wirelen solved = 11839, spread = 25441, legal = 31987; time = 0.12s
Info:     at iteration #11, type ALL: wirelen solved = 12300, spread = 25054, legal = 30216; time = 0.14s
Info:     at iteration #12, type ALL: wirelen solved = 13272, spread = 24993, legal = 31234; time = 0.12s
Info:     at iteration #13, type ALL: wirelen solved = 13637, spread = 24539, legal = 31453; time = 0.13s
Info:     at iteration #14, type ALL: wirelen solved = 13969, spread = 24201, legal = 31036; time = 0.19s
Info:     at iteration #15, type ALL: wirelen solved = 14312, spread = 24122, legal = 30481; time = 0.16s
Info:     at iteration #16, type ALL: wirelen solved = 14442, spread = 24034, legal = 31377; time = 0.12s
Info: HeAP Placer Time: 2.93s
Info:   of which solving equations: 1.34s
Info:   of which spreading cells: 0.15s
Info:   of which strict legalisation: 0.97s

Info: Running simulated annealing placer for refinement.
Info:   at iteration #1: temp = 0.000000, timing cost = 2074, wirelen = 30216
Info:   at iteration #5: temp = 0.000000, timing cost = 2012, wirelen = 25978
Info:   at iteration #10: temp = 0.000000, timing cost = 1850, wirelen = 24766
Info:   at iteration #15: temp = 0.000000, timing cost = 1897, wirelen = 24061
Info:   at iteration #20: temp = 0.000000, timing cost = 1832, wirelen = 23642
Info:   at iteration #25: temp = 0.000000, timing cost = 1826, wirelen = 23511
Info:   at iteration #30: temp = 0.000000, timing cost = 1823, wirelen = 23474
Info:   at iteration #31: temp = 0.000000, timing cost = 1823, wirelen = 23465 
Info: SA placement time 7.48s

Info: Max frequency for clock 'clk': 17.10 MHz (PASS at 12.00 MHz)

Info: Max delay <async>     -> posedge clk: 36.33 ns
Info: Max delay posedge clk -> <async>    : 16.66 ns
Info: Max delay negedge clk -> <async>    : 10.42 ns

Info: Slack histogram:
Info:  legend: * represents 27 endpoint(s)
Info:          + represents [1,27) endpoint(s)
Info: [ 24869,  27630) |+
Info: [ 27630,  30391) |*+
Info: [ 30391,  33152) |**+
Info: [ 33152,  35913) |*****+
Info: [ 35913,  38674) |*+
Info: [ 38674,  41435) |**+
Info: [ 41435,  44196) |**+
Info: [ 44196,  46957) |******+
Info: [ 46957,  49718) |*****+
Info: [ 49718,  52479) |***+
Info: [ 52479,  55240) |*****+
Info: [ 55240,  58001) |****+
Info: [ 58001,  60762) |*******+
Info: [ 60762,  63523) |**********+
Info: [ 63523,  66284) |**************************+
Info: [ 66284,  69045) |************************************+
Info: [ 69045,  71806) |**************************+
Info: [ 71806,  74567) |******************+
Info: [ 74567,  77328) |*******************************+
Info: [ 77328,  80089) |************************************************************ 
Info: Checksum: 0xf2500131

Info: Routing..
Info: Setting up routing queue.
Info: Routing 16670 arcs.
Info:            |   (re-)routed arcs  |   delta    | remaining|       time spent     |
Info:    IterCnt |  w/ripup   wo/ripup |  w/r  wo/r |      arcs| batch(sec) total(sec)|
Info:       1000 |       36        963 |   36   963 |     15712|       0.51       0.51|
Info:       2000 |      117       1882 |   81   919 |     14815|       0.27       0.78|
Info:       3000 |      533       2466 |  416   584 |     14293|       0.14       0.92|
Info:       4000 |      700       3299 |  167   833 |     13525|       0.11       1.03|
Info:       5000 |     1124       3875 |  424   576 |     13069|       0.15       1.18|
Info:       6000 |     1400       4599 |  276   724 |     12423|       0.22       1.40|
Info:       7000 |     1657       5342 |  257   743 |     11825|       0.25       1.65|
Info:       8000 |     1945       6039 |  288   697 |     11311|       0.28       1.93|
Info:       9000 |     2249       6724 |  304   685 |     10832|       0.37       2.30|
Info:      10000 |     2601       7346 |  352   622 |     10486|       0.39       2.69|
Info:      11000 |     3014       7906 |  413   560 |     10164|       0.35       3.04|
Info:      12000 |     3469       8451 |  455   545 |      9931|       0.37       3.41|
Info:      13000 |     3932       8985 |  463   534 |      9712|       0.38       3.80|
Info:      14000 |     4334       9498 |  402   513 |      9402|       0.35       4.14|
Info:      15000 |     4852       9953 |  518   455 |      9175|       0.56       4.70|
Info:      16000 |     5340      10462 |  488   509 |      8985|       0.39       5.09|
Info:      17000 |     5824      10978 |  484   516 |      8843|       0.40       5.49|
Info:      18000 |     6293      11482 |  469   504 |      8659|       0.34       5.83|
Info:      19000 |     6772      11976 |  479   494 |      8420|       0.35       6.18|
Info:      20000 |     7312      12435 |  540   459 |      8338|       0.35       6.53|
Info:      21000 |     7853      12894 |  541   459 |      8247|       0.38       6.91|
Info:      22000 |     8321      13370 |  468   476 |      8017|       0.31       7.22|
Info:      23000 |     8818      13873 |  497   503 |      7883|       0.32       7.54|
Info:      24000 |     9269      14371 |  451   498 |      7597|       0.25       7.79|
Info:      25000 |     9818      14795 |  549   424 |      7488|       0.36       8.15|
Info:      26000 |    10276      15334 |  458   539 |      7325|       0.33       8.48|
Info:      27000 |    10882      15728 |  606   394 |      7259|       0.43       8.91|
Info:      28000 |    11333      16277 |  451   549 |      7000|       0.35       9.26|
Info:      29000 |    11877      16729 |  544   452 |      6864|       0.39       9.64|
Info:      30000 |    12291      17261 |  414   532 |      6507|       0.29       9.93|
Info:      31000 |    12708      17841 |  417   580 |      6173|       0.31      10.24|
Info:      32000 |    13223      18326 |  515   485 |      5970|       0.29      10.53|
Info:      33000 |    13686      18836 |  463   510 |      5696|       0.33      10.86|
Info:      34000 |    14199      19323 |  513   487 |      5605|       0.44      11.30|
Info:      35000 |    14749      19771 |  550   448 |      5455|       0.39      11.68|
Info:      36000 |    15233      20286 |  484   515 |      5251|       0.41      12.09|
Info:      37000 |    15761      20752 |  528   466 |      5070|       0.53      12.62|
Info:      38000 |    16363      21144 |  602   392 |      4959|       0.50      13.12|
Info:      39000 |    16927      21577 |  564   433 |      4841|       0.46      13.58|
Info:      40000 |    17479      22022 |  552   445 |      4726|       0.41      13.99|
Info:      41000 |    18023      22475 |  544   453 |      4574|       0.42      14.41|
Info:      42000 |    18622      22876 |  599   401 |      4413|       0.41      14.82|
Info:      43000 |    19138      23360 |  516   484 |      4316|       0.32      15.14|
Info:      44000 |    19718      23753 |  580   393 |      4157|       0.39      15.53|
Info:      45000 |    20253      24191 |  535   438 |      4022|       0.34      15.87|
Info:      46000 |    20852      24592 |  599   401 |      4018|       0.57      16.44|
Info:      47000 |    21466      24978 |  614   386 |      3912|       0.49      16.93|
Info:      48000 |    22061      25383 |  595   405 |      3854|       0.62      17.55|
Info:      49000 |    22572      25869 |  511   486 |      3751|       0.58      18.13|
Info:      50000 |    23142      26297 |  570   428 |      3683|       0.50      18.63|
Info:      51000 |    23715      26724 |  573   427 |      3553|       0.44      19.07|
Info:      52000 |    24259      27177 |  544   453 |      3386|       0.42      19.48|
Info:      53000 |    24849      27587 |  590   410 |      3311|       0.47      19.96|
Info:      54000 |    25406      28024 |  557   437 |      3231|       0.48      20.44|
Info:      55000 |    26038      28390 |  632   366 |      3184|       0.50      20.94|
Info:      56000 |    26553      28864 |  515   474 |      3033|       0.49      21.43|
Info:      57000 |    27065      29351 |  512   487 |      2926|       0.40      21.84|
Info:      58000 |    27609      29803 |  544   452 |      2717|       0.46      22.30|
Info:      59000 |    28136      30276 |  527   473 |      2608|       0.37      22.66|
Info:      60000 |    28769      30642 |  633   366 |      2549|       0.49      23.16|
Info:      61000 |    29369      31040 |  600   398 |      2509|       0.51      23.66|
Info:      62000 |    29955      31454 |  586   414 |      2421|       0.58      24.24|
Info:      63000 |    30572      31836 |  617   382 |      2369|       0.58      24.82|
Info:      64000 |    31138      32269 |  566   433 |      2290|       0.76      25.59|
Info:      65000 |    31741      32660 |  603   391 |      2203|       0.48      26.07|
Info:      66000 |    32309      33092 |  568   432 |      2123|       0.52      26.59|
Info:      67000 |    32862      33531 |  553   439 |      1951|       0.48      27.07|
Info:      68000 |    33430      33963 |  568   432 |      1818|       0.58      27.65|
Info:      69000 |    34045      34348 |  615   385 |      1799|       0.68      28.33|
Info:      70000 |    34596      34797 |  551   449 |      1597|       0.36      28.69|
Info:      71000 |    34956      35417 |  360   620 |      1067|       0.23      28.92|
Info:      72000 |    35310      36063 |  354   646 |       585|       0.54      29.46|
Info:      73000 |    35688      36685 |  378   622 |       169|       1.15      30.61|
Info:      74000 |    36253      37120 |  565   435 |        29|       2.43      33.04|
Info:      74069 |    36272      37171 |   19    51 |         0|       0.17      33.21|
Info: Routing complete.
Info: Router1 time 33.21s
Info: Checksum: 0xe56685eb

Info: Critical path report for clock 'clk' (posedge -> posedge):
Info:       type curr  total name
Info:   clk-to-q  1.39  1.39 Source soc.cpu.mem_addr_SB_DFFE_Q_DFFLC.O
Info:    routing  1.76  3.15 Net iomem_addr[31] (21,26) -> (20,25)
Info:                          Sink flash_io0_di_SB_LUT4_I1_O_SB_LUT4_O_I3_SB_LUT4_O_I2_SB_LUT4_O_I1_SB_LUT4_O_I1_SB_LUT4_O_1_LC.I0
Info:                          Defined in:
Info:                               picosoc.v:109.14-109.22
Info:      logic  1.28  4.43 Source flash_io0_di_SB_LUT4_I1_O_SB_LUT4_O_I3_SB_LUT4_O_I2_SB_LUT4_O_I1_SB_LUT4_O_I1_SB_LUT4_O_1_LC.O
Info:    routing  4.25  8.68 Net flash_io0_di_SB_LUT4_I1_O_SB_LUT4_O_I3_SB_LUT4_O_I2_SB_LUT4_O_I1_SB_LUT4_O_I1[2] (20,25) -> (20,13)
Info:                          Sink iomem_ready_SB_LUT4_I0_I2_SB_LUT4_O_I2_SB_LUT4_O_3_LC.I3
Info:                          Defined in:
Info:                               /home/ed667/oss-cad-suite/lib/../share/yosys/ice40/cells_map.v:6.21-6.22
Info:      logic  0.87  9.56 Source iomem_ready_SB_LUT4_I0_I2_SB_LUT4_O_I2_SB_LUT4_O_3_LC.O
Info:    routing  1.76  11.32 Net iomem_ready_SB_LUT4_I0_I2_SB_LUT4_O_I2[3] (20,13) -> (21,13)
Info:                          Sink soc.cpu.mem_instr_SB_LUT4_I0_I3_SB_LUT4_I0_O_SB_LUT4_O_1_LC.I3
Info:                          Defined in:
Info:                               /home/ed667/oss-cad-suite/lib/../share/yosys/ice40/cells_map.v:6.21-6.22
Info:      logic  0.87  12.19 Source soc.cpu.mem_instr_SB_LUT4_I0_I3_SB_LUT4_I0_O_SB_LUT4_O_1_LC.O
Info:    routing  1.76  13.95 Net soc.cpu.mem_instr_SB_LUT4_I0_I3_SB_LUT4_I0_O[3] (21,13) -> (21,13)
Info:                          Sink soc.cpu.mem_xfer_SB_LUT4_O_I2_SB_LUT4_O_I1_SB_LUT4_I3_O_SB_LUT4_O_LC.I3
Info:                          Defined in:
Info:                               /home/ed667/oss-cad-suite/lib/../share/yosys/ice40/cells_map.v:6.21-6.22
Info:      logic  0.87  14.83 Source soc.cpu.mem_xfer_SB_LUT4_O_I2_SB_LUT4_O_I1_SB_LUT4_I3_O_SB_LUT4_O_LC.O
Info:    routing  1.76  16.59 Net soc.ram_ready_SB_LUT4_I1_I3[1] (21,13) -> (21,12)
Info:                          Sink soc.spimemio.rd_valid_SB_LUT4_I2_O_SB_LUT4_I1_O_SB_LUT4_I0_O_SB_LUT4_O_1_LC.I2
Info:                          Defined in:
Info:                               /home/ed667/oss-cad-suite/lib/../share/yosys/ice40/cells_map.v:6.21-6.22
Info:      logic  1.21  17.79 Source soc.spimemio.rd_valid_SB_LUT4_I2_O_SB_LUT4_I1_O_SB_LUT4_I0_O_SB_LUT4_O_1_LC.O
Info:    routing  2.95  20.75 Net soc.spimemio.rd_valid_SB_LUT4_I2_O_SB_LUT4_I1_O_SB_LUT4_I0_O[3] (21,12) -> (17,11)
Info:                          Sink soc.spimemio.rd_valid_SB_LUT4_I2_O_SB_LUT4_I1_O_SB_LUT4_I0_O_SB_LUT4_I1_LC.I3
Info:                          Defined in:
Info:                               /home/ed667/oss-cad-suite/lib/../share/yosys/ice40/cells_map.v:6.21-6.22
Info:      logic  0.87  21.62 Source soc.spimemio.rd_valid_SB_LUT4_I2_O_SB_LUT4_I1_O_SB_LUT4_I0_O_SB_LUT4_I1_LC.O
Info:    routing  2.95  24.57 Net flash_clk_SB_LUT4_I0_O[0] (17,11) -> (20,12)
Info:                          Sink soc.ram_ready_SB_LUT4_I0_LC.I2
Info:                          Defined in:
Info:                               /home/ed667/oss-cad-suite/lib/../share/yosys/ice40/cells_map.v:6.21-6.22
Info:      logic  1.21  25.78 Source soc.ram_ready_SB_LUT4_I0_LC.O
Info:    routing  1.76  27.54 Net soc.ram_ready_SB_LUT4_I0_O[3] (20,12) -> (20,13)
Info:                          Sink soc.cpu.mem_xfer_SB_LUT4_O_I2_SB_LUT4_O_LC.I3
Info:                          Defined in:
Info:                               /home/ed667/oss-cad-suite/lib/../share/yosys/ice40/cells_map.v:6.21-6.22
Info:      logic  0.87  28.41 Source soc.cpu.mem_xfer_SB_LUT4_O_I2_SB_LUT4_O_LC.O
Info:    routing  4.25  32.66 Net soc.cpu.mem_xfer_SB_LUT4_O_I2[1] (20,13) -> (17,23)
Info:                          Sink soc.cpu.mem_xfer_SB_LUT4_O_LC.I2
Info:                          Defined in:
Info:                               /home/ed667/oss-cad-suite/lib/../share/yosys/ice40/cells_map.v:6.21-6.22
Info:      logic  1.21  33.86 Source soc.cpu.mem_xfer_SB_LUT4_O_LC.O
Info:    routing  1.76  35.62 Net soc.cpu.instr_timer_SB_DFFE_Q_D_SB_LUT4_O_I3_SB_LUT4_O_I1[1] (17,23) -> (16,24)
Info:                          Sink soc.cpu.mem_state_SB_DFFESR_Q_D_SB_LUT4_O_I3_SB_LUT4_I1_LC.I3
Info:                          Defined in:
Info:                               /home/ed667/oss-cad-suite/lib/../share/yosys/ice40/cells_map.v:6.21-6.22
Info:      logic  0.87  36.50 Source soc.cpu.mem_state_SB_DFFESR_Q_D_SB_LUT4_O_I3_SB_LUT4_I1_LC.O
Info:    routing  2.95  39.45 Net soc.cpu.cpu_state_SB_DFF_Q_6_D_SB_LUT4_O_I2_SB_LUT4_O_I3_SB_LUT4_O_I2[1] (16,24) -> (12,28)
Info:                          Sink soc.cpu.cpu_state_SB_DFF_Q_6_D_SB_LUT4_O_I2_SB_LUT4_O_I3_SB_LUT4_O_I2_SB_LUT4_I1_LC.I3
Info:                          Defined in:
Info:                               /home/ed667/oss-cad-suite/lib/../share/yosys/ice40/cells_map.v:6.21-6.22
Info:      logic  0.87  40.33 Source soc.cpu.cpu_state_SB_DFF_Q_6_D_SB_LUT4_O_I2_SB_LUT4_O_I3_SB_LUT4_O_I2_SB_LUT4_I1_LC.O
Info:    routing  1.76  42.09 Net soc.cpu.cpu_state_SB_DFF_Q_6_D_SB_LUT4_O_I2_SB_LUT4_O_I3_SB_LUT4_O_I2_SB_LUT4_I1_O[3] (12,28) -> (11,28)
Info:                          Sink soc.cpu.latched_is_lh_SB_DFFESR_Q_E_SB_LUT4_O_I3_SB_LUT4_O_LC.I3
Info:                          Defined in:
Info:                               /home/ed667/oss-cad-suite/lib/../share/yosys/ice40/cells_map.v:6.21-6.22
Info:      logic  0.87  42.96 Source soc.cpu.latched_is_lh_SB_DFFESR_Q_E_SB_LUT4_O_I3_SB_LUT4_O_LC.O
Info:    routing  1.76  44.72 Net soc.cpu.instr_sll_SB_LUT4_I0_O[3] (11,28) -> (10,27)
Info:                          Sink soc.cpu.instr_sll_SB_LUT4_I0_O_SB_LUT4_I1_LC.I3
Info:                          Defined in:
Info:                               /home/ed667/oss-cad-suite/lib/../share/yosys/ice40/cells_map.v:6.21-6.22
Info:      logic  0.87  45.60 Source soc.cpu.instr_sll_SB_LUT4_I0_O_SB_LUT4_I1_LC.O
Info:    routing  4.25  49.84 Net soc.cpu.instr_sll_SB_LUT4_I0_O_SB_LUT4_I1_O[3] (10,27) -> (8,18)
Info:                          Sink soc.cpu.instr_sll_SB_LUT4_I0_O_SB_LUT4_I1_O_SB_LUT4_I3_LC.I3
Info:                          Defined in:
Info:                               /home/ed667/oss-cad-suite/lib/../share/yosys/ice40/cells_map.v:6.21-6.22
Info:      logic  0.87  50.72 Source soc.cpu.instr_sll_SB_LUT4_I0_O_SB_LUT4_I1_O_SB_LUT4_I3_LC.O
Info:    routing  4.14  54.86 Net soc.cpu.instr_sll_SB_LUT4_I0_O_SB_LUT4_I1_O_SB_LUT4_I3_O[3] (8,18) -> (3,26)
Info:                          Sink soc.cpu.reg_op1_SB_DFFE_Q_31_E_SB_LUT4_O_LC.I3
Info:                          Defined in:
Info:                               /home/ed667/oss-cad-suite/lib/../share/yosys/ice40/cells_map.v:6.21-6.22
Info:      logic  0.87  55.73 Source soc.cpu.reg_op1_SB_DFFE_Q_31_E_SB_LUT4_O_LC.O
Info:    routing  1.80  57.53 Net soc.cpu.reg_op1_SB_DFFE_Q_31_E (3,26) -> (2,27)
Info:                          Sink soc.cpu.reg_op1_SB_DFFE_Q_31_D_SB_LUT4_O_LC.CEN
Info:      setup  0.10  57.63 Source soc.cpu.reg_op1_SB_DFFE_Q_31_D_SB_LUT4_O_LC.CEN
Info: 16.00 ns logic, 41.63 ns routing

Info: Critical path report for cross-domain path '<async>' -> 'posedge clk':
Info:       type curr  total name
Info:     source  0.00  0.00 Source flash_io_buf[3].D_IN_0
Info:    routing  4.45  4.45 Net flash_io3_di (19,0) -> (21,10)
Info:                          Sink flash_io3_di_SB_LUT4_I0_LC.I0
Info:                          Defined in:
Info:                               picosoc.v:153.14-153.32
Info:      logic  1.28  5.73 Source flash_io3_di_SB_LUT4_I0_LC.O
Info:    routing  1.76  7.49 Net flash_io3_di_SB_LUT4_I0_O[1] (21,10) -> (21,10)
Info:                          Sink flash_io3_di_SB_LUT4_I0_O_SB_LUT4_I1_LC.I1
Info:                          Defined in:
Info:                               /home/ed667/oss-cad-suite/lib/../share/yosys/ice40/cells_map.v:6.21-6.22
Info:      logic  1.23  8.72 Source flash_io3_di_SB_LUT4_I0_O_SB_LUT4_I1_LC.O
Info:    routing  1.76  10.48 Net flash_io3_di_SB_LUT4_I0_O_SB_LUT4_I1_O[1] (21,10) -> (20,10)
Info:                          Sink flash_io3_di_SB_LUT4_I0_O_SB_LUT4_I1_O_SB_LUT4_I1_LC.I1
Info:                          Defined in:
Info:                               /home/ed667/oss-cad-suite/lib/../share/yosys/ice40/cells_map.v:6.21-6.22
Info:      logic  1.23  11.71 Source flash_io3_di_SB_LUT4_I0_O_SB_LUT4_I1_O_SB_LUT4_I1_LC.O
Info:    routing  2.95  14.67 Net flash_io3_di_SB_LUT4_I0_O_SB_LUT4_I1_O_SB_LUT4_I1_O[3] (20,10) -> (17,14)
Info:                          Sink soc.gen_icache.icache_inst.data_array.0.1_RDATA_SB_LUT4_I0_O_SB_LUT4_O_1_LC.I3
Info:                          Defined in:
Info:                               /home/ed667/oss-cad-suite/lib/../share/yosys/ice40/cells_map.v:6.21-6.22
Info:      logic  0.87  15.54 Source soc.gen_icache.icache_inst.data_array.0.1_RDATA_SB_LUT4_I0_O_SB_LUT4_O_1_LC.O
Info:    routing  1.76  17.30 Net soc.gen_icache.icache_inst.data_array.0.1_RDATA_SB_LUT4_I0_O[3] (17,14) -> (18,15)
Info:                          Sink soc.cpu.mem_rdata_q_SB_DFFE_Q_28_D_SB_LUT4_O_LC.I3
Info:                          Defined in:
Info:                               /home/ed667/oss-cad-suite/lib/../share/yosys/ice40/cells_map.v:6.21-6.22
Info:      logic  0.87  18.17 Source soc.cpu.mem_rdata_q_SB_DFFE_Q_28_D_SB_LUT4_O_LC.O
Info:    routing  3.06  21.23 Net soc.cpu.mem_rdata_q_SB_DFFE_Q_12_D[2] (18,15) -> (18,22)
Info:                          Sink soc.cpu.mem_rdata_q_SB_DFFE_Q_28_D_SB_LUT4_I3_LC.I3
Info:                          Defined in:
Info:                               /home/ed667/oss-cad-suite/lib/../share/yosys/ice40/cells_map.v:6.21-6.22
Info:      logic  0.87  22.11 Source soc.cpu.mem_rdata_q_SB_DFFE_Q_28_D_SB_LUT4_I3_LC.O
Info:    routing  1.76  23.87 Net soc.cpu.decoded_imm_j_SB_DFFE_Q_15_D[2] (18,22) -> (17,23)
Info:                          Sink soc.cpu.decoded_imm_j_SB_DFFE_Q_15_D_SB_LUT4_I1_LC.I3
Info:                          Defined in:
Info:                               /home/ed667/oss-cad-suite/lib/../share/yosys/ice40/cells_map.v:6.21-6.22
Info:      logic  0.87  24.74 Source soc.cpu.decoded_imm_j_SB_DFFE_Q_15_D_SB_LUT4_I1_LC.O
Info:    routing  1.76  26.50 Net soc.cpu.is_lb_lh_lw_lbu_lhu_SB_DFFE_Q_D_SB_LUT4_O_I2_SB_LUT4_I2_I0[0] (17,23) -> (17,23)
Info:                          Sink soc.cpu.instr_auipc_SB_DFFE_Q_D_SB_LUT4_O_I3_SB_LUT4_O_I3_SB_LUT4_I1_LC.I2
Info:                          Defined in:
Info:                               /home/ed667/oss-cad-suite/lib/../share/yosys/ice40/cells_map.v:6.21-6.22
Info:      logic  1.21  27.71 Source soc.cpu.instr_auipc_SB_DFFE_Q_D_SB_LUT4_O_I3_SB_LUT4_O_I3_SB_LUT4_I1_LC.O
Info:    routing  1.76  29.47 Net soc.cpu.instr_auipc_SB_DFFE_Q_D_SB_LUT4_O_I3_SB_LUT4_O_I3_SB_LUT4_I1_O[3] (17,23) -> (16,24)
Info:                          Sink soc.cpu.cpuregs.regs.1.0_RADDR_1_SB_LUT4_O_1_LC.I3
Info:                          Defined in:
Info:                               /home/ed667/oss-cad-suite/lib/../share/yosys/ice40/cells_map.v:6.21-6.22
Info:      logic  0.87  30.34 Source soc.cpu.cpuregs.regs.1.0_RADDR_1_SB_LUT4_O_1_LC.O
Info:    routing  1.76  32.10 Net soc.cpu.cpuregs.regs.1.0_RADDR_1[2] (16,24) -> (15,23)
Info:                          Sink soc.cpu.cpuregs.regs.1.0_RDATA_7_SB_DFF_Q_D_SB_LUT4_O_I0_SB_LUT4_O_2_LC.I2
Info:                          Defined in:
Info:                               /home/ed667/oss-cad-suite/lib/../share/yosys/ice40/cells_map.v:6.21-6.22
Info:      logic  1.21  33.31 Source soc.cpu.cpuregs.regs.1.0_RDATA_7_SB_DFF_Q_D_SB_LUT4_O_I0_SB_LUT4_O_2_LC.O
Info:    routing  1.76  35.07 Net soc.cpu.cpuregs.regs.1.0_RDATA_7_SB_DFF_Q_D_SB_LUT4_O_I0[2] (15,23) -> (15,23)
Info:                          Sink soc.cpu.cpuregs.regs.1.0_RDATA_7_SB_DFF_Q_D_SB_LUT4_O_LC.I2
Info:                          Defined in:
Info:                               /home/ed667/oss-cad-suite/lib/../share/yosys/ice40/cells_map.v:6.21-6.22
Info:      setup  1.15  36.22 Source soc.cpu.cpuregs.regs.1.0_RDATA_7_SB_DFF_Q_D_SB_LUT4_O_LC.I2
Info: 11.68 ns logic, 24.54 ns routing

Info: Critical path report for cross-domain path 'posedge clk' -> '<async>':
Info:       type curr  total name
Info:   clk-to-q  1.39  1.39 Source soc.spimemio.xfer.dummy_count_SB_DFFESR_Q_D_SB_LUT4_O_LC.O
Info:    routing  1.76  3.15 Net soc.spimemio.xfer.dummy_count[3] (24,7) -> (23,6)
Info:                          Sink soc.spimemio.xfer.xfer_rd_SB_LUT4_I2_I3_SB_LUT4_O_LC.I0
Info:                          Defined in:
Info:                               spimemio.v:417.12-417.23
Info:      logic  1.28  4.43 Source soc.spimemio.xfer.xfer_rd_SB_LUT4_I2_I3_SB_LUT4_O_LC.O
Info:    routing  3.06  7.49 Net soc.spimemio.din_valid_SB_LUT4_I2_O[1] (23,6) -> (22,2)
Info:                          Sink soc.spimemio.xfer.xfer_rd_SB_LUT4_I2_LC.I3
Info:                          Defined in:
Info:                               /home/ed667/oss-cad-suite/lib/../share/yosys/ice40/cells_map.v:6.21-6.22
Info:      logic  0.87  8.37 Source soc.spimemio.xfer.xfer_rd_SB_LUT4_I2_LC.O
Info:    routing  1.76  10.13 Net soc.spimemio.xfer.xfer_rd_SB_LUT4_I2_O[1] (22,2) -> (21,2)
Info:                          Sink soc.spimemio.xfer.xfer_rd_SB_LUT4_I2_O_SB_LUT4_I3_LC.I3
Info:                          Defined in:
Info:                               /home/ed667/oss-cad-suite/lib/../share/yosys/ice40/cells_map.v:6.21-6.22
Info:      logic  0.87  11.00 Source soc.spimemio.xfer.xfer_rd_SB_LUT4_I2_O_SB_LUT4_I3_LC.O
Info:    routing  1.76  12.76 Net soc.spimemio.xfer.xfer_rd_SB_LUT4_I2_O_SB_LUT4_I3_O[1] (21,2) -> (20,2)
Info:                          Sink flash_io1_oe_SB_LUT4_O_LC.I3
Info:                          Defined in:
Info:                               /home/ed667/oss-cad-suite/lib/../share/yosys/ice40/cells_map.v:6.21-6.22
Info:      logic  0.87  13.64 Source flash_io1_oe_SB_LUT4_O_LC.O
Info:    routing  3.49  17.13 Net flash_io1_oe (20,2) -> (23,0)
Info:                          Sink flash_io_buf[1].OUTPUT_ENABLE
Info:                          Defined in:
Info:                               picosoc.v:153.14-153.32
Info: 5.30 ns logic, 11.84 ns routing

Info: Critical path report for cross-domain path 'negedge clk' -> '<async>':
Info:       type curr  total name
Info:   clk-to-q  1.39  1.39 Source soc.spimemio.xfer_io2_90_SB_DFFN_Q_DFFLC.O
Info:    routing  1.76  3.15 Net soc.spimemio.xfer_io2_90 (23,4) -> (23,4)
Info:                          Sink soc.spimemio.xfer_io2_90_SB_LUT4_I2_LC.I2
Info:                          Defined in:
Info:                               /home/ed667/oss-cad-suite/lib/../share/yosys/ice40/cells_map.v:6.21-6.22
Info:      logic  1.21  4.36 Source soc.spimemio.xfer_io2_90_SB_LUT4_I2_LC.O
Info:    routing  3.49  7.85 Net flash_io2_do_SB_LUT4_O_I3[2] (23,4) -> (18,1)
Info:                          Sink flash_io2_do_SB_LUT4_O_LC.I3
Info:                          Defined in:
Info:                               /home/ed667/oss-cad-suite/lib/../share/yosys/ice40/cells_map.v:6.21-6.22
Info:      logic  0.87  8.73 Source flash_io2_do_SB_LUT4_O_LC.O
Info:    routing  1.76  10.49 Net flash_io2_do (18,1) -> (18,0)
Info:                          Sink flash_io_buf[2].D_OUT_0
Info:                          Defined in:
Info:                               spimemio.v:38.9-38.21
Info: 3.47 ns logic, 7.02 ns routing

Info: Max frequency for clock 'clk': 17.35 MHz (PASS at 12.00 MHz)

Info: Max delay <async>     -> posedge clk: 36.22 ns
Info: Max delay posedge clk -> <async>    : 17.13 ns
Info: Max delay negedge clk -> <async>    : 10.49 ns

Info: Slack histogram:
Info:  legend: * represents 20 endpoint(s)
Info:          + represents [1,20) endpoint(s)
Info: [ 25699,  28419) |+
Info: [ 28419,  31139) |**+
Info: [ 31139,  33859) |*+
Info: [ 33859,  36579) |*+
Info: [ 36579,  39299) |**+
Info: [ 39299,  42019) |**********+
Info: [ 42019,  44739) |*****+
Info: [ 44739,  47459) |*******+
Info: [ 47459,  50179) |*****+
Info: [ 50179,  52899) |*******+
Info: [ 52899,  55619) |*****+
Info: [ 55619,  58339) |********+
Info: [ 58339,  61059) |**********+
Info: [ 61059,  63779) |**************+
Info: [ 63779,  66499) |***************************+
Info: [ 66499,  69219) |**************************+
Info: [ 69219,  71939) |**********************************************************+
Info: [ 71939,  74659) |*********************************+
Info: [ 74659,  77379) |***************************************************+
Info: [ 77379,  80099) |************************************************************ 

Info: Program finished normally.
