COMMAND: nextpnr-ice40 --up5k --package sg48 --json design.json --pcf icebreaker.pcf --asc design.asc --pcf-allow-unconstrained

STDOUT:


STDERR:
Info: constrained 'clk_in' to bel 'X12/Y31/io1'
Info: constrained 'ser_rx' to bel 'X13/Y0/io1'
Info: constrained 'ser_tx' to bel 'X15/Y0/io0'
Info: constrained 'flash_clk' to bel 'X24/Y0/io0'
Info: constrained 'flash_csb' to bel 'X24/Y0/io1'
Info: constrained 'flash_io0' to bel 'X23/Y0/io0'
Info: constrained 'flash_io1' to bel 'X23/Y0/io1'
Info: constrained 'flash_io2' to bel 'X18/Y0/io0'
Info: constrained 'flash_io3' to bel 'X19/Y0/io0'
Info: constrained 'P1A1' to bel 'X9/Y0/io0'
Info: constrained 'P1A2' to bel 'X8/Y0/io0'
Info: constrained 'P1A3' to bel 'X6/Y0/io0'
Info: constrained 'P1A4' to bel 'X7/Y0/io1'
Info: constrained 'P1A7' to bel 'X9/Y0/io1'
Info: constrained 'P1A8' to bel 'X7/Y0/io0'
Info: constrained 'P1A9' to bel 'X5/Y0/io0'
Info: constrained 'P1A10' to bel 'X6/Y0/io1'
Info: constrained 'led1' to bel 'X18/Y31/io0'
Info: constrained 'led2' to bel 'X18/Y31/io1'
Info: constrained 'led3' to bel 'X19/Y31/io1'
Info: constrained 'led4' to bel 'X19/Y31/io0'
Info: constrained 'led5' to bel 'X18/Y0/io1'
Info: constrained 'ledr_n' to bel 'X17/Y0/io0'
Info: constrained 'ledg_n' to bel 'X13/Y31/io0'

Info: Packing constants..
Info: Packing IOs..
Info: flash_io0 feeds SB_IO flash_io_buf[0], removing $nextpnr_iobuf flash_io0.
Info: flash_io3 feeds SB_IO flash_io_buf[3], removing $nextpnr_iobuf flash_io3.
Info: flash_io2 feeds SB_IO flash_io_buf[2], removing $nextpnr_iobuf flash_io2.
Info: flash_io1 feeds SB_IO flash_io_buf[1], removing $nextpnr_iobuf flash_io1.
Info: Packing LUT-FFs..
Info:     2992 LCs used as LUT4 only
Info:     1119 LCs used as LUT4 and DFF
Info: Packing non-LUT FFs..
Info:      602 LCs used as DFF only
Info: Packing carries..
Info:      141 LCs used as CARRY only
Info: Packing indirect carry+LUT pairs...
Info:       68 LUTs merged into carry LCs
Info: Packing RAMs..
Info: Placing PLLs..
Info:   constrained PLL 'pll' to X12/Y31/pll_3
Info: Packing special functions..
Info: Packing PLLs..
Info:   PLL 'pll' has LOCK output, need to pass all outputs via LUT
Info:   constrained 'pll_locked_SB_LUT4_I0_LC' to X1/Y30/lc0
Info: Promoting globals..
Info: promoting iomem_ready_SB_LUT4_I3_O_SB_LUT4_I1_O_SB_LUT4_I3_4_O[2] [reset] (fanout 550)
Info: promoting soc.cpu.genblk1.genblk1.pcpi_mul.instr_mulhu_SB_LUT4_I2_O[0] [reset] (fanout 85)
Info: promoting soc.cpu.genblk2.pcpi_div.dq_SB_DFFE_Q_10_D_SB_LUT4_O_I3[1] [reset] (fanout 38)
Info: promoting soc.simpleuart.send_pattern_SB_DFFESS_Q_D_SB_LUT4_O_I3_SB_LUT4_I1_O [reset] (fanout 32)
Info: promoting resetn [cen] (fanout 215)
Info: promoting soc.gen_icache.icache_inst.state_SB_DFF_Q_1_D_SB_LUT4_O_I3_SB_LUT4_I3_1_O [cen] (fanout 128)
Info: promoting soc.cpu.genblk2.pcpi_div.running_SB_DFFSR_Q_D_SB_LUT4_I3_O [cen] (fanout 70)
Info: Constraining chains...
Info:       50 LCs used to legalise carry chains.
Info: Checksum: 0x97eaec39

Info: Device utilisation:
Info: 	         ICESTORM_LC:    4838/   5280    91%
Info: 	        ICESTORM_RAM:      22/     30    73%
Info: 	               SB_IO:      24/     96    25%
Info: 	               SB_GB:       8/      8   100%
Info: 	        ICESTORM_PLL:       1/      1   100%
Info: 	         SB_WARMBOOT:       0/      1     0%
Info: 	        ICESTORM_DSP:       0/      8     0%
Info: 	      ICESTORM_HFOSC:       0/      1     0%
Info: 	      ICESTORM_LFOSC:       0/      1     0%
Info: 	              SB_I2C:       0/      2     0%
Info: 	              SB_SPI:       0/      2     0%
Info: 	              IO_I3C:       0/      2     0%
Info: 	         SB_LEDDA_IP:       0/      1     0%
Info: 	         SB_RGBA_DRV:       0/      1     0%
Info: 	      ICESTORM_SPRAM:       4/      4   100%

Info: Placed 26 cells based on constraints.
Info: Creating initial analytic placement for 4136 cells, random placement wirelen = 119081.
Info:     at initial placer iter 0, wirelen = 1851
Info:     at initial placer iter 1, wirelen = 1815
Info:     at initial placer iter 2, wirelen = 1828
Info:     at initial placer iter 3, wirelen = 1821
Info: Running main analytical placer, max placement attempts per cell = 2997576.
Info:     at iteration #1, type ALL: wirelen solved = 1838, spread = 44093, legal = 49533; time = 0.17s
Info:     at iteration #2, type ALL: wirelen solved = 2828, spread = 35800, legal = 43369; time = 0.16s
Info:     at iteration #3, type ALL: wirelen solved = 4161, spread = 34924, legal = 41105; time = 0.17s
Info:     at iteration #4, type ALL: wirelen solved = 5526, spread = 32832, legal = 38996; time = 0.13s
Info:     at iteration #5, type ALL: wirelen solved = 6641, spread = 30779, legal = 36987; time = 0.13s
Info:     at iteration #6, type ALL: wirelen solved = 7940, spread = 28413, legal = 33499; time = 0.12s
Info:     at iteration #7, type ALL: wirelen solved = 9069, spread = 27290, legal = 33993; time = 0.12s
Info:     at iteration #8, type ALL: wirelen solved = 9810, spread = 26687, legal = 33572; time = 0.12s
Info:     at iteration #9, type ALL: wirelen solved = 10579, spread = 26544, legal = 32283; time = 0.13s
Info:     at iteration #10, type ALL: wirelen solved = 11863, spread = 25937, legal = 31722; time = 0.12s
Info:     at iteration #11, type ALL: wirelen solved = 12847, spread = 25372, legal = 30910; time = 0.12s
Info:     at iteration #12, type ALL: wirelen solved = 13035, spread = 24953, legal = 31175; time = 0.13s
Info:     at iteration #13, type ALL: wirelen solved = 13458, spread = 24490, legal = 30759; time = 0.12s
Info:     at iteration #14, type ALL: wirelen solved = 13616, spread = 24492, legal = 30314; time = 0.12s
Info:     at iteration #15, type ALL: wirelen solved = 14049, spread = 24651, legal = 30570; time = 0.11s
Info:     at iteration #16, type ALL: wirelen solved = 14442, spread = 24529, legal = 31686; time = 0.12s
Info:     at iteration #17, type ALL: wirelen solved = 14813, spread = 24585, legal = 32191; time = 0.12s
Info:     at iteration #18, type ALL: wirelen solved = 15158, spread = 24248, legal = 30033; time = 0.12s
Info:     at iteration #19, type ALL: wirelen solved = 15252, spread = 24416, legal = 29880; time = 0.11s
Info:     at iteration #20, type ALL: wirelen solved = 15492, spread = 24390, legal = 31014; time = 0.11s
Info:     at iteration #21, type ALL: wirelen solved = 15644, spread = 24264, legal = 30850; time = 0.11s
Info:     at iteration #22, type ALL: wirelen solved = 16069, spread = 24152, legal = 29913; time = 0.11s
Info:     at iteration #23, type ALL: wirelen solved = 16263, spread = 24100, legal = 29179; time = 0.11s
Info:     at iteration #24, type ALL: wirelen solved = 16349, spread = 24007, legal = 29434; time = 0.11s
Info:     at iteration #25, type ALL: wirelen solved = 16444, spread = 24149, legal = 30037; time = 0.11s
Info:     at iteration #26, type ALL: wirelen solved = 16690, spread = 24337, legal = 30561; time = 0.11s
Info:     at iteration #27, type ALL: wirelen solved = 16961, spread = 24324, legal = 30637; time = 0.11s
Info:     at iteration #28, type ALL: wirelen solved = 17039, spread = 24261, legal = 30808; time = 0.10s
Info: HeAP Placer Time: 4.46s
Info:   of which solving equations: 1.94s
Info:   of which spreading cells: 0.27s
Info:   of which strict legalisation: 1.40s

Info: Running simulated annealing placer for refinement.
Info:   at iteration #1: temp = 0.000000, timing cost = 2187, wirelen = 29179
Info:   at iteration #5: temp = 0.000000, timing cost = 2082, wirelen = 25290
Info:   at iteration #10: temp = 0.000000, timing cost = 2066, wirelen = 24246
Info:   at iteration #15: temp = 0.000000, timing cost = 2067, wirelen = 23546
Info:   at iteration #20: temp = 0.000000, timing cost = 2096, wirelen = 23258
Info:   at iteration #25: temp = 0.000000, timing cost = 2033, wirelen = 23155
Info:   at iteration #30: temp = 0.000000, timing cost = 2031, wirelen = 23113
Info:   at iteration #35: temp = 0.000000, timing cost = 2036, wirelen = 23102
Info:   at iteration #37: temp = 0.000000, timing cost = 2037, wirelen = 23098 
Info: SA placement time 7.23s

Info: Max frequency for clock 'clk': 17.17 MHz (PASS at 12.00 MHz)

Info: Max delay <async>     -> posedge clk: 35.15 ns
Info: Max delay posedge clk -> <async>    : 17.62 ns
Info: Max delay negedge clk -> <async>    : 9.77 ns

Info: Slack histogram:
Info:  legend: * represents 25 endpoint(s)
Info:          + represents [1,25) endpoint(s)
Info: [ 25091,  27854) |*+
Info: [ 27854,  30617) |*+
Info: [ 30617,  33380) |*+
Info: [ 33380,  36143) |****+
Info: [ 36143,  38906) |****+
Info: [ 38906,  41669) |**+
Info: [ 41669,  44432) |***+
Info: [ 44432,  47195) |******+
Info: [ 47195,  49958) |****+
Info: [ 49958,  52721) |****+
Info: [ 52721,  55484) |********+
Info: [ 55484,  58247) |***+
Info: [ 58247,  61010) |*****+
Info: [ 61010,  63773) |***********+
Info: [ 63773,  66536) |**************************+
Info: [ 66536,  69299) |**********************************************+
Info: [ 69299,  72062) |******************+
Info: [ 72062,  74825) |**********************+
Info: [ 74825,  77588) |**********************************+
Info: [ 77588,  80351) |************************************************************ 
Info: Checksum: 0x0d12a4f5

Info: Routing..
Info: Setting up routing queue.
Info: Routing 16654 arcs.
Info:            |   (re-)routed arcs  |   delta    | remaining|       time spent     |
Info:    IterCnt |  w/ripup   wo/ripup |  w/r  wo/r |      arcs| batch(sec) total(sec)|
Info:       1000 |       80        919 |   80   919 |     15767|       0.41       0.41|
Info:       2000 |      157       1842 |   77   923 |     14878|       0.33       0.74|
Info:       3000 |      450       2549 |  293   707 |     14214|       0.18       0.92|
Info:       4000 |      757       3242 |  307   693 |     13562|       0.16       1.09|
Info:       5000 |      960       4039 |  203   797 |     12831|       0.19       1.28|
Info:       6000 |     1126       4873 |  166   834 |     12065|       0.25       1.53|
Info:       7000 |     1389       5592 |  263   719 |     11435|       0.29       1.82|
Info:       8000 |     1678       6301 |  289   709 |     10894|       0.35       2.17|
Info:       9000 |     2092       6886 |  414   585 |     10601|       0.39       2.56|
Info:      10000 |     2452       7501 |  360   615 |     10238|       0.34       2.91|
Info:      11000 |     2845       8082 |  393   581 |      9949|       0.41       3.31|
Info:      12000 |     3229       8698 |  384   616 |      9670|       0.35       3.66|
Info:      13000 |     3675       9230 |  446   532 |      9493|       0.35       4.01|
Info:      14000 |     4117       9761 |  442   531 |      9320|       0.39       4.40|
Info:      15000 |     4540      10305 |  423   544 |      9086|       0.31       4.71|
Info:      16000 |     5082      10762 |  542   457 |      8896|       0.43       5.15|
Info:      17000 |     5588      11256 |  506   494 |      8706|       0.38       5.53|
Info:      18000 |     6050      11745 |  462   489 |      8529|       0.41       5.94|
Info:      19000 |     6527      12268 |  477   523 |      8401|       0.41       6.35|
Info:      20000 |     7027      12767 |  500   499 |      8245|       0.50       6.85|
Info:      21000 |     7516      13225 |  489   458 |      8002|       0.35       7.20|
Info:      22000 |     7987      13754 |  471   529 |      7857|       0.40       7.60|
Info:      23000 |     8456      14258 |  469   504 |      7704|       0.33       7.93|
Info:      24000 |     9004      14709 |  548   451 |      7540|       0.46       8.40|
Info:      25000 |     9442      15194 |  438   485 |      7208|       0.35       8.75|
Info:      26000 |     9942      15668 |  500   474 |      7079|       0.47       9.23|
Info:      27000 |    10420      16162 |  478   494 |      6837|       0.44       9.67|
Info:      28000 |    10935      16646 |  515   484 |      6661|       0.36      10.03|
Info:      29000 |    11398      17155 |  463   509 |      6464|       0.40      10.43|
Info:      30000 |    11861      17690 |  463   535 |      6212|       0.38      10.82|
Info:      31000 |    12311      18238 |  450   548 |      5930|       0.41      11.23|
Info:      32000 |    12830      18719 |  519   481 |      5778|       0.48      11.71|
Info:      33000 |    13371      19151 |  541   432 |      5690|       0.41      12.12|
Info:      34000 |    13908      19613 |  537   462 |      5559|       0.43      12.55|
Info:      35000 |    14466      20052 |  558   439 |      5419|       0.57      13.12|
Info:      36000 |    14969      20539 |  503   487 |      5235|       0.40      13.52|
Info:      37000 |    15501      21007 |  532   468 |      5065|       0.37      13.89|
Info:      38000 |    16041      21458 |  540   451 |      4810|       0.44      14.33|
Info:      39000 |    16544      21955 |  503   497 |      4671|       0.43      14.76|
Info:      40000 |    17046      22453 |  502   498 |      4542|       0.43      15.19|
Info:      41000 |    17637      22862 |  591   409 |      4464|       0.46      15.65|
Info:      42000 |    18200      23299 |  563   437 |      4427|       0.48      16.13|
Info:      43000 |    18619      23850 |  419   551 |      4231|       1.06      17.19|
Info:      44000 |    19159      24283 |  540   433 |      4039|       0.40      17.59|
Info:      45000 |    19726      24716 |  567   433 |      3959|       0.38      17.97|
Info:      46000 |    20339      25103 |  613   387 |      3956|       0.52      18.48|
Info:      47000 |    20936      25504 |  597   401 |      3951|       0.58      19.06|
Info:      48000 |    21536      25904 |  600   400 |      3916|       0.70      19.75|
Info:      49000 |    22036      26404 |  500   500 |      3678|       0.52      20.28|
Info:      50000 |    22562      26875 |  526   471 |      3543|       0.39      20.67|
Info:      51000 |    23131      27302 |  569   427 |      3399|       0.75      21.42|
Info:      52000 |    23642      27789 |  511   487 |      3310|       0.71      22.13|
Info:      53000 |    24228      28203 |  586   414 |      3274|       0.90      23.03|
Info:      54000 |    24762      28662 |  534   459 |      3130|       0.57      23.61|
Info:      55000 |    25326      29089 |  564   427 |      2921|       0.42      24.03|
Info:      56000 |    25873      29537 |  547   448 |      2837|       0.68      24.71|
Info:      57000 |    26432      29978 |  559   441 |      2669|       0.46      25.17|
Info:      58000 |    26964      30444 |  532   466 |      2545|       0.41      25.58|
Info:      59000 |    27519      30887 |  555   443 |      2409|       0.39      25.97|
Info:      60000 |    28082      31322 |  563   435 |      2331|       0.45      26.41|
Info:      61000 |    28635      31763 |  553   441 |      2117|       0.37      26.78|
Info:      62000 |    29225      32173 |  590   410 |      2130|       0.54      27.32|
Info:      63000 |    29842      32555 |  617   382 |      2015|       0.48      27.80|
Info:      64000 |    30366      33026 |  524   471 |      1843|       0.42      28.22|
Info:      65000 |    30999      33393 |  633   367 |      1771|       0.51      28.73|
Info:      66000 |    31542      33849 |  543   456 |      1591|       0.34      29.06|
Info:      67000 |    31948      34425 |  406   576 |      1197|       0.25      29.31|
Info:      68000 |    32336      35037 |  388   612 |       759|       0.37      29.69|
Info:      69000 |    32760      35613 |  424   576 |       401|       0.50      30.18|
Info:      70000 |    33254      36119 |  494   506 |       301|       0.56      30.74|
Info:      71000 |    33847      36526 |  593   407 |       194|       0.80      31.54|
Info:      72000 |    34333      37040 |  486   514 |         8|       0.61      32.15|
Info:      72007 |    34333      37048 |    0     8 |         0|       0.02      32.18|
Info: Routing complete.
Info: Router1 time 32.18s
Info: Checksum: 0x861617ca

Info: Critical path report for clock 'clk' (posedge -> posedge):
Info:       type curr  total name
Info:   clk-to-q  1.39  1.39 Source soc.cpu.mem_addr_SB_DFFE_Q_9_DFFLC.O
Info:    routing  3.06  4.45 Net iomem_addr[22] (21,21) -> (22,14)
Info:                          Sink soc.memory.addr_SB_LUT4_O_7_I1_SB_LUT4_O_1_LC.I1
Info:                          Defined in:
Info:                               /home/ed667/oss-cad-suite/lib/../share/yosys/ice40/cells_map.v:6.21-6.22
Info:      logic  1.23  5.68 Source soc.memory.addr_SB_LUT4_O_7_I1_SB_LUT4_O_1_LC.O
Info:    routing  2.30  7.98 Net soc.memory.addr_SB_LUT4_O_7_I1[1] (22,14) -> (21,14)
Info:                          Sink iomem_ready_SB_LUT4_I2_O_SB_LUT4_O_I1_SB_LUT4_O_LC.I3
Info:                          Defined in:
Info:                               /home/ed667/oss-cad-suite/lib/../share/yosys/ice40/cells_map.v:6.21-6.22
Info:      logic  0.87  8.86 Source iomem_ready_SB_LUT4_I2_O_SB_LUT4_O_I1_SB_LUT4_O_LC.O
Info:    routing  1.76  10.62 Net iomem_ready_SB_LUT4_I2_O_SB_LUT4_O_I1[3] (21,14) -> (21,13)
Info:                          Sink soc.gen_dmem_lookahead.dmem_lookahead_buffer_inst.la_valid_SB_LUT4_I3_1_O_SB_LUT4_O_1_LC.I3
Info:                          Defined in:
Info:                               /home/ed667/oss-cad-suite/lib/../share/yosys/ice40/cells_map.v:6.21-6.22
Info:      logic  0.87  11.49 Source soc.gen_dmem_lookahead.dmem_lookahead_buffer_inst.la_valid_SB_LUT4_I3_1_O_SB_LUT4_O_1_LC.O
Info:    routing  1.76  13.25 Net soc.gen_dmem_lookahead.dmem_lookahead_buffer_inst.la_valid_SB_LUT4_I3_1_O[3] (21,13) -> (20,14)
Info:                          Sink soc.gen_dmem_lookahead.dmem_lookahead_buffer_inst.la_valid_SB_LUT4_I3_1_O_SB_LUT4_I1_LC.I3
Info:                          Defined in:
Info:                               /home/ed667/oss-cad-suite/lib/../share/yosys/ice40/cells_map.v:6.21-6.22
Info:      logic  0.87  14.13 Source soc.gen_dmem_lookahead.dmem_lookahead_buffer_inst.la_valid_SB_LUT4_I3_1_O_SB_LUT4_I1_LC.O
Info:    routing  1.76  15.89 Net soc.ram_ready_SB_LUT4_I0_I2[2] (20,14) -> (20,13)
Info:                          Sink iomem_ready_SB_LUT4_I2_O_SB_LUT4_O_I2_SB_LUT4_O_1_LC.I2
Info:                          Defined in:
Info:                               /home/ed667/oss-cad-suite/lib/../share/yosys/ice40/cells_map.v:6.21-6.22
Info:      logic  1.21  17.09 Source iomem_ready_SB_LUT4_I2_O_SB_LUT4_O_I2_SB_LUT4_O_1_LC.O
Info:    routing  2.95  20.04 Net iomem_ready_SB_LUT4_I2_O_SB_LUT4_O_I2[2] (20,13) -> (18,12)
Info:                          Sink iomem_ready_SB_LUT4_I2_O_SB_LUT4_O_LC.I3
Info:                          Defined in:
Info:                               /home/ed667/oss-cad-suite/lib/../share/yosys/ice40/cells_map.v:6.21-6.22
Info:      logic  0.87  20.92 Source iomem_ready_SB_LUT4_I2_O_SB_LUT4_O_LC.O
Info:    routing  2.95  23.87 Net flash_clk_SB_LUT4_I1_O[2] (18,12) -> (20,10)
Info:                          Sink soc.ram_ready_SB_LUT4_I1_O_SB_LUT4_I1_LC.I2
Info:                          Defined in:
Info:                               /home/ed667/oss-cad-suite/lib/../share/yosys/ice40/cells_map.v:6.21-6.22
Info:      logic  1.21  25.08 Source soc.ram_ready_SB_LUT4_I1_O_SB_LUT4_I1_LC.O
Info:    routing  3.06  28.13 Net soc.cpu.mem_xfer_SB_LUT4_O_I2_SB_LUT4_O_I2[2] (20,10) -> (20,16)
Info:                          Sink soc.cpu.mem_xfer_SB_LUT4_O_I2_SB_LUT4_O_LC.I3
Info:                          Defined in:
Info:                               /home/ed667/oss-cad-suite/lib/../share/yosys/ice40/cells_map.v:6.21-6.22
Info:      logic  0.87  29.01 Source soc.cpu.mem_xfer_SB_LUT4_O_I2_SB_LUT4_O_LC.O
Info:    routing  3.60  32.61 Net soc.cpu.mem_xfer_SB_LUT4_O_I2[2] (20,16) -> (17,23)
Info:                          Sink soc.cpu.mem_xfer_SB_LUT4_O_LC.I2
Info:                          Defined in:
Info:                               /home/ed667/oss-cad-suite/lib/../share/yosys/ice40/cells_map.v:6.21-6.22
Info:      logic  1.21  33.81 Source soc.cpu.mem_xfer_SB_LUT4_O_LC.O
Info:    routing  2.41  36.22 Net soc.cpu.instr_fence_SB_DFFESR_Q_D_SB_LUT4_O_I3_SB_LUT4_O_I2[1] (17,23) -> (17,26)
Info:                          Sink soc.cpu.mem_xfer_SB_LUT4_O_I2_SB_LUT4_I2_O_SB_LUT4_I3_I1_SB_LUT4_O_1_LC.I3
Info:                          Defined in:
Info:                               /home/ed667/oss-cad-suite/lib/../share/yosys/ice40/cells_map.v:6.21-6.22
Info:      logic  0.87  37.09 Source soc.cpu.mem_xfer_SB_LUT4_O_I2_SB_LUT4_I2_O_SB_LUT4_I3_I1_SB_LUT4_O_1_LC.O
Info:    routing  2.95  40.05 Net soc.cpu.mem_xfer_SB_LUT4_O_I2_SB_LUT4_I2_O_SB_LUT4_I3_I1[3] (17,26) -> (13,27)
Info:                          Sink soc.cpu.is_sll_srl_sra_SB_LUT4_I1_I2_SB_LUT4_I2_O_SB_LUT4_O_I3_SB_LUT4_O_LC.I3
Info:                          Defined in:
Info:                               /home/ed667/oss-cad-suite/lib/../share/yosys/ice40/cells_map.v:6.21-6.22
Info:      logic  0.87  40.92 Source soc.cpu.is_sll_srl_sra_SB_LUT4_I1_I2_SB_LUT4_I2_O_SB_LUT4_O_I3_SB_LUT4_O_LC.O
Info:    routing  1.76  42.68 Net soc.cpu.is_sll_srl_sra_SB_LUT4_I1_I2_SB_LUT4_I2_O_SB_LUT4_O_I3[1] (13,27) -> (12,28)
Info:                          Sink soc.cpu.is_sll_srl_sra_SB_LUT4_I1_I2_SB_LUT4_I2_O_SB_LUT4_O_I3_SB_LUT4_I3_1_LC.I3
Info:                          Defined in:
Info:                               /home/ed667/oss-cad-suite/lib/../share/yosys/ice40/cells_map.v:6.21-6.22
Info:      logic  0.87  43.56 Source soc.cpu.is_sll_srl_sra_SB_LUT4_I1_I2_SB_LUT4_I2_O_SB_LUT4_O_I3_SB_LUT4_I3_1_LC.O
Info:    routing  1.76  45.32 Net soc.cpu.is_sll_srl_sra_SB_LUT4_I1_I2_SB_LUT4_I2_O_SB_LUT4_O_I3_SB_LUT4_I3_1_O[3] (12,28) -> (11,27)
Info:                          Sink soc.cpu.mem_do_prefetch_SB_LUT4_I2_LC.I3
Info:                          Defined in:
Info:                               /home/ed667/oss-cad-suite/lib/../share/yosys/ice40/cells_map.v:6.21-6.22
Info:      logic  0.87  46.19 Source soc.cpu.mem_do_prefetch_SB_LUT4_I2_LC.O
Info:    routing  1.76  47.95 Net soc.cpu.instr_sb_SB_LUT4_I1_I3[2] (11,27) -> (10,26)
Info:                          Sink soc.cpu.reg_op1_SB_DFFE_Q_E_SB_LUT4_O_I2_SB_LUT4_O_LC.I3
Info:                          Defined in:
Info:                               /home/ed667/oss-cad-suite/lib/../share/yosys/ice40/cells_map.v:6.21-6.22
Info:      logic  0.87  48.83 Source soc.cpu.reg_op1_SB_DFFE_Q_E_SB_LUT4_O_I2_SB_LUT4_O_LC.O
Info:    routing  3.60  52.42 Net soc.cpu.instr_sra_SB_LUT4_I2_O[2] (10,26) -> (7,21)
Info:                          Sink soc.cpu.reg_op1_SB_DFFE_Q_E_SB_LUT4_O_I2_SB_LUT4_I2_LC.I2
Info:                          Defined in:
Info:                               /home/ed667/oss-cad-suite/lib/../share/yosys/ice40/cells_map.v:6.21-6.22
Info:      logic  1.21  53.63 Source soc.cpu.reg_op1_SB_DFFE_Q_E_SB_LUT4_O_I2_SB_LUT4_I2_LC.O
Info:    routing  3.74  57.37 Net soc.cpu.reg_op1_SB_DFFE_Q_E_SB_LUT4_O_I2_SB_LUT4_I2_O (7,21) -> (7,11)
Info:                          Sink soc.cpu.reg_op1_SB_DFFE_Q_16_D_SB_LUT4_O_LC.CEN
Info:      setup  0.10  57.47 Source soc.cpu.reg_op1_SB_DFFE_Q_16_D_SB_LUT4_O_LC.CEN
Info: 16.28 ns logic, 41.19 ns routing

Info: Critical path report for cross-domain path '<async>' -> 'posedge clk':
Info:       type curr  total name
Info:     source  0.00  0.00 Source flash_io_buf[3].D_IN_0
Info:    routing  3.06  3.06 Net flash_io3_di (19,0) -> (18,5)
Info:                          Sink flash_io3_di_SB_LUT4_I1_LC.I1
Info:                          Defined in:
Info:                               picosoc.v:153.14-153.32
Info:      logic  1.23  4.29 Source flash_io3_di_SB_LUT4_I1_LC.O
Info:    routing  1.76  6.05 Net flash_io3_di_SB_LUT4_I1_O[0] (18,5) -> (18,5)
Info:                          Sink flash_io3_di_SB_LUT4_I1_O_SB_LUT4_I0_LC.I0
Info:                          Defined in:
Info:                               /home/ed667/oss-cad-suite/lib/../share/yosys/ice40/cells_map.v:6.21-6.22
Info:      logic  1.28  7.33 Source flash_io3_di_SB_LUT4_I1_O_SB_LUT4_I0_LC.O
Info:    routing  1.76  9.09 Net soc.gen_icache.icache_inst.data_array.0.1_RDATA_SB_LUT4_I0_O_SB_LUT4_I1_O_SB_LUT4_O_1_I0[2] (18,5) -> (18,6)
Info:                          Sink soc.gen_icache.icache_inst.data_array.0.1_RDATA_SB_LUT4_I0_O_SB_LUT4_I1_O_SB_LUT4_O_1_LC.I2
Info:                          Defined in:
Info:                               /home/ed667/oss-cad-suite/lib/../share/yosys/ice40/cells_map.v:6.21-6.22
Info:      logic  1.21  10.30 Source soc.gen_icache.icache_inst.data_array.0.1_RDATA_SB_LUT4_I0_O_SB_LUT4_I1_O_SB_LUT4_O_1_LC.O
Info:    routing  4.25  14.55 Net soc.gen_icache.icache_inst.data_array.0.1_RDATA_SB_LUT4_I0_O_SB_LUT4_I1_O[3] (18,6) -> (20,18)
Info:                          Sink soc.cpu.mem_rdata_q_SB_DFFE_Q_28_D_SB_LUT4_O_LC.I3
Info:                          Defined in:
Info:                               /home/ed667/oss-cad-suite/lib/../share/yosys/ice40/cells_map.v:6.21-6.22
Info:      logic  0.87  15.42 Source soc.cpu.mem_rdata_q_SB_DFFE_Q_28_D_SB_LUT4_O_LC.O
Info:    routing  3.60  19.02 Net soc.cpu.mem_rdata_q_SB_DFFE_Q_28_D[2] (20,18) -> (17,23)
Info:                          Sink soc.cpu.mem_rdata_q_SB_DFFE_Q_28_D_SB_LUT4_I3_LC.I3
Info:                          Defined in:
Info:                               /home/ed667/oss-cad-suite/lib/../share/yosys/ice40/cells_map.v:6.21-6.22
Info:      logic  0.87  19.90 Source soc.cpu.mem_rdata_q_SB_DFFE_Q_28_D_SB_LUT4_I3_LC.O
Info:    routing  1.76  21.66 Net soc.cpu.instr_jal_SB_DFFE_Q_D_SB_LUT4_O_I2[0] (17,23) -> (17,23)
Info:                          Sink soc.cpu.instr_fence_SB_DFFESR_Q_D_SB_LUT4_O_I3_SB_LUT4_O_I2_SB_LUT4_I0_O_SB_LUT4_I2_O_SB_LUT4_O_1_LC.I2
Info:                          Defined in:
Info:                               /home/ed667/oss-cad-suite/lib/../share/yosys/ice40/cells_map.v:6.21-6.22
Info:      logic  1.21  22.86 Source soc.cpu.instr_fence_SB_DFFESR_Q_D_SB_LUT4_O_I3_SB_LUT4_O_I2_SB_LUT4_I0_O_SB_LUT4_I2_O_SB_LUT4_O_1_LC.O
Info:    routing  2.41  25.27 Net soc.cpu.instr_fence_SB_DFFESR_Q_D_SB_LUT4_O_I3_SB_LUT4_O_I2_SB_LUT4_I0_O_SB_LUT4_I2_O[0] (17,23) -> (17,25)
Info:                          Sink soc.cpu.mem_rdata_q_SB_DFFE_Q_27_D_SB_LUT4_I3_O_SB_LUT4_I0_LC.I2
Info:                          Defined in:
Info:                               /home/ed667/oss-cad-suite/lib/../share/yosys/ice40/cells_map.v:6.21-6.22
Info:      logic  1.21  26.48 Source soc.cpu.mem_rdata_q_SB_DFFE_Q_27_D_SB_LUT4_I3_O_SB_LUT4_I0_LC.O
Info:    routing  1.76  28.24 Net soc.cpu.decoded_imm_j_SB_DFFE_Q_12_D[3] (17,25) -> (16,25)
Info:                          Sink soc.cpu.cpuregs.regs.1.0_RADDR_1_SB_LUT4_O_1_LC.I3
Info:                          Defined in:
Info:                               /home/ed667/oss-cad-suite/lib/../share/yosys/ice40/cells_map.v:6.21-6.22
Info:      logic  0.87  29.11 Source soc.cpu.cpuregs.regs.1.0_RADDR_1_SB_LUT4_O_1_LC.O
Info:    routing  1.76  30.87 Net soc.cpu.cpuregs.regs.1.0_RADDR_1[2] (16,25) -> (16,25)
Info:                          Sink soc.cpu.cpuregs.regs.1.0_RDATA_6_SB_DFF_Q_1_D_SB_LUT4_O_I0_SB_LUT4_O_2_LC.I2
Info:                          Defined in:
Info:                               /home/ed667/oss-cad-suite/lib/../share/yosys/ice40/cells_map.v:6.21-6.22
Info:      logic  1.21  32.08 Source soc.cpu.cpuregs.regs.1.0_RDATA_6_SB_DFF_Q_1_D_SB_LUT4_O_I0_SB_LUT4_O_2_LC.O
Info:    routing  1.76  33.84 Net soc.cpu.cpuregs.regs.1.0_RDATA_6_SB_DFF_Q_1_D_SB_LUT4_O_I0[2] (16,25) -> (17,24)
Info:                          Sink soc.cpu.cpuregs.regs.1.0_RDATA_6_SB_DFF_Q_1_D_SB_LUT4_O_LC.I2
Info:                          Defined in:
Info:                               /home/ed667/oss-cad-suite/lib/../share/yosys/ice40/cells_map.v:6.21-6.22
Info:      setup  1.15  34.99 Source soc.cpu.cpuregs.regs.1.0_RDATA_6_SB_DFF_Q_1_D_SB_LUT4_O_LC.I2
Info: 11.11 ns logic, 23.88 ns routing

Info: Critical path report for cross-domain path 'posedge clk' -> '<async>':
Info:       type curr  total name
Info:   clk-to-q  1.39  1.39 Source soc.spimemio.xfer.dummy_count_SB_DFFESR_Q_D_SB_LUT4_O_LC.O
Info:    routing  1.76  3.15 Net soc.spimemio.xfer.dummy_count[3] (23,3) -> (22,4)
Info:                          Sink soc.spimemio.xfer.dummy_count_SB_LUT4_I0_LC.I0
Info:                          Defined in:
Info:                               spimemio.v:417.12-417.23
Info:      logic  1.28  4.43 Source soc.spimemio.xfer.dummy_count_SB_LUT4_I0_LC.O
Info:    routing  1.76  6.20 Net flash_io0_oe_SB_LUT4_O_I2[2] (22,4) -> (21,3)
Info:                          Sink flash_io3_oe_SB_LUT4_O_I3_SB_LUT4_O_LC.I3
Info:                          Defined in:
Info:                               /home/ed667/oss-cad-suite/lib/../share/yosys/ice40/cells_map.v:6.21-6.22
Info:      logic  0.87  7.07 Source flash_io3_oe_SB_LUT4_O_I3_SB_LUT4_O_LC.O
Info:    routing  1.76  8.83 Net flash_io3_oe_SB_LUT4_O_I3[3] (21,3) -> (21,2)
Info:                          Sink soc.spimemio.xfer_io2_90_SB_DFFN_Q_D_SB_LUT4_O_LC.I3
Info:                          Defined in:
Info:                               /home/ed667/oss-cad-suite/lib/../share/yosys/ice40/cells_map.v:6.21-6.22
Info:      logic  0.87  9.70 Source soc.spimemio.xfer_io2_90_SB_DFFN_Q_D_SB_LUT4_O_LC.O
Info:    routing  1.76  11.47 Net soc.spimemio.xfer_io2_90_SB_DFFN_Q_D[2] (21,2) -> (20,1)
Info:                          Sink soc.spimemio.xfer_io2_90_SB_LUT4_I2_LC.I3
Info:                          Defined in:
Info:                               /home/ed667/oss-cad-suite/lib/../share/yosys/ice40/cells_map.v:6.21-6.22
Info:      logic  0.87  12.34 Source soc.spimemio.xfer_io2_90_SB_LUT4_I2_LC.O
Info:    routing  2.30  14.64 Net flash_io2_do_SB_LUT4_O_I3[2] (20,1) -> (18,1)
Info:                          Sink flash_io2_do_SB_LUT4_O_LC.I3
Info:                          Defined in:
Info:                               /home/ed667/oss-cad-suite/lib/../share/yosys/ice40/cells_map.v:6.21-6.22
Info:      logic  0.87  15.52 Source flash_io2_do_SB_LUT4_O_LC.O
Info:    routing  1.76  17.28 Net flash_io2_do (18,1) -> (18,0)
Info:                          Sink flash_io_buf[2].D_OUT_0
Info:                          Defined in:
Info:                               spimemio.v:38.9-38.21
Info: 6.17 ns logic, 11.11 ns routing

Info: Critical path report for cross-domain path 'negedge clk' -> '<async>':
Info:       type curr  total name
Info:   clk-to-q  1.39  1.39 Source soc.spimemio.xfer_io1_90_SB_DFFN_Q_DFFLC.O
Info:    routing  1.76  3.15 Net soc.spimemio.xfer_io1_90 (20,1) -> (21,1)
Info:                          Sink soc.spimemio.xfer_io1_90_SB_LUT4_I2_LC.I2
Info:                          Defined in:
Info:                               /home/ed667/oss-cad-suite/lib/../share/yosys/ice40/cells_map.v:6.21-6.22
Info:      logic  1.21  4.36 Source soc.spimemio.xfer_io1_90_SB_LUT4_I2_LC.O
Info:    routing  1.76  6.12 Net flash_io1_do_SB_LUT4_O_I3[2] (21,1) -> (21,1)
Info:                          Sink flash_io1_do_SB_LUT4_O_LC.I3
Info:                          Defined in:
Info:                               /home/ed667/oss-cad-suite/lib/../share/yosys/ice40/cells_map.v:6.21-6.22
Info:      logic  0.87  6.99 Source flash_io1_do_SB_LUT4_O_LC.O
Info:    routing  2.95  9.94 Net flash_io1_do (21,1) -> (23,0)
Info:                          Sink flash_io_buf[1].D_OUT_0
Info:                          Defined in:
Info:                               spimemio.v:37.9-37.21
Info: 3.47 ns logic, 6.47 ns routing

Info: Max frequency for clock 'clk': 17.40 MHz (PASS at 12.00 MHz)

Info: Max delay <async>     -> posedge clk: 34.99 ns
Info: Max delay posedge clk -> <async>    : 17.28 ns
Info: Max delay negedge clk -> <async>    : 9.94 ns

Info: Slack histogram:
Info:  legend: * represents 20 endpoint(s)
Info:          + represents [1,20) endpoint(s)
Info: [ 25859,  28571) |*+
Info: [ 28571,  31283) |*+
Info: [ 31283,  33995) |**+
Info: [ 33995,  36707) |**+
Info: [ 36707,  39419) |**+
Info: [ 39419,  42131) |***+
Info: [ 42131,  44843) |**********+
Info: [ 44843,  47555) |********+
Info: [ 47555,  50267) |********+
Info: [ 50267,  52979) |***********+
Info: [ 52979,  55691) |****+
Info: [ 55691,  58403) |****+
Info: [ 58403,  61115) |********+
Info: [ 61115,  63827) |***************+
Info: [ 63827,  66539) |************************+
Info: [ 66539,  69251) |*****************************+
Info: [ 69251,  71963) |************************************************************ 
Info: [ 71963,  74675) |********************************+
Info: [ 74675,  77387) |*******************************************************+
Info: [ 77387,  80099) |************************************************************ 

Info: Program finished normally.
