COMMAND: nextpnr-ice40 --up5k --package sg48 --json design.json --pcf icebreaker.pcf --asc design.asc --pcf-allow-unconstrained

STDOUT:


STDERR:
Info: constrained 'clk_in' to bel 'X12/Y31/io1'
Info: constrained 'ser_rx' to bel 'X13/Y0/io1'
Info: constrained 'ser_tx' to bel 'X15/Y0/io0'
Info: constrained 'flash_clk' to bel 'X24/Y0/io0'
Info: constrained 'flash_csb' to bel 'X24/Y0/io1'
Info: constrained 'flash_io0' to bel 'X23/Y0/io0'
Info: constrained 'flash_io1' to bel 'X23/Y0/io1'
Info: constrained 'flash_io2' to bel 'X18/Y0/io0'
Info: constrained 'flash_io3' to bel 'X19/Y0/io0'
Info: constrained 'P1A1' to bel 'X9/Y0/io0'
Info: constrained 'P1A2' to bel 'X8/Y0/io0'
Info: constrained 'P1A3' to bel 'X6/Y0/io0'
Info: constrained 'P1A4' to bel 'X7/Y0/io1'
Info: constrained 'P1A7' to bel 'X9/Y0/io1'
Info: constrained 'P1A8' to bel 'X7/Y0/io0'
Info: constrained 'P1A9' to bel 'X5/Y0/io0'
Info: constrained 'P1A10' to bel 'X6/Y0/io1'
Info: constrained 'led1' to bel 'X18/Y31/io0'
Info: constrained 'led2' to bel 'X18/Y31/io1'
Info: constrained 'led3' to bel 'X19/Y31/io1'
Info: constrained 'led4' to bel 'X19/Y31/io0'
Info: constrained 'led5' to bel 'X18/Y0/io1'
Info: constrained 'ledr_n' to bel 'X17/Y0/io0'
Info: constrained 'ledg_n' to bel 'X13/Y31/io0'

Info: Packing constants..
Info: Packing IOs..
Info: flash_io0 feeds SB_IO flash_io_buf[0], removing $nextpnr_iobuf flash_io0.
Info: flash_io3 feeds SB_IO flash_io_buf[3], removing $nextpnr_iobuf flash_io3.
Info: flash_io2 feeds SB_IO flash_io_buf[2], removing $nextpnr_iobuf flash_io2.
Info: flash_io1 feeds SB_IO flash_io_buf[1], removing $nextpnr_iobuf flash_io1.
Info: Packing LUT-FFs..
Info:     2974 LCs used as LUT4 only
Info:     1085 LCs used as LUT4 and DFF
Info: Packing non-LUT FFs..
Info:      599 LCs used as DFF only
Info: Packing carries..
Info:      158 LCs used as CARRY only
Info: Packing indirect carry+LUT pairs...
Info:       67 LUTs merged into carry LCs
Info: Packing RAMs..
Info: Placing PLLs..
Info:   constrained PLL 'pll' to X12/Y31/pll_3
Info: Packing special functions..
Info: Packing PLLs..
Info:   PLL 'pll' has LOCK output, need to pass all outputs via LUT
Info:   constrained 'pll_locked_SB_LUT4_I0_LC' to X1/Y30/lc0
Info: Promoting globals..
Info: promoting iomem_ready_SB_LUT4_I1_O_SB_LUT4_O_I2_SB_LUT4_I2_O_SB_LUT4_I3_O[1] [reset] (fanout 549)
Info: promoting soc.cpu.genblk1.genblk1.pcpi_mul.instr_mulhu_SB_LUT4_I2_O[0] [reset] (fanout 85)
Info: promoting soc.cpu.genblk2.pcpi_div.dq_SB_DFFE_Q_10_D_SB_LUT4_O_I3[1] [reset] (fanout 38)
Info: promoting soc.simpleuart.send_dummy_SB_LUT4_I2_I3_SB_LUT4_I0_O_SB_LUT4_I3_O [reset] (fanout 32)
Info: promoting resetn [cen] (fanout 215)
Info: promoting soc.gen_icache.icache_inst.state_SB_DFF_Q_1_D_SB_LUT4_O_I3_SB_LUT4_I3_1_O [cen] (fanout 128)
Info: promoting soc.cpu.genblk2.pcpi_div.running_SB_DFFSR_Q_D_SB_LUT4_I3_O [cen] (fanout 70)
Info: Constraining chains...
Info:       56 LCs used to legalise carry chains.
Info: Checksum: 0x54e25e8d

Info: Device utilisation:
Info: 	         ICESTORM_LC:    4807/   5280    91%
Info: 	        ICESTORM_RAM:      22/     30    73%
Info: 	               SB_IO:      24/     96    25%
Info: 	               SB_GB:       8/      8   100%
Info: 	        ICESTORM_PLL:       1/      1   100%
Info: 	         SB_WARMBOOT:       0/      1     0%
Info: 	        ICESTORM_DSP:       0/      8     0%
Info: 	      ICESTORM_HFOSC:       0/      1     0%
Info: 	      ICESTORM_LFOSC:       0/      1     0%
Info: 	              SB_I2C:       0/      2     0%
Info: 	              SB_SPI:       0/      2     0%
Info: 	              IO_I3C:       0/      2     0%
Info: 	         SB_LEDDA_IP:       0/      1     0%
Info: 	         SB_RGBA_DRV:       0/      1     0%
Info: 	      ICESTORM_SPRAM:       4/      4   100%

Info: Placed 26 cells based on constraints.
Info: Creating initial analytic placement for 4081 cells, random placement wirelen = 117833.
Info:     at initial placer iter 0, wirelen = 1916
Info:     at initial placer iter 1, wirelen = 1875
Info:     at initial placer iter 2, wirelen = 1872
Info:     at initial placer iter 3, wirelen = 1878
Info: Running main analytical placer, max placement attempts per cell = 2959744.
Info:     at iteration #1, type ALL: wirelen solved = 1863, spread = 43362, legal = 48983; time = 0.14s
Info:     at iteration #2, type ALL: wirelen solved = 2843, spread = 35545, legal = 41391; time = 0.15s
Info:     at iteration #3, type ALL: wirelen solved = 4188, spread = 34200, legal = 39737; time = 0.15s
Info:     at iteration #4, type ALL: wirelen solved = 5462, spread = 31628, legal = 37398; time = 0.13s
Info:     at iteration #5, type ALL: wirelen solved = 6810, spread = 30148, legal = 35968; time = 0.14s
Info:     at iteration #6, type ALL: wirelen solved = 8127, spread = 27973, legal = 34763; time = 0.17s
Info:     at iteration #7, type ALL: wirelen solved = 8880, spread = 27258, legal = 33406; time = 0.15s
Info:     at iteration #8, type ALL: wirelen solved = 10035, spread = 26642, legal = 33638; time = 0.12s
Info:     at iteration #9, type ALL: wirelen solved = 10597, spread = 26048, legal = 32597; time = 0.13s
Info:     at iteration #10, type ALL: wirelen solved = 11545, spread = 24889, legal = 32029; time = 0.13s
Info:     at iteration #11, type ALL: wirelen solved = 12248, spread = 24808, legal = 31534; time = 0.13s
Info:     at iteration #12, type ALL: wirelen solved = 13196, spread = 24354, legal = 31981; time = 0.14s
Info:     at iteration #13, type ALL: wirelen solved = 13734, spread = 24337, legal = 31277; time = 0.13s
Info:     at iteration #14, type ALL: wirelen solved = 14428, spread = 24143, legal = 30826; time = 0.10s
Info:     at iteration #15, type ALL: wirelen solved = 14583, spread = 24205, legal = 31462; time = 0.12s
Info:     at iteration #16, type ALL: wirelen solved = 14769, spread = 23971, legal = 30742; time = 0.12s
Info:     at iteration #17, type ALL: wirelen solved = 15063, spread = 23645, legal = 30333; time = 0.11s
Info:     at iteration #18, type ALL: wirelen solved = 15361, spread = 23812, legal = 30804; time = 0.11s
Info:     at iteration #19, type ALL: wirelen solved = 15752, spread = 23751, legal = 31440; time = 0.12s
Info:     at iteration #20, type ALL: wirelen solved = 16070, spread = 24126, legal = 29952; time = 0.12s
Info:     at iteration #21, type ALL: wirelen solved = 16100, spread = 23803, legal = 30834; time = 0.11s
Info:     at iteration #22, type ALL: wirelen solved = 16472, spread = 24514, legal = 31282; time = 0.11s
Info:     at iteration #23, type ALL: wirelen solved = 16779, spread = 24618, legal = 31692; time = 0.11s
Info:     at iteration #24, type ALL: wirelen solved = 16990, spread = 24586, legal = 31646; time = 0.13s
Info:     at iteration #25, type ALL: wirelen solved = 17337, spread = 24714, legal = 31046; time = 0.12s
Info: HeAP Placer Time: 4.15s
Info:   of which solving equations: 1.76s
Info:   of which spreading cells: 0.23s
Info:   of which strict legalisation: 1.40s

Info: Running simulated annealing placer for refinement.
Info:   at iteration #1: temp = 0.000000, timing cost = 2203, wirelen = 29952
Info:   at iteration #5: temp = 0.000000, timing cost = 1539, wirelen = 25774
Info:   at iteration #10: temp = 0.000000, timing cost = 1527, wirelen = 24732
Info:   at iteration #15: temp = 0.000000, timing cost = 1450, wirelen = 23994
Info:   at iteration #20: temp = 0.000000, timing cost = 1458, wirelen = 23714
Info:   at iteration #25: temp = 0.000000, timing cost = 1467, wirelen = 23623
Info:   at iteration #30: temp = 0.000000, timing cost = 1463, wirelen = 23594
Info:   at iteration #34: temp = 0.000000, timing cost = 1453, wirelen = 23583 
Info: SA placement time 6.14s

Info: Max frequency for clock 'clk': 16.00 MHz (PASS at 12.00 MHz)

Info: Max delay <async>     -> posedge clk: 37.29 ns
Info: Max delay posedge clk -> <async>    : 19.24 ns
Info: Max delay negedge clk -> <async>    : 9.77 ns

Info: Slack histogram:
Info:  legend: * represents 26 endpoint(s)
Info:          + represents [1,26) endpoint(s)
Info: [ 20819,  23796) |+
Info: [ 23796,  26773) |*+
Info: [ 26773,  29750) |**+
Info: [ 29750,  32727) |******+
Info: [ 32727,  35704) |*+
Info: [ 35704,  38681) |**+
Info: [ 38681,  41658) |*+
Info: [ 41658,  44635) |****+
Info: [ 44635,  47612) |******+
Info: [ 47612,  50589) |****+
Info: [ 50589,  53566) |***+
Info: [ 53566,  56543) |********+
Info: [ 56543,  59520) |*****+
Info: [ 59520,  62497) |**********+
Info: [ 62497,  65474) |************************+
Info: [ 65474,  68451) |**********************************************+
Info: [ 68451,  71428) |******************+
Info: [ 71428,  74405) |************************+
Info: [ 74405,  77382) |**********************************+
Info: [ 77382,  80359) |************************************************************ 
Info: Checksum: 0xa4663276

Info: Routing..
Info: Setting up routing queue.
Info: Routing 16550 arcs.
Info:            |   (re-)routed arcs  |   delta    | remaining|       time spent     |
Info:    IterCnt |  w/ripup   wo/ripup |  w/r  wo/r |      arcs| batch(sec) total(sec)|
Info:       1000 |       53        946 |   53   946 |     15613|       0.41       0.41|
Info:       2000 |      109       1890 |   56   944 |     14697|       0.33       0.75|
Info:       3000 |      314       2679 |  205   789 |     13929|       0.17       0.91|
Info:       4000 |      644       3336 |  330   657 |     13310|       0.16       1.07|
Info:       5000 |      903       4077 |  259   741 |     12660|       0.19       1.26|
Info:       6000 |     1263       4717 |  360   640 |     12127|       0.22       1.47|
Info:       7000 |     1595       5367 |  332   650 |     11589|       0.29       1.77|
Info:       8000 |     1999       5963 |  404   596 |     11171|       0.37       2.13|
Info:       9000 |     2341       6562 |  342   599 |     10717|       0.29       2.42|
Info:      10000 |     2714       7185 |  373   623 |     10344|       0.34       2.76|
Info:      11000 |     3180       7717 |  466   532 |     10051|       0.35       3.11|
Info:      12000 |     3610       8234 |  430   517 |      9683|       0.35       3.46|
Info:      13000 |     4023       8795 |  413   561 |      9405|       0.30       3.76|
Info:      14000 |     4521       9296 |  498   501 |      9210|       0.35       4.11|
Info:      15000 |     4987       9799 |  466   503 |      8951|       0.38       4.49|
Info:      16000 |     5480      10306 |  493   507 |      8802|       0.45       4.94|
Info:      17000 |     5943      10840 |  463   534 |      8603|       0.36       5.30|
Info:      18000 |     6415      11315 |  472   475 |      8339|       0.40       5.70|
Info:      19000 |     6947      11780 |  532   465 |      8185|       0.49       6.19|
Info:      20000 |     7451      12251 |  504   471 |      8053|       0.47       6.66|
Info:      21000 |     7877      12825 |  426   574 |      7859|       0.47       7.13|
Info:      22000 |     8379      13323 |  502   498 |      7727|       0.53       7.66|
Info:      23000 |     8912      13787 |  533   464 |      7561|       0.37       8.03|
Info:      24000 |     9470      14227 |  558   440 |      7457|       0.45       8.48|
Info:      25000 |     9998      14674 |  528   447 |      7302|       0.41       8.89|
Info:      26000 |    10447      15173 |  449   499 |      6968|       0.36       9.25|
Info:      27000 |    10965      15625 |  518   452 |      6773|       0.47       9.73|
Info:      28000 |    11356      16153 |  391   528 |      6388|       0.34      10.07|
Info:      29000 |    11839      16666 |  483   513 |      6121|       0.34      10.41|
Info:      30000 |    12321      17183 |  482   517 |      5946|       0.36      10.77|
Info:      31000 |    12819      17684 |  498   501 |      5739|       0.43      11.20|
Info:      32000 |    13260      18243 |  441   559 |      5509|       0.37      11.57|
Info:      33000 |    13842      18660 |  582   417 |      5404|       0.55      12.12|
Info:      34000 |    14297      19195 |  455   535 |      5104|       0.44      12.55|
Info:      35000 |    14844      19640 |  547   445 |      4915|       0.46      13.01|
Info:      36000 |    15351      20131 |  507   491 |      4697|       0.48      13.49|
Info:      37000 |    15868      20614 |  517   483 |      4534|       0.57      14.06|
Info:      38000 |    16379      21100 |  511   486 |      4384|       0.37      14.43|
Info:      39000 |    16870      21609 |  491   509 |      4162|       0.38      14.81|
Info:      40000 |    17395      22057 |  525   448 |      4023|       1.01      15.82|
Info:      41000 |    17853      22570 |  458   513 |      3754|       0.33      16.14|
Info:      42000 |    18389      23028 |  536   458 |      3645|       0.52      16.67|
Info:      43000 |    18936      23478 |  547   450 |      3487|       0.40      17.07|
Info:      44000 |    19486      23925 |  550   447 |      3419|       0.40      17.47|
Info:      45000 |    20073      24338 |  587   413 |      3371|       0.41      17.87|
Info:      46000 |    20585      24820 |  512   482 |      3275|       0.60      18.47|
Info:      47000 |    21080      25319 |  495   499 |      3184|       0.44      18.91|
Info:      48000 |    21639      25760 |  559   441 |      3095|       0.51      19.43|
Info:      49000 |    22232      26167 |  593   407 |      3081|       0.47      19.90|
Info:      50000 |    22855      26544 |  623   377 |      3018|       0.45      20.35|
Info:      51000 |    23329      27070 |  474   526 |      2900|       0.48      20.83|
Info:      52000 |    23859      27536 |  530   466 |      2744|       0.48      21.30|
Info:      53000 |    24470      27925 |  611   389 |      2728|       0.50      21.81|
Info:      54000 |    25032      28361 |  562   436 |      2616|       0.41      22.22|
Info:      55000 |    25631      28762 |  599   401 |      2486|       0.55      22.76|
Info:      56000 |    26183      29208 |  552   446 |      2332|       0.47      23.23|
Info:      57000 |    26793      29596 |  610   388 |      2282|       0.49      23.72|
Info:      58000 |    27346      30043 |  553   447 |      2249|       0.54      24.26|
Info:      59000 |    27951      30438 |  605   395 |      2279|       0.62      24.88|
Info:      60000 |    28401      30988 |  450   550 |      2170|       0.40      25.28|
Info:      61000 |    28895      31480 |  494   492 |      1928|       0.38      25.66|
Info:      62000 |    29432      31939 |  537   459 |      1751|       0.37      26.03|
Info:      63000 |    30023      32347 |  591   408 |      1654|       0.55      26.58|
Info:      64000 |    30611      32759 |  588   412 |      1597|       0.40      26.98|
Info:      65000 |    31071      33283 |  460   524 |      1314|       0.30      27.28|
Info:      66000 |    31495      33859 |  424   576 |       905|       0.23      27.51|
Info:      67000 |    31880      34474 |  385   615 |       494|       0.50      28.01|
Info:      68000 |    32430      34924 |  550   450 |       437|       0.72      28.73|
Info:      69000 |    32847      35507 |  417   583 |        59|       0.65      29.37|
Info:      70000 |    33487      35867 |  640   360 |        58|       0.61      29.98|
Info:      70621 |    33838      36138 |  351   271 |         0|       0.26      30.23|
Info: Routing complete.
Info: Router1 time 30.23s
Info: Checksum: 0x3f128af4

Info: Critical path report for clock 'clk' (posedge -> posedge):
Info:       type curr  total name
Info:   clk-to-q  1.39  1.39 Source soc.cpu.mem_wstrb_SB_DFFE_Q_D_SB_LUT4_O_LC.O
Info:    routing  1.76  3.15 Net iomem_ready_SB_LUT4_I1_O_SB_LUT4_O_I2_SB_LUT4_I2_O_SB_LUT4_I3_O[0] (21,17) -> (21,18)
Info:                          Sink soc.cpu.mem_instr_SB_LUT4_I0_I3_SB_LUT4_O_LC.I0
Info:                          Defined in:
Info:                               /home/ed667/oss-cad-suite/lib/../share/yosys/ice40/cells_map.v:6.21-6.22
Info:      logic  1.28  4.43 Source soc.cpu.mem_instr_SB_LUT4_I0_I3_SB_LUT4_O_LC.O
Info:    routing  2.41  6.84 Net soc.cpu.mem_instr_SB_LUT4_I0_I3[3] (21,18) -> (21,20)
Info:                          Sink soc.cpu.mem_instr_SB_LUT4_I0_1_LC.I3
Info:                          Defined in:
Info:                               /home/ed667/oss-cad-suite/lib/../share/yosys/ice40/cells_map.v:6.21-6.22
Info:      logic  0.87  7.72 Source soc.cpu.mem_instr_SB_LUT4_I0_1_LC.O
Info:    routing  3.06  10.77 Net soc.ram_ready_SB_LUT4_I0_I1_SB_LUT4_I1_1_O[0] (21,20) -> (21,14)
Info:                          Sink soc.cpu.mem_instr_SB_LUT4_I0_1_O_SB_LUT4_I3_1_LC.I3
Info:                          Defined in:
Info:                               /home/ed667/oss-cad-suite/lib/../share/yosys/ice40/cells_map.v:6.21-6.22
Info:      logic  0.87  11.65 Source soc.cpu.mem_instr_SB_LUT4_I0_1_O_SB_LUT4_I3_1_LC.O
Info:    routing  3.06  14.71 Net flash_clk_SB_LUT4_I1_I2[2] (21,14) -> (22,20)
Info:                          Sink iomem_ready_SB_LUT4_I1_I2_SB_LUT4_I1_LC.I2
Info:                          Defined in:
Info:                               /home/ed667/oss-cad-suite/lib/../share/yosys/ice40/cells_map.v:6.21-6.22
Info:      logic  1.21  15.91 Source iomem_ready_SB_LUT4_I1_I2_SB_LUT4_I1_LC.O
Info:    routing  2.99  18.90 Net flash_io0_di_SB_LUT4_I1_O_SB_LUT4_O_2_I3[2] (22,20) -> (22,12)
Info:                          Sink iomem_ready_SB_LUT4_I1_O_SB_LUT4_O_I2_SB_LUT4_O_I3_SB_LUT4_I3_1_O_SB_LUT4_O_LC.I2
Info:                          Defined in:
Info:                               /home/ed667/oss-cad-suite/lib/../share/yosys/ice40/cells_map.v:6.21-6.22
Info:      logic  1.21  20.11 Source iomem_ready_SB_LUT4_I1_O_SB_LUT4_O_I2_SB_LUT4_O_I3_SB_LUT4_I3_1_O_SB_LUT4_O_LC.O
Info:    routing  1.76  21.87 Net iomem_ready_SB_LUT4_I1_O_SB_LUT4_O_I2_SB_LUT4_O_I3_SB_LUT4_I3_1_O[3] (22,12) -> (21,11)
Info:                          Sink soc.ram_ready_SB_LUT4_I0_1_LC.I3
Info:                          Defined in:
Info:                               /home/ed667/oss-cad-suite/lib/../share/yosys/ice40/cells_map.v:6.21-6.22
Info:      logic  0.87  22.74 Source soc.ram_ready_SB_LUT4_I0_1_LC.O
Info:    routing  1.76  24.50 Net iomem_ready_SB_LUT4_I1_O[3] (21,11) -> (20,10)
Info:                          Sink soc.ram_ready_SB_LUT4_I0_I1_SB_LUT4_I1_1_O_SB_LUT4_O_LC.I3
Info:                          Defined in:
Info:                               /home/ed667/oss-cad-suite/lib/../share/yosys/ice40/cells_map.v:6.21-6.22
Info:      logic  0.87  25.38 Source soc.ram_ready_SB_LUT4_I0_I1_SB_LUT4_I1_1_O_SB_LUT4_O_LC.O
Info:    routing  4.25  29.63 Net soc.ram_ready_SB_LUT4_I0_I1_SB_LUT4_I1_1_O[2] (20,10) -> (20,22)
Info:                          Sink soc.cpu.mem_instr_SB_LUT4_I0_1_O_SB_LUT4_I1_LC.I3
Info:                          Defined in:
Info:                               /home/ed667/oss-cad-suite/lib/../share/yosys/ice40/cells_map.v:6.21-6.22
Info:      logic  0.87  30.50 Source soc.cpu.mem_instr_SB_LUT4_I0_1_O_SB_LUT4_I1_LC.O
Info:    routing  2.95  33.45 Net soc.cpu.mem_instr_SB_LUT4_I0_1_O_SB_LUT4_I1_O[3] (20,22) -> (17,23)
Info:                          Sink soc.cpu.mem_xfer_SB_LUT4_O_LC.I3
Info:                          Defined in:
Info:                               /home/ed667/oss-cad-suite/lib/../share/yosys/ice40/cells_map.v:6.21-6.22
Info:      logic  0.87  34.33 Source soc.cpu.mem_xfer_SB_LUT4_O_LC.O
Info:    routing  1.76  36.09 Net soc.cpu.mem_la_read_SB_LUT4_O_I2_SB_LUT4_I3_1_O[2] (17,23) -> (16,24)
Info:                          Sink soc.cpu.mem_state_SB_DFFESR_Q_D_SB_LUT4_O_I3_SB_LUT4_I1_LC.I3
Info:                          Defined in:
Info:                               /home/ed667/oss-cad-suite/lib/../share/yosys/ice40/cells_map.v:6.21-6.22
Info:      logic  0.87  36.96 Source soc.cpu.mem_state_SB_DFFESR_Q_D_SB_LUT4_O_I3_SB_LUT4_I1_LC.O
Info:    routing  2.95  39.91 Net soc.cpu.mem_state_SB_DFFESR_Q_D_SB_LUT4_O_I3_SB_LUT4_I1_O[2] (16,24) -> (12,28)
Info:                          Sink soc.cpu.cpu_state_SB_DFF_Q_6_D_SB_LUT4_O_I2_SB_LUT4_O_I3_SB_LUT4_O_LC.I3
Info:                          Defined in:
Info:                               /home/ed667/oss-cad-suite/lib/../share/yosys/ice40/cells_map.v:6.21-6.22
Info:      logic  0.87  40.79 Source soc.cpu.cpu_state_SB_DFF_Q_6_D_SB_LUT4_O_I2_SB_LUT4_O_I3_SB_LUT4_O_LC.O
Info:    routing  1.76  42.55 Net soc.cpu.cpu_state_SB_DFF_Q_6_D_SB_LUT4_O_I2_SB_LUT4_O_I3[1] (12,28) -> (11,29)
Info:                          Sink soc.cpu.cpu_state_SB_DFF_Q_6_D_SB_LUT4_O_I2_SB_LUT4_O_LC.I3
Info:                          Defined in:
Info:                               /home/ed667/oss-cad-suite/lib/../share/yosys/ice40/cells_map.v:6.21-6.22
Info:      logic  0.87  43.42 Source soc.cpu.cpu_state_SB_DFF_Q_6_D_SB_LUT4_O_I2_SB_LUT4_O_LC.O
Info:    routing  1.76  45.18 Net soc.cpu.cpu_state_SB_DFF_Q_6_D_SB_LUT4_O_I1[2] (11,29) -> (11,29)
Info:                          Sink soc.cpu.cpu_state_SB_DFF_Q_6_D_SB_LUT4_O_I2_SB_LUT4_I3_LC.I3
Info:                          Defined in:
Info:                               /home/ed667/oss-cad-suite/lib/../share/yosys/ice40/cells_map.v:6.21-6.22
Info:      logic  0.87  46.06 Source soc.cpu.cpu_state_SB_DFF_Q_6_D_SB_LUT4_O_I2_SB_LUT4_I3_LC.O
Info:    routing  1.76  47.82 Net soc.cpu.cpu_state_SB_DFF_Q_6_D_SB_LUT4_O_I2_SB_LUT4_I3_O[3] (11,29) -> (10,28)
Info:                          Sink soc.cpu.latched_is_lh_SB_DFFESR_Q_E_SB_LUT4_O_I3_SB_LUT4_O_LC.I3
Info:                          Defined in:
Info:                               /home/ed667/oss-cad-suite/lib/../share/yosys/ice40/cells_map.v:6.21-6.22
Info:      logic  0.87  48.69 Source soc.cpu.latched_is_lh_SB_DFFESR_Q_E_SB_LUT4_O_I3_SB_LUT4_O_LC.O
Info:    routing  4.35  53.04 Net soc.cpu.instr_sll_SB_LUT4_I1_O_SB_LUT4_I2_O_SB_LUT4_I3_O[1] (10,28) -> (9,17)
Info:                          Sink soc.cpu.latched_is_lh_SB_DFFESR_Q_E_SB_LUT4_O_I3_SB_LUT4_I2_LC.I2
Info:                          Defined in:
Info:                               /home/ed667/oss-cad-suite/lib/../share/yosys/ice40/cells_map.v:6.21-6.22
Info:      logic  1.21  54.25 Source soc.cpu.latched_is_lh_SB_DFFESR_Q_E_SB_LUT4_O_I3_SB_LUT4_I2_LC.O
Info:    routing  4.14  58.39 Net soc.cpu.latched_is_lh_SB_DFFESR_Q_E_SB_LUT4_O_I3_SB_LUT4_I2_O[3] (9,17) -> (4,24)
Info:                          Sink soc.cpu.reg_op1_SB_DFFE_Q_E_SB_LUT4_O_LC.I3
Info:                          Defined in:
Info:                               /home/ed667/oss-cad-suite/lib/../share/yosys/ice40/cells_map.v:6.21-6.22
Info:      logic  0.87  59.27 Source soc.cpu.reg_op1_SB_DFFE_Q_E_SB_LUT4_O_LC.O
Info:    routing  2.34  61.61 Net soc.cpu.reg_op1_SB_DFFE_Q_E (4,24) -> (4,24)
Info:                          Sink soc.cpu.reg_op1_SB_DFFE_Q_D_SB_LUT4_O_LC.CEN
Info:      setup  0.10  61.71 Source soc.cpu.reg_op1_SB_DFFE_Q_D_SB_LUT4_O_LC.CEN
Info: 16.88 ns logic, 44.83 ns routing

Info: Critical path report for cross-domain path '<async>' -> 'posedge clk':
Info:       type curr  total name
Info:     source  0.00  0.00 Source flash_io_buf[1].D_IN_0
Info:    routing  4.25  4.25 Net flash_io1_di (23,0) -> (21,9)
Info:                          Sink flash_io1_di_SB_LUT4_I1_LC.I1
Info:                          Defined in:
Info:                               picosoc.v:153.14-153.32
Info:      logic  1.23  5.48 Source flash_io1_di_SB_LUT4_I1_LC.O
Info:    routing  1.76  7.24 Net flash_io1_di_SB_LUT4_I1_O[2] (21,9) -> (20,10)
Info:                          Sink flash_io1_di_SB_LUT4_I1_O_SB_LUT4_I1_LC.I2
Info:                          Defined in:
Info:                               /home/ed667/oss-cad-suite/lib/../share/yosys/ice40/cells_map.v:6.21-6.22
Info:      logic  1.21  8.44 Source flash_io1_di_SB_LUT4_I1_O_SB_LUT4_I1_LC.O
Info:    routing  1.76  10.21 Net flash_io1_di_SB_LUT4_I1_O_SB_LUT4_I1_O[3] (20,10) -> (20,11)
Info:                          Sink flash_io1_di_SB_LUT4_I1_O_SB_LUT4_I1_O_SB_LUT4_I1_LC.I3
Info:                          Defined in:
Info:                               /home/ed667/oss-cad-suite/lib/../share/yosys/ice40/cells_map.v:6.21-6.22
Info:      logic  0.87  11.08 Source flash_io1_di_SB_LUT4_I1_O_SB_LUT4_I1_O_SB_LUT4_I1_LC.O
Info:    routing  2.85  13.93 Net flash_io1_di_SB_LUT4_I1_O_SB_LUT4_I1_O_SB_LUT4_I1_O[3] (20,11) -> (15,11)
Info:                          Sink soc.gen_icache.icache_inst.data_array.0.0_RDATA_SB_LUT4_I0_O_SB_LUT4_O_1_LC.I3
Info:                          Defined in:
Info:                               /home/ed667/oss-cad-suite/lib/../share/yosys/ice40/cells_map.v:6.21-6.22
Info:      logic  0.87  14.80 Source soc.gen_icache.icache_inst.data_array.0.0_RDATA_SB_LUT4_I0_O_SB_LUT4_O_1_LC.O
Info:    routing  1.76  16.56 Net soc.gen_icache.icache_inst.data_array.0.0_RDATA_SB_LUT4_I0_O[3] (15,11) -> (15,12)
Info:                          Sink soc.gen_icache.icache_inst.data_array.0.0_RDATA_SB_LUT4_I0_O_SB_LUT4_I0_LC.I3
Info:                          Defined in:
Info:                               /home/ed667/oss-cad-suite/lib/../share/yosys/ice40/cells_map.v:6.21-6.22
Info:      logic  0.87  17.44 Source soc.gen_icache.icache_inst.data_array.0.0_RDATA_SB_LUT4_I0_O_SB_LUT4_I0_LC.O
Info:    routing  4.25  21.68 Net soc.gen_icache.icache_inst.data_array.0.0_RDATA_SB_LUT4_I0_O_SB_LUT4_I0_O[2] (15,12) -> (16,24)
Info:                          Sink soc.cpu.mem_rdata_q_SB_DFFE_Q_29_D_SB_LUT4_I3_O_SB_LUT4_O_LC.I2
Info:                          Defined in:
Info:                               /home/ed667/oss-cad-suite/lib/../share/yosys/ice40/cells_map.v:6.21-6.22
Info:      logic  1.21  22.89 Source soc.cpu.mem_rdata_q_SB_DFFE_Q_29_D_SB_LUT4_I3_O_SB_LUT4_O_LC.O
Info:    routing  1.76  24.65 Net soc.cpu.mem_rdata_q_SB_DFFE_Q_29_D_SB_LUT4_I3_O[1] (16,24) -> (17,25)
Info:                          Sink soc.cpu.mem_rdata_q_SB_DFFE_Q_28_D_SB_LUT4_I3_O_SB_LUT4_O_LC.I3
Info:                          Defined in:
Info:                               /home/ed667/oss-cad-suite/lib/../share/yosys/ice40/cells_map.v:6.21-6.22
Info:      logic  0.87  25.52 Source soc.cpu.mem_rdata_q_SB_DFFE_Q_28_D_SB_LUT4_I3_O_SB_LUT4_O_LC.O
Info:    routing  1.76  27.28 Net soc.cpu.mem_rdata_q_SB_DFFE_Q_28_D_SB_LUT4_I3_O[1] (17,25) -> (17,25)
Info:                          Sink soc.gen_icache.icache_inst.data_array.0.9_RDATA_1_SB_LUT4_I0_O_SB_LUT4_I1_O_SB_LUT4_I3_O_SB_LUT4_O_1_LC.I2
Info:                          Defined in:
Info:                               /home/ed667/oss-cad-suite/lib/../share/yosys/ice40/cells_map.v:6.21-6.22
Info:      logic  1.21  28.49 Source soc.gen_icache.icache_inst.data_array.0.9_RDATA_1_SB_LUT4_I0_O_SB_LUT4_I1_O_SB_LUT4_I3_O_SB_LUT4_O_1_LC.O
Info:    routing  1.76  30.25 Net soc.cpu.decoded_rs1_SB_DFFESS_Q_1_D[3] (17,25) -> (16,26)
Info:                          Sink soc.cpu.cpuregs.regs.1.0_RADDR_1_SB_LUT4_O_I3_SB_LUT4_O_LC.I3
Info:                          Defined in:
Info:                               /home/ed667/oss-cad-suite/lib/../share/yosys/ice40/cells_map.v:6.21-6.22
Info:      logic  0.87  31.12 Source soc.cpu.cpuregs.regs.1.0_RADDR_1_SB_LUT4_O_I3_SB_LUT4_O_LC.O
Info:    routing  1.76  32.89 Net soc.cpu.cpuregs.regs.1.0_RADDR_1_SB_LUT4_O_I3[2] (16,26) -> (15,25)
Info:                          Sink soc.cpu.cpuregs.regs.1.0_RADDR_1_SB_LUT4_O_LC.I3
Info:                          Defined in:
Info:                               /home/ed667/oss-cad-suite/lib/../share/yosys/ice40/cells_map.v:6.21-6.22
Info:      logic  0.87  33.76 Source soc.cpu.cpuregs.regs.1.0_RADDR_1_SB_LUT4_O_LC.O
Info:    routing  4.22  37.98 Net soc.cpu.cpuregs.regs.1.0_RADDR_1 (15,25) -> (6,23)
Info:                          Sink soc.cpu.cpuregs.regs.1.0_RAM.RADDR_0
Info:      setup  0.10  38.08 Source soc.cpu.cpuregs.regs.1.0_RAM.RADDR_0
Info: 10.19 ns logic, 27.89 ns routing

Info: Critical path report for cross-domain path 'posedge clk' -> '<async>':
Info:       type curr  total name
Info:   clk-to-q  1.39  1.39 Source soc.spimemio.xfer.dummy_count_SB_DFFESR_Q_D_SB_LUT4_O_LC.O
Info:    routing  1.76  3.15 Net soc.spimemio.xfer.dummy_count[3] (23,6) -> (22,5)
Info:                          Sink soc.spimemio.din_valid_SB_LUT4_I2_O_SB_LUT4_O_LC.I0
Info:                          Defined in:
Info:                               spimemio.v:417.12-417.23
Info:      logic  1.28  4.43 Source soc.spimemio.din_valid_SB_LUT4_I2_O_SB_LUT4_O_LC.O
Info:    routing  2.41  6.84 Net flash_io0_oe_SB_LUT4_O_I3[2] (22,5) -> (21,2)
Info:                          Sink soc.spimemio.xfer_io1_90_SB_DFFN_Q_D_SB_LUT4_O_I2_SB_LUT4_O_LC.I3
Info:                          Defined in:
Info:                               /home/ed667/oss-cad-suite/lib/../share/yosys/ice40/cells_map.v:6.21-6.22
Info:      logic  0.87  7.72 Source soc.spimemio.xfer_io1_90_SB_DFFN_Q_D_SB_LUT4_O_I2_SB_LUT4_O_LC.O
Info:    routing  1.76  9.48 Net soc.spimemio.xfer_io1_90_SB_DFFN_Q_D_SB_LUT4_O_I2[1] (21,2) -> (21,2)
Info:                          Sink soc.spimemio.xfer_io1_90_SB_DFFN_Q_D_SB_LUT4_O_LC.I2
Info:                          Defined in:
Info:                               /home/ed667/oss-cad-suite/lib/../share/yosys/ice40/cells_map.v:6.21-6.22
Info:      logic  1.21  10.68 Source soc.spimemio.xfer_io1_90_SB_DFFN_Q_D_SB_LUT4_O_LC.O
Info:    routing  1.76  12.44 Net soc.spimemio.xfer_io1_90_SB_DFFN_Q_D[2] (21,2) -> (21,1)
Info:                          Sink soc.spimemio.xfer_io1_90_SB_LUT4_I2_LC.I3
Info:                          Defined in:
Info:                               /home/ed667/oss-cad-suite/lib/../share/yosys/ice40/cells_map.v:6.21-6.22
Info:      logic  0.87  13.32 Source soc.spimemio.xfer_io1_90_SB_LUT4_I2_LC.O
Info:    routing  1.76  15.08 Net flash_io1_do_SB_LUT4_O_I3[2] (21,1) -> (21,1)
Info:                          Sink flash_io1_do_SB_LUT4_O_LC.I3
Info:                          Defined in:
Info:                               /home/ed667/oss-cad-suite/lib/../share/yosys/ice40/cells_map.v:6.21-6.22
Info:      logic  0.87  15.95 Source flash_io1_do_SB_LUT4_O_LC.O
Info:    routing  2.95  18.91 Net flash_io1_do (21,1) -> (23,0)
Info:                          Sink flash_io_buf[1].D_OUT_0
Info:                          Defined in:
Info:                               spimemio.v:37.9-37.21
Info: 6.50 ns logic, 12.40 ns routing

Info: Critical path report for cross-domain path 'negedge clk' -> '<async>':
Info:       type curr  total name
Info:   clk-to-q  1.39  1.39 Source soc.spimemio.xfer_io1_90_SB_DFFN_Q_DFFLC.O
Info:    routing  1.76  3.15 Net soc.spimemio.xfer_io1_90 (21,1) -> (21,1)
Info:                          Sink soc.spimemio.xfer_io1_90_SB_LUT4_I2_LC.I2
Info:                          Defined in:
Info:                               /home/ed667/oss-cad-suite/lib/../share/yosys/ice40/cells_map.v:6.21-6.22
Info:      logic  1.21  4.36 Source soc.spimemio.xfer_io1_90_SB_LUT4_I2_LC.O
Info:    routing  1.76  6.12 Net flash_io1_do_SB_LUT4_O_I3[2] (21,1) -> (21,1)
Info:                          Sink flash_io1_do_SB_LUT4_O_LC.I3
Info:                          Defined in:
Info:                               /home/ed667/oss-cad-suite/lib/../share/yosys/ice40/cells_map.v:6.21-6.22
Info:      logic  0.87  6.99 Source flash_io1_do_SB_LUT4_O_LC.O
Info:    routing  2.95  9.94 Net flash_io1_do (21,1) -> (23,0)
Info:                          Sink flash_io_buf[1].D_OUT_0
Info:                          Defined in:
Info:                               spimemio.v:37.9-37.21
Info: 3.47 ns logic, 6.47 ns routing

Info: Max frequency for clock 'clk': 16.20 MHz (PASS at 12.00 MHz)

Info: Max delay <async>     -> posedge clk: 38.08 ns
Info: Max delay posedge clk -> <async>    : 18.91 ns
Info: Max delay negedge clk -> <async>    : 9.94 ns

Info: Slack histogram:
Info:  legend: * represents 23 endpoint(s)
Info:          + represents [1,23) endpoint(s)
Info: [ 21623,  24546) |+
Info: [ 24546,  27469) |*+
Info: [ 27469,  30392) |+
Info: [ 30392,  33315) |**+
Info: [ 33315,  36238) |*+
Info: [ 36238,  39161) |*+
Info: [ 39161,  42084) |*********+
Info: [ 42084,  45007) |***+
Info: [ 45007,  47930) |**********+
Info: [ 47930,  50853) |******+
Info: [ 50853,  53776) |****+
Info: [ 53776,  56699) |*******+
Info: [ 56699,  59622) |****+
Info: [ 59622,  62545) |***************+
Info: [ 62545,  65468) |****************+
Info: [ 65468,  68391) |*********************************+
Info: [ 68391,  71314) |******************************************************+
Info: [ 71314,  74237) |**********************+
Info: [ 74237,  77160) |*********************************************+
Info: [ 77160,  80083) |************************************************************ 

Info: Program finished normally.
