COMMAND: nextpnr-ice40 --up5k --package sg48 --json design.json --pcf icebreaker.pcf --asc design.asc --pcf-allow-unconstrained

STDOUT:


STDERR:
Info: constrained 'clk_in' to bel 'X12/Y31/io1'
Info: constrained 'ser_rx' to bel 'X13/Y0/io1'
Info: constrained 'ser_tx' to bel 'X15/Y0/io0'
Info: constrained 'flash_clk' to bel 'X24/Y0/io0'
Info: constrained 'flash_csb' to bel 'X24/Y0/io1'
Info: constrained 'flash_io0' to bel 'X23/Y0/io0'
Info: constrained 'flash_io1' to bel 'X23/Y0/io1'
Info: constrained 'flash_io2' to bel 'X18/Y0/io0'
Info: constrained 'flash_io3' to bel 'X19/Y0/io0'
Info: constrained 'P1A1' to bel 'X9/Y0/io0'
Info: constrained 'P1A2' to bel 'X8/Y0/io0'
Info: constrained 'P1A3' to bel 'X6/Y0/io0'
Info: constrained 'P1A4' to bel 'X7/Y0/io1'
Info: constrained 'P1A7' to bel 'X9/Y0/io1'
Info: constrained 'P1A8' to bel 'X7/Y0/io0'
Info: constrained 'P1A9' to bel 'X5/Y0/io0'
Info: constrained 'P1A10' to bel 'X6/Y0/io1'
Info: constrained 'led1' to bel 'X18/Y31/io0'
Info: constrained 'led2' to bel 'X18/Y31/io1'
Info: constrained 'led3' to bel 'X19/Y31/io1'
Info: constrained 'led4' to bel 'X19/Y31/io0'
Info: constrained 'led5' to bel 'X18/Y0/io1'
Info: constrained 'ledr_n' to bel 'X17/Y0/io0'
Info: constrained 'ledg_n' to bel 'X13/Y31/io0'

Info: Packing constants..
Info: Packing IOs..
Info: flash_io3 feeds SB_IO flash_io_buf[3], removing $nextpnr_iobuf flash_io3.
Info: flash_io2 feeds SB_IO flash_io_buf[2], removing $nextpnr_iobuf flash_io2.
Info: flash_io1 feeds SB_IO flash_io_buf[1], removing $nextpnr_iobuf flash_io1.
Info: flash_io0 feeds SB_IO flash_io_buf[0], removing $nextpnr_iobuf flash_io0.
Info: Packing LUT-FFs..
Info:     3076 LCs used as LUT4 only
Info:     1087 LCs used as LUT4 and DFF
Info: Packing non-LUT FFs..
Info:      600 LCs used as DFF only
Info: Packing carries..
Info:      158 LCs used as CARRY only
Info: Packing indirect carry+LUT pairs...
Info:       67 LUTs merged into carry LCs
Info: Packing RAMs..
Info: Placing PLLs..
Info:   constrained PLL 'pll' to X12/Y31/pll_3
Info: Packing special functions..
Info: Packing PLLs..
Info:   PLL 'pll' has LOCK output, need to pass all outputs via LUT
Info:   constrained 'pll_locked_SB_LUT4_I0_LC' to X1/Y30/lc0
Info: Promoting globals..
Info: promoting iomem_ready_SB_LUT4_I2_O_SB_LUT4_I2_O[1] [reset] (fanout 549)
Info: promoting soc.cpu.genblk1.genblk1.pcpi_mul.mul_counter_SB_DFFE_Q_D_SB_LUT4_O_I3[0] [reset] (fanout 85)
Info: promoting soc.cpu.genblk2.pcpi_div.dq_SB_DFFE_Q_10_D_SB_LUT4_O_I3[1] [reset] (fanout 38)
Info: promoting soc.simpleuart.recv_buf_valid_SB_LUT4_I0_I3_SB_LUT4_O_I3_SB_LUT4_O_I3_SB_CARRY_CO_I1_SB_CARRY_I1_CO_SB_LUT4_I3_O [reset] (fanout 32)
Info: promoting resetn [cen] (fanout 215)
Info: promoting soc.gen_icache.icache_inst.state_SB_DFF_Q_1_D_SB_LUT4_O_I3_SB_LUT4_I3_1_O [cen] (fanout 128)
Info: promoting soc.cpu.genblk2.pcpi_div.running_SB_DFFSR_Q_D_SB_LUT4_I3_O [cen] (fanout 70)
Info: Constraining chains...
Info:       56 LCs used to legalise carry chains.
Info: Checksum: 0x90de9e83

Info: Device utilisation:
Info: 	         ICESTORM_LC:    4912/   5280    93%
Info: 	        ICESTORM_RAM:      22/     30    73%
Info: 	               SB_IO:      24/     96    25%
Info: 	               SB_GB:       8/      8   100%
Info: 	        ICESTORM_PLL:       1/      1   100%
Info: 	         SB_WARMBOOT:       0/      1     0%
Info: 	        ICESTORM_DSP:       0/      8     0%
Info: 	      ICESTORM_HFOSC:       0/      1     0%
Info: 	      ICESTORM_LFOSC:       0/      1     0%
Info: 	              SB_I2C:       0/      2     0%
Info: 	              SB_SPI:       0/      2     0%
Info: 	              IO_I3C:       0/      2     0%
Info: 	         SB_LEDDA_IP:       0/      1     0%
Info: 	         SB_RGBA_DRV:       0/      1     0%
Info: 	      ICESTORM_SPRAM:       4/      4   100%

Info: Placed 26 cells based on constraints.
Info: Creating initial analytic placement for 4188 cells, random placement wirelen = 121853.
Info:     at initial placer iter 0, wirelen = 2292
Info:     at initial placer iter 1, wirelen = 2453
Info:     at initial placer iter 2, wirelen = 1968
Info:     at initial placer iter 3, wirelen = 1984
Info: Running main analytical placer, max placement attempts per cell = 3088855.
Info:     at iteration #1, type ALL: wirelen solved = 1970, spread = 44222, legal = 49951; time = 0.28s
Info:     at iteration #2, type ALL: wirelen solved = 2805, spread = 36400, legal = 44096; time = 0.21s
Info:     at iteration #3, type ALL: wirelen solved = 4017, spread = 35834, legal = 42739; time = 0.16s
Info:     at iteration #4, type ALL: wirelen solved = 5761, spread = 33010, legal = 39726; time = 0.23s
Info:     at iteration #5, type ALL: wirelen solved = 7177, spread = 30804, legal = 37158; time = 0.22s
Info:     at iteration #6, type ALL: wirelen solved = 8616, spread = 28658, legal = 34824; time = 0.18s
Info:     at iteration #7, type ALL: wirelen solved = 9519, spread = 27502, legal = 34797; time = 0.17s
Info:     at iteration #8, type ALL: wirelen solved = 10128, spread = 26682, legal = 33830; time = 0.21s
Info:     at iteration #9, type ALL: wirelen solved = 11403, spread = 26025, legal = 30450; time = 0.16s
Info:     at iteration #10, type ALL: wirelen solved = 12363, spread = 25161, legal = 32268; time = 0.16s
Info:     at iteration #11, type ALL: wirelen solved = 12732, spread = 24528, legal = 32171; time = 0.18s
Info:     at iteration #12, type ALL: wirelen solved = 13474, spread = 24502, legal = 31998; time = 0.21s
Info:     at iteration #13, type ALL: wirelen solved = 14058, spread = 24771, legal = 31610; time = 0.15s
Info:     at iteration #14, type ALL: wirelen solved = 14507, spread = 24560, legal = 31370; time = 0.12s
Info: HeAP Placer Time: 3.49s
Info:   of which solving equations: 1.63s
Info:   of which spreading cells: 0.20s
Info:   of which strict legalisation: 1.11s

Info: Running simulated annealing placer for refinement.
Info:   at iteration #1: temp = 0.000000, timing cost = 1635, wirelen = 30450
Info:   at iteration #5: temp = 0.000000, timing cost = 1990, wirelen = 26203
Info:   at iteration #10: temp = 0.000000, timing cost = 2035, wirelen = 25122
Info:   at iteration #15: temp = 0.000000, timing cost = 1970, wirelen = 24453
Info:   at iteration #20: temp = 0.000000, timing cost = 1937, wirelen = 24104
Info:   at iteration #25: temp = 0.000000, timing cost = 1925, wirelen = 24040
Info:   at iteration #30: temp = 0.000000, timing cost = 1923, wirelen = 24007
Info:   at iteration #35: temp = 0.000000, timing cost = 1924, wirelen = 23973
Info:   at iteration #35: temp = 0.000000, timing cost = 1923, wirelen = 23973 
Info: SA placement time 7.14s

Info: Max frequency for clock 'clk': 16.78 MHz (PASS at 12.00 MHz)

Info: Max delay <async>     -> posedge clk: 38.90 ns
Info: Max delay posedge clk -> <async>    : 18.77 ns
Info: Max delay negedge clk -> <async>    : 9.90 ns

Info: Slack histogram:
Info:  legend: * represents 27 endpoint(s)
Info:          + represents [1,27) endpoint(s)
Info: [ 23751,  26581) |+
Info: [ 26581,  29411) |*+
Info: [ 29411,  32241) |*+
Info: [ 32241,  35071) |*+
Info: [ 35071,  37901) |******+
Info: [ 37901,  40731) |*+
Info: [ 40731,  43561) |**+
Info: [ 43561,  46391) |*****+
Info: [ 46391,  49221) |******+
Info: [ 49221,  52051) |****+
Info: [ 52051,  54881) |******+
Info: [ 54881,  57711) |****+
Info: [ 57711,  60541) |********+
Info: [ 60541,  63371) |********+
Info: [ 63371,  66201) |*******************************+
Info: [ 66201,  69031) |*******************************+
Info: [ 69031,  71861) |************************+
Info: [ 71861,  74691) |*******************+
Info: [ 74691,  77521) |*******************************+
Info: [ 77521,  80351) |************************************************************ 
Info: Checksum: 0xa679d44e

Info: Routing..
Info: Setting up routing queue.
Info: Routing 16953 arcs.
Info:            |   (re-)routed arcs  |   delta    | remaining|       time spent     |
Info:    IterCnt |  w/ripup   wo/ripup |  w/r  wo/r |      arcs| batch(sec) total(sec)|
Info:       1000 |       73        926 |   73   926 |     16041|       0.46       0.46|
Info:       2000 |      159       1840 |   86   914 |     15164|       0.31       0.76|
Info:       3000 |      248       2738 |   89   898 |     14294|       0.19       0.95|
Info:       4000 |      555       3431 |  307   693 |     13681|       0.19       1.14|
Info:       5000 |      847       4133 |  292   702 |     13063|       0.20       1.34|
Info:       6000 |     1155       4825 |  308   692 |     12444|       0.20       1.54|
Info:       7000 |     1467       5513 |  312   688 |     11888|       0.35       1.89|
Info:       8000 |     1743       6210 |  276   697 |     11253|       0.26       2.15|
Info:       9000 |     2120       6832 |  377   622 |     10911|       0.38       2.54|
Info:      10000 |     2449       7451 |  329   619 |     10455|       0.30       2.83|
Info:      11000 |     2860       8037 |  411   586 |     10087|       0.44       3.28|
Info:      12000 |     3270       8623 |  410   586 |      9835|       0.48       3.76|
Info:      13000 |     3723       9142 |  453   519 |      9617|       0.41       4.17|
Info:      14000 |     4150       9685 |  427   543 |      9359|       0.37       4.53|
Info:      15000 |     4585      10223 |  435   538 |      9102|       0.37       4.91|
Info:      16000 |     5059      10720 |  474   497 |      8875|       0.35       5.26|
Info:      17000 |     5501      11254 |  442   534 |      8692|       0.42       5.68|
Info:      18000 |     5973      11781 |  472   527 |      8542|       0.37       6.05|
Info:      19000 |     6490      12237 |  517   456 |      8379|       0.41       6.46|
Info:      20000 |     6952      12770 |  462   533 |      8174|       0.33       6.79|
Info:      21000 |     7465      13257 |  513   487 |      8130|       0.42       7.20|
Info:      22000 |     7954      13741 |  489   484 |      7851|       0.33       7.53|
Info:      23000 |     8467      14207 |  513   466 |      7725|       0.36       7.89|
Info:      24000 |     8966      14674 |  499   467 |      7509|       0.50       8.40|
Info:      25000 |     9435      15180 |  469   506 |      7318|       0.31       8.70|
Info:      26000 |     9976      15612 |  541   432 |      7182|       0.34       9.05|
Info:      27000 |    10427      16130 |  451   518 |      6938|       0.32       9.37|
Info:      28000 |    10977      16557 |  550   427 |      6756|       0.39       9.77|
Info:      29000 |    11472      17030 |  495   473 |      6446|       0.39      10.16|
Info:      30000 |    11979      17523 |  507   493 |      6327|       0.43      10.59|
Info:      31000 |    12490      18010 |  511   487 |      6145|       0.32      10.91|
Info:      32000 |    13024      18475 |  534   465 |      6020|       0.45      11.36|
Info:      33000 |    13521      18978 |  497   503 |      5843|       0.41      11.76|
Info:      34000 |    14122      19377 |  601   399 |      5717|       0.45      12.21|
Info:      35000 |    14634      19865 |  512   488 |      5591|       0.40      12.61|
Info:      36000 |    15122      20377 |  488   512 |      5361|       0.44      13.05|
Info:      37000 |    15666      20833 |  544   456 |      5292|       0.44      13.49|
Info:      38000 |    16261      21235 |  595   402 |      5229|       0.41      13.89|
Info:      39000 |    16669      21812 |  408   577 |      4950|       0.35      14.24|
Info:      40000 |    17232      22246 |  563   434 |      4803|       0.52      14.76|
Info:      41000 |    17807      22671 |  575   425 |      4752|       0.58      15.34|
Info:      42000 |    18398      23053 |  591   382 |      4626|       0.52      15.86|
Info:      43000 |    18965      23486 |  567   433 |      4492|       0.40      16.26|
Info:      44000 |    19542      23909 |  577   423 |      4380|       0.55      16.80|
Info:      45000 |    20094      24330 |  552   421 |      4225|       0.48      17.28|
Info:      46000 |    20687      24737 |  593   407 |      4140|       0.39      17.67|
Info:      47000 |    21278      25146 |  591   409 |      4086|       0.47      18.14|
Info:      48000 |    21855      25569 |  577   423 |      4042|       0.53      18.67|
Info:      49000 |    22391      26033 |  536   464 |      3916|       0.52      19.19|
Info:      50000 |    22923      26501 |  532   468 |      3821|       0.41      19.60|
Info:      51000 |    23504      26920 |  581   419 |      3712|       0.52      20.12|
Info:      52000 |    24110      27312 |  606   392 |      3602|       0.45      20.57|
Info:      53000 |    24690      27732 |  580   420 |      3542|       1.43      21.99|
Info:      54000 |    25296      28126 |  606   394 |      3501|       0.56      22.55|
Info:      55000 |    25872      28545 |  576   419 |      3384|       0.47      23.02|
Info:      56000 |    26446      28965 |  574   420 |      3258|       0.56      23.58|
Info:      57000 |    26988      29414 |  542   449 |      3116|       0.56      24.14|
Info:      58000 |    27578      29816 |  590   402 |      2977|       0.43      24.57|
Info:      59000 |    28185      30209 |  607   393 |      2919|       0.49      25.06|
Info:      60000 |    28763      30629 |  578   420 |      2831|       0.37      25.44|
Info:      61000 |    29419      30973 |  656   344 |      2830|       0.49      25.93|
Info:      62000 |    30051      31341 |  632   368 |      2756|       0.47      26.40|
Info:      63000 |    30689      31703 |  638   362 |      2728|       0.55      26.95|
Info:      64000 |    31266      32125 |  577   422 |      2602|       0.47      27.42|
Info:      65000 |    31900      32491 |  634   366 |      2585|       0.62      28.03|
Info:      66000 |    32531      32860 |  631   369 |      2615|       0.72      28.75|
Info:      67000 |    33108      33283 |  577   423 |      2563|       0.54      29.29|
Info:      68000 |    33715      33673 |  607   390 |      2497|       0.52      29.81|
Info:      69000 |    34354      34034 |  639   361 |      2541|       0.56      30.37|
Info:      70000 |    34929      34457 |  575   423 |      2402|       0.63      31.00|
Info:      71000 |    35502      34884 |  573   427 |      2320|       0.51      31.51|
Info:      72000 |    36106      35278 |  604   394 |      2287|       0.60      32.11|
Info:      73000 |    36761      35623 |  655   345 |      2274|       0.61      32.72|
Info:      74000 |    37382      35998 |  621   375 |      2212|       0.50      33.22|
Info:      75000 |    37945      36430 |  563   432 |      2139|       0.43      33.66|
Info:      76000 |    38462      36911 |  517   481 |      1881|       0.46      34.12|
Info:      77000 |    39031      37342 |  569   431 |      1774|       0.47      34.59|
Info:      78000 |    39624      37749 |  593   407 |      1695|       0.76      35.35|
Info:      79000 |    40126      38229 |  502   480 |      1397|       0.36      35.72|
Info:      80000 |    40485      38870 |  359   641 |       915|       0.21      35.92|
Info:      81000 |    40834      39521 |  349   651 |       507|       0.49      36.41|
Info:      82000 |    41306      40049 |  472   528 |       299|       0.82      37.24|
Info:      82888 |    41673      40571 |  367   522 |         0|       0.48      37.71|
Info: Routing complete.
Info: Router1 time 37.71s
Info: Checksum: 0xf68180a6

Info: Critical path report for clock 'clk' (posedge -> posedge):
Info:       type curr  total name
Info:   clk-to-q  1.39  1.39 Source soc.cpu.mem_do_prefetch_SB_DFFESR_Q_D_SB_LUT4_O_LC.O
Info:    routing  1.76  3.15 Net soc.cpu.alu_out_0_q_SB_LUT4_I2_1_O_SB_LUT4_O_I3[0] (16,27) -> (16,27)
Info:                          Sink soc.cpu.mem_do_rinst_SB_LUT4_I3_LC.I2
Info:                          Defined in:
Info:                               picorv32.v:355.6-355.21
Info:      logic  1.21  4.36 Source soc.cpu.mem_do_rinst_SB_LUT4_I3_LC.O
Info:    routing  1.76  6.12 Net soc.ram_ready_SB_LUT4_I0_I1_SB_LUT4_I1_O_SB_LUT4_O_I3[1] (16,27) -> (17,28)
Info:                          Sink pll_locked_SB_LUT4_I0_O_SB_LUT4_O_LC.I3
Info:                          Defined in:
Info:                               /home/ed667/oss-cad-suite/lib/../share/yosys/ice40/cells_map.v:6.21-6.22
Info:      logic  0.87  6.99 Source pll_locked_SB_LUT4_I0_O_SB_LUT4_O_LC.O
Info:    routing  4.58  11.57 Net pll_locked_SB_LUT4_I0_O[2] (17,28) -> (2,29)
Info:                          Sink soc.cpu.mem_la_read_SB_LUT4_O_LC.I3
Info:                          Defined in:
Info:                               /home/ed667/oss-cad-suite/lib/../share/yosys/ice40/cells_map.v:6.21-6.22
Info:      logic  0.87  12.45 Source soc.cpu.mem_la_read_SB_LUT4_O_LC.O
Info:    routing  4.58  17.03 Net soc.cpu_mem_la_read (2,29) -> (16,27)
Info:                          Sink soc.cpu.mem_addr_SB_DFFE_Q_4_D_SB_LUT4_I0_LC.I3
Info:                          Defined in:
Info:                               icache.v:1087.19-1087.34
Info:      logic  0.87  17.90 Source soc.cpu.mem_addr_SB_DFFE_Q_4_D_SB_LUT4_I0_LC.O
Info:    routing  1.76  19.66 Net soc.ram_ready_SB_LUT4_I0_I1_SB_LUT4_I1_O_SB_LUT4_O_1_I0[3] (16,27) -> (17,26)
Info:                          Sink soc.ram_ready_SB_LUT4_I0_I1_SB_LUT4_I1_O_SB_LUT4_O_1_LC.I3
Info:                          Defined in:
Info:                               /home/ed667/oss-cad-suite/lib/../share/yosys/ice40/cells_map.v:6.21-6.22
Info:      logic  0.87  20.54 Source soc.ram_ready_SB_LUT4_I0_I1_SB_LUT4_I1_O_SB_LUT4_O_1_LC.O
Info:    routing  4.35  24.89 Net soc.ram_ready_SB_LUT4_I0_I1_SB_LUT4_I1_O[3] (17,26) -> (17,13)
Info:                          Sink soc.memory.cs_0_SB_LUT4_O_LC.I3
Info:                          Defined in:
Info:                               /home/ed667/oss-cad-suite/lib/../share/yosys/ice40/cells_map.v:6.21-6.22
Info:      logic  0.87  25.76 Source soc.memory.cs_0_SB_LUT4_O_LC.O
Info:    routing  3.06  28.82 Net soc.ram_ready_SB_LUT4_I0_O[3] (17,13) -> (16,8)
Info:                          Sink soc.gen_icache.icache_inst.miss_rdata_SB_DFFESR_Q_26_D_SB_LUT4_O_I0_SB_LUT4_O_2_LC.I3
Info:                          Defined in:
Info:                               /home/ed667/oss-cad-suite/lib/../share/yosys/ice40/cells_map.v:6.21-6.22
Info:      logic  0.87  29.69 Source soc.gen_icache.icache_inst.miss_rdata_SB_DFFESR_Q_26_D_SB_LUT4_O_I0_SB_LUT4_O_2_LC.O
Info:    routing  1.76  31.45 Net soc.gen_icache.icache_inst.miss_rdata_SB_DFFESR_Q_26_D_SB_LUT4_O_I0[2] (16,8) -> (16,8)
Info:                          Sink soc.gen_icache.icache_inst.miss_rdata_SB_DFFESR_Q_26_D_SB_LUT4_O_LC.I2
Info:                          Defined in:
Info:                               /home/ed667/oss-cad-suite/lib/../share/yosys/ice40/cells_map.v:6.21-6.22
Info:      logic  1.21  32.66 Source soc.gen_icache.icache_inst.miss_rdata_SB_DFFESR_Q_26_D_SB_LUT4_O_LC.O
Info:    routing  4.22  36.88 Net soc.gen_icache.icache_inst.miss_rdata_SB_DFFESR_Q_26_D[3] (16,8) -> (18,18)
Info:                          Sink soc.gen_icache.icache_inst.data_array.0.2_RDATA_SB_LUT4_I0_O_SB_LUT4_O_LC.I3
Info:                          Defined in:
Info:                               /home/ed667/oss-cad-suite/lib/../share/yosys/ice40/cells_map.v:6.21-6.22
Info:      logic  0.87  37.76 Source soc.gen_icache.icache_inst.data_array.0.2_RDATA_SB_LUT4_I0_O_SB_LUT4_O_LC.O
Info:    routing  2.95  40.71 Net soc.gen_icache.icache_inst.data_array.0.2_RDATA_SB_LUT4_I0_O[3] (18,18) -> (18,22)
Info:                          Sink soc.gen_icache.icache_inst.data_array.0.2_RDATA_SB_LUT4_I0_O_SB_LUT4_I0_LC.I3
Info:                          Defined in:
Info:                               /home/ed667/oss-cad-suite/lib/../share/yosys/ice40/cells_map.v:6.21-6.22
Info:      logic  0.87  41.58 Source soc.gen_icache.icache_inst.data_array.0.2_RDATA_SB_LUT4_I0_O_SB_LUT4_I0_LC.O
Info:    routing  1.76  43.34 Net soc.cpu.mem_rdata_q_SB_DFFE_Q_25_D_SB_LUT4_I3_O_SB_LUT4_O_I2[1] (18,22) -> (18,23)
Info:                          Sink soc.cpu.mem_rdata_q_SB_DFFE_Q_25_D_SB_LUT4_I3_O_SB_LUT4_O_I2_SB_LUT4_I0_LC.I2
Info:                          Defined in:
Info:                               /home/ed667/oss-cad-suite/lib/../share/yosys/ice40/cells_map.v:6.21-6.22
Info:      logic  1.21  44.55 Source soc.cpu.mem_rdata_q_SB_DFFE_Q_25_D_SB_LUT4_I3_O_SB_LUT4_O_I2_SB_LUT4_I0_LC.O
Info:    routing  1.76  46.31 Net soc.cpu.instr_waitirq_SB_DFFE_Q_D_SB_LUT4_O_I3[1] (18,23) -> (17,23)
Info:                          Sink soc.cpu.decoded_rs1_SB_DFFESS_Q_D_SB_LUT4_O_I2_SB_LUT4_O_1_LC.I2
Info:                          Defined in:
Info:                               /home/ed667/oss-cad-suite/lib/../share/yosys/ice40/cells_map.v:6.21-6.22
Info:      logic  1.21  47.51 Source soc.cpu.decoded_rs1_SB_DFFESS_Q_D_SB_LUT4_O_I2_SB_LUT4_O_1_LC.O
Info:    routing  1.76  49.28 Net soc.cpu.decoded_rs1_SB_DFFESS_Q_D_SB_LUT4_O_I2[1] (17,23) -> (16,24)
Info:                          Sink soc.cpu.cpuregs.regs.1.0_RADDR_3_SB_LUT4_O_1_I1_SB_LUT4_I3_LC.I2
Info:                          Defined in:
Info:                               /home/ed667/oss-cad-suite/lib/../share/yosys/ice40/cells_map.v:6.21-6.22
Info:      logic  1.21  50.48 Source soc.cpu.cpuregs.regs.1.0_RADDR_3_SB_LUT4_O_1_I1_SB_LUT4_I3_LC.O
Info:    routing  1.76  52.24 Net soc.cpu.decoded_rs1_SB_DFFESR_Q_2_D_SB_LUT4_I3_O[1] (16,24) -> (15,25)
Info:                          Sink soc.cpu.cpuregs.regs.1.0_RDATA_1_SB_DFF_Q_D_SB_LUT4_O_I0_SB_LUT4_O_I3_SB_LUT4_O_LC.I3
Info:                          Defined in:
Info:                               /home/ed667/oss-cad-suite/lib/../share/yosys/ice40/cells_map.v:6.21-6.22
Info:      logic  0.87  53.12 Source soc.cpu.cpuregs.regs.1.0_RDATA_1_SB_DFF_Q_D_SB_LUT4_O_I0_SB_LUT4_O_I3_SB_LUT4_O_LC.O
Info:    routing  1.76  54.88 Net soc.cpu.cpuregs.regs.1.0_RDATA_1_SB_DFF_Q_D_SB_LUT4_O_I0_SB_LUT4_O_I3[3] (15,25) -> (15,24)
Info:                          Sink soc.cpu.cpuregs.regs.1.0_RDATA_1_SB_DFF_Q_D_SB_LUT4_O_I0_SB_LUT4_O_LC.I3
Info:                          Defined in:
Info:                               /home/ed667/oss-cad-suite/lib/../share/yosys/ice40/cells_map.v:6.21-6.22
Info:      logic  0.87  55.75 Source soc.cpu.cpuregs.regs.1.0_RDATA_1_SB_DFF_Q_D_SB_LUT4_O_I0_SB_LUT4_O_LC.O
Info:    routing  2.95  58.70 Net soc.cpu.cpuregs.regs.1.0_RDATA_1_SB_DFF_Q_D_SB_LUT4_O_I0[2] (15,24) -> (12,22)
Info:                          Sink soc.cpu.cpuregs.regs.1.0_RDATA_1_SB_DFF_Q_D_SB_LUT4_O_LC.I2
Info:                          Defined in:
Info:                               /home/ed667/oss-cad-suite/lib/../share/yosys/ice40/cells_map.v:6.21-6.22
Info:      setup  1.15  59.86 Source soc.cpu.cpuregs.regs.1.0_RDATA_1_SB_DFF_Q_D_SB_LUT4_O_LC.I2
Info: 17.31 ns logic, 42.55 ns routing

Info: Critical path report for cross-domain path '<async>' -> 'posedge clk':
Info:       type curr  total name
Info:     source  0.00  0.00 Source flash_io_buf[1].D_IN_0
Info:    routing  4.79  4.79 Net flash_io1_di (23,0) -> (20,9)
Info:                          Sink flash_io1_di_SB_LUT4_I1_LC.I1
Info:                          Defined in:
Info:                               picosoc.v:153.14-153.32
Info:      logic  1.23  6.02 Source flash_io1_di_SB_LUT4_I1_LC.O
Info:    routing  2.30  8.33 Net flash_io1_di_SB_LUT4_I1_O[2] (20,9) -> (18,9)
Info:                          Sink flash_io1_di_SB_LUT4_I1_O_SB_LUT4_I1_LC.I2
Info:                          Defined in:
Info:                               /home/ed667/oss-cad-suite/lib/../share/yosys/ice40/cells_map.v:6.21-6.22
Info:      logic  1.21  9.53 Source flash_io1_di_SB_LUT4_I1_O_SB_LUT4_I1_LC.O
Info:    routing  1.76  11.29 Net soc.gen_icache.icache_inst.data_array.0.0_RDATA_SB_LUT4_I0_O_SB_LUT4_I1_O_SB_LUT4_O_1_I0[3] (18,9) -> (18,10)
Info:                          Sink soc.gen_icache.icache_inst.data_array.0.0_RDATA_SB_LUT4_I0_O_SB_LUT4_I1_O_SB_LUT4_O_1_LC.I3
Info:                          Defined in:
Info:                               /home/ed667/oss-cad-suite/lib/../share/yosys/ice40/cells_map.v:6.21-6.22
Info:      logic  0.87  12.17 Source soc.gen_icache.icache_inst.data_array.0.0_RDATA_SB_LUT4_I0_O_SB_LUT4_I1_O_SB_LUT4_O_1_LC.O
Info:    routing  3.60  15.77 Net soc.gen_icache.icache_inst.data_array.0.0_RDATA_SB_LUT4_I0_O_SB_LUT4_I1_O[3] (18,10) -> (20,18)
Info:                          Sink soc.gen_icache.icache_inst.data_array.0.0_RDATA_SB_LUT4_I0_O_SB_LUT4_I1_O_SB_LUT4_I1_LC.I3
Info:                          Defined in:
Info:                               /home/ed667/oss-cad-suite/lib/../share/yosys/ice40/cells_map.v:6.21-6.22
Info:      logic  0.87  16.64 Source soc.gen_icache.icache_inst.data_array.0.0_RDATA_SB_LUT4_I0_O_SB_LUT4_I1_O_SB_LUT4_I1_LC.O
Info:    routing  3.60  20.24 Net soc.cpu.mem_rdata_q_SB_DFFE_Q_30_D[2] (20,18) -> (18,23)
Info:                          Sink soc.cpu.mem_rdata_q_SB_DFFE_Q_29_D_SB_LUT4_I3_O_SB_LUT4_O_1_LC.I2
Info:                          Defined in:
Info:                               /home/ed667/oss-cad-suite/lib/../share/yosys/ice40/cells_map.v:6.21-6.22
Info:      logic  1.21  21.44 Source soc.cpu.mem_rdata_q_SB_DFFE_Q_29_D_SB_LUT4_I3_O_SB_LUT4_O_1_LC.O
Info:    routing  1.76  23.21 Net soc.cpu.mem_rdata_q_SB_DFFE_Q_29_D_SB_LUT4_I3_O[1] (18,23) -> (18,23)
Info:                          Sink soc.cpu.mem_rdata_q_SB_DFFE_Q_29_D_SB_LUT4_I3_O_SB_LUT4_O_I2_SB_LUT4_I0_LC.I3
Info:                          Defined in:
Info:                               /home/ed667/oss-cad-suite/lib/../share/yosys/ice40/cells_map.v:6.21-6.22
Info:      logic  0.87  24.08 Source soc.cpu.mem_rdata_q_SB_DFFE_Q_29_D_SB_LUT4_I3_O_SB_LUT4_O_I2_SB_LUT4_I0_LC.O
Info:    routing  1.76  25.84 Net soc.cpu.instr_waitirq_SB_DFFE_Q_D_SB_LUT4_O_I3[0] (18,23) -> (17,23)
Info:                          Sink soc.cpu.decoded_rs1_SB_DFFESS_Q_D_SB_LUT4_O_I2_SB_LUT4_O_1_LC.I1
Info:                          Defined in:
Info:                               /home/ed667/oss-cad-suite/lib/../share/yosys/ice40/cells_map.v:6.21-6.22
Info:      logic  1.23  27.07 Source soc.cpu.decoded_rs1_SB_DFFESS_Q_D_SB_LUT4_O_I2_SB_LUT4_O_1_LC.O
Info:    routing  1.76  28.83 Net soc.cpu.decoded_rs1_SB_DFFESS_Q_D_SB_LUT4_O_I2[1] (17,23) -> (16,24)
Info:                          Sink soc.cpu.cpuregs.regs.1.0_RADDR_3_SB_LUT4_O_1_I1_SB_LUT4_I3_LC.I2
Info:                          Defined in:
Info:                               /home/ed667/oss-cad-suite/lib/../share/yosys/ice40/cells_map.v:6.21-6.22
Info:      logic  1.21  30.04 Source soc.cpu.cpuregs.regs.1.0_RADDR_3_SB_LUT4_O_1_I1_SB_LUT4_I3_LC.O
Info:    routing  1.76  31.80 Net soc.cpu.decoded_rs1_SB_DFFESR_Q_2_D_SB_LUT4_I3_O[1] (16,24) -> (15,25)
Info:                          Sink soc.cpu.cpuregs.regs.1.0_RDATA_1_SB_DFF_Q_D_SB_LUT4_O_I0_SB_LUT4_O_I3_SB_LUT4_O_LC.I3
Info:                          Defined in:
Info:                               /home/ed667/oss-cad-suite/lib/../share/yosys/ice40/cells_map.v:6.21-6.22
Info:      logic  0.87  32.67 Source soc.cpu.cpuregs.regs.1.0_RDATA_1_SB_DFF_Q_D_SB_LUT4_O_I0_SB_LUT4_O_I3_SB_LUT4_O_LC.O
Info:    routing  1.76  34.43 Net soc.cpu.cpuregs.regs.1.0_RDATA_1_SB_DFF_Q_D_SB_LUT4_O_I0_SB_LUT4_O_I3[3] (15,25) -> (15,24)
Info:                          Sink soc.cpu.cpuregs.regs.1.0_RDATA_1_SB_DFF_Q_D_SB_LUT4_O_I0_SB_LUT4_O_LC.I3
Info:                          Defined in:
Info:                               /home/ed667/oss-cad-suite/lib/../share/yosys/ice40/cells_map.v:6.21-6.22
Info:      logic  0.87  35.31 Source soc.cpu.cpuregs.regs.1.0_RDATA_1_SB_DFF_Q_D_SB_LUT4_O_I0_SB_LUT4_O_LC.O
Info:    routing  2.95  38.26 Net soc.cpu.cpuregs.regs.1.0_RDATA_1_SB_DFF_Q_D_SB_LUT4_O_I0[2] (15,24) -> (12,22)
Info:                          Sink soc.cpu.cpuregs.regs.1.0_RDATA_1_SB_DFF_Q_D_SB_LUT4_O_LC.I2
Info:                          Defined in:
Info:                               /home/ed667/oss-cad-suite/lib/../share/yosys/ice40/cells_map.v:6.21-6.22
Info:      setup  1.15  39.42 Source soc.cpu.cpuregs.regs.1.0_RDATA_1_SB_DFF_Q_D_SB_LUT4_O_LC.I2
Info: 11.60 ns logic, 27.81 ns routing

Info: Critical path report for cross-domain path 'posedge clk' -> '<async>':
Info:       type curr  total name
Info:   clk-to-q  1.39  1.39 Source soc.spimemio.xfer.dummy_count_SB_DFFESR_Q_D_SB_LUT4_O_LC.O
Info:    routing  1.76  3.15 Net soc.spimemio.xfer.dummy_count[3] (24,6) -> (23,5)
Info:                          Sink soc.spimemio.xfer.dummy_count_SB_LUT4_I0_LC.I0
Info:                          Defined in:
Info:                               spimemio.v:417.12-417.23
Info:      logic  1.28  4.43 Source soc.spimemio.xfer.dummy_count_SB_LUT4_I0_LC.O
Info:    routing  2.41  6.84 Net flash_io0_oe_SB_LUT4_O_I2[2] (23,5) -> (23,3)
Info:                          Sink flash_io3_oe_SB_LUT4_O_I3_SB_LUT4_O_LC.I3
Info:                          Defined in:
Info:                               /home/ed667/oss-cad-suite/lib/../share/yosys/ice40/cells_map.v:6.21-6.22
Info:      logic  0.87  7.72 Source flash_io3_oe_SB_LUT4_O_I3_SB_LUT4_O_LC.O
Info:    routing  1.76  9.48 Net flash_io3_oe_SB_LUT4_O_I3[3] (23,3) -> (22,2)
Info:                          Sink soc.spimemio.xfer_io3_90_SB_DFFN_Q_D_SB_LUT4_O_LC.I3
Info:                          Defined in:
Info:                               /home/ed667/oss-cad-suite/lib/../share/yosys/ice40/cells_map.v:6.21-6.22
Info:      logic  0.87  10.35 Source soc.spimemio.xfer_io3_90_SB_DFFN_Q_D_SB_LUT4_O_LC.O
Info:    routing  1.76  12.11 Net soc.spimemio.xfer_io3_90_SB_DFFN_Q_D[2] (22,2) -> (21,1)
Info:                          Sink soc.spimemio.xfer_io3_90_SB_LUT4_I2_LC.I3
Info:                          Defined in:
Info:                               /home/ed667/oss-cad-suite/lib/../share/yosys/ice40/cells_map.v:6.21-6.22
Info:      logic  0.87  12.99 Source soc.spimemio.xfer_io3_90_SB_LUT4_I2_LC.O
Info:    routing  1.76  14.75 Net flash_io3_do_SB_LUT4_O_I3[2] (21,1) -> (21,1)
Info:                          Sink flash_io3_do_SB_LUT4_O_LC.I3
Info:                          Defined in:
Info:                               /home/ed667/oss-cad-suite/lib/../share/yosys/ice40/cells_map.v:6.21-6.22
Info:      logic  0.87  15.62 Source flash_io3_do_SB_LUT4_O_LC.O
Info:    routing  3.06  18.68 Net flash_io3_do (21,1) -> (19,0)
Info:                          Sink flash_io_buf[3].D_OUT_0
Info:                          Defined in:
Info:                               spimemio.v:39.9-39.21
Info: 6.17 ns logic, 12.51 ns routing

Info: Critical path report for cross-domain path 'negedge clk' -> '<async>':
Info:       type curr  total name
Info:   clk-to-q  1.39  1.39 Source soc.spimemio.xfer_io3_90_SB_DFFN_Q_DFFLC.O
Info:    routing  1.76  3.15 Net soc.spimemio.xfer_io3_90 (22,1) -> (21,1)
Info:                          Sink soc.spimemio.xfer_io3_90_SB_LUT4_I2_LC.I2
Info:                          Defined in:
Info:                               /home/ed667/oss-cad-suite/lib/../share/yosys/ice40/cells_map.v:6.21-6.22
Info:      logic  1.21  4.36 Source soc.spimemio.xfer_io3_90_SB_LUT4_I2_LC.O
Info:    routing  1.76  6.12 Net flash_io3_do_SB_LUT4_O_I3[2] (21,1) -> (21,1)
Info:                          Sink flash_io3_do_SB_LUT4_O_LC.I3
Info:                          Defined in:
Info:                               /home/ed667/oss-cad-suite/lib/../share/yosys/ice40/cells_map.v:6.21-6.22
Info:      logic  0.87  6.99 Source flash_io3_do_SB_LUT4_O_LC.O
Info:    routing  3.06  10.05 Net flash_io3_do (21,1) -> (19,0)
Info:                          Sink flash_io_buf[3].D_OUT_0
Info:                          Defined in:
Info:                               spimemio.v:39.9-39.21
Info: 3.47 ns logic, 6.58 ns routing

Info: Max frequency for clock 'clk': 16.71 MHz (PASS at 12.00 MHz)

Info: Max delay <async>     -> posedge clk: 39.42 ns
Info: Max delay posedge clk -> <async>    : 18.68 ns
Info: Max delay negedge clk -> <async>    : 10.05 ns

Info: Slack histogram:
Info:  legend: * represents 21 endpoint(s)
Info:          + represents [1,21) endpoint(s)
Info: [ 23475,  26306) |+
Info: [ 26306,  29137) |**+
Info: [ 29137,  31968) |**+
Info: [ 31968,  34799) |*+
Info: [ 34799,  37630) |**+
Info: [ 37630,  40461) |*+
Info: [ 40461,  43292) |**********+
Info: [ 43292,  46123) |***+
Info: [ 46123,  48954) |**********+
Info: [ 48954,  51785) |*********+
Info: [ 51785,  54616) |****+
Info: [ 54616,  57447) |*******+
Info: [ 57447,  60278) |*******+
Info: [ 60278,  63109) |***********+
Info: [ 63109,  65940) |**********************+
Info: [ 65940,  68771) |****************************+
Info: [ 68771,  71602) |*****************************************************+
Info: [ 71602,  74433) |******************************+
Info: [ 74433,  77264) |***************************************************+
Info: [ 77264,  80095) |************************************************************ 

Info: Program finished normally.
