COMMAND: nextpnr-ice40 --up5k --package sg48 --json design.json --pcf icebreaker.pcf --asc design.asc --pcf-allow-unconstrained

STDOUT:


STDERR:
Info: constrained 'clk_in' to bel 'X12/Y31/io1'
Info: constrained 'ser_rx' to bel 'X13/Y0/io1'
Info: constrained 'ser_tx' to bel 'X15/Y0/io0'
Info: constrained 'flash_clk' to bel 'X24/Y0/io0'
Info: constrained 'flash_csb' to bel 'X24/Y0/io1'
Info: constrained 'flash_io0' to bel 'X23/Y0/io0'
Info: constrained 'flash_io1' to bel 'X23/Y0/io1'
Info: constrained 'flash_io2' to bel 'X18/Y0/io0'
Info: constrained 'flash_io3' to bel 'X19/Y0/io0'
Info: constrained 'P1A1' to bel 'X9/Y0/io0'
Info: constrained 'P1A2' to bel 'X8/Y0/io0'
Info: constrained 'P1A3' to bel 'X6/Y0/io0'
Info: constrained 'P1A4' to bel 'X7/Y0/io1'
Info: constrained 'P1A7' to bel 'X9/Y0/io1'
Info: constrained 'P1A8' to bel 'X7/Y0/io0'
Info: constrained 'P1A9' to bel 'X5/Y0/io0'
Info: constrained 'P1A10' to bel 'X6/Y0/io1'
Info: constrained 'led1' to bel 'X18/Y31/io0'
Info: constrained 'led2' to bel 'X18/Y31/io1'
Info: constrained 'led3' to bel 'X19/Y31/io1'
Info: constrained 'led4' to bel 'X19/Y31/io0'
Info: constrained 'led5' to bel 'X18/Y0/io1'
Info: constrained 'ledr_n' to bel 'X17/Y0/io0'
Info: constrained 'ledg_n' to bel 'X13/Y31/io0'

Info: Packing constants..
Info: Packing IOs..
Info: flash_io3 feeds SB_IO flash_io_buf[3], removing $nextpnr_iobuf flash_io3.
Info: flash_io2 feeds SB_IO flash_io_buf[2], removing $nextpnr_iobuf flash_io2.
Info: flash_io1 feeds SB_IO flash_io_buf[1], removing $nextpnr_iobuf flash_io1.
Info: flash_io0 feeds SB_IO flash_io_buf[0], removing $nextpnr_iobuf flash_io0.
Info: Packing LUT-FFs..
Info:     2992 LCs used as LUT4 only
Info:     1126 LCs used as LUT4 and DFF
Info: Packing non-LUT FFs..
Info:      598 LCs used as DFF only
Info: Packing carries..
Info:      144 LCs used as CARRY only
Info: Packing indirect carry+LUT pairs...
Info:       68 LUTs merged into carry LCs
Info: Packing RAMs..
Info: Placing PLLs..
Info:   constrained PLL 'pll' to X12/Y31/pll_3
Info: Packing special functions..
Info: Packing PLLs..
Info:   PLL 'pll' has LOCK output, need to pass all outputs via LUT
Info:   constrained 'pll_locked_SB_LUT4_I0_LC' to X1/Y30/lc0
Info: Promoting globals..
Info: promoting iomem_ready_SB_LUT4_I3_O_SB_LUT4_I1_O[1] [reset] (fanout 550)
Info: promoting resetn_SB_LUT4_O_I3_SB_LUT4_I3_O[0] [reset] (fanout 85)
Info: promoting soc.cpu.genblk2.pcpi_div.dq_SB_DFFE_Q_10_D_SB_LUT4_O_I3[1] [reset] (fanout 38)
Info: promoting ser_rx_SB_LUT4_I0_I3_SB_LUT4_O_I3_SB_LUT4_O_I3_SB_CARRY_CO_I1_SB_CARRY_I1_CO_SB_LUT4_I3_O_SB_LUT4_I2_O [reset] (fanout 32)
Info: promoting resetn [cen] (fanout 215)
Info: promoting soc.gen_icache.icache_inst.state_SB_DFF_Q_1_D_SB_LUT4_O_I3_SB_LUT4_I3_1_O [cen] (fanout 128)
Info: promoting soc.cpu.genblk2.pcpi_div.running_SB_DFFSR_Q_D_SB_LUT4_I3_O [cen] (fanout 70)
Info: Constraining chains...
Info:       51 LCs used to legalise carry chains.
Info: Checksum: 0x04bb0a00

Info: Device utilisation:
Info: 	         ICESTORM_LC:    4845/   5280    91%
Info: 	        ICESTORM_RAM:      22/     30    73%
Info: 	               SB_IO:      24/     96    25%
Info: 	               SB_GB:       8/      8   100%
Info: 	        ICESTORM_PLL:       1/      1   100%
Info: 	         SB_WARMBOOT:       0/      1     0%
Info: 	        ICESTORM_DSP:       0/      8     0%
Info: 	      ICESTORM_HFOSC:       0/      1     0%
Info: 	      ICESTORM_LFOSC:       0/      1     0%
Info: 	              SB_I2C:       0/      2     0%
Info: 	              SB_SPI:       0/      2     0%
Info: 	              IO_I3C:       0/      2     0%
Info: 	         SB_LEDDA_IP:       0/      1     0%
Info: 	         SB_RGBA_DRV:       0/      1     0%
Info: 	      ICESTORM_SPRAM:       4/      4   100%

Info: Placed 26 cells based on constraints.
Info: Creating initial analytic placement for 4142 cells, random placement wirelen = 120580.
Info:     at initial placer iter 0, wirelen = 1849
Info:     at initial placer iter 1, wirelen = 1859
Info:     at initial placer iter 2, wirelen = 1862
Info:     at initial placer iter 3, wirelen = 1893
Info: Running main analytical placer, max placement attempts per cell = 3006152.
Info:     at iteration #1, type ALL: wirelen solved = 1853, spread = 43425, legal = 50009; time = 0.15s
Info:     at iteration #2, type ALL: wirelen solved = 2694, spread = 35712, legal = 42585; time = 0.15s
Info:     at iteration #3, type ALL: wirelen solved = 4158, spread = 36310, legal = 42507; time = 0.14s
Info:     at iteration #4, type ALL: wirelen solved = 5645, spread = 32933, legal = 38679; time = 0.13s
Info:     at iteration #5, type ALL: wirelen solved = 6819, spread = 30813, legal = 37244; time = 0.15s
Info:     at iteration #6, type ALL: wirelen solved = 7901, spread = 28843, legal = 35850; time = 0.18s
Info:     at iteration #7, type ALL: wirelen solved = 8770, spread = 28140, legal = 34865; time = 0.19s
Info:     at iteration #8, type ALL: wirelen solved = 10025, spread = 26890, legal = 32808; time = 0.17s
Info:     at iteration #9, type ALL: wirelen solved = 10838, spread = 26417, legal = 33439; time = 0.13s
Info:     at iteration #10, type ALL: wirelen solved = 11715, spread = 26126, legal = 32916; time = 0.12s
Info:     at iteration #11, type ALL: wirelen solved = 12398, spread = 25544, legal = 32150; time = 0.12s
Info:     at iteration #12, type ALL: wirelen solved = 13104, spread = 25029, legal = 31883; time = 0.12s
Info:     at iteration #13, type ALL: wirelen solved = 13614, spread = 25039, legal = 30220; time = 0.08s
Info:     at iteration #14, type ALL: wirelen solved = 13838, spread = 24857, legal = 32192; time = 0.13s
Info:     at iteration #15, type ALL: wirelen solved = 14319, spread = 24889, legal = 31896; time = 0.13s
Info:     at iteration #16, type ALL: wirelen solved = 14772, spread = 24623, legal = 32274; time = 0.13s
Info:     at iteration #17, type ALL: wirelen solved = 15141, spread = 24724, legal = 32032; time = 0.12s
Info:     at iteration #18, type ALL: wirelen solved = 15438, spread = 24574, legal = 31597; time = 0.10s
Info: HeAP Placer Time: 3.29s
Info:   of which solving equations: 1.45s
Info:   of which spreading cells: 0.17s
Info:   of which strict legalisation: 1.11s

Info: Running simulated annealing placer for refinement.
Info:   at iteration #1: temp = 0.000000, timing cost = 2316, wirelen = 30220
Info:   at iteration #5: temp = 0.000000, timing cost = 1973, wirelen = 26078
Info:   at iteration #10: temp = 0.000000, timing cost = 2155, wirelen = 24986
Info:   at iteration #15: temp = 0.000000, timing cost = 2171, wirelen = 24233
Info:   at iteration #20: temp = 0.000000, timing cost = 2169, wirelen = 23891
Info:   at iteration #25: temp = 0.000000, timing cost = 2170, wirelen = 23785
Info:   at iteration #27: temp = 0.000000, timing cost = 2139, wirelen = 23765 
Info: SA placement time 4.94s

Info: Max frequency for clock 'clk': 17.56 MHz (PASS at 12.00 MHz)

Info: Max delay <async>     -> posedge clk: 37.90 ns
Info: Max delay posedge clk -> <async>    : 15.37 ns
Info: Max delay negedge clk -> <async>    : 9.77 ns

Info: Slack histogram:
Info:  legend: * represents 27 endpoint(s)
Info:          + represents [1,27) endpoint(s)
Info: [ 26398,  29076) |+
Info: [ 29076,  31754) |**+
Info: [ 31754,  34432) |*+
Info: [ 34432,  37110) |****+
Info: [ 37110,  39788) |***+
Info: [ 39788,  42466) |**+
Info: [ 42466,  45144) |*+
Info: [ 45144,  47822) |****+
Info: [ 47822,  50500) |******+
Info: [ 50500,  53178) |*****+
Info: [ 53178,  55856) |*******+
Info: [ 55856,  58534) |*******+
Info: [ 58534,  61212) |***+
Info: [ 61212,  63890) |**********+
Info: [ 63890,  66568) |************************+
Info: [ 66568,  69246) |***************************************+
Info: [ 69246,  71924) |***********************+
Info: [ 71924,  74602) |**********************+
Info: [ 74602,  77280) |******************************+
Info: [ 77280,  79958) |************************************************************ 
Info: Checksum: 0xa8398bd4

Info: Routing..
Info: Setting up routing queue.
Info: Routing 16793 arcs.
Info:            |   (re-)routed arcs  |   delta    | remaining|       time spent     |
Info:    IterCnt |  w/ripup   wo/ripup |  w/r  wo/r |      arcs| batch(sec) total(sec)|
Info:       1000 |       56        943 |   56   943 |     15870|       0.46       0.46|
Info:       2000 |      147       1852 |   91   909 |     14995|       0.35       0.81|
Info:       3000 |      469       2530 |  322   678 |     14390|       0.16       0.97|
Info:       4000 |      887       3112 |  418   582 |     13906|       0.14       1.11|
Info:       5000 |     1251       3748 |  364   636 |     13393|       0.16       1.28|
Info:       6000 |     1513       4486 |  262   738 |     12712|       0.17       1.44|
Info:       7000 |     1872       5127 |  359   641 |     12206|       0.27       1.72|
Info:       8000 |     2187       5810 |  315   683 |     11719|       0.32       2.03|
Info:       9000 |     2489       6487 |  302   677 |     11271|       0.29       2.33|
Info:      10000 |     2773       7148 |  284   661 |     10778|       0.30       2.62|
Info:      11000 |     3138       7782 |  365   634 |     10431|       0.27       2.90|
Info:      12000 |     3568       8349 |  430   567 |     10222|       0.36       3.26|
Info:      13000 |     4030       8884 |  462   535 |      9896|       1.06       4.32|
Info:      14000 |     4418       9468 |  388   584 |      9598|       0.31       4.63|
Info:      15000 |     4891       9993 |  473   525 |      9421|       0.34       4.96|
Info:      16000 |     5362      10522 |  471   529 |      9213|       0.39       5.36|
Info:      17000 |     5793      11010 |  431   488 |      8947|       0.36       5.72|
Info:      18000 |     6225      11554 |  432   544 |      8725|       0.36       6.08|
Info:      19000 |     6685      12091 |  460   537 |      8485|       0.36       6.43|
Info:      20000 |     7110      12666 |  425   575 |      8285|       0.36       6.79|
Info:      21000 |     7597      13179 |  487   513 |      8119|       0.37       7.16|
Info:      22000 |     8127      13646 |  530   467 |      8019|       0.40       7.56|
Info:      23000 |     8633      14137 |  506   491 |      7797|       0.30       7.86|
Info:      24000 |     9131      14614 |  498   477 |      7671|       0.38       8.24|
Info:      25000 |     9613      15105 |  482   491 |      7527|       0.35       8.59|
Info:      26000 |    10066      15576 |  453   471 |      7269|       0.30       8.88|
Info:      27000 |    10542      16075 |  476   499 |      7115|       0.38       9.26|
Info:      28000 |    10978      16605 |  436   530 |      6780|       0.31       9.57|
Info:      29000 |    11489      17090 |  511   485 |      6618|       0.40       9.97|
Info:      30000 |    11998      17580 |  509   490 |      6527|       0.40      10.37|
Info:      31000 |    12498      18079 |  500   499 |      6321|       0.41      10.78|
Info:      32000 |    12922      18627 |  424   548 |      6017|       0.36      11.14|
Info:      33000 |    13456      19066 |  534   439 |      5852|       0.38      11.52|
Info:      34000 |    13956      19566 |  500   500 |      5717|       0.38      11.90|
Info:      35000 |    14468      20054 |  512   488 |      5577|       0.50      12.40|
Info:      36000 |    14952      20567 |  484   513 |      5351|       0.36      12.77|
Info:      37000 |    15504      21015 |  552   448 |      5288|       0.38      13.15|
Info:      38000 |    16023      21493 |  519   478 |      5205|       0.43      13.58|
Info:      39000 |    16577      21939 |  554   446 |      5161|       0.39      13.98|
Info:      40000 |    17177      22333 |  600   394 |      5098|       0.42      14.40|
Info:      41000 |    17700      22801 |  523   468 |      4850|       0.32      14.72|
Info:      42000 |    18236      23265 |  536   464 |      4704|       0.42      15.14|
Info:      43000 |    18792      23709 |  556   444 |      4700|       0.45      15.59|
Info:      44000 |    19346      24155 |  554   446 |      4620|       0.49      16.09|
Info:      45000 |    19835      24663 |  489   508 |      4407|       0.46      16.55|
Info:      46000 |    20454      25044 |  619   381 |      4377|       0.48      17.02|
Info:      47000 |    21050      25421 |  596   377 |      4202|       0.39      17.42|
Info:      48000 |    21564      25880 |  514   459 |      4041|       0.40      17.82|
Info:      49000 |    22134      26310 |  570   430 |      3931|       0.47      18.29|
Info:      50000 |    22675      26767 |  541   457 |      3829|       0.40      18.68|
Info:      51000 |    23260      27182 |  585   415 |      3717|       0.46      19.15|
Info:      52000 |    23843      27599 |  583   417 |      3651|       0.57      19.71|
Info:      53000 |    24397      28042 |  554   443 |      3542|       0.71      20.42|
Info:      54000 |    24953      28482 |  556   440 |      3445|       0.47      20.89|
Info:      55000 |    25538      28894 |  585   412 |      3392|       0.57      21.46|
Info:      56000 |    26072      29355 |  534   461 |      3221|       0.59      22.05|
Info:      57000 |    26685      29742 |  613   387 |      3241|       0.57      22.62|
Info:      58000 |    27342      30085 |  657   343 |      3234|       0.47      23.09|
Info:      59000 |    27890      30534 |  548   449 |      3078|       0.70      23.80|
Info:      60000 |    28441      30983 |  551   449 |      3018|       0.52      24.32|
Info:      61000 |    29020      31394 |  579   411 |      2885|       0.38      24.70|
Info:      62000 |    29517      31895 |  497   501 |      2773|       0.36      25.06|
Info:      63000 |    30090      32322 |  573   427 |      2708|       0.47      25.53|
Info:      64000 |    30693      32719 |  603   397 |      2720|       0.53      26.07|
Info:      65000 |    31351      33061 |  658   342 |      2696|       0.58      26.64|
Info:      66000 |    31923      33489 |  572   428 |      2604|       0.59      27.23|
Info:      67000 |    32541      33871 |  618   382 |      2527|       0.50      27.74|
Info:      68000 |    33149      34263 |  608   392 |      2494|       0.49      28.23|
Info:      69000 |    33688      34720 |  539   457 |      2415|       0.42      28.65|
Info:      70000 |    34302      35104 |  614   384 |      2297|       0.51      29.17|
Info:      71000 |    34952      35454 |  650   350 |      2256|       0.47      29.63|
Info:      72000 |    35517      35887 |  565   433 |      2126|       0.58      30.21|
Info:      73000 |    35991      36403 |  474   516 |      1898|       0.31      30.52|
Info:      74000 |    36611      36782 |  620   379 |      1788|       0.40      30.92|
Info:      75000 |    37157      37236 |  546   454 |      1640|       0.34      31.26|
Info:      76000 |    37603      37770 |  446   534 |      1384|       0.30      31.56|
Info:      77000 |    37975      38398 |  372   628 |       932|       0.21      31.77|
Info:      78000 |    38409      38964 |  434   566 |       650|       0.50      32.27|
Info:      79000 |    38881      39492 |  472   528 |       440|       0.46      32.73|
Info:      80000 |    39365      40008 |  484   516 |       142|       0.55      33.28|
Info:      80514 |    39596      40292 |  231   284 |         0|       0.39      33.67|
Info: Routing complete.
Info: Router1 time 33.67s
Info: Checksum: 0x5266394f

Info: Critical path report for clock 'clk' (posedge -> posedge):
Info:       type curr  total name
Info:   clk-to-q  1.39  1.39 Source soc.cpu.mem_addr_SB_DFFE_Q_24_DFFLC.O
Info:    routing  4.25  5.64 Net iomem_addr[7] (21,24) -> (23,14)
Info:                          Sink soc.ram_ready_SB_LUT4_I0_I3_SB_LUT4_I3_O_SB_LUT4_O_I2_SB_LUT4_O_I0_SB_LUT4_O_2_I2_SB_LUT4_O_I3_SB_LUT4_O_LC.I2
Info:                          Defined in:
Info:                               /home/ed667/oss-cad-suite/lib/../share/yosys/ice40/cells_map.v:6.21-6.22
Info:      logic  1.21  6.84 Source soc.ram_ready_SB_LUT4_I0_I3_SB_LUT4_I3_O_SB_LUT4_O_I2_SB_LUT4_O_I0_SB_LUT4_O_2_I2_SB_LUT4_O_I3_SB_LUT4_O_LC.O
Info:    routing  1.76  8.60 Net soc.ram_ready_SB_LUT4_I0_I3_SB_LUT4_I3_O_SB_LUT4_O_I2_SB_LUT4_O_I0_SB_LUT4_O_2_I2_SB_LUT4_O_I3[2] (23,14) -> (23,13)
Info:                          Sink soc.ram_ready_SB_LUT4_I0_I3_SB_LUT4_I3_O_SB_LUT4_O_I2_SB_LUT4_O_I0_SB_LUT4_O_2_I2_SB_LUT4_O_LC.I3
Info:                          Defined in:
Info:                               /home/ed667/oss-cad-suite/lib/../share/yosys/ice40/cells_map.v:6.21-6.22
Info:      logic  0.87  9.48 Source soc.ram_ready_SB_LUT4_I0_I3_SB_LUT4_I3_O_SB_LUT4_O_I2_SB_LUT4_O_I0_SB_LUT4_O_2_I2_SB_LUT4_O_LC.O
Info:    routing  1.76  11.24 Net soc.ram_ready_SB_LUT4_I0_I3_SB_LUT4_I3_O_SB_LUT4_O_I2_SB_LUT4_O_I0_SB_LUT4_O_2_I2[2] (23,13) -> (23,12)
Info:                          Sink soc.ram_ready_SB_LUT4_I0_I3_SB_LUT4_I3_O_SB_LUT4_O_I2_SB_LUT4_O_I0_SB_LUT4_O_2_LC.I2
Info:                          Defined in:
Info:                               /home/ed667/oss-cad-suite/lib/../share/yosys/ice40/cells_map.v:6.21-6.22
Info:      logic  1.21  12.44 Source soc.ram_ready_SB_LUT4_I0_I3_SB_LUT4_I3_O_SB_LUT4_O_I2_SB_LUT4_O_I0_SB_LUT4_O_2_LC.O
Info:    routing  1.76  14.20 Net soc.ram_ready_SB_LUT4_I0_I3_SB_LUT4_I3_O_SB_LUT4_O_I2_SB_LUT4_O_I0[2] (23,12) -> (22,12)
Info:                          Sink soc.ram_ready_SB_LUT4_I0_I3_SB_LUT4_I3_O_SB_LUT4_O_I2_SB_LUT4_O_LC.I2
Info:                          Defined in:
Info:                               /home/ed667/oss-cad-suite/lib/../share/yosys/ice40/cells_map.v:6.21-6.22
Info:      logic  1.21  15.41 Source soc.ram_ready_SB_LUT4_I0_I3_SB_LUT4_I3_O_SB_LUT4_O_I2_SB_LUT4_O_LC.O
Info:    routing  1.76  17.17 Net soc.ram_ready_SB_LUT4_I0_I3_SB_LUT4_I3_O_SB_LUT4_O_I2[0] (22,12) -> (21,12)
Info:                          Sink soc.ram_ready_SB_LUT4_I0_I3_SB_LUT4_I3_O_SB_LUT4_O_LC.I2
Info:                          Defined in:
Info:                               /home/ed667/oss-cad-suite/lib/../share/yosys/ice40/cells_map.v:6.21-6.22
Info:      logic  1.21  18.38 Source soc.ram_ready_SB_LUT4_I0_I3_SB_LUT4_I3_O_SB_LUT4_O_LC.O
Info:    routing  1.76  20.14 Net soc.ram_ready_SB_LUT4_I0_I3_SB_LUT4_I3_O[2] (21,12) -> (20,12)
Info:                          Sink iomem_ready_SB_LUT4_I0_O_SB_LUT4_O_LC.I3
Info:                          Defined in:
Info:                               /home/ed667/oss-cad-suite/lib/../share/yosys/ice40/cells_map.v:6.21-6.22
Info:      logic  0.87  21.01 Source iomem_ready_SB_LUT4_I0_O_SB_LUT4_O_LC.O
Info:    routing  1.76  22.77 Net flash_csb_SB_LUT4_I1_O[0] (20,12) -> (21,12)
Info:                          Sink soc.cpu.mem_instr_SB_LUT4_I1_O_SB_LUT4_I2_I3_SB_LUT4_O_LC.I2
Info:                          Defined in:
Info:                               /home/ed667/oss-cad-suite/lib/../share/yosys/ice40/cells_map.v:6.21-6.22
Info:      logic  1.21  23.98 Source soc.cpu.mem_instr_SB_LUT4_I1_O_SB_LUT4_I2_I3_SB_LUT4_O_LC.O
Info:    routing  2.99  26.97 Net soc.cpu.mem_instr_SB_LUT4_I1_O_SB_LUT4_I2_I3[2] (21,12) -> (21,20)
Info:                          Sink soc.cpu.mem_instr_SB_LUT4_I1_O_SB_LUT4_I2_LC.I3
Info:                          Defined in:
Info:                               /home/ed667/oss-cad-suite/lib/../share/yosys/ice40/cells_map.v:6.21-6.22
Info:      logic  0.87  27.84 Source soc.cpu.mem_instr_SB_LUT4_I1_O_SB_LUT4_I2_LC.O
Info:    routing  1.76  29.60 Net soc.cpu.mem_instr_SB_LUT4_I1_O_SB_LUT4_I2_O[1] (21,20) -> (20,21)
Info:                          Sink soc.cpu.mem_xfer_SB_LUT4_O_LC.I2
Info:                          Defined in:
Info:                               /home/ed667/oss-cad-suite/lib/../share/yosys/ice40/cells_map.v:6.21-6.22
Info:      logic  1.21  30.81 Source soc.cpu.mem_xfer_SB_LUT4_O_LC.O
Info:    routing  3.60  34.41 Net soc.cpu.mem_instr_SB_LUT4_I2_O_SB_LUT4_I1_O[2] (20,21) -> (17,27)
Info:                          Sink soc.cpu.mem_do_wdata_SB_LUT4_I0_LC.I3
Info:                          Defined in:
Info:                               /home/ed667/oss-cad-suite/lib/../share/yosys/ice40/cells_map.v:6.21-6.22
Info:      logic  0.87  35.28 Source soc.cpu.mem_do_wdata_SB_LUT4_I0_LC.O
Info:    routing  1.76  37.04 Net soc.cpu.mem_valid_SB_DFFESR_Q_D_SB_LUT4_I1_O_SB_LUT4_O_I3[2] (17,27) -> (16,28)
Info:                          Sink soc.cpu.mem_do_rinst_SB_LUT4_I1_LC.I3
Info:                          Defined in:
Info:                               /home/ed667/oss-cad-suite/lib/../share/yosys/ice40/cells_map.v:6.21-6.22
Info:      logic  0.87  37.92 Source soc.cpu.mem_do_rinst_SB_LUT4_I1_LC.O
Info:    routing  3.49  41.41 Net soc.cpu.cpu_state_SB_DFF_Q_6_D_SB_LUT4_O_I2[1] (16,28) -> (9,29)
Info:                          Sink soc.cpu.mem_do_prefetch_SB_LUT4_I2_LC.I3
Info:                          Defined in:
Info:                               /home/ed667/oss-cad-suite/lib/../share/yosys/ice40/cells_map.v:6.21-6.22
Info:      logic  0.87  42.29 Source soc.cpu.mem_do_prefetch_SB_LUT4_I2_LC.O
Info:    routing  1.76  44.05 Net soc.cpu.instr_sh_SB_LUT4_I0_I2_SB_LUT4_O_I3[3] (9,29) -> (8,28)
Info:                          Sink soc.cpu.instr_sll_SB_LUT4_I1_O_SB_LUT4_O_LC.I3
Info:                          Defined in:
Info:                               /home/ed667/oss-cad-suite/lib/../share/yosys/ice40/cells_map.v:6.21-6.22
Info:      logic  0.87  44.92 Source soc.cpu.instr_sll_SB_LUT4_I1_O_SB_LUT4_O_LC.O
Info:    routing  3.70  48.63 Net soc.cpu.instr_sll_SB_LUT4_I1_O[2] (8,28) -> (7,18)
Info:                          Sink soc.cpu.instr_sll_SB_LUT4_I1_O_SB_LUT4_I1_LC.I2
Info:                          Defined in:
Info:                               /home/ed667/oss-cad-suite/lib/../share/yosys/ice40/cells_map.v:6.21-6.22
Info:      logic  1.21  49.83 Source soc.cpu.instr_sll_SB_LUT4_I1_O_SB_LUT4_I1_LC.O
Info:    routing  3.60  53.43 Net soc.cpu.instr_sll_SB_LUT4_I1_O_SB_LUT4_I1_O[3] (7,18) -> (4,24)
Info:                          Sink soc.cpu.instr_sra_SB_LUT4_I1_LC.I3
Info:                          Defined in:
Info:                               /home/ed667/oss-cad-suite/lib/../share/yosys/ice40/cells_map.v:6.21-6.22
Info:      logic  0.87  54.31 Source soc.cpu.instr_sra_SB_LUT4_I1_LC.O
Info:    routing  3.43  57.74 Net soc.cpu.reg_op1_SB_DFFE_Q_E (4,24) -> (4,24)
Info:                          Sink soc.cpu.reg_op1_SB_DFFE_Q_D_SB_LUT4_O_LC.CEN
Info:      setup  0.10  57.83 Source soc.cpu.reg_op1_SB_DFFE_Q_D_SB_LUT4_O_LC.CEN
Info: 16.92 ns logic, 40.92 ns routing

Info: Critical path report for cross-domain path '<async>' -> 'posedge clk':
Info:       type curr  total name
Info:     source  0.00  0.00 Source flash_io_buf[3].D_IN_0
Info:    routing  4.25  4.25 Net flash_io3_di (19,0) -> (21,10)
Info:                          Sink flash_io3_di_SB_LUT4_I0_LC.I0
Info:                          Defined in:
Info:                               picosoc.v:153.14-153.32
Info:      logic  1.28  5.53 Source flash_io3_di_SB_LUT4_I0_LC.O
Info:    routing  1.76  7.29 Net flash_io3_di_SB_LUT4_I0_O[1] (21,10) -> (21,10)
Info:                          Sink flash_io3_di_SB_LUT4_I0_O_SB_LUT4_I0_LC.I1
Info:                          Defined in:
Info:                               /home/ed667/oss-cad-suite/lib/../share/yosys/ice40/cells_map.v:6.21-6.22
Info:      logic  1.23  8.52 Source flash_io3_di_SB_LUT4_I0_O_SB_LUT4_I0_LC.O
Info:    routing  1.76  10.28 Net flash_io3_di_SB_LUT4_I0_O_SB_LUT4_I0_O[1] (21,10) -> (20,9)
Info:                          Sink soc.gen_icache.icache_inst.miss_rdata_SB_DFFESR_Q_28_D_SB_LUT4_O_I1_SB_LUT4_O_2_LC.I1
Info:                          Defined in:
Info:                               /home/ed667/oss-cad-suite/lib/../share/yosys/ice40/cells_map.v:6.21-6.22
Info:      logic  1.23  11.52 Source soc.gen_icache.icache_inst.miss_rdata_SB_DFFESR_Q_28_D_SB_LUT4_O_I1_SB_LUT4_O_2_LC.O
Info:    routing  3.60  15.12 Net soc.gen_icache.icache_inst.miss_rdata_SB_DFFESR_Q_28_D_SB_LUT4_O_I1[3] (20,9) -> (18,14)
Info:                          Sink soc.gen_icache.icache_inst.data_array.0.1_RDATA_SB_LUT4_I0_O_SB_LUT4_O_1_LC.I3
Info:                          Defined in:
Info:                               /home/ed667/oss-cad-suite/lib/../share/yosys/ice40/cells_map.v:6.21-6.22
Info:      logic  0.87  15.99 Source soc.gen_icache.icache_inst.data_array.0.1_RDATA_SB_LUT4_I0_O_SB_LUT4_O_1_LC.O
Info:    routing  1.76  17.75 Net soc.gen_icache.icache_inst.data_array.0.1_RDATA_SB_LUT4_I0_O[3] (18,14) -> (18,15)
Info:                          Sink soc.cpu.mem_rdata_q_SB_DFFE_Q_28_D_SB_LUT4_O_LC.I3
Info:                          Defined in:
Info:                               /home/ed667/oss-cad-suite/lib/../share/yosys/ice40/cells_map.v:6.21-6.22
Info:      logic  0.87  18.62 Source soc.cpu.mem_rdata_q_SB_DFFE_Q_28_D_SB_LUT4_O_LC.O
Info:    routing  3.60  22.23 Net soc.cpu.mem_rdata_q_SB_DFFE_Q_28_D[2] (18,15) -> (20,21)
Info:                          Sink soc.cpu.mem_rdata_q_SB_DFFE_Q_28_D_SB_LUT4_I3_LC.I3
Info:                          Defined in:
Info:                               /home/ed667/oss-cad-suite/lib/../share/yosys/ice40/cells_map.v:6.21-6.22
Info:      logic  0.87  23.10 Source soc.cpu.mem_rdata_q_SB_DFFE_Q_28_D_SB_LUT4_I3_LC.O
Info:    routing  1.76  24.86 Net soc.cpu.instr_auipc_SB_DFFE_Q_D_SB_LUT4_O_I3[0] (20,21) -> (20,21)
Info:                          Sink soc.cpu.is_lb_lh_lw_lbu_lhu_SB_DFFE_Q_D_SB_LUT4_O_I2_SB_LUT4_O_1_LC.I3
Info:                          Defined in:
Info:                               /home/ed667/oss-cad-suite/lib/../share/yosys/ice40/cells_map.v:6.21-6.22
Info:      logic  0.87  25.73 Source soc.cpu.is_lb_lh_lw_lbu_lhu_SB_DFFE_Q_D_SB_LUT4_O_I2_SB_LUT4_O_1_LC.O
Info:    routing  2.30  28.04 Net soc.cpu.is_lb_lh_lw_lbu_lhu_SB_DFFE_Q_D_SB_LUT4_O_I2[1] (20,21) -> (18,21)
Info:                          Sink soc.gen_icache.icache_inst.data_array.0.8_RDATA_SB_LUT4_I0_O_SB_LUT4_I1_O_SB_LUT4_I3_O_SB_LUT4_O_LC.I3
Info:                          Defined in:
Info:                               /home/ed667/oss-cad-suite/lib/../share/yosys/ice40/cells_map.v:6.21-6.22
Info:      logic  0.87  28.91 Source soc.gen_icache.icache_inst.data_array.0.8_RDATA_SB_LUT4_I0_O_SB_LUT4_I1_O_SB_LUT4_I3_O_SB_LUT4_O_LC.O
Info:    routing  1.76  30.67 Net soc.cpu.instr_waitirq_SB_DFFE_Q_D_SB_LUT4_O_I1[3] (18,21) -> (17,22)
Info:                          Sink soc.cpu.cpuregs.regs.1.0_RADDR_1_SB_LUT4_O_I2_SB_LUT4_O_1_LC.I3
Info:                          Defined in:
Info:                               /home/ed667/oss-cad-suite/lib/../share/yosys/ice40/cells_map.v:6.21-6.22
Info:      logic  0.87  31.55 Source soc.cpu.cpuregs.regs.1.0_RADDR_1_SB_LUT4_O_I2_SB_LUT4_O_1_LC.O
Info:    routing  1.76  33.31 Net soc.cpu.cpuregs.regs.1.0_RADDR_1_SB_LUT4_O_I2[1] (17,22) -> (16,23)
Info:                          Sink soc.cpu.cpuregs.regs.1.0_RADDR_1_SB_LUT4_O_LC.I3
Info:                          Defined in:
Info:                               /home/ed667/oss-cad-suite/lib/../share/yosys/ice40/cells_map.v:6.21-6.22
Info:      logic  0.87  34.18 Source soc.cpu.cpuregs.regs.1.0_RADDR_1_SB_LUT4_O_LC.O
Info:    routing  4.22  38.40 Net soc.cpu.cpuregs.regs.1.0_RADDR_1 (16,23) -> (6,25)
Info:                          Sink soc.cpu.cpuregs.regs.1.1_RAM.RADDR_2
Info:      setup  0.10  38.51 Source soc.cpu.cpuregs.regs.1.1_RAM.RADDR_2
Info: 9.96 ns logic, 28.54 ns routing

Info: Critical path report for cross-domain path 'posedge clk' -> '<async>':
Info:       type curr  total name
Info:   clk-to-q  1.39  1.39 Source soc.spimemio.xfer.dummy_count_SB_DFFESR_Q_D_SB_LUT4_O_LC.O
Info:    routing  1.76  3.15 Net soc.spimemio.xfer.dummy_count[3] (22,3) -> (22,2)
Info:                          Sink soc.spimemio.din_valid_SB_LUT4_I2_O_SB_LUT4_O_LC.I0
Info:                          Defined in:
Info:                               spimemio.v:417.12-417.23
Info:      logic  1.28  4.43 Source soc.spimemio.din_valid_SB_LUT4_I2_O_SB_LUT4_O_LC.O
Info:    routing  1.76  6.20 Net soc.spimemio.din_valid_SB_LUT4_I2_O[1] (22,2) -> (21,2)
Info:                          Sink soc.spimemio.xfer.xfer_rd_SB_LUT4_I2_LC.I3
Info:                          Defined in:
Info:                               /home/ed667/oss-cad-suite/lib/../share/yosys/ice40/cells_map.v:6.21-6.22
Info:      logic  0.87  7.07 Source soc.spimemio.xfer.xfer_rd_SB_LUT4_I2_LC.O
Info:    routing  1.76  8.83 Net soc.spimemio.xfer.xfer_rd_SB_LUT4_I2_O[1] (21,2) -> (21,2)
Info:                          Sink flash_io1_oe_SB_LUT4_O_I3_SB_LUT4_O_LC.I3
Info:                          Defined in:
Info:                               /home/ed667/oss-cad-suite/lib/../share/yosys/ice40/cells_map.v:6.21-6.22
Info:      logic  0.87  9.70 Source flash_io1_oe_SB_LUT4_O_I3_SB_LUT4_O_LC.O
Info:    routing  1.76  11.47 Net flash_io0_oe_SB_LUT4_O_I2[1] (21,2) -> (21,2)
Info:                          Sink flash_io0_oe_SB_LUT4_O_LC.I3
Info:                          Defined in:
Info:                               /home/ed667/oss-cad-suite/lib/../share/yosys/ice40/cells_map.v:6.21-6.22
Info:      logic  0.87  12.34 Source flash_io0_oe_SB_LUT4_O_LC.O
Info:    routing  4.40  16.74 Net flash_io0_oe (21,2) -> (23,0)
Info:                          Sink flash_io_buf[0].OUTPUT_ENABLE
Info:                          Defined in:
Info:                               picosoc.v:153.14-153.32
Info: 5.30 ns logic, 11.44 ns routing

Info: Critical path report for cross-domain path 'negedge clk' -> '<async>':
Info:       type curr  total name
Info:   clk-to-q  1.39  1.39 Source soc.spimemio.xfer_io2_90_SB_DFFN_Q_DFFLC.O
Info:    routing  1.76  3.15 Net soc.spimemio.xfer_io2_90 (21,1) -> (21,1)
Info:                          Sink soc.spimemio.xfer_io2_90_SB_LUT4_I2_LC.I2
Info:                          Defined in:
Info:                               /home/ed667/oss-cad-suite/lib/../share/yosys/ice40/cells_map.v:6.21-6.22
Info:      logic  1.21  4.36 Source soc.spimemio.xfer_io2_90_SB_LUT4_I2_LC.O
Info:    routing  1.76  6.12 Net flash_io2_do_SB_LUT4_O_I3[2] (21,1) -> (20,1)
Info:                          Sink flash_io2_do_SB_LUT4_O_LC.I3
Info:                          Defined in:
Info:                               /home/ed667/oss-cad-suite/lib/../share/yosys/ice40/cells_map.v:6.21-6.22
Info:      logic  0.87  6.99 Source flash_io2_do_SB_LUT4_O_LC.O
Info:    routing  2.95  9.94 Net flash_io2_do (20,1) -> (18,0)
Info:                          Sink flash_io_buf[2].D_OUT_0
Info:                          Defined in:
Info:                               spimemio.v:38.9-38.21
Info: 3.47 ns logic, 6.47 ns routing

Info: Max frequency for clock 'clk': 17.29 MHz (PASS at 12.00 MHz)

Info: Max delay <async>     -> posedge clk: 38.51 ns
Info: Max delay posedge clk -> <async>    : 16.74 ns
Info: Max delay negedge clk -> <async>    : 9.94 ns

Info: Slack histogram:
Info:  legend: * represents 20 endpoint(s)
Info:          + represents [1,20) endpoint(s)
Info: [ 25498,  28228) |+
Info: [ 28228,  30958) |**+
Info: [ 30958,  33688) |**+
Info: [ 33688,  36418) |**+
Info: [ 36418,  39148) |**+
Info: [ 39148,  41878) |***+
Info: [ 41878,  44608) |*******+
Info: [ 44608,  47338) |******+
Info: [ 47338,  50068) |********+
Info: [ 50068,  52798) |**********+
Info: [ 52798,  55528) |*********+
Info: [ 55528,  58258) |******+
Info: [ 58258,  60988) |******+
Info: [ 60988,  63718) |**************+
Info: [ 63718,  66448) |*************************+
Info: [ 66448,  69178) |**********************************+
Info: [ 69178,  71908) |************************************************************ 
Info: [ 71908,  74638) |*******************************+
Info: [ 74638,  77368) |*********************************************************+
Info: [ 77368,  80098) |**********************************************************+

Info: Program finished normally.
