
icetime topological timing analysis report
==========================================

Info: max_span_hack is enabled: estimate is conservative.

Report for critical path:
-------------------------

        lc40_21_23_4 (LogicCell40) [clk] -> lcout: 1.491 ns
     1.491 ns net_81674 (iomem_wstrb[2])
        odrv_21_23_81674_81457 (Odrv4) I -> O: 0.649 ns
        t23007 (Span4Mux_v4) I -> O: 0.649 ns
        t23006 (LocalMux) I -> O: 1.099 ns
        inmux_21_18_84933_84972 (InMux) I -> O: 0.662 ns
        lc40_21_18_2 (LogicCell40) in0 -> lcout: 1.285 ns
     5.835 ns net_81057 (soc.spimemio.softreset_SB_DFFSS_Q_D_SB_LUT4_O_I2[3])
        t22715 (LocalMux) I -> O: 1.099 ns
        inmux_21_17_84814_84876 (InMux) I -> O: 0.662 ns
        lc40_21_17_6 (LogicCell40) in3 -> lcout: 0.874 ns
     8.471 ns net_80938 (soc.cpu.mem_xfer_SB_LUT4_O_I3_SB_LUT4_O_I2[2])
        odrv_21_17_80938_84665 (Odrv4) I -> O: 0.649 ns
        t22703 (Span4Mux_v4) I -> O: 0.649 ns
        t22702 (LocalMux) I -> O: 1.099 ns
        inmux_22_11_87927_87967 (InMux) I -> O: 0.662 ns
        lc40_22_11_6 (LogicCell40) in1 -> lcout: 1.232 ns
    12.762 ns net_84031 (soc.ram_ready_SB_LUT4_I0_1_O_SB_LUT4_O_1_I1_SB_LUT4_O_I2[1])
        t23898 (LocalMux) I -> O: 1.099 ns
        inmux_23_11_91734_91799 (InMux) I -> O: 0.662 ns
        t3990 (CascadeMux) I -> O: 0.000 ns
        lc40_23_11_6 (LogicCell40) in2 -> lcout: 1.205 ns
    15.729 ns net_87862 (soc.ram_ready_SB_LUT4_I0_I1[0])
        odrv_23_11_87862_87992 (Odrv4) I -> O: 0.649 ns
        t24697 (Span4Mux_v4) I -> O: 0.649 ns
        t24696 (LocalMux) I -> O: 1.099 ns
        inmux_21_10_83970_83978 (InMux) I -> O: 0.662 ns
        t3626 (CascadeMux) I -> O: 0.000 ns
        lc40_21_10_0 (LogicCell40) in2 -> lcout: 1.205 ns
    19.993 ns net_80071 (flash_csb_SB_LUT4_I0_O_SB_LUT4_O_1_I1[1])
        t22423 (LocalMux) I -> O: 1.099 ns
        inmux_20_11_80235_80311 (InMux) I -> O: 0.662 ns
        lc40_20_11_7 (LogicCell40) in1 -> lcout: 1.232 ns
    22.987 ns net_76760 (flash_csb_SB_LUT4_I0_O_SB_LUT4_O_1_I1_SB_LUT4_O_I3_SB_LUT4_I3_1_O[3])
        t21658 (LocalMux) I -> O: 1.099 ns
        inmux_21_10_83966_84013 (InMux) I -> O: 0.662 ns
        lc40_21_10_6 (LogicCell40) in1 -> lcout: 1.232 ns
    25.980 ns net_80077 (soc.ram_ready_SB_LUT4_I0_1_O[2])
        t22435 (LocalMux) I -> O: 1.099 ns
        inmux_21_9_83826_83884 (InMux) I -> O: 0.662 ns
        lc40_21_9_5 (LogicCell40) in1 -> lcout: 1.232 ns
    28.973 ns net_79953 (soc.cpu.mem_xfer_SB_LUT4_O_I3_SB_LUT4_O_I3[2])
        odrv_21_9_79953_83916 (Odrv4) I -> O: 0.649 ns
        t22410 (Span4Mux_v4) I -> O: 0.649 ns
        t22409 (Span4Mux_v4) I -> O: 0.649 ns
        t22408 (LocalMux) I -> O: 1.099 ns
        inmux_21_17_84816_84869 (InMux) I -> O: 0.662 ns
        t3665 (CascadeMux) I -> O: 0.000 ns
        lc40_21_17_5 (LogicCell40) in2 -> lcout: 1.205 ns
    33.887 ns net_80937 (soc.cpu.mem_xfer_SB_LUT4_O_I3[2])
        odrv_21_17_80937_81085 (Odrv4) I -> O: 0.649 ns
        t22707 (Span4Mux_h4) I -> O: 0.543 ns
        t22706 (Span4Mux_v4) I -> O: 0.649 ns
        t22705 (LocalMux) I -> O: 1.099 ns
        inmux_17_23_70861_70902 (InMux) I -> O: 0.662 ns
        t3044 (CascadeMux) I -> O: 0.000 ns
        lc40_17_23_3 (LogicCell40) in2 -> lcout: 1.205 ns
    38.695 ns net_66980 (soc.cpu.mem_rdata_q_SB_DFFE_Q_10_D[1])
        t19762 (LocalMux) I -> O: 1.099 ns
        inmux_16_24_67144_67211 (InMux) I -> O: 0.662 ns
        lc40_16_24_6 (LogicCell40) in1 -> lcout: 1.232 ns
    41.688 ns net_63275 (soc.cpu.cpu_state_SB_DFF_Q_3_D_SB_LUT4_O_I2_SB_LUT4_O_I3_SB_LUT4_O_I2[1])
        odrv_16_24_63275_63298 (Odrv4) I -> O: 0.649 ns
        t18755 (Span4Mux_h4) I -> O: 0.543 ns
        t18754 (Span4Mux_h4) I -> O: 0.543 ns
        t18753 (Span4Mux_v4) I -> O: 0.649 ns
        t18752 (LocalMux) I -> O: 1.099 ns
        inmux_8_29_37113_37156 (InMux) I -> O: 0.662 ns
        lc40_8_29_2 (LogicCell40) in1 -> lcout: 1.232 ns
    47.065 ns net_33240 (soc.cpu.decoder_pseudo_trigger_SB_DFFSR_Q_R_SB_LUT4_O_I3[3])
        t10763 (LocalMux) I -> O: 1.099 ns
        inmux_9_28_40836_40863 (InMux) I -> O: 0.662 ns
        lc40_9_28_2 (LogicCell40) in0 -> lcout: 1.285 ns
    50.111 ns net_36948 (soc.cpu.instr_sll_SB_LUT4_I1_O_SB_LUT4_I1_O[2])
        t12057 (LocalMux) I -> O: 1.099 ns
        inmux_9_27_40705_40731 (InMux) I -> O: 0.662 ns
        lc40_9_27_0 (LogicCell40) in3 -> lcout: 0.874 ns
    52.747 ns net_36823 (soc.cpu.instr_sll_SB_LUT4_I1_O_SB_LUT4_I1_O_SB_LUT4_I2_O[2])
        odrv_9_27_36823_39312 (Odrv12) I -> O: 1.232 ns
        t12020 (LocalMux) I -> O: 1.099 ns
        inmux_9_16_39373_39394 (InMux) I -> O: 0.662 ns
        lc40_9_16_3 (LogicCell40) in1 -> lcout: 1.232 ns
    56.972 ns net_35473 (soc.cpu.instr_sll_SB_LUT4_I1_O_SB_LUT4_I1_O_SB_LUT4_I2_O_SB_LUT4_I3_O[3])
        odrv_9_16_35473_35619 (Odrv4) I -> O: 0.649 ns
        t11694 (Span4Mux_h4) I -> O: 0.543 ns
        t11696 (Span4Mux_v4) I -> O: 0.649 ns
        t11695 (LocalMux) I -> O: 1.099 ns
        inmux_4_23_21690_21745 (InMux) I -> O: 0.662 ns
        lc40_4_23_5 (LogicCell40) in3 -> lcout: 0.874 ns
    61.449 ns net_17812 (soc.cpu.reg_op1_SB_DFFE_Q_E)
        odrv_4_23_17812_17834 (Odrv4) I -> O: 0.649 ns
        t7277 (LocalMux) I -> O: 1.099 ns
        inmux_3_23_17850_17927 (CEMux) I -> O: 0.702 ns
    63.899 ns net_17927 (soc.cpu.reg_op1_SB_DFFE_Q_E)
        lc40_3_23_7 (LogicCell40) ce [setup]: 0.000 ns
    63.899 ns net_13983 (soc.cpu.instr_bgeu_SB_LUT4_I1_I3_SB_CARRY_CO_CI[1])

Resolvable net names on path:
     1.491 ns ..  4.550 ns iomem_wstrb[2]
     5.835 ns ..  7.596 ns soc.spimemio.softreset_SB_DFFSS_Q_D_SB_LUT4_O_I2[3]
     8.471 ns .. 11.530 ns soc.cpu.mem_xfer_SB_LUT4_O_I3_SB_LUT4_O_I2[2]
    12.762 ns .. 14.523 ns soc.ram_ready_SB_LUT4_I0_1_O_SB_LUT4_O_1_I1_SB_LUT4_O_I2[1]
    15.729 ns .. 18.788 ns soc.ram_ready_SB_LUT4_I0_I1[0]
    19.993 ns .. 21.755 ns flash_csb_SB_LUT4_I0_O_SB_LUT4_O_1_I1[1]
    22.987 ns .. 24.748 ns flash_csb_SB_LUT4_I0_O_SB_LUT4_O_1_I1_SB_LUT4_O_I3_SB_LUT4_I3_1_O[3]
    25.980 ns .. 27.741 ns soc.ram_ready_SB_LUT4_I0_1_O[2]
    28.973 ns .. 32.682 ns soc.cpu.mem_xfer_SB_LUT4_O_I3_SB_LUT4_O_I3[2]
    33.887 ns .. 37.489 ns soc.cpu.mem_xfer_SB_LUT4_O_I3[2]
    38.695 ns .. 40.456 ns soc.cpu.mem_rdata_q_SB_DFFE_Q_10_D[1]
    41.688 ns .. 45.833 ns soc.cpu.cpu_state_SB_DFF_Q_3_D_SB_LUT4_O_I2_SB_LUT4_O_I3_SB_LUT4_O_I2[1]
    47.065 ns .. 48.827 ns soc.cpu.decoder_pseudo_trigger_SB_DFFSR_Q_R_SB_LUT4_O_I3[3]
    50.111 ns .. 51.873 ns soc.cpu.instr_sll_SB_LUT4_I1_O_SB_LUT4_I1_O[2]
    52.747 ns .. 55.740 ns soc.cpu.instr_sll_SB_LUT4_I1_O_SB_LUT4_I1_O_SB_LUT4_I2_O[2]
    56.972 ns .. 60.575 ns soc.cpu.instr_sll_SB_LUT4_I1_O_SB_LUT4_I1_O_SB_LUT4_I2_O_SB_LUT4_I3_O[3]
    61.449 ns .. 63.899 ns soc.cpu.reg_op1_SB_DFFE_Q_E
                  lcout -> soc.cpu.instr_bgeu_SB_LUT4_I1_I3_SB_CARRY_CO_CI[1]

Total number of logic levels: 17
Total path delay: 63.90 ns (15.65 MHz)

