COMMAND: nextpnr-ice40 --up5k --package sg48 --json design.json --pcf icebreaker.pcf --asc design.asc --pcf-allow-unconstrained

STDOUT:


STDERR:
Info: constrained 'clk_in' to bel 'X12/Y31/io1'
Info: constrained 'ser_rx' to bel 'X13/Y0/io1'
Info: constrained 'ser_tx' to bel 'X15/Y0/io0'
Info: constrained 'flash_clk' to bel 'X24/Y0/io0'
Info: constrained 'flash_csb' to bel 'X24/Y0/io1'
Info: constrained 'flash_io0' to bel 'X23/Y0/io0'
Info: constrained 'flash_io1' to bel 'X23/Y0/io1'
Info: constrained 'flash_io2' to bel 'X18/Y0/io0'
Info: constrained 'flash_io3' to bel 'X19/Y0/io0'
Info: constrained 'P1A1' to bel 'X9/Y0/io0'
Info: constrained 'P1A2' to bel 'X8/Y0/io0'
Info: constrained 'P1A3' to bel 'X6/Y0/io0'
Info: constrained 'P1A4' to bel 'X7/Y0/io1'
Info: constrained 'P1A7' to bel 'X9/Y0/io1'
Info: constrained 'P1A8' to bel 'X7/Y0/io0'
Info: constrained 'P1A9' to bel 'X5/Y0/io0'
Info: constrained 'P1A10' to bel 'X6/Y0/io1'
Info: constrained 'led1' to bel 'X18/Y31/io0'
Info: constrained 'led2' to bel 'X18/Y31/io1'
Info: constrained 'led3' to bel 'X19/Y31/io1'
Info: constrained 'led4' to bel 'X19/Y31/io0'
Info: constrained 'led5' to bel 'X18/Y0/io1'
Info: constrained 'ledr_n' to bel 'X17/Y0/io0'
Info: constrained 'ledg_n' to bel 'X13/Y31/io0'

Info: Packing constants..
Info: Packing IOs..
Info: flash_io0 feeds SB_IO flash_io_buf[0], removing $nextpnr_iobuf flash_io0.
Info: flash_io3 feeds SB_IO flash_io_buf[3], removing $nextpnr_iobuf flash_io3.
Info: flash_io2 feeds SB_IO flash_io_buf[2], removing $nextpnr_iobuf flash_io2.
Info: flash_io1 feeds SB_IO flash_io_buf[1], removing $nextpnr_iobuf flash_io1.
Info: Packing LUT-FFs..
Info:     3105 LCs used as LUT4 only
Info:     1124 LCs used as LUT4 and DFF
Info: Packing non-LUT FFs..
Info:      600 LCs used as DFF only
Info: Packing carries..
Info:      142 LCs used as CARRY only
Info: Packing indirect carry+LUT pairs...
Info:       68 LUTs merged into carry LCs
Info: Packing RAMs..
Info: Placing PLLs..
Info:   constrained PLL 'pll' to X12/Y31/pll_3
Info: Packing special functions..
Info: Packing PLLs..
Info:   PLL 'pll' has LOCK output, need to pass all outputs via LUT
Info:   constrained 'pll_locked_SB_LUT4_I0_LC' to X1/Y30/lc0
Info: Promoting globals..
Info: promoting iomem_ready_SB_LUT4_I3_O_SB_LUT4_I1_O[1] [reset] (fanout 551)
Info: promoting soc.cpu.genblk1.genblk1.pcpi_mul.mul_counter_SB_DFFE_Q_D_SB_LUT4_O_I3[0] [reset] (fanout 85)
Info: promoting soc.cpu.genblk2.pcpi_div.dq_SB_DFFE_Q_10_D_SB_LUT4_O_I3[1] [reset] (fanout 38)
Info: promoting ser_rx_SB_LUT4_I0_I3_SB_LUT4_O_I2_SB_LUT4_O_I3_SB_CARRY_CO_I1_SB_CARRY_I1_CO_SB_LUT4_I3_O_SB_LUT4_I2_O [reset] (fanout 32)
Info: promoting resetn [cen] (fanout 215)
Info: promoting soc.gen_icache.icache_inst.state_SB_DFF_Q_1_D_SB_LUT4_O_I3_SB_LUT4_I3_O [cen] (fanout 128)
Info: promoting soc.cpu.genblk2.pcpi_div.running_SB_DFFSR_Q_D_SB_LUT4_I3_O [cen] (fanout 70)
Info: Constraining chains...
Info:       52 LCs used to legalise carry chains.
Info: Checksum: 0xd972ef35

Info: Device utilisation:
Info: 	         ICESTORM_LC:    4957/   5280    93%
Info: 	        ICESTORM_RAM:      22/     30    73%
Info: 	               SB_IO:      24/     96    25%
Info: 	               SB_GB:       8/      8   100%
Info: 	        ICESTORM_PLL:       1/      1   100%
Info: 	         SB_WARMBOOT:       0/      1     0%
Info: 	        ICESTORM_DSP:       0/      8     0%
Info: 	      ICESTORM_HFOSC:       0/      1     0%
Info: 	      ICESTORM_LFOSC:       0/      1     0%
Info: 	              SB_I2C:       0/      2     0%
Info: 	              SB_SPI:       0/      2     0%
Info: 	              IO_I3C:       0/      2     0%
Info: 	         SB_LEDDA_IP:       0/      1     0%
Info: 	         SB_RGBA_DRV:       0/      1     0%
Info: 	      ICESTORM_SPRAM:       4/      4   100%

Info: Placed 26 cells based on constraints.
Info: Creating initial analytic placement for 4250 cells, random placement wirelen = 123570.
Info:     at initial placer iter 0, wirelen = 1878
Info:     at initial placer iter 1, wirelen = 1838
Info:     at initial placer iter 2, wirelen = 1831
Info:     at initial placer iter 3, wirelen = 1885
Info: Running main analytical placer, max placement attempts per cell = 3145032.
Info:     at iteration #1, type ALL: wirelen solved = 1916, spread = 45378, legal = 51404; time = 0.15s
Info:     at iteration #2, type ALL: wirelen solved = 2940, spread = 36772, legal = 42614; time = 0.15s
Info:     at iteration #3, type ALL: wirelen solved = 4406, spread = 35707, legal = 41582; time = 0.15s
Info:     at iteration #4, type ALL: wirelen solved = 5983, spread = 33548, legal = 39295; time = 0.14s
Info:     at iteration #5, type ALL: wirelen solved = 7048, spread = 31064, legal = 37870; time = 0.14s
Info:     at iteration #6, type ALL: wirelen solved = 8077, spread = 30009, legal = 37211; time = 0.13s
Info:     at iteration #7, type ALL: wirelen solved = 9107, spread = 28522, legal = 35260; time = 0.13s
Info:     at iteration #8, type ALL: wirelen solved = 10145, spread = 27371, legal = 34883; time = 0.12s
Info:     at iteration #9, type ALL: wirelen solved = 10860, spread = 27263, legal = 33733; time = 0.12s
Info:     at iteration #10, type ALL: wirelen solved = 12080, spread = 26868, legal = 33385; time = 0.12s
Info:     at iteration #11, type ALL: wirelen solved = 12913, spread = 26193, legal = 33831; time = 0.13s
Info:     at iteration #12, type ALL: wirelen solved = 13766, spread = 25844, legal = 34287; time = 0.12s
Info:     at iteration #13, type ALL: wirelen solved = 14284, spread = 25552, legal = 33720; time = 0.14s
Info:     at iteration #14, type ALL: wirelen solved = 14572, spread = 25415, legal = 33173; time = 0.13s
Info:     at iteration #15, type ALL: wirelen solved = 14812, spread = 25433, legal = 31258; time = 0.09s
Info:     at iteration #16, type ALL: wirelen solved = 15307, spread = 25192, legal = 31633; time = 0.12s
Info:     at iteration #17, type ALL: wirelen solved = 15389, spread = 25403, legal = 32807; time = 0.12s
Info:     at iteration #18, type ALL: wirelen solved = 15949, spread = 25621, legal = 32840; time = 0.12s
Info:     at iteration #19, type ALL: wirelen solved = 16014, spread = 25657, legal = 31716; time = 0.10s
Info:     at iteration #20, type ALL: wirelen solved = 16211, spread = 25698, legal = 32023; time = 0.12s
Info: HeAP Placer Time: 3.38s
Info:   of which solving equations: 1.51s
Info:   of which spreading cells: 0.19s
Info:   of which strict legalisation: 1.04s

Info: Running simulated annealing placer for refinement.
Info:   at iteration #1: temp = 0.000000, timing cost = 1991, wirelen = 31258
Info:   at iteration #5: temp = 0.000000, timing cost = 1848, wirelen = 26988
Info:   at iteration #10: temp = 0.000000, timing cost = 1880, wirelen = 25875
Info:   at iteration #15: temp = 0.000000, timing cost = 1913, wirelen = 25126
Info:   at iteration #20: temp = 0.000000, timing cost = 1916, wirelen = 24876
Info:   at iteration #25: temp = 0.000000, timing cost = 1894, wirelen = 24789
Info:   at iteration #30: temp = 0.000000, timing cost = 1891, wirelen = 24746
Info:   at iteration #30: temp = 0.000000, timing cost = 1891, wirelen = 24746 
Info: SA placement time 5.66s

Info: Max frequency for clock 'clk': 16.67 MHz (PASS at 12.00 MHz)

Info: Max delay <async>     -> posedge clk: 38.63 ns
Info: Max delay posedge clk -> <async>    : 17.28 ns
Info: Max delay negedge clk -> <async>    : 10.79 ns

Info: Slack histogram:
Info:  legend: * represents 25 endpoint(s)
Info:          + represents [1,25) endpoint(s)
Info: [ 23334,  26178) |+
Info: [ 26178,  29022) |**+
Info: [ 29022,  31866) |*+
Info: [ 31866,  34710) |*+
Info: [ 34710,  37554) |*****+
Info: [ 37554,  40398) |**+
Info: [ 40398,  43242) |*****+
Info: [ 43242,  46086) |**+
Info: [ 46086,  48930) |****+
Info: [ 48930,  51774) |****+
Info: [ 51774,  54618) |*******+
Info: [ 54618,  57462) |*******+
Info: [ 57462,  60306) |*******+
Info: [ 60306,  63150) |***********+
Info: [ 63150,  65994) |***********************+
Info: [ 65994,  68838) |****************************************+
Info: [ 68838,  71682) |*************************+
Info: [ 71682,  74526) |**************************+
Info: [ 74526,  77370) |***********************************+
Info: [ 77370,  80214) |************************************************************ 
Info: Checksum: 0xa8ef6f9c

Info: Routing..
Info: Setting up routing queue.
Info: Routing 17120 arcs.
Info:            |   (re-)routed arcs  |   delta    | remaining|       time spent     |
Info:    IterCnt |  w/ripup   wo/ripup |  w/r  wo/r |      arcs| batch(sec) total(sec)|
Info:       1000 |       87        912 |   87   912 |     16227|       0.43       0.43|
Info:       2000 |      169       1830 |   82   918 |     15335|       0.37       0.79|
Info:       3000 |      411       2588 |  242   758 |     14631|       0.18       0.97|
Info:       4000 |      716       3283 |  305   695 |     13975|       0.13       1.10|
Info:       5000 |     1036       3963 |  320   680 |     13412|       0.20       1.30|
Info:       6000 |     1319       4680 |  283   717 |     12791|       0.22       1.52|
Info:       7000 |     1622       5377 |  303   697 |     12210|       0.30       1.82|
Info:       8000 |     1890       6109 |  268   732 |     11616|       0.34       2.17|
Info:       9000 |     2169       6759 |  279   650 |     11076|       0.29       2.46|
Info:      10000 |     2508       7418 |  339   659 |     10606|       0.35       2.80|
Info:      11000 |     2889       8037 |  381   619 |     10290|       0.36       3.17|
Info:      12000 |     3275       8651 |  386   614 |     10061|       0.50       3.67|
Info:      13000 |     3659       9240 |  384   589 |      9781|       0.38       4.05|
Info:      14000 |     4080       9818 |  421   578 |      9566|       0.41       4.46|
Info:      15000 |     4528      10370 |  448   552 |      9435|       0.39       4.85|
Info:      16000 |     4958      10884 |  430   514 |      9144|       0.31       5.16|
Info:      17000 |     5426      11416 |  468   532 |      8985|       0.45       5.61|
Info:      18000 |     5947      11872 |  521   456 |      8860|       0.50       6.11|
Info:      19000 |     6435      12381 |  488   509 |      8685|       0.40       6.52|
Info:      20000 |     6913      12903 |  478   522 |      8495|       0.37       6.88|
Info:      21000 |     7399      13391 |  486   488 |      8288|       0.43       7.31|
Info:      22000 |     7905      13885 |  506   494 |      8052|       0.40       7.71|
Info:      23000 |     8423      14342 |  518   457 |      7973|       0.39       8.11|
Info:      24000 |     8966      14774 |  543   432 |      7857|       0.40       8.51|
Info:      25000 |     9430      15286 |  464   512 |      7717|       0.42       8.94|
Info:      26000 |     9922      15788 |  492   502 |      7488|       0.41       9.34|
Info:      27000 |    10454      16255 |  532   467 |      7329|       0.40       9.74|
Info:      28000 |    10943      16741 |  489   486 |      7180|       0.52      10.26|
Info:      29000 |    11443      17213 |  500   472 |      7020|       0.41      10.67|
Info:      30000 |    11882      17718 |  439   505 |      6723|       0.41      11.09|
Info:      31000 |    12385      18206 |  503   488 |      6576|       1.09      12.17|
Info:      32000 |    12855      18736 |  470   530 |      6439|       0.38      12.56|
Info:      33000 |    13415      19176 |  560   440 |      6423|       0.37      12.93|
Info:      34000 |    13916      19674 |  501   498 |      6272|       0.41      13.34|
Info:      35000 |    14437      20135 |  521   461 |      6076|       0.40      13.74|
Info:      36000 |    15010      20561 |  573   426 |      6014|       0.41      14.15|
Info:      37000 |    15477      21067 |  467   506 |      5771|       0.38      14.54|
Info:      38000 |    16010      21534 |  533   467 |      5614|       0.46      15.00|
Info:      39000 |    16447      22097 |  437   563 |      5500|       0.34      15.34|
Info:      40000 |    16944      22600 |  497   503 |      5392|       0.44      15.78|
Info:      41000 |    17564      22977 |  620   377 |      5319|       0.42      16.19|
Info:      42000 |    18125      23413 |  561   436 |      5267|       0.42      16.61|
Info:      43000 |    18685      23825 |  560   412 |      5172|       0.54      17.15|
Info:      44000 |    19303      24207 |  618   382 |      5174|       0.48      17.63|
Info:      45000 |    19883      24627 |  580   420 |      5132|       0.45      18.08|
Info:      46000 |    20415      25095 |  532   468 |      4962|       0.41      18.49|
Info:      47000 |    20944      25563 |  529   468 |      4904|       0.38      18.87|
Info:      48000 |    21510      25995 |  566   432 |      4823|       0.54      19.41|
Info:      49000 |    22087      26410 |  577   415 |      4673|       0.45      19.86|
Info:      50000 |    22664      26832 |  577   422 |      4532|       0.44      20.30|
Info:      51000 |    23227      27269 |  563   437 |      4548|       0.52      20.81|
Info:      52000 |    23778      27718 |  551   449 |      4476|       0.54      21.35|
Info:      53000 |    24328      28167 |  550   449 |      4298|       0.39      21.74|
Info:      54000 |    24879      28616 |  551   449 |      4172|       0.48      22.22|
Info:      55000 |    25428      29067 |  549   451 |      4027|       0.48      22.70|
Info:      56000 |    25968      29527 |  540   460 |      4038|       0.59      23.29|
Info:      57000 |    26456      29985 |  488   458 |      3760|       0.42      23.71|
Info:      58000 |    27080      30356 |  624   371 |      3703|       0.40      24.11|
Info:      59000 |    27667      30766 |  587   410 |      3623|       0.45      24.56|
Info:      60000 |    28249      31178 |  582   412 |      3509|       0.44      25.00|
Info:      61000 |    28787      31640 |  538   462 |      3498|       0.42      25.42|
Info:      62000 |    29344      32083 |  557   443 |      3373|       0.47      25.89|
Info:      63000 |    29903      32521 |  559   438 |      3230|       0.42      26.30|
Info:      64000 |    30420      33001 |  517   480 |      3095|       0.40      26.70|
Info:      65000 |    31017      33399 |  597   398 |      2962|       0.63      27.33|
Info:      66000 |    31613      33800 |  596   401 |      2931|       0.58      27.91|
Info:      67000 |    32249      34160 |  636   360 |      2854|       0.45      28.36|
Info:      68000 |    32765      34644 |  516   484 |      2738|       0.42      28.78|
Info:      69000 |    33299      35109 |  534   465 |      2545|       0.50      29.28|
Info:      70000 |    33857      35549 |  558   440 |      2460|       0.66      29.94|
Info:      71000 |    34365      36039 |  508   490 |      2368|       0.46      30.40|
Info:      72000 |    35043      36361 |  678   322 |      2433|       0.64      31.04|
Info:      73000 |    35646      36758 |  603   397 |      2411|       0.63      31.67|
Info:      74000 |    36268      37136 |  622   378 |      2450|       0.55      32.23|
Info:      75000 |    36825      37579 |  557   443 |      2401|       0.52      32.74|
Info:      76000 |    37446      37958 |  621   379 |      2344|       0.65      33.39|
Info:      77000 |    38047      38356 |  601   398 |      2242|       0.50      33.89|
Info:      78000 |    38650      38751 |  603   395 |      2124|       0.49      34.38|
Info:      79000 |    39268      39133 |  618   382 |      2087|       0.55      34.93|
Info:      80000 |    39760      39631 |  492   498 |      1904|       0.45      35.38|
Info:      81000 |    40295      40095 |  535   464 |      1780|       0.54      35.92|
Info:      82000 |    40807      40576 |  512   481 |      1593|       0.44      36.36|
Info:      83000 |    41326      41044 |  519   468 |      1404|       0.39      36.75|
Info:      84000 |    41712      41658 |  386   614 |       934|       0.21      36.96|
Info:      85000 |    42195      42175 |  483   517 |       656|       0.66      37.61|
Info:      86000 |    42622      42748 |  427   573 |       306|       0.94      38.56|
Info:      87000 |    43098      43272 |  476   524 |        55|       0.78      39.34|
Info:      87294 |    43262      43403 |  164   131 |         0|       0.21      39.55|
Info: Routing complete.
Info: Router1 time 39.55s
Info: Checksum: 0x8ca53577

Info: Critical path report for clock 'clk' (posedge -> posedge):
Info:       type curr  total name
Info:   clk-to-q  1.39  1.39 Source soc.cpu.mem_addr_SB_DFFE_Q_22_DFFLC.O
Info:    routing  4.35  5.74 Net iomem_addr[9] (22,24) -> (22,9)
Info:                          Sink soc.spimemio.rd_valid_SB_LUT4_I3_O_SB_LUT4_I2_O_SB_LUT4_I2_O_SB_LUT4_O_1_I0_SB_LUT4_O_1_I2_SB_LUT4_O_1_I1_SB_LUT4_O_1_LC.I2
Info:                          Defined in:
Info:                               /home/ed667/oss-cad-suite/lib/../share/yosys/ice40/cells_map.v:6.21-6.22
Info:      logic  1.21  6.95 Source soc.spimemio.rd_valid_SB_LUT4_I3_O_SB_LUT4_I2_O_SB_LUT4_I2_O_SB_LUT4_O_1_I0_SB_LUT4_O_1_I2_SB_LUT4_O_1_I1_SB_LUT4_O_1_LC.O
Info:    routing  1.76  8.71 Net soc.spimemio.rd_valid_SB_LUT4_I3_O_SB_LUT4_I2_O_SB_LUT4_I2_O_SB_LUT4_O_1_I0_SB_LUT4_O_1_I2_SB_LUT4_O_1_I1[1] (22,9) -> (23,10)
Info:                          Sink soc.spimemio.rd_valid_SB_LUT4_I3_O_SB_LUT4_I2_O_SB_LUT4_I2_O_SB_LUT4_O_1_I0_SB_LUT4_O_1_I2_SB_LUT4_O_1_LC.I2
Info:                          Defined in:
Info:                               /home/ed667/oss-cad-suite/lib/../share/yosys/ice40/cells_map.v:6.21-6.22
Info:      logic  1.21  9.91 Source soc.spimemio.rd_valid_SB_LUT4_I3_O_SB_LUT4_I2_O_SB_LUT4_I2_O_SB_LUT4_O_1_I0_SB_LUT4_O_1_I2_SB_LUT4_O_1_LC.O
Info:    routing  1.76  11.68 Net soc.spimemio.rd_valid_SB_LUT4_I3_O_SB_LUT4_I2_O_SB_LUT4_I2_O_SB_LUT4_O_1_I0_SB_LUT4_O_1_I2[3] (23,10) -> (23,10)
Info:                          Sink soc.spimemio.rd_valid_SB_LUT4_I3_O_SB_LUT4_I2_O_SB_LUT4_I2_O_SB_LUT4_O_1_I0_SB_LUT4_O_1_LC.I3
Info:                          Defined in:
Info:                               /home/ed667/oss-cad-suite/lib/../share/yosys/ice40/cells_map.v:6.21-6.22
Info:      logic  0.87  12.55 Source soc.spimemio.rd_valid_SB_LUT4_I3_O_SB_LUT4_I2_O_SB_LUT4_I2_O_SB_LUT4_O_1_I0_SB_LUT4_O_1_LC.O
Info:    routing  1.76  14.31 Net soc.spimemio.rd_valid_SB_LUT4_I3_O_SB_LUT4_I2_O_SB_LUT4_I2_O_SB_LUT4_O_1_I0[1] (23,10) -> (22,10)
Info:                          Sink soc.spimemio.rd_valid_SB_LUT4_I3_O_SB_LUT4_I2_O_SB_LUT4_I2_O_SB_LUT4_O_1_LC.I1
Info:                          Defined in:
Info:                               /home/ed667/oss-cad-suite/lib/../share/yosys/ice40/cells_map.v:6.21-6.22
Info:      logic  1.23  15.54 Source soc.spimemio.rd_valid_SB_LUT4_I3_O_SB_LUT4_I2_O_SB_LUT4_I2_O_SB_LUT4_O_1_LC.O
Info:    routing  1.76  17.30 Net soc.spimemio.rd_valid_SB_LUT4_I3_O_SB_LUT4_I2_O_SB_LUT4_I2_O[2] (22,10) -> (22,10)
Info:                          Sink soc.spimemio.rd_valid_SB_LUT4_I3_O_SB_LUT4_I2_O_SB_LUT4_I2_O_SB_LUT4_I0_LC.I2
Info:                          Defined in:
Info:                               /home/ed667/oss-cad-suite/lib/../share/yosys/ice40/cells_map.v:6.21-6.22
Info:      logic  1.21  18.51 Source soc.spimemio.rd_valid_SB_LUT4_I3_O_SB_LUT4_I2_O_SB_LUT4_I2_O_SB_LUT4_I0_LC.O
Info:    routing  1.76  20.27 Net soc.spimemio.rd_valid_SB_LUT4_I3_O_SB_LUT4_I2_O_SB_LUT4_I2_O_SB_LUT4_I0_O[0] (22,10) -> (21,11)
Info:                          Sink soc.ram_ready_SB_LUT4_I1_1_O_SB_LUT4_O_LC.I1
Info:                          Defined in:
Info:                               /home/ed667/oss-cad-suite/lib/../share/yosys/ice40/cells_map.v:6.21-6.22
Info:      logic  1.23  21.50 Source soc.ram_ready_SB_LUT4_I1_1_O_SB_LUT4_O_LC.O
Info:    routing  1.76  23.26 Net flash_clk_SB_LUT4_I0_O[0] (21,11) -> (21,12)
Info:                          Sink soc.cpu.mem_instr_SB_LUT4_I1_O_SB_LUT4_I2_I3_SB_LUT4_O_LC.I1
Info:                          Defined in:
Info:                               /home/ed667/oss-cad-suite/lib/../share/yosys/ice40/cells_map.v:6.21-6.22
Info:      logic  1.23  24.49 Source soc.cpu.mem_instr_SB_LUT4_I1_O_SB_LUT4_I2_I3_SB_LUT4_O_LC.O
Info:    routing  2.99  27.48 Net soc.cpu.mem_instr_SB_LUT4_I1_O_SB_LUT4_I2_I3[2] (21,12) -> (21,18)
Info:                          Sink soc.cpu.mem_instr_SB_LUT4_I1_O_SB_LUT4_I2_LC.I3
Info:                          Defined in:
Info:                               /home/ed667/oss-cad-suite/lib/../share/yosys/ice40/cells_map.v:6.21-6.22
Info:      logic  0.87  28.36 Source soc.cpu.mem_instr_SB_LUT4_I1_O_SB_LUT4_I2_LC.O
Info:    routing  2.95  31.31 Net soc.cpu.mem_instr_SB_LUT4_I1_O_SB_LUT4_I2_O[1] (21,18) -> (18,21)
Info:                          Sink soc.cpu.mem_xfer_SB_LUT4_O_LC.I2
Info:                          Defined in:
Info:                               /home/ed667/oss-cad-suite/lib/../share/yosys/ice40/cells_map.v:6.21-6.22
Info:      logic  1.21  32.51 Source soc.cpu.mem_xfer_SB_LUT4_O_LC.O
Info:    routing  2.95  35.47 Net soc.cpu.mem_rdata_q_SB_DFFE_Q_12_D[1] (18,21) -> (18,25)
Info:                          Sink soc.cpu.mem_state_SB_DFFESR_Q_D_SB_LUT4_O_I3_SB_LUT4_I1_LC.I3
Info:                          Defined in:
Info:                               /home/ed667/oss-cad-suite/lib/../share/yosys/ice40/cells_map.v:6.21-6.22
Info:      logic  0.87  36.34 Source soc.cpu.mem_state_SB_DFFESR_Q_D_SB_LUT4_O_I3_SB_LUT4_I1_LC.O
Info:    routing  1.76  38.10 Net soc.cpu.mem_state_SB_DFFESR_Q_D_SB_LUT4_O_I3_SB_LUT4_I1_O[3] (18,25) -> (17,26)
Info:                          Sink soc.cpu.cpu_state_SB_DFF_Q_3_D_SB_LUT4_O_I2_SB_LUT4_O_I3_SB_LUT4_O_LC.I3
Info:                          Defined in:
Info:                               /home/ed667/oss-cad-suite/lib/../share/yosys/ice40/cells_map.v:6.21-6.22
Info:      logic  0.87  38.97 Source soc.cpu.cpu_state_SB_DFF_Q_3_D_SB_LUT4_O_I2_SB_LUT4_O_I3_SB_LUT4_O_LC.O
Info:    routing  4.04  43.01 Net soc.cpu.cpu_state_SB_DFF_Q_3_D_SB_LUT4_O_I2_SB_LUT4_O_I3[1] (17,26) -> (8,27)
Info:                          Sink soc.cpu.cpu_state_SB_DFF_Q_3_D_SB_LUT4_O_I2_SB_LUT4_O_I3_SB_LUT4_I3_1_LC.I3
Info:                          Defined in:
Info:                               /home/ed667/oss-cad-suite/lib/../share/yosys/ice40/cells_map.v:6.21-6.22
Info:      logic  0.87  43.89 Source soc.cpu.cpu_state_SB_DFF_Q_3_D_SB_LUT4_O_I2_SB_LUT4_O_I3_SB_LUT4_I3_1_LC.O
Info:    routing  1.76  45.65 Net soc.cpu.cpu_state_SB_DFF_Q_2_D_SB_LUT4_O_I2[2] (8,27) -> (7,28)
Info:                          Sink soc.cpu.cpu_state_SB_DFF_Q_3_D_SB_LUT4_O_I2_SB_LUT4_O_I3_SB_LUT4_I3_1_O_SB_LUT4_I3_LC.I3
Info:                          Defined in:
Info:                               /home/ed667/oss-cad-suite/lib/../share/yosys/ice40/cells_map.v:6.21-6.22
Info:      logic  0.87  46.52 Source soc.cpu.cpu_state_SB_DFF_Q_3_D_SB_LUT4_O_I2_SB_LUT4_O_I3_SB_LUT4_I3_1_O_SB_LUT4_I3_LC.O
Info:    routing  3.70  50.23 Net soc.cpu.instr_sb_SB_LUT4_I1_I2[2] (7,28) -> (7,20)
Info:                          Sink soc.cpu.instr_sll_SB_LUT4_I1_O_SB_LUT4_I2_O_SB_LUT4_I2_LC.I3
Info:                          Defined in:
Info:                               /home/ed667/oss-cad-suite/lib/../share/yosys/ice40/cells_map.v:6.21-6.22
Info:      logic  0.87  51.10 Source soc.cpu.instr_sll_SB_LUT4_I1_O_SB_LUT4_I2_O_SB_LUT4_I2_LC.O
Info:    routing  1.76  52.86 Net soc.cpu.instr_sll_SB_LUT4_I1_O_SB_LUT4_I2_O_SB_LUT4_I2_O[1] (7,20) -> (7,19)
Info:                          Sink soc.cpu.instr_sll_SB_LUT4_I1_O_SB_LUT4_I2_O_SB_LUT4_I2_O_SB_LUT4_I2_LC.I2
Info:                          Defined in:
Info:                               /home/ed667/oss-cad-suite/lib/../share/yosys/ice40/cells_map.v:6.21-6.22
Info:      logic  1.21  54.07 Source soc.cpu.instr_sll_SB_LUT4_I1_O_SB_LUT4_I2_O_SB_LUT4_I2_O_SB_LUT4_I2_LC.O
Info:    routing  2.99  57.06 Net soc.cpu.instr_sll_SB_LUT4_I1_O_SB_LUT4_I2_O_SB_LUT4_I2_O_SB_LUT4_I2_O[3] (7,19) -> (7,24)
Info:                          Sink soc.cpu.reg_op1_SB_DFFE_Q_E_SB_LUT4_O_LC.I3
Info:                          Defined in:
Info:                               /home/ed667/oss-cad-suite/lib/../share/yosys/ice40/cells_map.v:6.21-6.22
Info:      logic  0.87  57.93 Source soc.cpu.reg_op1_SB_DFFE_Q_E_SB_LUT4_O_LC.O
Info:    routing  2.34  60.28 Net soc.cpu.reg_op1_SB_DFFE_Q_E (7,24) -> (7,24)
Info:                          Sink soc.cpu.reg_op1_SB_DFFE_Q_D_SB_LUT4_O_LC.CEN
Info:      setup  0.10  60.38 Source soc.cpu.reg_op1_SB_DFFE_Q_D_SB_LUT4_O_LC.CEN
Info: 18.20 ns logic, 42.18 ns routing

Info: Critical path report for cross-domain path '<async>' -> 'posedge clk':
Info:       type curr  total name
Info:     source  0.00  0.00 Source flash_io_buf[3].D_IN_0
Info:    routing  4.25  4.25 Net flash_io3_di (19,0) -> (20,10)
Info:                          Sink flash_io3_di_SB_LUT4_I0_LC.I0
Info:                          Defined in:
Info:                               picosoc.v:153.14-153.32
Info:      logic  1.28  5.53 Source flash_io3_di_SB_LUT4_I0_LC.O
Info:    routing  1.76  7.29 Net flash_io3_di_SB_LUT4_I0_O[1] (20,10) -> (20,10)
Info:                          Sink flash_io3_di_SB_LUT4_I0_O_SB_LUT4_I1_LC.I1
Info:                          Defined in:
Info:                               /home/ed667/oss-cad-suite/lib/../share/yosys/ice40/cells_map.v:6.21-6.22
Info:      logic  1.23  8.52 Source flash_io3_di_SB_LUT4_I0_O_SB_LUT4_I1_LC.O
Info:    routing  2.30  10.83 Net flash_io3_di_SB_LUT4_I0_O_SB_LUT4_I1_O[3] (20,10) -> (18,10)
Info:                          Sink soc.gen_icache.icache_inst.miss_rdata_SB_DFFESR_Q_28_D_SB_LUT4_O_I1_SB_LUT4_O_2_LC.I3
Info:                          Defined in:
Info:                               /home/ed667/oss-cad-suite/lib/../share/yosys/ice40/cells_map.v:6.21-6.22
Info:      logic  0.87  11.70 Source soc.gen_icache.icache_inst.miss_rdata_SB_DFFESR_Q_28_D_SB_LUT4_O_I1_SB_LUT4_O_2_LC.O
Info:    routing  2.99  14.69 Net soc.gen_icache.icache_inst.miss_rdata_SB_DFFESR_Q_28_D_SB_LUT4_O_I1[3] (18,10) -> (18,15)
Info:                          Sink soc.gen_icache.icache_inst.data_array.0.1_RDATA_SB_LUT4_I0_O_SB_LUT4_O_1_LC.I3
Info:                          Defined in:
Info:                               /home/ed667/oss-cad-suite/lib/../share/yosys/ice40/cells_map.v:6.21-6.22
Info:      logic  0.87  15.57 Source soc.gen_icache.icache_inst.data_array.0.1_RDATA_SB_LUT4_I0_O_SB_LUT4_O_1_LC.O
Info:    routing  1.76  17.33 Net soc.gen_icache.icache_inst.data_array.0.1_RDATA_SB_LUT4_I0_O[3] (18,15) -> (18,16)
Info:                          Sink soc.cpu.mem_rdata_q_SB_DFFE_Q_28_D_SB_LUT4_O_LC.I3
Info:                          Defined in:
Info:                               /home/ed667/oss-cad-suite/lib/../share/yosys/ice40/cells_map.v:6.21-6.22
Info:      logic  0.87  18.20 Source soc.cpu.mem_rdata_q_SB_DFFE_Q_28_D_SB_LUT4_O_LC.O
Info:    routing  2.99  21.19 Net soc.cpu.mem_rdata_q_SB_DFFE_Q_28_D[2] (18,16) -> (18,21)
Info:                          Sink soc.cpu.mem_rdata_q_SB_DFFE_Q_28_D_SB_LUT4_I3_LC.I3
Info:                          Defined in:
Info:                               /home/ed667/oss-cad-suite/lib/../share/yosys/ice40/cells_map.v:6.21-6.22
Info:      logic  0.87  22.07 Source soc.cpu.mem_rdata_q_SB_DFFE_Q_28_D_SB_LUT4_I3_LC.O
Info:    routing  1.76  23.83 Net soc.cpu.instr_jalr_SB_DFFE_Q_D_SB_LUT4_O_I3[0] (18,21) -> (18,22)
Info:                          Sink soc.cpu.is_lb_lh_lw_lbu_lhu_SB_DFFE_Q_D_SB_LUT4_O_I2_SB_LUT4_O_LC.I2
Info:                          Defined in:
Info:                               /home/ed667/oss-cad-suite/lib/../share/yosys/ice40/cells_map.v:6.21-6.22
Info:      logic  1.21  25.03 Source soc.cpu.is_lb_lh_lw_lbu_lhu_SB_DFFE_Q_D_SB_LUT4_O_I2_SB_LUT4_O_LC.O
Info:    routing  1.76  26.80 Net soc.cpu.is_lb_lh_lw_lbu_lhu_SB_DFFE_Q_D_SB_LUT4_O_I2[1] (18,22) -> (18,23)
Info:                          Sink soc.cpu.is_lb_lh_lw_lbu_lhu_SB_DFFE_Q_D_SB_LUT4_O_I2_SB_LUT4_I1_LC.I1
Info:                          Defined in:
Info:                               /home/ed667/oss-cad-suite/lib/../share/yosys/ice40/cells_map.v:6.21-6.22
Info:      logic  1.23  28.03 Source soc.cpu.is_lb_lh_lw_lbu_lhu_SB_DFFE_Q_D_SB_LUT4_O_I2_SB_LUT4_I1_LC.O
Info:    routing  2.41  30.44 Net soc.cpu.decoded_imm_j_SB_DFFE_Q_13_D[3] (18,23) -> (17,25)
Info:                          Sink soc.gen_icache.icache_inst.data_array.0.8_RDATA_1_SB_LUT4_I0_O_SB_LUT4_I1_O_SB_LUT4_I3_O_SB_LUT4_O_1_LC.I3
Info:                          Defined in:
Info:                               /home/ed667/oss-cad-suite/lib/../share/yosys/ice40/cells_map.v:6.21-6.22
Info:      logic  0.87  31.31 Source soc.gen_icache.icache_inst.data_array.0.8_RDATA_1_SB_LUT4_I0_O_SB_LUT4_I1_O_SB_LUT4_I3_O_SB_LUT4_O_1_LC.O
Info:    routing  1.76  33.07 Net soc.gen_icache.icache_inst.data_array.0.8_RDATA_1_SB_LUT4_I0_O_SB_LUT4_I1_O_SB_LUT4_I3_O[3] (17,25) -> (16,25)
Info:                          Sink soc.cpu.cpuregs.regs.1.0_RADDR_1_SB_LUT4_O_LC.I3
Info:                          Defined in:
Info:                               /home/ed667/oss-cad-suite/lib/../share/yosys/ice40/cells_map.v:6.21-6.22
Info:      logic  0.87  33.94 Source soc.cpu.cpuregs.regs.1.0_RADDR_1_SB_LUT4_O_LC.O
Info:    routing  4.04  37.98 Net soc.cpu.cpuregs.regs.1.0_RADDR_1 (16,25) -> (6,23)
Info:                          Sink soc.cpu.cpuregs.regs.1.0_RAM.RADDR_1
Info:      setup  0.10  38.08 Source soc.cpu.cpuregs.regs.1.0_RAM.RADDR_1
Info: 10.30 ns logic, 27.79 ns routing

Info: Critical path report for cross-domain path 'posedge clk' -> '<async>':
Info:       type curr  total name
Info:   clk-to-q  1.39  1.39 Source soc.spimemio.config_en_SB_DFFESS_Q_DFFLC.O
Info:    routing  5.54  6.93 Net flash_csb_SB_LUT4_I0_I2[0] (16,16) -> (21,1)
Info:                          Sink soc.spimemio.xfer.xfer_rd_SB_LUT4_I2_LC.I1
Info:                          Defined in:
Info:                               picosoc.v:153.14-153.32
Info:      logic  1.23  8.16 Source soc.spimemio.xfer.xfer_rd_SB_LUT4_I2_LC.O
Info:    routing  1.76  9.93 Net soc.spimemio.xfer.xfer_rd_SB_LUT4_I2_O[1] (21,1) -> (20,1)
Info:                          Sink soc.spimemio.xfer.xfer_rd_SB_LUT4_I2_O_SB_LUT4_I3_LC.I3
Info:                          Defined in:
Info:                               /home/ed667/oss-cad-suite/lib/../share/yosys/ice40/cells_map.v:6.21-6.22
Info:      logic  0.87  10.80 Source soc.spimemio.xfer.xfer_rd_SB_LUT4_I2_O_SB_LUT4_I3_LC.O
Info:    routing  2.30  13.10 Net soc.spimemio.xfer.xfer_rd_SB_LUT4_I2_O_SB_LUT4_I3_O[1] (20,1) -> (18,1)
Info:                          Sink flash_io1_oe_SB_LUT4_O_LC.I3
Info:                          Defined in:
Info:                               /home/ed667/oss-cad-suite/lib/../share/yosys/ice40/cells_map.v:6.21-6.22
Info:      logic  0.87  13.98 Source flash_io1_oe_SB_LUT4_O_LC.O
Info:    routing  3.49  17.47 Net flash_io1_oe (18,1) -> (23,0)
Info:                          Sink flash_io_buf[1].OUTPUT_ENABLE
Info:                          Defined in:
Info:                               picosoc.v:153.14-153.32
Info: 4.37 ns logic, 13.10 ns routing

Info: Critical path report for cross-domain path 'negedge clk' -> '<async>':
Info:       type curr  total name
Info:   clk-to-q  1.39  1.39 Source soc.spimemio.xfer_io1_90_SB_DFFN_Q_DFFLC.O
Info:    routing  1.76  3.15 Net soc.spimemio.xfer_io1_90 (22,3) -> (22,3)
Info:                          Sink soc.spimemio.xfer_io1_90_SB_LUT4_I2_LC.I2
Info:                          Defined in:
Info:                               /home/ed667/oss-cad-suite/lib/../share/yosys/ice40/cells_map.v:6.21-6.22
Info:      logic  1.21  4.36 Source soc.spimemio.xfer_io1_90_SB_LUT4_I2_LC.O
Info:    routing  2.41  6.76 Net flash_io1_do_SB_LUT4_O_I3[2] (22,3) -> (21,1)
Info:                          Sink flash_io1_do_SB_LUT4_O_LC.I3
Info:                          Defined in:
Info:                               /home/ed667/oss-cad-suite/lib/../share/yosys/ice40/cells_map.v:6.21-6.22
Info:      logic  0.87  7.64 Source flash_io1_do_SB_LUT4_O_LC.O
Info:    routing  2.95  10.59 Net flash_io1_do (21,1) -> (23,0)
Info:                          Sink flash_io_buf[1].D_OUT_0
Info:                          Defined in:
Info:                               spimemio.v:37.9-37.21
Info: 3.47 ns logic, 7.12 ns routing

Info: Max frequency for clock 'clk': 16.56 MHz (PASS at 12.00 MHz)

Info: Max delay <async>     -> posedge clk: 38.08 ns
Info: Max delay posedge clk -> <async>    : 17.47 ns
Info: Max delay negedge clk -> <async>    : 10.59 ns

Info: Slack histogram:
Info:  legend: * represents 21 endpoint(s)
Info:          + represents [1,21) endpoint(s)
Info: [ 22957,  25814) |+
Info: [ 25814,  28671) |**+
Info: [ 28671,  31528) |*+
Info: [ 31528,  34385) |**+
Info: [ 34385,  37242) |**+
Info: [ 37242,  40099) |*+
Info: [ 40099,  42956) |*****+
Info: [ 42956,  45813) |**********+
Info: [ 45813,  48670) |*******+
Info: [ 48670,  51527) |******+
Info: [ 51527,  54384) |********+
Info: [ 54384,  57241) |*********+
Info: [ 57241,  60098) |********+
Info: [ 60098,  62955) |****************+
Info: [ 62955,  65812) |******************+
Info: [ 65812,  68669) |******************************+
Info: [ 68669,  71526) |***********************************************************+
Info: [ 71526,  74383) |****************************+
Info: [ 74383,  77240) |*********************************************************+
Info: [ 77240,  80097) |************************************************************ 

Info: Program finished normally.
