COMMAND: nextpnr-ice40 --up5k --package sg48 --json design.json --pcf icebreaker.pcf --asc design.asc --pcf-allow-unconstrained

STDOUT:


STDERR:
Info: constrained 'clk_in' to bel 'X12/Y31/io1'
Info: constrained 'ser_rx' to bel 'X13/Y0/io1'
Info: constrained 'ser_tx' to bel 'X15/Y0/io0'
Info: constrained 'flash_clk' to bel 'X24/Y0/io0'
Info: constrained 'flash_csb' to bel 'X24/Y0/io1'
Info: constrained 'flash_io0' to bel 'X23/Y0/io0'
Info: constrained 'flash_io1' to bel 'X23/Y0/io1'
Info: constrained 'flash_io2' to bel 'X18/Y0/io0'
Info: constrained 'flash_io3' to bel 'X19/Y0/io0'
Info: constrained 'P1A1' to bel 'X9/Y0/io0'
Info: constrained 'P1A2' to bel 'X8/Y0/io0'
Info: constrained 'P1A3' to bel 'X6/Y0/io0'
Info: constrained 'P1A4' to bel 'X7/Y0/io1'
Info: constrained 'P1A7' to bel 'X9/Y0/io1'
Info: constrained 'P1A8' to bel 'X7/Y0/io0'
Info: constrained 'P1A9' to bel 'X5/Y0/io0'
Info: constrained 'P1A10' to bel 'X6/Y0/io1'
Info: constrained 'led1' to bel 'X18/Y31/io0'
Info: constrained 'led2' to bel 'X18/Y31/io1'
Info: constrained 'led3' to bel 'X19/Y31/io1'
Info: constrained 'led4' to bel 'X19/Y31/io0'
Info: constrained 'led5' to bel 'X18/Y0/io1'
Info: constrained 'ledr_n' to bel 'X17/Y0/io0'
Info: constrained 'ledg_n' to bel 'X13/Y31/io0'

Info: Packing constants..
Info: Packing IOs..
Info: flash_io3 feeds SB_IO flash_io_buf[3], removing $nextpnr_iobuf flash_io3.
Info: flash_io2 feeds SB_IO flash_io_buf[2], removing $nextpnr_iobuf flash_io2.
Info: flash_io1 feeds SB_IO flash_io_buf[1], removing $nextpnr_iobuf flash_io1.
Info: flash_io0 feeds SB_IO flash_io_buf[0], removing $nextpnr_iobuf flash_io0.
Info: Packing LUT-FFs..
Info:     3045 LCs used as LUT4 only
Info:     1084 LCs used as LUT4 and DFF
Info: Packing non-LUT FFs..
Info:      601 LCs used as DFF only
Info: Packing carries..
Info:      140 LCs used as CARRY only
Info: Packing indirect carry+LUT pairs...
Info:       67 LUTs merged into carry LCs
Info: Packing RAMs..
Info: Placing PLLs..
Info:   constrained PLL 'pll' to X12/Y31/pll_3
Info: Packing special functions..
Info: Packing PLLs..
Info:   PLL 'pll' has LOCK output, need to pass all outputs via LUT
Info:   constrained 'pll_locked_SB_LUT4_I0_LC' to X1/Y30/lc0
Info: Promoting globals..
Info: promoting iomem_ready_SB_DFFE_Q_D_SB_LUT4_I3_1_O[2] [reset] (fanout 549)
Info: promoting soc.cpu.genblk1.genblk1.pcpi_mul.mul_counter_SB_DFFE_Q_D_SB_LUT4_O_I3[0] [reset] (fanout 85)
Info: promoting soc.cpu.genblk2.pcpi_div.dq_SB_DFFE_Q_10_D_SB_LUT4_O_I3[1] [reset] (fanout 38)
Info: promoting soc.simpleuart.send_dummy_SB_LUT4_I2_I3_SB_LUT4_I0_O [reset] (fanout 32)
Info: promoting resetn [cen] (fanout 215)
Info: promoting soc.gen_icache.icache_inst.state_SB_DFF_Q_1_D_SB_LUT4_O_I3_SB_LUT4_I3_1_O [cen] (fanout 128)
Info: promoting soc.cpu.genblk2.pcpi_div.running_SB_DFFSR_Q_D_SB_LUT4_I3_O [cen] (fanout 70)
Info: Constraining chains...
Info:       52 LCs used to legalise carry chains.
Info: Checksum: 0x43d8e3ad

Info: Device utilisation:
Info: 	         ICESTORM_LC:    4857/   5280    91%
Info: 	        ICESTORM_RAM:      22/     30    73%
Info: 	               SB_IO:      24/     96    25%
Info: 	               SB_GB:       8/      8   100%
Info: 	        ICESTORM_PLL:       1/      1   100%
Info: 	         SB_WARMBOOT:       0/      1     0%
Info: 	        ICESTORM_DSP:       0/      8     0%
Info: 	      ICESTORM_HFOSC:       0/      1     0%
Info: 	      ICESTORM_LFOSC:       0/      1     0%
Info: 	              SB_I2C:       0/      2     0%
Info: 	              SB_SPI:       0/      2     0%
Info: 	              IO_I3C:       0/      2     0%
Info: 	         SB_LEDDA_IP:       0/      1     0%
Info: 	         SB_RGBA_DRV:       0/      1     0%
Info: 	      ICESTORM_SPRAM:       4/      4   100%

Info: Placed 26 cells based on constraints.
Info: Creating initial analytic placement for 4155 cells, random placement wirelen = 119922.
Info:     at initial placer iter 0, wirelen = 1995
Info:     at initial placer iter 1, wirelen = 1948
Info:     at initial placer iter 2, wirelen = 1951
Info:     at initial placer iter 3, wirelen = 1940
Info: Running main analytical placer, max placement attempts per cell = 3020882.
Info:     at iteration #1, type ALL: wirelen solved = 1948, spread = 43142, legal = 47648; time = 0.14s
Info:     at iteration #2, type ALL: wirelen solved = 2948, spread = 36861, legal = 43152; time = 0.15s
Info:     at iteration #3, type ALL: wirelen solved = 4224, spread = 35153, legal = 40645; time = 0.13s
Info:     at iteration #4, type ALL: wirelen solved = 5276, spread = 33799, legal = 39167; time = 0.16s
Info:     at iteration #5, type ALL: wirelen solved = 6910, spread = 30851, legal = 37069; time = 0.14s
Info:     at iteration #6, type ALL: wirelen solved = 8168, spread = 29094, legal = 36112; time = 0.14s
Info:     at iteration #7, type ALL: wirelen solved = 9121, spread = 27874, legal = 34804; time = 0.14s
Info:     at iteration #8, type ALL: wirelen solved = 9970, spread = 27172, legal = 33620; time = 0.13s
Info:     at iteration #9, type ALL: wirelen solved = 10872, spread = 26304, legal = 33270; time = 0.12s
Info:     at iteration #10, type ALL: wirelen solved = 12174, spread = 26044, legal = 31530; time = 0.12s
Info:     at iteration #11, type ALL: wirelen solved = 13142, spread = 25184, legal = 32583; time = 0.12s
Info:     at iteration #12, type ALL: wirelen solved = 13555, spread = 25201, legal = 31441; time = 0.12s
Info:     at iteration #13, type ALL: wirelen solved = 14092, spread = 25156, legal = 31296; time = 0.12s
Info:     at iteration #14, type ALL: wirelen solved = 14496, spread = 24787, legal = 31353; time = 0.11s
Info:     at iteration #15, type ALL: wirelen solved = 14668, spread = 24720, legal = 31905; time = 0.11s
Info:     at iteration #16, type ALL: wirelen solved = 15215, spread = 24672, legal = 32746; time = 0.12s
Info:     at iteration #17, type ALL: wirelen solved = 15305, spread = 25040, legal = 31601; time = 0.11s
Info:     at iteration #18, type ALL: wirelen solved = 15576, spread = 24876, legal = 31777; time = 0.12s
Info: HeAP Placer Time: 3.03s
Info:   of which solving equations: 1.33s
Info:   of which spreading cells: 0.17s
Info:   of which strict legalisation: 1.00s

Info: Running simulated annealing placer for refinement.
Info:   at iteration #1: temp = 0.000000, timing cost = 1663, wirelen = 31296
Info:   at iteration #5: temp = 0.000000, timing cost = 2121, wirelen = 26452
Info:   at iteration #10: temp = 0.000000, timing cost = 2124, wirelen = 25330
Info:   at iteration #15: temp = 0.000000, timing cost = 2132, wirelen = 24613
Info:   at iteration #20: temp = 0.000000, timing cost = 2062, wirelen = 24257
Info:   at iteration #25: temp = 0.000000, timing cost = 2095, wirelen = 24138
Info:   at iteration #30: temp = 0.000000, timing cost = 2095, wirelen = 24096
Info:   at iteration #34: temp = 0.000000, timing cost = 2106, wirelen = 24080 
Info: SA placement time 6.78s

Info: Max frequency for clock 'clk': 16.92 MHz (PASS at 12.00 MHz)

Info: Max delay <async>     -> posedge clk: 36.71 ns
Info: Max delay posedge clk -> <async>    : 17.50 ns
Info: Max delay negedge clk -> <async>    : 9.77 ns

Info: Slack histogram:
Info:  legend: * represents 24 endpoint(s)
Info:          + represents [1,24) endpoint(s)
Info: [ 24214,  27014) |+
Info: [ 27014,  29814) |**+
Info: [ 29814,  32614) |*+
Info: [ 32614,  35414) |***+
Info: [ 35414,  38214) |******+
Info: [ 38214,  41014) |**+
Info: [ 41014,  43814) |***+
Info: [ 43814,  46614) |*****+
Info: [ 46614,  49414) |*****+
Info: [ 49414,  52214) |****+
Info: [ 52214,  55014) |*********+
Info: [ 55014,  57814) |*****+
Info: [ 57814,  60614) |********+
Info: [ 60614,  63414) |********+
Info: [ 63414,  66214) |**********************************+
Info: [ 66214,  69014) |********************************+
Info: [ 69014,  71814) |************************+
Info: [ 71814,  74614) |*******************+
Info: [ 74614,  77414) |*****************************************+
Info: [ 77414,  80214) |************************************************************ 
Info: Checksum: 0x9aa3646c

Info: Routing..
Info: Setting up routing queue.
Info: Routing 16814 arcs.
Info:            |   (re-)routed arcs  |   delta    | remaining|       time spent     |
Info:    IterCnt |  w/ripup   wo/ripup |  w/r  wo/r |      arcs| batch(sec) total(sec)|
Info:       1000 |       78        921 |   78   921 |     15910|       0.46       0.46|
Info:       2000 |      147       1852 |   69   931 |     15000|       0.33       0.78|
Info:       3000 |      369       2630 |  222   778 |     14240|       0.17       0.96|
Info:       4000 |      644       3355 |  275   725 |     13567|       0.16       1.12|
Info:       5000 |     1120       3879 |  476   524 |     13158|       0.16       1.28|
Info:       6000 |     1520       4479 |  400   600 |     12645|       0.19       1.47|
Info:       7000 |     1754       5245 |  234   766 |     11979|       0.25       1.72|
Info:       8000 |     1981       6000 |  227   755 |     11364|       0.30       2.03|
Info:       9000 |     2293       6685 |  312   685 |     10817|       0.27       2.30|
Info:      10000 |     2622       7300 |  329   615 |     10418|       0.31       2.61|
Info:      11000 |     2988       7909 |  366   609 |     10032|       0.40       3.01|
Info:      12000 |     3453       8425 |  465   516 |      9824|       0.40       3.41|
Info:      13000 |     3899       8946 |  446   521 |      9609|       0.37       3.78|
Info:      14000 |     4334       9510 |  435   564 |      9438|       0.37       4.15|
Info:      15000 |     4734      10110 |  400   600 |      9157|       0.32       4.47|
Info:      16000 |     5211      10605 |  477   495 |      8970|       0.36       4.83|
Info:      17000 |     5657      11158 |  446   553 |      8783|       0.33       5.16|
Info:      18000 |     6102      11713 |  445   555 |      8553|       0.31       5.47|
Info:      19000 |     6610      12205 |  508   492 |      8337|       0.41       5.89|
Info:      20000 |     7098      12665 |  488   460 |      8101|       0.37       6.25|
Info:      21000 |     7636      13127 |  538   462 |      8039|       0.49       6.74|
Info:      22000 |     8114      13621 |  478   494 |      7813|       0.36       7.11|
Info:      23000 |     8591      14118 |  477   497 |      7578|       0.47       7.58|
Info:      24000 |     9082      14601 |  491   483 |      7471|       0.46       8.03|
Info:      25000 |     9564      15094 |  482   493 |      7306|       0.34       8.37|
Info:      26000 |    10124      15509 |  560   415 |      7147|       0.37       8.74|
Info:      27000 |    10547      16058 |  423   549 |      6824|       0.31       9.05|
Info:      28000 |    11040      16537 |  493   479 |      6619|       0.36       9.41|
Info:      29000 |    11477      17070 |  437   533 |      6275|       0.33       9.75|
Info:      30000 |    11962      17583 |  485   513 |      6131|       0.46      10.21|
Info:      31000 |    12415      18130 |  453   547 |      5865|       0.31      10.52|
Info:      32000 |    12881      18664 |  466   534 |      5587|       0.33      10.85|
Info:      33000 |    13461      19084 |  580   420 |      5533|       0.43      11.28|
Info:      34000 |    13882      19630 |  421   546 |      5282|       0.32      11.60|
Info:      35000 |    14393      20119 |  511   489 |      5154|       0.39      11.99|
Info:      36000 |    14933      20571 |  540   452 |      5012|       0.46      12.45|
Info:      37000 |    15484      21020 |  551   449 |      4948|       0.40      12.85|
Info:      38000 |    15958      21539 |  474   519 |      4761|       0.32      13.17|
Info:      39000 |    16504      21993 |  546   454 |      4794|       0.40      13.57|
Info:      40000 |    17021      22476 |  517   483 |      4679|       0.35      13.92|
Info:      41000 |    17594      22903 |  573   427 |      4553|       0.32      14.24|
Info:      42000 |    18146      23351 |  552   448 |      4428|       0.40      14.64|
Info:      43000 |    18595      23875 |  449   524 |      4151|       0.33      14.98|
Info:      44000 |    19190      24280 |  595   405 |      4134|       0.57      15.54|
Info:      45000 |    19669      24774 |  479   494 |      3906|       0.42      15.97|
Info:      46000 |    20258      25183 |  589   409 |      3833|       0.43      16.40|
Info:      47000 |    20789      25650 |  531   467 |      3670|       0.38      16.77|
Info:      48000 |    21369      26070 |  580   420 |      3599|       0.42      17.19|
Info:      49000 |    22017      26422 |  648   352 |      3547|       0.46      17.65|
Info:      50000 |    22585      26850 |  568   428 |      3485|       0.39      18.04|
Info:      51000 |    23084      27338 |  499   488 |      3380|       0.40      18.43|
Info:      52000 |    23625      27797 |  541   459 |      3279|       0.36      18.80|
Info:      53000 |    24151      28271 |  526   474 |      3199|       0.39      19.19|
Info:      54000 |    24723      28699 |  572   428 |      3138|       0.47      19.66|
Info:      55000 |    25275      29144 |  552   445 |      3056|       0.43      20.09|
Info:      56000 |    25873      29544 |  598   400 |      2910|       0.40      20.48|
Info:      57000 |    26403      30012 |  530   468 |      2855|       0.50      20.98|
Info:      58000 |    26996      30415 |  593   403 |      2779|       0.39      21.37|
Info:      59000 |    27621      30790 |  625   375 |      2770|       0.40      21.77|
Info:      60000 |    28169      31242 |  548   452 |      2668|       0.44      22.21|
Info:      61000 |    28758      31653 |  589   411 |      2662|       0.62      22.83|
Info:      62000 |    29416      31995 |  658   342 |      2660|       0.53      23.36|
Info:      63000 |    30072      32339 |  656   344 |      2642|       0.64      23.99|
Info:      64000 |    30632      32778 |  560   439 |      2523|       0.46      24.45|
Info:      65000 |    31174      33236 |  542   458 |      2430|       0.54      24.99|
Info:      66000 |    31792      33617 |  618   381 |      2408|       0.50      25.49|
Info:      67000 |    32279      34127 |  487   510 |      2247|       0.35      25.84|
Info:      68000 |    32902      34504 |  623   377 |      2231|       0.57      26.41|
Info:      69000 |    33431      34974 |  529   470 |      2094|       0.40      26.81|
Info:      70000 |    33957      35443 |  526   469 |      1972|       0.45      27.26|
Info:      71000 |    34504      35893 |  547   450 |      1871|       0.47      27.73|
Info:      72000 |    35133      36264 |  629   371 |      1832|       0.71      28.44|
Info:      73000 |    35695      36697 |  562   433 |      1721|       0.61      29.06|
Info:      74000 |    36341      37051 |  646   354 |      1833|       0.62      29.67|
Info:      75000 |    36911      37481 |  570   430 |      1691|       0.64      30.31|
Info:      76000 |    37409      37971 |  498   490 |      1398|       0.35      30.66|
Info:      77000 |    37758      38616 |  349   645 |       942|       0.30      30.96|
Info:      78000 |    38175      39199 |  417   583 |       592|       0.49      31.45|
Info:      79000 |    38671      39703 |  496   504 |       337|       1.15      32.60|
Info:      79927 |    39048      40254 |  377   551 |         0|       0.66      33.26|
Info: Routing complete.
Info: Router1 time 33.26s
Info: Checksum: 0x53fb317f

Info: Critical path report for clock 'clk' (posedge -> posedge):
Info:       type curr  total name
Info:   clk-to-q  1.39  1.39 Source soc.cpu.mem_wstrb_SB_DFFE_Q_1_D_SB_LUT4_O_LC.O
Info:    routing  3.49  4.89 Net iomem_wstrb[2] (15,23) -> (21,19)
Info:                          Sink soc.cpu.mem_instr_SB_LUT4_I1_I3_SB_LUT4_O_LC.I1
Info:                          Defined in:
Info:                               picosoc.v:111.13-111.22
Info:      logic  1.23  6.12 Source soc.cpu.mem_instr_SB_LUT4_I1_I3_SB_LUT4_O_LC.O
Info:    routing  2.95  9.07 Net soc.cpu.mem_instr_SB_LUT4_I1_I3[2] (21,19) -> (22,15)
Info:                          Sink soc.gen_dmem_lookahead.dmem_lookahead_buffer_inst.la_valid_SB_LUT4_I3_O_SB_LUT4_O_LC.I3
Info:                          Defined in:
Info:                               /home/ed667/oss-cad-suite/lib/../share/yosys/ice40/cells_map.v:6.21-6.22
Info:      logic  0.87  9.94 Source soc.gen_dmem_lookahead.dmem_lookahead_buffer_inst.la_valid_SB_LUT4_I3_O_SB_LUT4_O_LC.O
Info:    routing  1.76  11.70 Net soc.gen_dmem_lookahead.dmem_lookahead_buffer_inst.la_valid_SB_LUT4_I3_O[3] (22,15) -> (22,14)
Info:                          Sink soc.gen_dmem_lookahead.dmem_lookahead_buffer_inst.la_valid_SB_LUT4_I3_O_SB_LUT4_I2_LC.I3
Info:                          Defined in:
Info:                               /home/ed667/oss-cad-suite/lib/../share/yosys/ice40/cells_map.v:6.21-6.22
Info:      logic  0.87  12.58 Source soc.gen_dmem_lookahead.dmem_lookahead_buffer_inst.la_valid_SB_LUT4_I3_O_SB_LUT4_I2_LC.O
Info:    routing  1.76  14.34 Net soc.gen_dmem_lookahead.dmem_lookahead_buffer_inst.la_valid_SB_LUT4_I3_O_SB_LUT4_I2_O[2] (22,14) -> (22,13)
Info:                          Sink soc.gen_dmem_lookahead.dmem_lookahead_buffer_inst.la_valid_SB_LUT4_I3_O_SB_LUT4_I2_O_SB_LUT4_I1_LC.I3
Info:                          Defined in:
Info:                               /home/ed667/oss-cad-suite/lib/../share/yosys/ice40/cells_map.v:6.21-6.22
Info:      logic  0.87  15.21 Source soc.gen_dmem_lookahead.dmem_lookahead_buffer_inst.la_valid_SB_LUT4_I3_O_SB_LUT4_I2_O_SB_LUT4_I1_LC.O
Info:    routing  3.49  18.71 Net soc.ram_ready_SB_LUT4_I0_I2[2] (22,13) -> (17,11)
Info:                          Sink soc.ram_ready_SB_LUT4_I0_LC.I2
Info:                          Defined in:
Info:                               /home/ed667/oss-cad-suite/lib/../share/yosys/ice40/cells_map.v:6.21-6.22
Info:      logic  1.21  19.91 Source soc.ram_ready_SB_LUT4_I0_LC.O
Info:    routing  2.95  22.86 Net flash_clk_SB_LUT4_I1_O[0] (17,11) -> (21,12)
Info:                          Sink soc.cpu.mem_xfer_SB_LUT4_O_I3_SB_LUT4_O_I3_SB_LUT4_O_LC.I0
Info:                          Defined in:
Info:                               /home/ed667/oss-cad-suite/lib/../share/yosys/ice40/cells_map.v:6.21-6.22
Info:      logic  1.28  24.15 Source soc.cpu.mem_xfer_SB_LUT4_O_I3_SB_LUT4_O_I3_SB_LUT4_O_LC.O
Info:    routing  2.99  27.14 Net soc.cpu.mem_xfer_SB_LUT4_O_I3_SB_LUT4_O_I3[1] (21,12) -> (21,19)
Info:                          Sink soc.cpu.mem_xfer_SB_LUT4_O_I3_SB_LUT4_O_LC.I3
Info:                          Defined in:
Info:                               /home/ed667/oss-cad-suite/lib/../share/yosys/ice40/cells_map.v:6.21-6.22
Info:      logic  0.87  28.01 Source soc.cpu.mem_xfer_SB_LUT4_O_I3_SB_LUT4_O_LC.O
Info:    routing  1.76  29.77 Net soc.cpu.mem_xfer_SB_LUT4_O_I3[3] (21,19) -> (20,20)
Info:                          Sink soc.cpu.mem_xfer_SB_LUT4_O_LC.I3
Info:                          Defined in:
Info:                               /home/ed667/oss-cad-suite/lib/../share/yosys/ice40/cells_map.v:6.21-6.22
Info:      logic  0.87  30.65 Source soc.cpu.mem_xfer_SB_LUT4_O_LC.O
Info:    routing  3.60  34.25 Net soc.cpu.mem_rdata_q_SB_DFFE_Q_12_D[1] (20,20) -> (18,25)
Info:                          Sink soc.cpu.mem_state_SB_DFFESR_Q_D_SB_LUT4_O_I3_SB_LUT4_I1_LC.I3
Info:                          Defined in:
Info:                               /home/ed667/oss-cad-suite/lib/../share/yosys/ice40/cells_map.v:6.21-6.22
Info:      logic  0.87  35.12 Source soc.cpu.mem_state_SB_DFFESR_Q_D_SB_LUT4_O_I3_SB_LUT4_I1_LC.O
Info:    routing  1.76  36.88 Net soc.cpu.mem_state_SB_DFFESR_Q_D_SB_LUT4_O_I3_SB_LUT4_I1_O[3] (18,25) -> (17,26)
Info:                          Sink soc.cpu.mem_state_SB_DFFESR_Q_D_SB_LUT4_O_I3_SB_LUT4_I1_O_SB_LUT4_I3_LC.I3
Info:                          Defined in:
Info:                               /home/ed667/oss-cad-suite/lib/../share/yosys/ice40/cells_map.v:6.21-6.22
Info:      logic  0.87  37.76 Source soc.cpu.mem_state_SB_DFFESR_Q_D_SB_LUT4_O_I3_SB_LUT4_I1_O_SB_LUT4_I3_LC.O
Info:    routing  3.49  41.25 Net soc.cpu.cpu_state_SB_DFF_Q_3_D_SB_LUT4_O_I1[3] (17,26) -> (10,28)
Info:                          Sink soc.cpu.mem_state_SB_DFFESR_Q_D_SB_LUT4_O_I3_SB_LUT4_I1_O_SB_LUT4_I3_O_SB_LUT4_I3_LC.I3
Info:                          Defined in:
Info:                               /home/ed667/oss-cad-suite/lib/../share/yosys/ice40/cells_map.v:6.21-6.22
Info:      logic  0.87  42.13 Source soc.cpu.mem_state_SB_DFFESR_Q_D_SB_LUT4_O_I3_SB_LUT4_I1_O_SB_LUT4_I3_O_SB_LUT4_I3_LC.O
Info:    routing  1.76  43.89 Net soc.cpu.mem_state_SB_DFFESR_Q_D_SB_LUT4_O_I3_SB_LUT4_I1_O_SB_LUT4_I3_O_SB_LUT4_I3_O[1] (10,28) -> (9,28)
Info:                          Sink soc.cpu.mem_do_prefetch_SB_LUT4_I2_1_LC.I3
Info:                          Defined in:
Info:                               /home/ed667/oss-cad-suite/lib/../share/yosys/ice40/cells_map.v:6.21-6.22
Info:      logic  0.87  44.76 Source soc.cpu.mem_do_prefetch_SB_LUT4_I2_1_LC.O
Info:    routing  1.76  46.52 Net soc.cpu.instr_lbu_SB_LUT4_I2_I3_SB_LUT4_O_I1[2] (9,28) -> (10,27)
Info:                          Sink soc.cpu.instr_sll_SB_LUT4_I1_O_SB_LUT4_I3_O_SB_LUT4_I2_LC.I3
Info:                          Defined in:
Info:                               /home/ed667/oss-cad-suite/lib/../share/yosys/ice40/cells_map.v:6.21-6.22
Info:      logic  0.87  47.40 Source soc.cpu.instr_sll_SB_LUT4_I1_O_SB_LUT4_I3_O_SB_LUT4_I2_LC.O
Info:    routing  2.99  50.39 Net soc.cpu.instr_sll_SB_LUT4_I1_O_SB_LUT4_I3_O_SB_LUT4_I2_O[3] (10,27) -> (10,17)
Info:                          Sink soc.cpu.instr_sll_SB_LUT4_I1_O_SB_LUT4_I3_O_SB_LUT4_I2_O_SB_LUT4_I3_LC.I3
Info:                          Defined in:
Info:                               /home/ed667/oss-cad-suite/lib/../share/yosys/ice40/cells_map.v:6.21-6.22
Info:      logic  0.87  51.26 Source soc.cpu.instr_sll_SB_LUT4_I1_O_SB_LUT4_I3_O_SB_LUT4_I2_O_SB_LUT4_I3_LC.O
Info:    routing  3.70  54.97 Net soc.cpu.instr_sll_SB_LUT4_I1_O_SB_LUT4_I3_O_SB_LUT4_I2_O_SB_LUT4_I3_O[3] (10,17) -> (9,26)
Info:                          Sink soc.cpu.reg_op1_SB_DFFE_Q_E_SB_LUT4_O_LC.I3
Info:                          Defined in:
Info:                               /home/ed667/oss-cad-suite/lib/../share/yosys/ice40/cells_map.v:6.21-6.22
Info:      logic  0.87  55.84 Source soc.cpu.reg_op1_SB_DFFE_Q_E_SB_LUT4_O_LC.O
Info:    routing  2.99  58.83 Net soc.cpu.reg_op1_SB_DFFE_Q_E (9,26) -> (8,26)
Info:                          Sink soc.cpu.reg_op1_SB_DFFE_Q_D_SB_LUT4_O_LC.CEN
Info:      setup  0.10  58.93 Source soc.cpu.reg_op1_SB_DFFE_Q_D_SB_LUT4_O_LC.CEN
Info: 15.70 ns logic, 43.24 ns routing

Info: Critical path report for cross-domain path '<async>' -> 'posedge clk':
Info:       type curr  total name
Info:     source  0.00  0.00 Source flash_io_buf[0].D_IN_0
Info:    routing  4.25  4.25 Net flash_io0_di (23,0) -> (21,11)
Info:                          Sink flash_io0_di_SB_LUT4_I0_LC.I0
Info:                          Defined in:
Info:                               picosoc.v:153.14-153.32
Info:      logic  1.28  5.53 Source flash_io0_di_SB_LUT4_I0_LC.O
Info:    routing  1.76  7.29 Net flash_io0_di_SB_LUT4_I0_O[0] (21,11) -> (20,11)
Info:                          Sink flash_io0_di_SB_LUT4_I0_O_SB_LUT4_I0_LC.I0
Info:                          Defined in:
Info:                               /home/ed667/oss-cad-suite/lib/../share/yosys/ice40/cells_map.v:6.21-6.22
Info:      logic  1.28  8.58 Source flash_io0_di_SB_LUT4_I0_O_SB_LUT4_I0_LC.O
Info:    routing  2.95  11.53 Net flash_io0_di_SB_LUT4_I0_O_SB_LUT4_I0_O[3] (20,11) -> (18,13)
Info:                          Sink soc.gen_icache.icache_inst.miss_rdata_SB_DFFESR_Q_31_D_SB_LUT4_O_I1_SB_LUT4_O_2_LC.I3
Info:                          Defined in:
Info:                               /home/ed667/oss-cad-suite/lib/../share/yosys/ice40/cells_map.v:6.21-6.22
Info:      logic  0.87  12.40 Source soc.gen_icache.icache_inst.miss_rdata_SB_DFFESR_Q_31_D_SB_LUT4_O_I1_SB_LUT4_O_2_LC.O
Info:    routing  1.76  14.16 Net soc.gen_icache.icache_inst.miss_rdata_SB_DFFESR_Q_31_D_SB_LUT4_O_I1[3] (18,13) -> (17,14)
Info:                          Sink soc.gen_icache.icache_inst.data_array.0.0_RDATA_1_SB_LUT4_I0_O_SB_LUT4_O_1_LC.I3
Info:                          Defined in:
Info:                               /home/ed667/oss-cad-suite/lib/../share/yosys/ice40/cells_map.v:6.21-6.22
Info:      logic  0.87  15.04 Source soc.gen_icache.icache_inst.data_array.0.0_RDATA_1_SB_LUT4_I0_O_SB_LUT4_O_1_LC.O
Info:    routing  1.76  16.80 Net soc.gen_icache.icache_inst.data_array.0.0_RDATA_1_SB_LUT4_I0_O[3] (17,14) -> (18,15)
Info:                          Sink soc.gen_icache.icache_inst.data_array.0.0_RDATA_1_SB_LUT4_I0_O_SB_LUT4_I0_LC.I3
Info:                          Defined in:
Info:                               /home/ed667/oss-cad-suite/lib/../share/yosys/ice40/cells_map.v:6.21-6.22
Info:      logic  0.87  17.67 Source soc.gen_icache.icache_inst.data_array.0.0_RDATA_1_SB_LUT4_I0_O_SB_LUT4_I0_LC.O
Info:    routing  3.60  21.27 Net soc.gen_icache.icache_inst.data_array.0.0_RDATA_1_SB_LUT4_I0_O_SB_LUT4_I0_O[3] (18,15) -> (20,20)
Info:                          Sink soc.cpu.mem_rdata_q_SB_DFFE_Q_28_D_SB_LUT4_I3_O_SB_LUT4_O_1_LC.I3
Info:                          Defined in:
Info:                               /home/ed667/oss-cad-suite/lib/../share/yosys/ice40/cells_map.v:6.21-6.22
Info:      logic  0.87  22.15 Source soc.cpu.mem_rdata_q_SB_DFFE_Q_28_D_SB_LUT4_I3_O_SB_LUT4_O_1_LC.O
Info:    routing  1.76  23.91 Net soc.cpu.mem_rdata_q_SB_DFFE_Q_28_D_SB_LUT4_I3_O[2] (20,20) -> (20,21)
Info:                          Sink soc.cpu.mem_rdata_q_SB_DFFE_Q_4_D_SB_LUT4_I3_O_SB_LUT4_O_2_LC.I3
Info:                          Defined in:
Info:                               /home/ed667/oss-cad-suite/lib/../share/yosys/ice40/cells_map.v:6.21-6.22
Info:      logic  0.87  24.78 Source soc.cpu.mem_rdata_q_SB_DFFE_Q_4_D_SB_LUT4_I3_O_SB_LUT4_O_2_LC.O
Info:    routing  2.95  27.73 Net soc.cpu.mem_rdata_q_SB_DFFE_Q_4_D_SB_LUT4_I3_O[3] (20,21) -> (17,23)
Info:                          Sink soc.cpu.cpuregs.regs.1.0_RADDR_3_SB_LUT4_O_I3_SB_LUT4_O_LC.I3
Info:                          Defined in:
Info:                               /home/ed667/oss-cad-suite/lib/../share/yosys/ice40/cells_map.v:6.21-6.22
Info:      logic  0.87  28.61 Source soc.cpu.cpuregs.regs.1.0_RADDR_3_SB_LUT4_O_I3_SB_LUT4_O_LC.O
Info:    routing  1.76  30.37 Net soc.cpu.cpuregs.regs.1.0_RADDR_3_SB_LUT4_O_I1[3] (17,23) -> (16,23)
Info:                          Sink soc.cpu.cpuregs.regs.1.0_RADDR_3_SB_LUT4_O_LC.I3
Info:                          Defined in:
Info:                               /home/ed667/oss-cad-suite/lib/../share/yosys/ice40/cells_map.v:6.21-6.22
Info:      logic  0.87  31.24 Source soc.cpu.cpuregs.regs.1.0_RADDR_3_SB_LUT4_O_LC.O
Info:    routing  1.76  33.00 Net soc.cpu.cpuregs.regs.1.0_RADDR_3[2] (16,23) -> (16,22)
Info:                          Sink soc.cpu.cpuregs.regs.1.0_RADDR_3_SB_LUT4_I2_LC.I2
Info:                          Defined in:
Info:                               /home/ed667/oss-cad-suite/lib/../share/yosys/ice40/cells_map.v:6.21-6.22
Info:      logic  1.21  34.21 Source soc.cpu.cpuregs.regs.1.0_RADDR_3_SB_LUT4_I2_LC.O
Info:    routing  1.76  35.97 Net soc.cpu.cpuregs.regs.1.0_RADDR_3_SB_LUT4_I2_O[2] (16,22) -> (17,21)
Info:                          Sink soc.cpu.cpuregs.regs.1.0_RDATA_SB_DFF_Q_D_SB_LUT4_O_LC.I2
Info:                          Defined in:
Info:                               /home/ed667/oss-cad-suite/lib/../share/yosys/ice40/cells_map.v:6.21-6.22
Info:      setup  1.15  37.12 Source soc.cpu.cpuregs.regs.1.0_RDATA_SB_DFF_Q_D_SB_LUT4_O_LC.I2
Info: 11.05 ns logic, 26.08 ns routing

Info: Critical path report for cross-domain path 'posedge clk' -> '<async>':
Info:       type curr  total name
Info:   clk-to-q  1.39  1.39 Source soc.spimemio.xfer.dummy_count_SB_DFFESR_Q_D_SB_LUT4_O_LC.O
Info:    routing  1.76  3.15 Net soc.spimemio.xfer.dummy_count[3] (23,3) -> (23,2)
Info:                          Sink soc.spimemio.din_valid_SB_LUT4_I2_O_SB_LUT4_O_LC.I0
Info:                          Defined in:
Info:                               spimemio.v:417.12-417.23
Info:      logic  1.28  4.43 Source soc.spimemio.din_valid_SB_LUT4_I2_O_SB_LUT4_O_LC.O
Info:    routing  2.30  6.74 Net soc.spimemio.din_valid_SB_LUT4_I2_O[1] (23,2) -> (20,2)
Info:                          Sink soc.spimemio.xfer.xfer_rd_SB_LUT4_I2_LC.I3
Info:                          Defined in:
Info:                               /home/ed667/oss-cad-suite/lib/../share/yosys/ice40/cells_map.v:6.21-6.22
Info:      logic  0.87  7.61 Source soc.spimemio.xfer.xfer_rd_SB_LUT4_I2_LC.O
Info:    routing  1.76  9.37 Net soc.spimemio.xfer.xfer_rd_SB_LUT4_I2_O[2] (20,2) -> (20,2)
Info:                          Sink flash_io0_oe_SB_LUT4_O_I3_SB_LUT4_O_LC.I3
Info:                          Defined in:
Info:                               /home/ed667/oss-cad-suite/lib/../share/yosys/ice40/cells_map.v:6.21-6.22
Info:      logic  0.87  10.25 Source flash_io0_oe_SB_LUT4_O_I3_SB_LUT4_O_LC.O
Info:    routing  2.30  12.55 Net flash_io0_oe_SB_LUT4_O_I2[1] (20,2) -> (18,2)
Info:                          Sink flash_io1_oe_SB_LUT4_O_LC.I3
Info:                          Defined in:
Info:                               /home/ed667/oss-cad-suite/lib/../share/yosys/ice40/cells_map.v:6.21-6.22
Info:      logic  0.87  13.43 Source flash_io1_oe_SB_LUT4_O_LC.O
Info:    routing  3.49  16.92 Net flash_io1_oe (18,2) -> (23,0)
Info:                          Sink flash_io_buf[1].OUTPUT_ENABLE
Info:                          Defined in:
Info:                               picosoc.v:153.14-153.32
Info: 5.30 ns logic, 11.62 ns routing

Info: Critical path report for cross-domain path 'negedge clk' -> '<async>':
Info:       type curr  total name
Info:   clk-to-q  1.39  1.39 Source soc.spimemio.xfer_io1_90_SB_DFFN_Q_DFFLC.O
Info:    routing  1.76  3.15 Net soc.spimemio.xfer_io1_90 (21,1) -> (21,1)
Info:                          Sink soc.spimemio.xfer_io1_90_SB_LUT4_I2_LC.I2
Info:                          Defined in:
Info:                               /home/ed667/oss-cad-suite/lib/../share/yosys/ice40/cells_map.v:6.21-6.22
Info:      logic  1.21  4.36 Source soc.spimemio.xfer_io1_90_SB_LUT4_I2_LC.O
Info:    routing  1.76  6.12 Net flash_io1_do_SB_LUT4_O_I3[2] (21,1) -> (21,1)
Info:                          Sink flash_io1_do_SB_LUT4_O_LC.I3
Info:                          Defined in:
Info:                               /home/ed667/oss-cad-suite/lib/../share/yosys/ice40/cells_map.v:6.21-6.22
Info:      logic  0.87  6.99 Source flash_io1_do_SB_LUT4_O_LC.O
Info:    routing  3.06  10.05 Net flash_io1_do (21,1) -> (23,0)
Info:                          Sink flash_io_buf[1].D_OUT_0
Info:                          Defined in:
Info:                               spimemio.v:37.9-37.21
Info: 3.47 ns logic, 6.58 ns routing

Info: Max frequency for clock 'clk': 16.97 MHz (PASS at 12.00 MHz)

Info: Max delay <async>     -> posedge clk: 37.12 ns
Info: Max delay posedge clk -> <async>    : 16.92 ns
Info: Max delay negedge clk -> <async>    : 10.05 ns

Info: Slack histogram:
Info:  legend: * represents 20 endpoint(s)
Info:          + represents [1,20) endpoint(s)
Info: [ 24400,  27185) |+
Info: [ 27185,  29970) |**+
Info: [ 29970,  32755) |**+
Info: [ 32755,  35540) |**+
Info: [ 35540,  38325) |**+
Info: [ 38325,  41110) |***+
Info: [ 41110,  43895) |**********+
Info: [ 43895,  46680) |******+
Info: [ 46680,  49465) |********+
Info: [ 49465,  52250) |***********+
Info: [ 52250,  55035) |******+
Info: [ 55035,  57820) |******+
Info: [ 57820,  60605) |**********+
Info: [ 60605,  63390) |**************+
Info: [ 63390,  66175) |*********************+
Info: [ 66175,  68960) |*****************************************************+
Info: [ 68960,  71745) |**********************************+
Info: [ 71745,  74530) |************************+
Info: [ 74530,  77315) |******************************************************+
Info: [ 77315,  80100) |************************************************************ 

Info: Program finished normally.
