COMMAND: nextpnr-ice40 --up5k --package sg48 --json design.json --pcf icebreaker.pcf --asc design.asc --pcf-allow-unconstrained

STDOUT:


STDERR:
Info: constrained 'clk_in' to bel 'X12/Y31/io1'
Info: constrained 'ser_rx' to bel 'X13/Y0/io1'
Info: constrained 'ser_tx' to bel 'X15/Y0/io0'
Info: constrained 'flash_clk' to bel 'X24/Y0/io0'
Info: constrained 'flash_csb' to bel 'X24/Y0/io1'
Info: constrained 'flash_io0' to bel 'X23/Y0/io0'
Info: constrained 'flash_io1' to bel 'X23/Y0/io1'
Info: constrained 'flash_io2' to bel 'X18/Y0/io0'
Info: constrained 'flash_io3' to bel 'X19/Y0/io0'
Info: constrained 'P1A1' to bel 'X9/Y0/io0'
Info: constrained 'P1A2' to bel 'X8/Y0/io0'
Info: constrained 'P1A3' to bel 'X6/Y0/io0'
Info: constrained 'P1A4' to bel 'X7/Y0/io1'
Info: constrained 'P1A7' to bel 'X9/Y0/io1'
Info: constrained 'P1A8' to bel 'X7/Y0/io0'
Info: constrained 'P1A9' to bel 'X5/Y0/io0'
Info: constrained 'P1A10' to bel 'X6/Y0/io1'
Info: constrained 'led1' to bel 'X18/Y31/io0'
Info: constrained 'led2' to bel 'X18/Y31/io1'
Info: constrained 'led3' to bel 'X19/Y31/io1'
Info: constrained 'led4' to bel 'X19/Y31/io0'
Info: constrained 'led5' to bel 'X18/Y0/io1'
Info: constrained 'ledr_n' to bel 'X17/Y0/io0'
Info: constrained 'ledg_n' to bel 'X13/Y31/io0'

Info: Packing constants..
Info: Packing IOs..
Info: flash_io3 feeds SB_IO flash_io_buf[3], removing $nextpnr_iobuf flash_io3.
Info: flash_io2 feeds SB_IO flash_io_buf[2], removing $nextpnr_iobuf flash_io2.
Info: flash_io1 feeds SB_IO flash_io_buf[1], removing $nextpnr_iobuf flash_io1.
Info: flash_io0 feeds SB_IO flash_io_buf[0], removing $nextpnr_iobuf flash_io0.
Info: Packing LUT-FFs..
Info:     3152 LCs used as LUT4 only
Info:     1092 LCs used as LUT4 and DFF
Info: Packing non-LUT FFs..
Info:      600 LCs used as DFF only
Info: Packing carries..
Info:      110 LCs used as CARRY only
Info: Packing indirect carry+LUT pairs...
Info:       38 LUTs merged into carry LCs
Info: Packing RAMs..
Info: Placing PLLs..
Info:   constrained PLL 'pll' to X12/Y31/pll_3
Info: Packing special functions..
Info: Packing PLLs..
Info:   PLL 'pll' has LOCK output, need to pass all outputs via LUT
Info:   constrained 'pll_locked_SB_LUT4_I0_LC' to X1/Y30/lc0
Info: Promoting globals..
Info: promoting iomem_ready_SB_LUT4_I3_O_SB_LUT4_I1_O_SB_LUT4_I3_4_O[0] [reset] (fanout 552)
Info: promoting soc.cpu.genblk1.genblk1.pcpi_mul.mul_counter_SB_DFFE_Q_D_SB_LUT4_O_I3[0] [reset] (fanout 85)
Info: promoting soc.cpu.genblk2.pcpi_div.dq_SB_DFFE_Q_10_D_SB_LUT4_O_I3[1] [reset] (fanout 38)
Info: promoting ser_rx_SB_LUT4_I0_I2_SB_LUT4_I2_O_SB_LUT4_O_I3_SB_CARRY_CO_I1_SB_CARRY_I1_CO_SB_LUT4_I3_O [reset] (fanout 32)
Info: promoting resetn [cen] (fanout 215)
Info: promoting soc.gen_icache.icache_inst.valid_array_SB_DFFESR_Q_E [cen] (fanout 128)
Info: promoting soc.cpu.genblk2.pcpi_div.running_SB_DFFSR_Q_D_SB_LUT4_I3_O [cen] (fanout 70)
Info: Constraining chains...
Info:       52 LCs used to legalise carry chains.
Info: Checksum: 0x9f86fda9

Info: Device utilisation:
Info: 	         ICESTORM_LC:    4970/   5280    94%
Info: 	        ICESTORM_RAM:      22/     30    73%
Info: 	               SB_IO:      24/     96    25%
Info: 	               SB_GB:       8/      8   100%
Info: 	        ICESTORM_PLL:       1/      1   100%
Info: 	         SB_WARMBOOT:       0/      1     0%
Info: 	        ICESTORM_DSP:       0/      8     0%
Info: 	      ICESTORM_HFOSC:       0/      1     0%
Info: 	      ICESTORM_LFOSC:       0/      1     0%
Info: 	              SB_I2C:       0/      2     0%
Info: 	              SB_SPI:       0/      2     0%
Info: 	              IO_I3C:       0/      2     0%
Info: 	         SB_LEDDA_IP:       0/      1     0%
Info: 	         SB_RGBA_DRV:       0/      1     0%
Info: 	      ICESTORM_SPRAM:       4/      4   100%

Info: Placed 26 cells based on constraints.
Info: Creating initial analytic placement for 4294 cells, random placement wirelen = 122419.
Info:     at initial placer iter 0, wirelen = 1933
Info:     at initial placer iter 1, wirelen = 1890
Info:     at initial placer iter 2, wirelen = 1917
Info:     at initial placer iter 3, wirelen = 1889
Info: Running main analytical placer, max placement attempts per cell = 3161355.
Info:     at iteration #1, type ALL: wirelen solved = 1920, spread = 44772, legal = 50081; time = 0.15s
Info:     at iteration #2, type ALL: wirelen solved = 2718, spread = 36980, legal = 44216; time = 0.16s
Info:     at iteration #3, type ALL: wirelen solved = 4235, spread = 35289, legal = 42015; time = 0.16s
Info:     at iteration #4, type ALL: wirelen solved = 5353, spread = 33299, legal = 39422; time = 0.15s
Info:     at iteration #5, type ALL: wirelen solved = 6946, spread = 30346, legal = 36792; time = 0.15s
Info:     at iteration #6, type ALL: wirelen solved = 8148, spread = 28956, legal = 35274; time = 0.13s
Info:     at iteration #7, type ALL: wirelen solved = 8948, spread = 27849, legal = 34375; time = 0.13s
Info:     at iteration #8, type ALL: wirelen solved = 10060, spread = 27349, legal = 34782; time = 0.12s
Info:     at iteration #9, type ALL: wirelen solved = 10940, spread = 26642, legal = 34009; time = 0.13s
Info:     at iteration #10, type ALL: wirelen solved = 11772, spread = 26297, legal = 32567; time = 0.12s
Info:     at iteration #11, type ALL: wirelen solved = 12680, spread = 25686, legal = 32735; time = 0.12s
Info:     at iteration #12, type ALL: wirelen solved = 13672, spread = 25381, legal = 31699; time = 0.12s
Info:     at iteration #13, type ALL: wirelen solved = 13978, spread = 24602, legal = 30610; time = 0.13s
Info:     at iteration #14, type ALL: wirelen solved = 14157, spread = 24363, legal = 30808; time = 0.12s
Info:     at iteration #15, type ALL: wirelen solved = 14491, spread = 24289, legal = 30113; time = 0.09s
Info:     at iteration #16, type ALL: wirelen solved = 14537, spread = 24305, legal = 31042; time = 0.10s
Info:     at iteration #17, type ALL: wirelen solved = 15039, spread = 24279, legal = 30722; time = 0.12s
Info:     at iteration #18, type ALL: wirelen solved = 15261, spread = 24320, legal = 30821; time = 0.12s
Info:     at iteration #19, type ALL: wirelen solved = 15605, spread = 24805, legal = 31313; time = 0.12s
Info:     at iteration #20, type ALL: wirelen solved = 15994, spread = 24394, legal = 30482; time = 0.10s
Info: HeAP Placer Time: 3.37s
Info:   of which solving equations: 1.56s
Info:   of which spreading cells: 0.19s
Info:   of which strict legalisation: 1.00s

Info: Running simulated annealing placer for refinement.
Info:   at iteration #1: temp = 0.000000, timing cost = 2374, wirelen = 30113
Info:   at iteration #5: temp = 0.000000, timing cost = 1832, wirelen = 25606
Info:   at iteration #10: temp = 0.000000, timing cost = 1810, wirelen = 24555
Info:   at iteration #15: temp = 0.000000, timing cost = 1762, wirelen = 23905
Info:   at iteration #20: temp = 0.000000, timing cost = 1705, wirelen = 23644
Info:   at iteration #25: temp = 0.000000, timing cost = 1709, wirelen = 23560
Info:   at iteration #26: temp = 0.000000, timing cost = 1708, wirelen = 23548 
Info: SA placement time 5.00s

Info: Max frequency for clock 'clk': 16.10 MHz (PASS at 12.00 MHz)

Info: Max delay <async>     -> posedge clk: 38.15 ns
Info: Max delay posedge clk -> <async>    : 17.75 ns
Info: Max delay negedge clk -> <async>    : 9.77 ns

Info: Slack histogram:
Info:  legend: * represents 26 endpoint(s)
Info:          + represents [1,26) endpoint(s)
Info: [ 21239,  24188) |+
Info: [ 24188,  27137) |**+
Info: [ 27137,  30086) |*+
Info: [ 30086,  33035) |*+
Info: [ 33035,  35984) |****+
Info: [ 35984,  38933) |*****+
Info: [ 38933,  41882) |*+
Info: [ 41882,  44831) |****+
Info: [ 44831,  47780) |*******+
Info: [ 47780,  50729) |***+
Info: [ 50729,  53678) |*****+
Info: [ 53678,  56627) |********+
Info: [ 56627,  59576) |*****+
Info: [ 59576,  62525) |*********+
Info: [ 62525,  65474) |*********************+
Info: [ 65474,  68423) |*****************************************+
Info: [ 68423,  71372) |************************+
Info: [ 71372,  74321) |*************************+
Info: [ 74321,  77270) |*******************************+
Info: [ 77270,  80219) |************************************************************ 
Info: Checksum: 0x757947d6

Info: Routing..
Info: Setting up routing queue.
Info: Routing 17091 arcs.
Info:            |   (re-)routed arcs  |   delta    | remaining|       time spent     |
Info:    IterCnt |  w/ripup   wo/ripup |  w/r  wo/r |      arcs| batch(sec) total(sec)|
Info:       1000 |       41        958 |   41   958 |     16143|       0.46       0.46|
Info:       2000 |      118       1881 |   77   923 |     15249|       0.27       0.73|
Info:       3000 |      246       2753 |  128   872 |     14424|       0.19       0.92|
Info:       4000 |      413       3586 |  167   833 |     13649|       0.17       1.09|
Info:       5000 |      653       4346 |  240   760 |     12973|       0.21       1.30|
Info:       6000 |      934       5065 |  281   719 |     12331|       0.22       1.52|
Info:       7000 |     1159       5824 |  225   759 |     11646|       0.23       1.76|
Info:       8000 |     1422       6506 |  263   682 |     11060|       0.23       1.98|
Info:       9000 |     1654       7266 |  232   760 |     10498|       0.29       2.27|
Info:      10000 |     1953       7964 |  299   698 |     10018|       0.28       2.55|
Info:      11000 |     2336       8578 |  383   614 |      9706|       0.35       2.90|
Info:      12000 |     2691       9199 |  355   621 |      9361|       0.35       3.25|
Info:      13000 |     3119       9740 |  428   541 |      9118|       0.37       3.62|
Info:      14000 |     3535      10296 |  416   556 |      8879|       0.32       3.94|
Info:      15000 |     3998      10802 |  463   506 |      8618|       0.31       4.25|
Info:      16000 |     4424      11374 |  426   572 |      8382|       0.32       4.57|
Info:      17000 |     4875      11923 |  451   549 |      8178|       0.33       4.90|
Info:      18000 |     5334      12438 |  459   515 |      7928|       0.32       5.22|
Info:      19000 |     5846      12923 |  512   485 |      7791|       0.45       5.68|
Info:      20000 |     6254      13465 |  408   542 |      7517|       0.36       6.04|
Info:      21000 |     6737      13981 |  483   516 |      7432|       0.43       6.46|
Info:      22000 |     7242      14454 |  505   473 |      7307|       0.37       6.83|
Info:      23000 |     7759      14909 |  517   455 |      7128|       0.35       7.18|
Info:      24000 |     8272      15395 |  513   486 |      7032|       0.35       7.53|
Info:      25000 |     8764      15851 |  492   456 |      6809|       0.36       7.89|
Info:      26000 |     9228      16379 |  464   528 |      6571|       0.34       8.24|
Info:      27000 |     9646      16905 |  418   526 |      6242|       0.33       8.57|
Info:      28000 |    10093      17455 |  447   550 |      5960|       0.35       8.92|
Info:      29000 |    10622      17926 |  529   471 |      5901|       0.50       9.42|
Info:      30000 |    11150      18394 |  528   468 |      5743|       0.36       9.78|
Info:      31000 |    11727      18817 |  577   423 |      5626|       0.45      10.23|
Info:      32000 |    12285      19258 |  558   441 |      5491|       0.34      10.57|
Info:      33000 |    12819      19720 |  534   462 |      5369|       0.40      10.97|
Info:      34000 |    13331      20208 |  512   488 |      5284|       0.40      11.38|
Info:      35000 |    13812      20724 |  481   516 |      5074|       0.36      11.74|
Info:      36000 |    14393      21143 |  581   419 |      4939|       0.42      12.16|
Info:      37000 |    14956      21574 |  563   431 |      4775|       0.37      12.53|
Info:      38000 |    15476      22046 |  520   472 |      4579|       0.35      12.88|
Info:      39000 |    15976      22546 |  500   500 |      4436|       0.40      13.27|
Info:      40000 |    16562      22960 |  586   414 |      4399|       0.44      13.71|
Info:      41000 |    17135      23387 |  573   427 |      4345|       0.42      14.13|
Info:      42000 |    17703      23819 |  568   432 |      4289|       0.52      14.65|
Info:      43000 |    18267      24252 |  564   433 |      4212|       0.40      15.04|
Info:      44000 |    18817      24702 |  550   450 |      4132|       0.50      15.54|
Info:      45000 |    19320      25172 |  503   470 |      4000|       0.42      15.97|
Info:      46000 |    19882      25610 |  562   438 |      3870|       0.39      16.35|
Info:      47000 |    20407      26058 |  525   448 |      3640|       0.39      16.74|
Info:      48000 |    20991      26474 |  584   416 |      3562|       0.52      17.26|
Info:      49000 |    21576      26887 |  585   413 |      3499|       0.49      17.75|
Info:      50000 |    22157      27306 |  581   419 |      3444|       0.53      18.28|
Info:      51000 |    22719      27741 |  562   435 |      3375|       0.45      18.73|
Info:      52000 |    23242      28216 |  523   475 |      3329|       0.70      19.43|
Info:      53000 |    23780      28671 |  538   455 |      3207|       0.39      19.82|
Info:      54000 |    24383      29065 |  603   394 |      3162|       0.44      20.26|
Info:      55000 |    24974      29467 |  591   402 |      3097|       0.58      20.84|
Info:      56000 |    25585      29856 |  611   389 |      3019|       0.55      21.40|
Info:      57000 |    26162      30279 |  577   423 |      2874|       1.08      22.48|
Info:      58000 |    26722      30712 |  560   433 |      2661|       0.38      22.85|
Info:      59000 |    27272      31162 |  550   450 |      2618|       0.44      23.29|
Info:      60000 |    27811      31623 |  539   461 |      2566|       0.41      23.71|
Info:      61000 |    28426      32003 |  615   380 |      2480|       0.68      24.39|
Info:      62000 |    28972      32457 |  546   454 |      2313|       0.55      24.93|
Info:      63000 |    29552      32875 |  580   418 |      2184|       0.44      25.38|
Info:      64000 |    30094      33333 |  542   458 |      2196|       0.56      25.93|
Info:      65000 |    30622      33803 |  528   470 |      2040|       0.43      26.37|
Info:      66000 |    31182      34236 |  560   433 |      1852|       0.47      26.84|
Info:      67000 |    31715      34702 |  533   466 |      1676|       0.35      27.18|
Info:      68000 |    32209      35208 |  494   506 |      1579|       0.35      27.53|
Info:      69000 |    32767      35642 |  558   434 |      1490|       0.44      27.97|
Info:      70000 |    33264      36133 |  497   491 |      1245|       0.33      28.31|
Info:      71000 |    33615      36782 |  351   649 |       769|       0.31      28.62|
Info:      72000 |    34200      37197 |  585   415 |       710|       0.58      29.20|
Info:      73000 |    34581      37816 |  381   619 |       296|       0.54      29.74|
Info:      74000 |    35151      38246 |  570   430 |       193|       0.46      30.20|
Info:      74679 |    35478      38599 |  327   353 |         0|       0.36      30.56|
Info: Routing complete.
Info: Router1 time 30.56s
Info: Checksum: 0xac9c3970

Info: Critical path report for clock 'clk' (posedge -> posedge):
Info:       type curr  total name
Info:   clk-to-q  1.39  1.39 Source soc.cpu.mem_addr_SB_DFFE_Q_25_DFFLC.O
Info:    routing  2.95  4.34 Net iomem_addr[6] (22,24) -> (22,27)
Info:                          Sink soc.gen_icache.icache_inst.valid_array_SB_DFFESR_Q_3_D_SB_LUT4_O_I3_SB_LUT4_O_I3_SB_LUT4_O_LC.I3
Info:                          Defined in:
Info:                               /home/ed667/oss-cad-suite/lib/../share/yosys/ice40/cells_map.v:6.21-6.22
Info:      logic  0.87  5.22 Source soc.gen_icache.icache_inst.valid_array_SB_DFFESR_Q_3_D_SB_LUT4_O_I3_SB_LUT4_O_I3_SB_LUT4_O_LC.O
Info:    routing  2.41  7.62 Net soc.gen_icache.icache_inst.valid_array_SB_DFFESR_Q_3_D_SB_LUT4_O_I3_SB_LUT4_O_I3[2] (22,27) -> (21,24)
Info:                          Sink soc.gen_dmem_lookahead.dmem_lookahead_buffer_inst.la_valid_SB_LUT4_I3_1_O_SB_LUT4_I2_O_SB_LUT4_O_I3_SB_LUT4_O_I3_SB_LUT4_I3_O_SB_LUT4_O_LC.I3
Info:                          Defined in:
Info:                               /home/ed667/oss-cad-suite/lib/../share/yosys/ice40/cells_map.v:6.21-6.22
Info:      logic  0.87  8.50 Source soc.gen_dmem_lookahead.dmem_lookahead_buffer_inst.la_valid_SB_LUT4_I3_1_O_SB_LUT4_I2_O_SB_LUT4_O_I3_SB_LUT4_O_I3_SB_LUT4_I3_O_SB_LUT4_O_LC.O
Info:    routing  4.35  12.85 Net soc.gen_dmem_lookahead.dmem_lookahead_buffer_inst.la_valid_SB_LUT4_I3_1_O_SB_LUT4_I2_O_SB_LUT4_O_I3_SB_LUT4_O_I3_SB_LUT4_I3_O[0] (21,24) -> (21,11)
Info:                          Sink soc.gen_dmem_lookahead.dmem_lookahead_buffer_inst.la_valid_SB_LUT4_I3_1_O_SB_LUT4_I2_O_SB_LUT4_O_I3_SB_LUT4_O_I3_SB_LUT4_I3_O_SB_LUT4_I1_LC.I1
Info:                          Defined in:
Info:                               /home/ed667/oss-cad-suite/lib/../share/yosys/ice40/cells_map.v:6.21-6.22
Info:      logic  1.23  14.08 Source soc.gen_dmem_lookahead.dmem_lookahead_buffer_inst.la_valid_SB_LUT4_I3_1_O_SB_LUT4_I2_O_SB_LUT4_O_I3_SB_LUT4_O_I3_SB_LUT4_I3_O_SB_LUT4_I1_LC.O
Info:    routing  1.76  15.84 Net flash_csb_SB_LUT4_I0_I1[2] (21,11) -> (21,10)
Info:                          Sink soc.simpleuart.send_dummy_SB_LUT4_I2_1_O_SB_LUT4_O_1_I3_SB_LUT4_O_LC.I3
Info:                          Defined in:
Info:                               /home/ed667/oss-cad-suite/lib/../share/yosys/ice40/cells_map.v:6.21-6.22
Info:      logic  0.87  16.72 Source soc.simpleuart.send_dummy_SB_LUT4_I2_1_O_SB_LUT4_O_1_I3_SB_LUT4_O_LC.O
Info:    routing  1.76  18.48 Net soc.simpleuart.send_dummy_SB_LUT4_I2_1_O_SB_LUT4_O_1_I3[1] (21,10) -> (20,10)
Info:                          Sink soc.simpleuart.send_dummy_SB_LUT4_I2_1_O_SB_LUT4_O_1_LC.I3
Info:                          Defined in:
Info:                               /home/ed667/oss-cad-suite/lib/../share/yosys/ice40/cells_map.v:6.21-6.22
Info:      logic  0.87  19.35 Source soc.simpleuart.send_dummy_SB_LUT4_I2_1_O_SB_LUT4_O_1_LC.O
Info:    routing  1.76  21.11 Net soc.simpleuart.send_dummy_SB_LUT4_I2_1_O[2] (20,10) -> (20,10)
Info:                          Sink soc.ram_ready_SB_LUT4_I1_O_SB_LUT4_O_LC.I3
Info:                          Defined in:
Info:                               /home/ed667/oss-cad-suite/lib/../share/yosys/ice40/cells_map.v:6.21-6.22
Info:      logic  0.87  21.99 Source soc.ram_ready_SB_LUT4_I1_O_SB_LUT4_O_LC.O
Info:    routing  1.76  23.75 Net soc.ram_ready_SB_LUT4_I1_O[1] (20,10) -> (20,11)
Info:                          Sink soc.cpu.mem_xfer_SB_LUT4_O_I2_SB_LUT4_O_I3_SB_LUT4_O_LC.I1
Info:                          Defined in:
Info:                               /home/ed667/oss-cad-suite/lib/../share/yosys/ice40/cells_map.v:6.21-6.22
Info:      logic  1.23  24.98 Source soc.cpu.mem_xfer_SB_LUT4_O_I2_SB_LUT4_O_I3_SB_LUT4_O_LC.O
Info:    routing  3.06  28.04 Net soc.cpu.mem_xfer_SB_LUT4_O_I2_SB_LUT4_O_I3[1] (20,11) -> (20,16)
Info:                          Sink soc.cpu.mem_xfer_SB_LUT4_O_I2_SB_LUT4_O_LC.I3
Info:                          Defined in:
Info:                               /home/ed667/oss-cad-suite/lib/../share/yosys/ice40/cells_map.v:6.21-6.22
Info:      logic  0.87  28.91 Source soc.cpu.mem_xfer_SB_LUT4_O_I2_SB_LUT4_O_LC.O
Info:    routing  3.60  32.51 Net soc.cpu.mem_xfer_SB_LUT4_O_I2[1] (20,16) -> (17,22)
Info:                          Sink soc.cpu.mem_xfer_SB_LUT4_O_LC.I2
Info:                          Defined in:
Info:                               /home/ed667/oss-cad-suite/lib/../share/yosys/ice40/cells_map.v:6.21-6.22
Info:      logic  1.21  33.72 Source soc.cpu.mem_xfer_SB_LUT4_O_LC.O
Info:    routing  2.95  36.67 Net soc.cpu.mem_do_rinst_SB_LUT4_I0_1_O[1] (17,22) -> (17,26)
Info:                          Sink soc.cpu.mem_valid_SB_DFFESR_Q_E_SB_LUT4_O_I0_SB_LUT4_O_LC.I3
Info:                          Defined in:
Info:                               /home/ed667/oss-cad-suite/lib/../share/yosys/ice40/cells_map.v:6.21-6.22
Info:      logic  0.87  37.54 Source soc.cpu.mem_valid_SB_DFFESR_Q_E_SB_LUT4_O_I0_SB_LUT4_O_LC.O
Info:    routing  1.76  39.30 Net soc.cpu.mem_valid_SB_DFFESR_Q_E_SB_LUT4_O_I0[2] (17,26) -> (16,27)
Info:                          Sink soc.cpu.mem_do_rinst_SB_LUT4_I1_LC.I3
Info:                          Defined in:
Info:                               /home/ed667/oss-cad-suite/lib/../share/yosys/ice40/cells_map.v:6.21-6.22
Info:      logic  0.87  40.18 Source soc.cpu.mem_do_rinst_SB_LUT4_I1_LC.O
Info:    routing  3.49  43.67 Net soc.cpu.mem_do_rinst_SB_LUT4_I1_O[1] (16,27) -> (9,29)
Info:                          Sink soc.cpu.instr_sw_SB_LUT4_I1_O_SB_LUT4_O_I3_SB_LUT4_O_LC.I3
Info:                          Defined in:
Info:                               /home/ed667/oss-cad-suite/lib/../share/yosys/ice40/cells_map.v:6.21-6.22
Info:      logic  0.87  44.55 Source soc.cpu.instr_sw_SB_LUT4_I1_O_SB_LUT4_O_I3_SB_LUT4_O_LC.O
Info:    routing  1.76  46.31 Net soc.cpu.instr_sw_SB_LUT4_I1_O_SB_LUT4_O_I3[1] (9,29) -> (8,29)
Info:                          Sink soc.cpu.mem_do_prefetch_SB_LUT4_I2_1_LC.I3
Info:                          Defined in:
Info:                               /home/ed667/oss-cad-suite/lib/../share/yosys/ice40/cells_map.v:6.21-6.22
Info:      logic  0.87  47.18 Source soc.cpu.mem_do_prefetch_SB_LUT4_I2_1_LC.O
Info:    routing  1.76  48.94 Net soc.cpu.mem_do_wdata_SB_DFFESS_Q_S_SB_LUT4_O_I2[3] (8,29) -> (9,29)
Info:                          Sink soc.cpu.instr_sll_SB_LUT4_I1_O_SB_LUT4_I3_O_SB_LUT4_O_LC.I3
Info:                          Defined in:
Info:                               /home/ed667/oss-cad-suite/lib/../share/yosys/ice40/cells_map.v:6.21-6.22
Info:      logic  0.87  49.82 Source soc.cpu.instr_sll_SB_LUT4_I1_O_SB_LUT4_I3_O_SB_LUT4_O_LC.O
Info:    routing  4.35  54.17 Net soc.cpu.instr_sll_SB_LUT4_I1_O_SB_LUT4_I3_O[2] (9,29) -> (10,16)
Info:                          Sink soc.cpu.instr_sll_SB_LUT4_I1_O_SB_LUT4_I3_O_SB_LUT4_I2_LC.I3
Info:                          Defined in:
Info:                               /home/ed667/oss-cad-suite/lib/../share/yosys/ice40/cells_map.v:6.21-6.22
Info:      logic  0.87  55.04 Source soc.cpu.instr_sll_SB_LUT4_I1_O_SB_LUT4_I3_O_SB_LUT4_I2_LC.O
Info:    routing  4.14  59.19 Net soc.cpu.instr_sll_SB_LUT4_I1_O_SB_LUT4_I3_O_SB_LUT4_I2_O[3] (10,16) -> (4,24)
Info:                          Sink soc.cpu.reg_op1_SB_DFFE_Q_E_SB_LUT4_O_LC.I3
Info:                          Defined in:
Info:                               /home/ed667/oss-cad-suite/lib/../share/yosys/ice40/cells_map.v:6.21-6.22
Info:      logic  0.87  60.06 Source soc.cpu.reg_op1_SB_DFFE_Q_E_SB_LUT4_O_LC.O
Info:    routing  1.80  61.86 Net soc.cpu.reg_op1_SB_DFFE_Q_E (4,24) -> (3,24)
Info:                          Sink soc.cpu.reg_op1_SB_DFFE_Q_D_SB_LUT4_O_LC.CEN
Info:      setup  0.10  61.96 Source soc.cpu.reg_op1_SB_DFFE_Q_D_SB_LUT4_O_LC.CEN
Info: 16.52 ns logic, 45.44 ns routing

Info: Critical path report for cross-domain path '<async>' -> 'posedge clk':
Info:       type curr  total name
Info:     source  0.00  0.00 Source flash_io_buf[0].D_IN_0
Info:    routing  3.60  3.60 Net flash_io0_di (23,0) -> (20,7)
Info:                          Sink flash_io0_di_SB_LUT4_I0_LC.I0
Info:                          Defined in:
Info:                               picosoc.v:153.14-153.32
Info:      logic  1.28  4.88 Source flash_io0_di_SB_LUT4_I0_LC.O
Info:    routing  1.76  6.64 Net flash_io0_di_SB_LUT4_I0_O[0] (20,7) -> (20,7)
Info:                          Sink flash_io0_di_SB_LUT4_I0_O_SB_LUT4_I0_LC.I0
Info:                          Defined in:
Info:                               /home/ed667/oss-cad-suite/lib/../share/yosys/ice40/cells_map.v:6.21-6.22
Info:      logic  1.28  7.93 Source flash_io0_di_SB_LUT4_I0_O_SB_LUT4_I0_LC.O
Info:    routing  1.76  9.69 Net soc.gen_icache.icache_inst.data_array.0.0_RDATA_1_SB_LUT4_I2_O_SB_LUT4_I1_O_SB_LUT4_O_1_I0[2] (20,7) -> (21,7)
Info:                          Sink soc.gen_icache.icache_inst.data_array.0.0_RDATA_1_SB_LUT4_I2_O_SB_LUT4_I1_O_SB_LUT4_O_1_LC.I2
Info:                          Defined in:
Info:                               /home/ed667/oss-cad-suite/lib/../share/yosys/ice40/cells_map.v:6.21-6.22
Info:      logic  1.21  10.90 Source soc.gen_icache.icache_inst.data_array.0.0_RDATA_1_SB_LUT4_I2_O_SB_LUT4_I1_O_SB_LUT4_O_1_LC.O
Info:    routing  4.22  15.12 Net soc.gen_icache.icache_inst.data_array.0.0_RDATA_1_SB_LUT4_I2_O_SB_LUT4_I1_O[3] (21,7) -> (21,18)
Info:                          Sink soc.gen_icache.icache_inst.data_array.0.0_RDATA_1_SB_LUT4_I2_O_SB_LUT4_I1_O_SB_LUT4_I1_LC.I3
Info:                          Defined in:
Info:                               /home/ed667/oss-cad-suite/lib/../share/yosys/ice40/cells_map.v:6.21-6.22
Info:      logic  0.87  15.99 Source soc.gen_icache.icache_inst.data_array.0.0_RDATA_1_SB_LUT4_I2_O_SB_LUT4_I1_O_SB_LUT4_I1_LC.O
Info:    routing  2.95  18.94 Net soc.gen_icache.icache_inst.data_array.0.0_RDATA_SB_LUT4_I0_O_SB_LUT4_I1_O_SB_LUT4_I1_O[2] (21,18) -> (18,22)
Info:                          Sink soc.cpu.mem_rdata_q_SB_DFFE_Q_29_D_SB_LUT4_O_LC.I2
Info:                          Defined in:
Info:                               /home/ed667/oss-cad-suite/lib/../share/yosys/ice40/cells_map.v:6.21-6.22
Info:      logic  1.21  20.15 Source soc.cpu.mem_rdata_q_SB_DFFE_Q_29_D_SB_LUT4_O_LC.O
Info:    routing  1.76  21.91 Net soc.cpu.mem_rdata_q_SB_DFFE_Q_29_D[3] (18,22) -> (18,23)
Info:                          Sink soc.cpu.mem_rdata_q_SB_DFFE_Q_27_D_SB_LUT4_I3_O_SB_LUT4_O_LC.I3
Info:                          Defined in:
Info:                               /home/ed667/oss-cad-suite/lib/../share/yosys/ice40/cells_map.v:6.21-6.22
Info:      logic  0.87  22.78 Source soc.cpu.mem_rdata_q_SB_DFFE_Q_27_D_SB_LUT4_I3_O_SB_LUT4_O_LC.O
Info:    routing  1.76  24.55 Net soc.cpu.instr_auipc_SB_DFFE_Q_D_SB_LUT4_O_I2[1] (18,23) -> (18,23)
Info:                          Sink soc.cpu.mem_rdata_q_SB_DFFE_Q_4_D_SB_LUT4_I3_O_SB_LUT4_O_LC.I3
Info:                          Defined in:
Info:                               /home/ed667/oss-cad-suite/lib/../share/yosys/ice40/cells_map.v:6.21-6.22
Info:      logic  0.87  25.42 Source soc.cpu.mem_rdata_q_SB_DFFE_Q_4_D_SB_LUT4_I3_O_SB_LUT4_O_LC.O
Info:    routing  1.76  27.18 Net soc.cpu.mem_rdata_q_SB_DFFE_Q_4_D_SB_LUT4_I3_O[0] (18,23) -> (17,23)
Info:                          Sink soc.cpu.mem_rdata_q_SB_DFFE_Q_4_D_SB_LUT4_I3_O_SB_LUT4_I1_LC.I1
Info:                          Defined in:
Info:                               /home/ed667/oss-cad-suite/lib/../share/yosys/ice40/cells_map.v:6.21-6.22
Info:      logic  1.23  28.41 Source soc.cpu.mem_rdata_q_SB_DFFE_Q_4_D_SB_LUT4_I3_O_SB_LUT4_I1_LC.O
Info:    routing  1.76  30.17 Net soc.cpu.decoded_rs1_SB_DFFESR_Q_2_D_SB_LUT4_I3_O[3] (17,23) -> (16,23)
Info:                          Sink soc.cpu.cpuregs.regs.1.0_RADDR_SB_LUT4_O_LC.I3
Info:                          Defined in:
Info:                               /home/ed667/oss-cad-suite/lib/../share/yosys/ice40/cells_map.v:6.21-6.22
Info:      logic  0.87  31.05 Source soc.cpu.cpuregs.regs.1.0_RADDR_SB_LUT4_O_LC.O
Info:    routing  3.49  34.54 Net soc.cpu.cpuregs.regs.1.0_RADDR[2] (16,23) -> (11,22)
Info:                          Sink soc.cpu.cpuregs.regs.1.0_RDATA_10_SB_DFF_Q_D_SB_LUT4_O_I0_SB_LUT4_O_LC.I3
Info:                          Defined in:
Info:                               /home/ed667/oss-cad-suite/lib/../share/yosys/ice40/cells_map.v:6.21-6.22
Info:      logic  0.87  35.42 Source soc.cpu.cpuregs.regs.1.0_RDATA_10_SB_DFF_Q_D_SB_LUT4_O_I0_SB_LUT4_O_LC.O
Info:    routing  1.76  37.18 Net soc.cpu.cpuregs.regs.1.0_RDATA_10_SB_DFF_Q_D_SB_LUT4_O_I0[0] (11,22) -> (11,22)
Info:                          Sink soc.cpu.cpuregs.regs.1.0_RDATA_10_SB_DFF_Q_D_SB_LUT4_O_LC.I0
Info:                          Defined in:
Info:                               /home/ed667/oss-cad-suite/lib/../share/yosys/ice40/cells_map.v:6.21-6.22
Info:      setup  1.23  38.41 Source soc.cpu.cpuregs.regs.1.0_RDATA_10_SB_DFF_Q_D_SB_LUT4_O_LC.I0
Info: 11.81 ns logic, 26.60 ns routing

Info: Critical path report for cross-domain path 'posedge clk' -> '<async>':
Info:       type curr  total name
Info:   clk-to-q  1.39  1.39 Source soc.spimemio.xfer.dummy_count_SB_DFFESR_Q_D_SB_LUT4_O_LC.O
Info:    routing  1.76  3.15 Net soc.spimemio.xfer.dummy_count[3] (21,3) -> (21,2)
Info:                          Sink soc.spimemio.xfer.dummy_count_SB_LUT4_I0_LC.I0
Info:                          Defined in:
Info:                               spimemio.v:417.12-417.23
Info:      logic  1.28  4.43 Source soc.spimemio.xfer.dummy_count_SB_LUT4_I0_LC.O
Info:    routing  1.76  6.20 Net flash_io0_oe_SB_LUT4_O_I3[2] (21,2) -> (20,2)
Info:                          Sink flash_io3_oe_SB_LUT4_O_I3_SB_LUT4_O_LC.I3
Info:                          Defined in:
Info:                               /home/ed667/oss-cad-suite/lib/../share/yosys/ice40/cells_map.v:6.21-6.22
Info:      logic  0.87  7.07 Source flash_io3_oe_SB_LUT4_O_I3_SB_LUT4_O_LC.O
Info:    routing  1.76  8.83 Net flash_io3_oe_SB_LUT4_O_I3[3] (20,2) -> (21,2)
Info:                          Sink soc.spimemio.xfer_io2_90_SB_DFFN_Q_D_SB_LUT4_O_LC.I3
Info:                          Defined in:
Info:                               /home/ed667/oss-cad-suite/lib/../share/yosys/ice40/cells_map.v:6.21-6.22
Info:      logic  0.87  9.70 Source soc.spimemio.xfer_io2_90_SB_DFFN_Q_D_SB_LUT4_O_LC.O
Info:    routing  1.76  11.47 Net soc.spimemio.xfer_io2_90_SB_DFFN_Q_D[2] (21,2) -> (20,1)
Info:                          Sink soc.spimemio.xfer_io2_90_SB_LUT4_I2_LC.I3
Info:                          Defined in:
Info:                               /home/ed667/oss-cad-suite/lib/../share/yosys/ice40/cells_map.v:6.21-6.22
Info:      logic  0.87  12.34 Source soc.spimemio.xfer_io2_90_SB_LUT4_I2_LC.O
Info:    routing  1.76  14.10 Net flash_io2_do_SB_LUT4_O_I3[2] (20,1) -> (20,1)
Info:                          Sink flash_io2_do_SB_LUT4_O_LC.I3
Info:                          Defined in:
Info:                               /home/ed667/oss-cad-suite/lib/../share/yosys/ice40/cells_map.v:6.21-6.22
Info:      logic  0.87  14.98 Source flash_io2_do_SB_LUT4_O_LC.O
Info:    routing  2.95  17.93 Net flash_io2_do (20,1) -> (18,0)
Info:                          Sink flash_io_buf[2].D_OUT_0
Info:                          Defined in:
Info:                               spimemio.v:38.9-38.21
Info: 6.17 ns logic, 11.76 ns routing

Info: Critical path report for cross-domain path 'negedge clk' -> '<async>':
Info:       type curr  total name
Info:   clk-to-q  1.39  1.39 Source soc.spimemio.xfer_io2_90_SB_DFFN_Q_DFFLC.O
Info:    routing  1.76  3.15 Net soc.spimemio.xfer_io2_90 (20,1) -> (20,1)
Info:                          Sink soc.spimemio.xfer_io2_90_SB_LUT4_I2_LC.I2
Info:                          Defined in:
Info:                               /home/ed667/oss-cad-suite/lib/../share/yosys/ice40/cells_map.v:6.21-6.22
Info:      logic  1.21  4.36 Source soc.spimemio.xfer_io2_90_SB_LUT4_I2_LC.O
Info:    routing  1.76  6.12 Net flash_io2_do_SB_LUT4_O_I3[2] (20,1) -> (20,1)
Info:                          Sink flash_io2_do_SB_LUT4_O_LC.I3
Info:                          Defined in:
Info:                               /home/ed667/oss-cad-suite/lib/../share/yosys/ice40/cells_map.v:6.21-6.22
Info:      logic  0.87  6.99 Source flash_io2_do_SB_LUT4_O_LC.O
Info:    routing  2.95  9.94 Net flash_io2_do (20,1) -> (18,0)
Info:                          Sink flash_io_buf[2].D_OUT_0
Info:                          Defined in:
Info:                               spimemio.v:38.9-38.21
Info: 3.47 ns logic, 6.47 ns routing

Info: Max frequency for clock 'clk': 16.14 MHz (PASS at 12.00 MHz)

Info: Max delay <async>     -> posedge clk: 38.41 ns
Info: Max delay posedge clk -> <async>    : 17.93 ns
Info: Max delay negedge clk -> <async>    : 9.94 ns

Info: Slack histogram:
Info:  legend: * represents 22 endpoint(s)
Info:          + represents [1,22) endpoint(s)
Info: [ 21373,  24309) |+
Info: [ 24309,  27245) |*+
Info: [ 27245,  30181) |**+
Info: [ 30181,  33117) |*+
Info: [ 33117,  36053) |*+
Info: [ 36053,  38989) |**+
Info: [ 38989,  41925) |***+
Info: [ 41925,  44861) |************+
Info: [ 44861,  47797) |*******+
Info: [ 47797,  50733) |******+
Info: [ 50733,  53669) |***********+
Info: [ 53669,  56605) |****+
Info: [ 56605,  59541) |******+
Info: [ 59541,  62477) |**************+
Info: [ 62477,  65413) |************+
Info: [ 65413,  68349) |*********************************+
Info: [ 68349,  71285) |**********************************************************+
Info: [ 71285,  74221) |*********************+
Info: [ 74221,  77157) |****************************************************+
Info: [ 77157,  80093) |************************************************************ 

Info: Program finished normally.
