COMMAND: nextpnr-ice40 --up5k --package sg48 --json design.json --pcf icebreaker.pcf --asc design.asc --pcf-allow-unconstrained

STDOUT:


STDERR:
Info: constrained 'clk_in' to bel 'X12/Y31/io1'
Info: constrained 'ser_rx' to bel 'X13/Y0/io1'
Info: constrained 'ser_tx' to bel 'X15/Y0/io0'
Info: constrained 'flash_clk' to bel 'X24/Y0/io0'
Info: constrained 'flash_csb' to bel 'X24/Y0/io1'
Info: constrained 'flash_io0' to bel 'X23/Y0/io0'
Info: constrained 'flash_io1' to bel 'X23/Y0/io1'
Info: constrained 'flash_io2' to bel 'X18/Y0/io0'
Info: constrained 'flash_io3' to bel 'X19/Y0/io0'
Info: constrained 'P1A1' to bel 'X9/Y0/io0'
Info: constrained 'P1A2' to bel 'X8/Y0/io0'
Info: constrained 'P1A3' to bel 'X6/Y0/io0'
Info: constrained 'P1A4' to bel 'X7/Y0/io1'
Info: constrained 'P1A7' to bel 'X9/Y0/io1'
Info: constrained 'P1A8' to bel 'X7/Y0/io0'
Info: constrained 'P1A9' to bel 'X5/Y0/io0'
Info: constrained 'P1A10' to bel 'X6/Y0/io1'
Info: constrained 'led1' to bel 'X18/Y31/io0'
Info: constrained 'led2' to bel 'X18/Y31/io1'
Info: constrained 'led3' to bel 'X19/Y31/io1'
Info: constrained 'led4' to bel 'X19/Y31/io0'
Info: constrained 'led5' to bel 'X18/Y0/io1'
Info: constrained 'ledr_n' to bel 'X17/Y0/io0'
Info: constrained 'ledg_n' to bel 'X13/Y31/io0'

Info: Packing constants..
Info: Packing IOs..
Info: flash_io3 feeds SB_IO flash_io_buf[3], removing $nextpnr_iobuf flash_io3.
Info: flash_io2 feeds SB_IO flash_io_buf[2], removing $nextpnr_iobuf flash_io2.
Info: flash_io1 feeds SB_IO flash_io_buf[1], removing $nextpnr_iobuf flash_io1.
Info: flash_io0 feeds SB_IO flash_io_buf[0], removing $nextpnr_iobuf flash_io0.
Info: Packing LUT-FFs..
Info:     3070 LCs used as LUT4 only
Info:     1087 LCs used as LUT4 and DFF
Info: Packing non-LUT FFs..
Info:      603 LCs used as DFF only
Info: Packing carries..
Info:      127 LCs used as CARRY only
Info: Packing indirect carry+LUT pairs...
Info:       38 LUTs merged into carry LCs
Info: Packing RAMs..
Info: Placing PLLs..
Info:   constrained PLL 'pll' to X12/Y31/pll_3
Info: Packing special functions..
Info: Packing PLLs..
Info:   PLL 'pll' has LOCK output, need to pass all outputs via LUT
Info:   constrained 'pll_locked_SB_LUT4_I0_LC' to X1/Y30/lc0
Info: Promoting globals..
Info: promoting iomem_ready_SB_LUT4_I2_O_SB_LUT4_I2_O_SB_LUT4_I3_4_O[0] [reset] (fanout 551)
Info: promoting soc.cpu.genblk1.genblk1.pcpi_mul.instr_mulhu_SB_LUT4_I2_O[0] [reset] (fanout 85)
Info: promoting soc.cpu.genblk2.pcpi_div.dq_SB_DFFE_Q_10_D_SB_LUT4_O_I3[1] [reset] (fanout 38)
Info: promoting soc.simpleuart.send_dummy_SB_LUT4_I2_I3_SB_LUT4_I0_O_SB_LUT4_I3_O [reset] (fanout 32)
Info: promoting resetn [cen] (fanout 215)
Info: promoting soc.gen_icache.icache_inst.state_SB_DFF_Q_D_SB_LUT4_O_I3_SB_LUT4_O_I2_SB_LUT4_I3_O_SB_LUT4_I1_O [cen] (fanout 128)
Info: promoting soc.cpu.genblk2.pcpi_div.running_SB_DFFSR_Q_D_SB_LUT4_I3_O [cen] (fanout 70)
Info: Constraining chains...
Info:       55 LCs used to legalise carry chains.
Info: Checksum: 0x6ec4ca51

Info: Device utilisation:
Info: 	         ICESTORM_LC:    4906/   5280    92%
Info: 	        ICESTORM_RAM:      22/     30    73%
Info: 	               SB_IO:      24/     96    25%
Info: 	               SB_GB:       8/      8   100%
Info: 	        ICESTORM_PLL:       1/      1   100%
Info: 	         SB_WARMBOOT:       0/      1     0%
Info: 	        ICESTORM_DSP:       0/      8     0%
Info: 	      ICESTORM_HFOSC:       0/      1     0%
Info: 	      ICESTORM_LFOSC:       0/      1     0%
Info: 	              SB_I2C:       0/      2     0%
Info: 	              SB_SPI:       0/      2     0%
Info: 	              IO_I3C:       0/      2     0%
Info: 	         SB_LEDDA_IP:       0/      1     0%
Info: 	         SB_RGBA_DRV:       0/      1     0%
Info: 	      ICESTORM_SPRAM:       4/      4   100%

Info: Placed 26 cells based on constraints.
Info: Creating initial analytic placement for 4209 cells, random placement wirelen = 119710.
Info:     at initial placer iter 0, wirelen = 1936
Info:     at initial placer iter 1, wirelen = 1917
Info:     at initial placer iter 2, wirelen = 1940
Info:     at initial placer iter 3, wirelen = 1945
Info: Running main analytical placer, max placement attempts per cell = 3081403.
Info:     at iteration #1, type ALL: wirelen solved = 1943, spread = 44154, legal = 48969; time = 0.15s
Info:     at iteration #2, type ALL: wirelen solved = 2566, spread = 39157, legal = 44946; time = 0.14s
Info:     at iteration #3, type ALL: wirelen solved = 4049, spread = 38146, legal = 42297; time = 0.10s
Info:     at iteration #4, type ALL: wirelen solved = 5697, spread = 35320, legal = 39686; time = 0.11s
Info:     at iteration #5, type ALL: wirelen solved = 6775, spread = 31861, legal = 37022; time = 0.15s
Info:     at iteration #6, type ALL: wirelen solved = 7947, spread = 30472, legal = 37303; time = 0.13s
Info:     at iteration #7, type ALL: wirelen solved = 8709, spread = 29890, legal = 34864; time = 0.13s
Info:     at iteration #8, type ALL: wirelen solved = 9554, spread = 30044, legal = 35964; time = 0.18s
Info:     at iteration #9, type ALL: wirelen solved = 11011, spread = 28140, legal = 33734; time = 0.12s
Info:     at iteration #10, type ALL: wirelen solved = 11959, spread = 27341, legal = 33691; time = 0.14s
Info:     at iteration #11, type ALL: wirelen solved = 12969, spread = 27172, legal = 33070; time = 0.13s
Info:     at iteration #12, type ALL: wirelen solved = 14204, spread = 26742, legal = 33692; time = 0.12s
Info:     at iteration #13, type ALL: wirelen solved = 14330, spread = 26693, legal = 33140; time = 0.12s
Info:     at iteration #14, type ALL: wirelen solved = 14938, spread = 26592, legal = 33095; time = 0.12s
Info:     at iteration #15, type ALL: wirelen solved = 15102, spread = 26605, legal = 32533; time = 0.13s
Info:     at iteration #16, type ALL: wirelen solved = 15557, spread = 26418, legal = 30897; time = 0.09s
Info:     at iteration #17, type ALL: wirelen solved = 15898, spread = 26310, legal = 32248; time = 0.13s
Info:     at iteration #18, type ALL: wirelen solved = 16075, spread = 26083, legal = 32225; time = 0.12s
Info:     at iteration #19, type ALL: wirelen solved = 16469, spread = 25794, legal = 32718; time = 0.14s
Info:     at iteration #20, type ALL: wirelen solved = 16538, spread = 26384, legal = 32889; time = 0.12s
Info:     at iteration #21, type ALL: wirelen solved = 16747, spread = 26212, legal = 33260; time = 0.13s
Info: HeAP Placer Time: 3.63s
Info:   of which solving equations: 1.66s
Info:   of which spreading cells: 0.20s
Info:   of which strict legalisation: 1.10s

Info: Running simulated annealing placer for refinement.
Info:   at iteration #1: temp = 0.000000, timing cost = 1926, wirelen = 30897
Info:   at iteration #5: temp = 0.000000, timing cost = 1909, wirelen = 26882
Info:   at iteration #10: temp = 0.000000, timing cost = 2015, wirelen = 25921
Info:   at iteration #15: temp = 0.000000, timing cost = 1964, wirelen = 25164
Info:   at iteration #20: temp = 0.000000, timing cost = 1970, wirelen = 24880
Info:   at iteration #25: temp = 0.000000, timing cost = 1970, wirelen = 24785
Info:   at iteration #30: temp = 0.000000, timing cost = 1964, wirelen = 24742
Info:   at iteration #32: temp = 0.000000, timing cost = 1964, wirelen = 24729 
Info: SA placement time 6.82s

Info: Max frequency for clock 'clk': 16.13 MHz (PASS at 12.00 MHz)

Info: Max delay <async>     -> posedge clk: 36.19 ns
Info: Max delay posedge clk -> <async>    : 17.55 ns
Info: Max delay negedge clk -> <async>    : 10.16 ns

Info: Slack histogram:
Info:  legend: * represents 31 endpoint(s)
Info:          + represents [1,31) endpoint(s)
Info: [ 21331,  24276) |+
Info: [ 24276,  27221) |***+
Info: [ 27221,  30166) |*+
Info: [ 30166,  33111) |*+
Info: [ 33111,  36056) |****+
Info: [ 36056,  39001) |**+
Info: [ 39001,  41946) |***+
Info: [ 41946,  44891) |****+
Info: [ 44891,  47836) |**+
Info: [ 47836,  50781) |**+
Info: [ 50781,  53726) |****+
Info: [ 53726,  56671) |****+
Info: [ 56671,  59616) |*****+
Info: [ 59616,  62561) |*********+
Info: [ 62561,  65506) |******************+
Info: [ 65506,  68451) |******************************+
Info: [ 68451,  71396) |**************************+
Info: [ 71396,  74341) |****************+
Info: [ 74341,  77286) |***********************+
Info: [ 77286,  80231) |************************************************************ 
Info: Checksum: 0x90c25dd8

Info: Routing..
Info: Setting up routing queue.
Info: Routing 16852 arcs.
Info:            |   (re-)routed arcs  |   delta    | remaining|       time spent     |
Info:    IterCnt |  w/ripup   wo/ripup |  w/r  wo/r |      arcs| batch(sec) total(sec)|
Info:       1000 |       44        955 |   44   955 |     15934|       0.50       0.50|
Info:       2000 |      141       1858 |   97   903 |     15085|       0.41       0.91|
Info:       3000 |      345       2654 |  204   796 |     14403|       0.20       1.11|
Info:       4000 |      466       3527 |  121   873 |     13582|       0.19       1.30|
Info:       5000 |      720       4260 |  254   733 |     12919|       0.24       1.54|
Info:       6000 |     1012       4968 |  292   708 |     12379|       0.33       1.87|
Info:       7000 |     1256       5724 |  244   756 |     11739|       0.26       2.13|
Info:       8000 |     1558       6404 |  302   680 |     11216|       0.29       2.42|
Info:       9000 |     1899       7025 |  341   621 |     10716|       0.35       2.77|
Info:      10000 |     2273       7636 |  374   611 |     10374|       0.40       3.17|
Info:      11000 |     2667       8241 |  394   605 |     10158|       0.52       3.69|
Info:      12000 |     3031       8877 |  364   636 |      9848|       0.41       4.10|
Info:      13000 |     3467       9413 |  436   536 |      9564|       0.42       4.52|
Info:      14000 |     3868       9956 |  401   543 |      9257|       0.35       4.87|
Info:      15000 |     4271      10501 |  403   545 |      8968|       0.33       5.20|
Info:      16000 |     4739      11033 |  468   532 |      8721|       0.34       5.54|
Info:      17000 |     5197      11572 |  458   539 |      8520|       0.38       5.92|
Info:      18000 |     5723      12046 |  526   474 |      8402|       1.22       7.14|
Info:      19000 |     6186      12583 |  463   537 |      8205|       0.40       7.55|
Info:      20000 |     6679      13090 |  493   507 |      8084|       0.45       7.99|
Info:      21000 |     7058      13634 |  379   544 |      7689|       0.36       8.35|
Info:      22000 |     7547      14120 |  489   486 |      7393|       0.34       8.69|
Info:      23000 |     8097      14558 |  550   438 |      7248|       0.57       9.26|
Info:      24000 |     8632      15008 |  535   450 |      7126|       0.45       9.72|
Info:      25000 |     9170      15443 |  538   435 |      7017|       0.37      10.09|
Info:      26000 |     9679      15905 |  509   462 |      6858|       0.46      10.55|
Info:      27000 |    10268      16315 |  589   410 |      6821|       0.51      11.06|
Info:      28000 |    10750      16833 |  482   518 |      6547|       0.47      11.54|
Info:      29000 |    11248      17335 |  498   502 |      6408|       0.57      12.11|
Info:      30000 |    11782      17775 |  534   440 |      6254|       0.63      12.74|
Info:      31000 |    12291      18263 |  509   488 |      6097|       0.61      13.35|
Info:      32000 |    12785      18769 |  494   506 |      5851|       0.53      13.88|
Info:      33000 |    13333      19194 |  548   425 |      5723|       0.68      14.56|
Info:      34000 |    13856      19669 |  523   475 |      5558|       0.58      15.14|
Info:      35000 |    14420      20102 |  564   433 |      5421|       0.58      15.72|
Info:      36000 |    14989      20533 |  569   431 |      5418|       0.57      16.29|
Info:      37000 |    15600      20922 |  611   389 |      5407|       0.62      16.91|
Info:      38000 |    16159      21363 |  559   441 |      5411|       0.49      17.40|
Info:      39000 |    16682      21837 |  523   474 |      5227|       0.53      17.93|
Info:      40000 |    17228      22291 |  546   454 |      5094|       0.52      18.45|
Info:      41000 |    17783      22736 |  555   445 |      4958|       0.70      19.15|
Info:      42000 |    18360      23159 |  577   423 |      4941|       0.74      19.89|
Info:      43000 |    18899      23612 |  539   453 |      4741|       0.41      20.30|
Info:      44000 |    19420      24087 |  521   475 |      4554|       0.49      20.79|
Info:      45000 |    19984      24523 |  564   436 |      4389|       0.66      21.45|
Info:      46000 |    20519      24985 |  535   462 |      4270|       0.74      22.20|
Info:      47000 |    21058      25419 |  539   434 |      4101|       0.75      22.95|
Info:      48000 |    21675      25802 |  617   383 |      4068|       0.78      23.73|
Info:      49000 |    22235      26242 |  560   440 |      3936|       0.54      24.27|
Info:      50000 |    22822      26628 |  587   386 |      3800|       0.49      24.76|
Info:      51000 |    23346      27102 |  524   474 |      3644|       0.48      25.25|
Info:      52000 |    23897      27542 |  551   440 |      3419|       0.38      25.62|
Info:      53000 |    24525      27911 |  628   369 |      3384|       0.40      26.03|
Info:      54000 |    25029      28404 |  504   493 |      3295|       0.61      26.63|
Info:      55000 |    25604      28823 |  575   419 |      3220|       0.60      27.24|
Info:      56000 |    26216      29208 |  612   385 |      3166|       0.56      27.79|
Info:      57000 |    26767      29657 |  551   449 |      3109|       0.40      28.19|
Info:      58000 |    27450      29974 |  683   317 |      3124|       0.63      28.82|
Info:      59000 |    28063      30361 |  613   387 |      3031|       0.59      29.41|
Info:      60000 |    28605      30817 |  542   456 |      2950|       0.52      29.93|
Info:      61000 |    29269      31153 |  664   336 |      2927|       0.71      30.63|
Info:      62000 |    29829      31589 |  560   436 |      2793|       0.46      31.09|
Info:      63000 |    30419      31999 |  590   410 |      2760|       0.54      31.63|
Info:      64000 |    31020      32398 |  601   399 |      2655|       0.49      32.12|
Info:      65000 |    31571      32846 |  551   448 |      2591|       0.51      32.63|
Info:      66000 |    32184      33233 |  613   387 |      2611|       0.63      33.26|
Info:      67000 |    32761      33656 |  577   423 |      2557|       0.60      33.86|
Info:      68000 |    33283      34134 |  522   478 |      2441|       0.44      34.30|
Info:      69000 |    33785      34628 |  502   494 |      2230|       0.52      34.82|
Info:      70000 |    34350      35061 |  565   433 |      2113|       0.54      35.36|
Info:      71000 |    34959      35451 |  609   390 |      2213|       0.93      36.29|
Info:      72000 |    35414      35996 |  455   545 |      2017|       1.13      37.43|
Info:      73000 |    35998      36404 |  584   408 |      1960|       0.57      38.00|
Info:      74000 |    36591      36809 |  593   405 |      1912|       0.59      38.59|
Info:      75000 |    37150      37249 |  559   440 |      1821|       0.54      39.13|
Info:      76000 |    37752      37647 |  602   398 |      1749|       1.44      40.57|
Info:      77000 |    38278      38114 |  526   467 |      1541|       0.32      40.89|
Info:      78000 |    38764      38615 |  486   501 |      1236|       0.32      41.22|
Info:      79000 |    39153      39226 |  389   611 |       805|       0.32      41.54|
Info:      80000 |    39569      39810 |  416   584 |       401|       0.52      42.06|
Info:      81000 |    40050      40329 |  481   519 |       146|       0.64      42.70|
Info:      82000 |    40633      40746 |  583   417 |         4|       0.55      43.25|
Info:      82219 |    40774      40825 |  141    79 |         0|       0.13      43.38|
Info: Routing complete.
Info: Router1 time 43.38s
Info: Checksum: 0x3c047702

Info: Critical path report for clock 'clk' (posedge -> posedge):
Info:       type curr  total name
Info:   clk-to-q  1.39  1.39 Source soc.cpu.mem_addr_SB_DFFE_Q_24_DFFLC.O
Info:    routing  5.54  6.93 Net iomem_addr[7] (24,25) -> (22,8)
Info:                          Sink soc.gen_icache.icache_inst.valid_array_SB_DFFESR_Q_3_D_SB_LUT4_O_I3_SB_LUT4_O_I3_SB_LUT4_O_LC.I2
Info:                          Defined in:
Info:                               /home/ed667/oss-cad-suite/lib/../share/yosys/ice40/cells_map.v:6.21-6.22
Info:      logic  1.21  8.14 Source soc.gen_icache.icache_inst.valid_array_SB_DFFESR_Q_3_D_SB_LUT4_O_I3_SB_LUT4_O_I3_SB_LUT4_O_LC.O
Info:    routing  3.06  11.20 Net soc.cpu.mem_instr_SB_LUT4_I2_O_SB_LUT4_O_I2_SB_LUT4_O_I2_SB_LUT4_O_1_I1_SB_LUT4_O_2_I2_SB_LUT4_O_I2[1] (22,8) -> (23,14)
Info:                          Sink soc.gen_icache.icache_inst.valid_array_SB_DFFESR_Q_63_D_SB_LUT4_O_I3_SB_LUT4_O_I3_SB_LUT4_O_LC.I3
Info:                          Defined in:
Info:                               /home/ed667/oss-cad-suite/lib/../share/yosys/ice40/cells_map.v:6.21-6.22
Info:      logic  0.87  12.07 Source soc.gen_icache.icache_inst.valid_array_SB_DFFESR_Q_63_D_SB_LUT4_O_I3_SB_LUT4_O_I3_SB_LUT4_O_LC.O
Info:    routing  1.76  13.83 Net soc.gen_icache.icache_inst.valid_array_SB_DFFESR_Q_63_D_SB_LUT4_O_I3_SB_LUT4_O_I3[0] (23,14) -> (23,15)
Info:                          Sink iomem_ready_SB_LUT4_I2_I3_SB_LUT4_O_1_LC.I2
Info:                          Defined in:
Info:                               /home/ed667/oss-cad-suite/lib/../share/yosys/ice40/cells_map.v:6.21-6.22
Info:      logic  1.21  15.04 Source iomem_ready_SB_LUT4_I2_I3_SB_LUT4_O_1_LC.O
Info:    routing  1.76  16.80 Net iomem_ready_SB_LUT4_I2_I3[2] (23,15) -> (22,16)
Info:                          Sink iomem_ready_SB_LUT4_I1_O_SB_LUT4_O_I2_SB_LUT4_O_1_LC.I3
Info:                          Defined in:
Info:                               /home/ed667/oss-cad-suite/lib/../share/yosys/ice40/cells_map.v:6.21-6.22
Info:      logic  0.87  17.67 Source iomem_ready_SB_LUT4_I1_O_SB_LUT4_O_I2_SB_LUT4_O_1_LC.O
Info:    routing  3.60  21.27 Net iomem_ready_SB_LUT4_I1_O_SB_LUT4_O_I2[1] (22,16) -> (17,13)
Info:                          Sink soc.cpu.mem_instr_SB_LUT4_I1_O_SB_LUT4_I3_1_O_SB_LUT4_O_LC.I3
Info:                          Defined in:
Info:                               /home/ed667/oss-cad-suite/lib/../share/yosys/ice40/cells_map.v:6.21-6.22
Info:      logic  0.87  22.15 Source soc.cpu.mem_instr_SB_LUT4_I1_O_SB_LUT4_I3_1_O_SB_LUT4_O_LC.O
Info:    routing  1.76  23.91 Net soc.ram_ready_SB_LUT4_I0_O[3] (17,13) -> (16,12)
Info:                          Sink soc.simpleuart.send_dummy_SB_LUT4_I2_1_O_SB_LUT4_O_1_LC.I2
Info:                          Defined in:
Info:                               /home/ed667/oss-cad-suite/lib/../share/yosys/ice40/cells_map.v:6.21-6.22
Info:      logic  1.21  25.11 Source soc.simpleuart.send_dummy_SB_LUT4_I2_1_O_SB_LUT4_O_1_LC.O
Info:    routing  1.76  26.87 Net soc.simpleuart.send_dummy_SB_LUT4_I2_1_O[2] (16,12) -> (17,13)
Info:                          Sink iomem_ready_SB_LUT4_I1_O_SB_LUT4_O_1_LC.I3
Info:                          Defined in:
Info:                               /home/ed667/oss-cad-suite/lib/../share/yosys/ice40/cells_map.v:6.21-6.22
Info:      logic  0.87  27.75 Source iomem_ready_SB_LUT4_I1_O_SB_LUT4_O_1_LC.O
Info:    routing  1.76  29.51 Net iomem_ready_SB_LUT4_I1_O[3] (17,13) -> (18,14)
Info:                          Sink soc.ram_ready_SB_LUT4_I0_1_LC.I3
Info:                          Defined in:
Info:                               /home/ed667/oss-cad-suite/lib/../share/yosys/ice40/cells_map.v:6.21-6.22
Info:      logic  0.87  30.38 Source soc.ram_ready_SB_LUT4_I0_1_LC.O
Info:    routing  3.60  33.98 Net soc.ram_ready_SB_LUT4_I0_1_O[3] (18,14) -> (21,20)
Info:                          Sink soc.cpu.mem_instr_SB_LUT4_I1_O_SB_LUT4_I1_LC.I3
Info:                          Defined in:
Info:                               /home/ed667/oss-cad-suite/lib/../share/yosys/ice40/cells_map.v:6.21-6.22
Info:      logic  0.87  34.85 Source soc.cpu.mem_instr_SB_LUT4_I1_O_SB_LUT4_I1_LC.O
Info:    routing  3.60  38.46 Net soc.cpu.mem_instr_SB_LUT4_I1_O_SB_LUT4_I1_O[1] (21,20) -> (17,25)
Info:                          Sink soc.cpu.mem_xfer_SB_LUT4_O_LC.I2
Info:                          Defined in:
Info:                               /home/ed667/oss-cad-suite/lib/../share/yosys/ice40/cells_map.v:6.21-6.22
Info:      logic  1.21  39.66 Source soc.cpu.mem_xfer_SB_LUT4_O_LC.O
Info:    routing  1.76  41.42 Net soc.cpu.mem_rdata_q_SB_DFFE_Q_13_D[1] (17,25) -> (16,26)
Info:                          Sink soc.cpu.mem_valid_SB_DFFESR_Q_E_SB_LUT4_O_I0_SB_LUT4_I3_1_O_SB_LUT4_O_LC.I3
Info:                          Defined in:
Info:                               /home/ed667/oss-cad-suite/lib/../share/yosys/ice40/cells_map.v:6.21-6.22
Info:      logic  0.87  42.29 Source soc.cpu.mem_valid_SB_DFFESR_Q_E_SB_LUT4_O_I0_SB_LUT4_I3_1_O_SB_LUT4_O_LC.O
Info:    routing  3.39  45.69 Net soc.cpu.mem_valid_SB_DFFESR_Q_E_SB_LUT4_O_I0_SB_LUT4_I3_1_O[2] (16,26) -> (5,26)
Info:                          Sink resetn_SB_LUT4_O_I3_SB_LUT4_I3_O_SB_LUT4_O_1_LC.I3
Info:                          Defined in:
Info:                               /home/ed667/oss-cad-suite/lib/../share/yosys/ice40/cells_map.v:6.21-6.22
Info:      logic  0.87  46.56 Source resetn_SB_LUT4_O_I3_SB_LUT4_I3_O_SB_LUT4_O_1_LC.O
Info:    routing  1.76  48.32 Net resetn_SB_LUT4_O_I3_SB_LUT4_I3_O[2] (5,26) -> (4,25)
Info:                          Sink soc.cpu.instr_lw_SB_LUT4_I0_I2_SB_LUT4_O_LC.I3
Info:                          Defined in:
Info:                               /home/ed667/oss-cad-suite/lib/../share/yosys/ice40/cells_map.v:6.21-6.22
Info:      logic  0.87  49.19 Source soc.cpu.instr_lw_SB_LUT4_I0_I2_SB_LUT4_O_LC.O
Info:    routing  1.76  50.96 Net soc.cpu.instr_lw_SB_LUT4_I0_I2[2] (4,25) -> (5,25)
Info:                          Sink soc.cpu.instr_sll_SB_LUT4_I0_O_SB_LUT4_I3_O_SB_LUT4_I1_LC.I3
Info:                          Defined in:
Info:                               /home/ed667/oss-cad-suite/lib/../share/yosys/ice40/cells_map.v:6.21-6.22
Info:      logic  0.87  51.83 Source soc.cpu.instr_sll_SB_LUT4_I0_O_SB_LUT4_I3_O_SB_LUT4_I1_LC.O
Info:    routing  2.95  54.78 Net soc.cpu.instr_sll_SB_LUT4_I0_O_SB_LUT4_I3_O_SB_LUT4_I1_O[1] (5,25) -> (5,21)
Info:                          Sink soc.cpu.instr_sll_SB_LUT4_I0_O_SB_LUT4_I3_O_SB_LUT4_I1_O_SB_LUT4_I3_LC.I3
Info:                          Defined in:
Info:                               /home/ed667/oss-cad-suite/lib/../share/yosys/ice40/cells_map.v:6.21-6.22
Info:      logic  0.87  55.65 Source soc.cpu.instr_sll_SB_LUT4_I0_O_SB_LUT4_I3_O_SB_LUT4_I1_O_SB_LUT4_I3_LC.O
Info:    routing  1.76  57.42 Net soc.cpu.instr_sll_SB_LUT4_I0_O_SB_LUT4_I3_O_SB_LUT4_I1_O_SB_LUT4_I3_O[3] (5,21) -> (4,22)
Info:                          Sink soc.cpu.instr_sra_SB_LUT4_I0_LC.I3
Info:                          Defined in:
Info:                               /home/ed667/oss-cad-suite/lib/../share/yosys/ice40/cells_map.v:6.21-6.22
Info:      logic  0.87  58.29 Source soc.cpu.instr_sra_SB_LUT4_I0_LC.O
Info:    routing  3.03  61.32 Net soc.cpu.reg_op1_SB_DFFE_Q_E (4,22) -> (3,22)
Info:                          Sink soc.cpu.reg_op1_SB_DFFE_Q_D_SB_LUT4_O_LC.CEN
Info:      setup  0.10  61.42 Source soc.cpu.reg_op1_SB_DFFE_Q_D_SB_LUT4_O_LC.CEN
Info: 16.80 ns logic, 44.62 ns routing

Info: Critical path report for cross-domain path '<async>' -> 'posedge clk':
Info:       type curr  total name
Info:     source  0.00  0.00 Source flash_io_buf[0].D_IN_0
Info:    routing  4.79  4.79 Net flash_io0_di (23,0) -> (16,10)
Info:                          Sink flash_io0_di_SB_LUT4_I0_LC.I0
Info:                          Defined in:
Info:                               picosoc.v:153.14-153.32
Info:      logic  1.28  6.07 Source flash_io0_di_SB_LUT4_I0_LC.O
Info:    routing  1.76  7.84 Net flash_io0_di_SB_LUT4_I0_O[0] (16,10) -> (16,11)
Info:                          Sink flash_io0_di_SB_LUT4_I0_O_SB_LUT4_I0_LC.I0
Info:                          Defined in:
Info:                               /home/ed667/oss-cad-suite/lib/../share/yosys/ice40/cells_map.v:6.21-6.22
Info:      logic  1.28  9.12 Source flash_io0_di_SB_LUT4_I0_O_SB_LUT4_I0_LC.O
Info:    routing  1.76  10.88 Net flash_io0_di_SB_LUT4_I0_O_SB_LUT4_I0_O[2] (16,11) -> (16,12)
Info:                          Sink soc.gen_icache.icache_inst.miss_rdata_SB_DFFESR_Q_31_D_SB_LUT4_O_LC.I2
Info:                          Defined in:
Info:                               /home/ed667/oss-cad-suite/lib/../share/yosys/ice40/cells_map.v:6.21-6.22
Info:      logic  1.21  12.09 Source soc.gen_icache.icache_inst.miss_rdata_SB_DFFESR_Q_31_D_SB_LUT4_O_LC.O
Info:    routing  4.90  16.98 Net soc.gen_icache.icache_inst.miss_rdata_SB_DFFESR_Q_31_D[3] (16,12) -> (18,25)
Info:                          Sink soc.gen_icache.icache_inst.data_array.0.0_RDATA_1_SB_LUT4_I2_O_SB_LUT4_O_LC.I3
Info:                          Defined in:
Info:                               /home/ed667/oss-cad-suite/lib/../share/yosys/ice40/cells_map.v:6.21-6.22
Info:      logic  0.87  17.86 Source soc.gen_icache.icache_inst.data_array.0.0_RDATA_1_SB_LUT4_I2_O_SB_LUT4_O_LC.O
Info:    routing  1.76  19.62 Net soc.gen_icache.icache_inst.data_array.0.0_RDATA_1_SB_LUT4_I2_O[3] (18,25) -> (18,25)
Info:                          Sink soc.cpu.mem_rdata_q_SB_DFFE_Q_29_D_SB_LUT4_I3_O_SB_LUT4_O_2_LC.I3
Info:                          Defined in:
Info:                               /home/ed667/oss-cad-suite/lib/../share/yosys/ice40/cells_map.v:6.21-6.22
Info:      logic  0.87  20.49 Source soc.cpu.mem_rdata_q_SB_DFFE_Q_29_D_SB_LUT4_I3_O_SB_LUT4_O_2_LC.O
Info:    routing  1.76  22.25 Net soc.cpu.mem_rdata_q_SB_DFFE_Q_29_D_SB_LUT4_I3_O[2] (18,25) -> (17,26)
Info:                          Sink soc.cpu.mem_rdata_q_SB_DFFE_Q_6_D_SB_LUT4_I3_O_SB_LUT4_I1_O_SB_LUT4_O_2_LC.I2
Info:                          Defined in:
Info:                               /home/ed667/oss-cad-suite/lib/../share/yosys/ice40/cells_map.v:6.21-6.22
Info:      logic  1.21  23.46 Source soc.cpu.mem_rdata_q_SB_DFFE_Q_6_D_SB_LUT4_I3_O_SB_LUT4_I1_O_SB_LUT4_O_2_LC.O
Info:    routing  1.76  25.22 Net soc.cpu.mem_rdata_q_SB_DFFE_Q_6_D_SB_LUT4_I3_O_SB_LUT4_I1_O[2] (17,26) -> (16,26)
Info:                          Sink soc.cpu.mem_rdata_q_SB_DFFE_Q_2_D_SB_LUT4_I3_O_SB_LUT4_I1_O_SB_LUT4_O_2_LC.I2
Info:                          Defined in:
Info:                               /home/ed667/oss-cad-suite/lib/../share/yosys/ice40/cells_map.v:6.21-6.22
Info:      logic  1.21  26.42 Source soc.cpu.mem_rdata_q_SB_DFFE_Q_2_D_SB_LUT4_I3_O_SB_LUT4_I1_O_SB_LUT4_O_2_LC.O
Info:    routing  1.76  28.18 Net soc.cpu.decoded_rs1_SB_DFFESR_Q_2_D_SB_LUT4_I3_O[3] (16,26) -> (15,26)
Info:                          Sink soc.cpu.decoded_rs1_SB_DFFESR_Q_2_D_SB_LUT4_I3_O_SB_LUT4_I0_O_SB_LUT4_O_LC.I3
Info:                          Defined in:
Info:                               /home/ed667/oss-cad-suite/lib/../share/yosys/ice40/cells_map.v:6.21-6.22
Info:      logic  0.87  29.06 Source soc.cpu.decoded_rs1_SB_DFFESR_Q_2_D_SB_LUT4_I3_O_SB_LUT4_I0_O_SB_LUT4_O_LC.O
Info:    routing  1.76  30.82 Net soc.cpu.decoded_rs1_SB_DFFESR_Q_2_D_SB_LUT4_I3_O_SB_LUT4_I0_O[2] (15,26) -> (14,25)
Info:                          Sink soc.cpu.cpuregs.regs.1.0_RADDR_SB_LUT4_I3_O_SB_LUT4_O_1_LC.I2
Info:                          Defined in:
Info:                               /home/ed667/oss-cad-suite/lib/../share/yosys/ice40/cells_map.v:6.21-6.22
Info:      logic  1.21  32.02 Source soc.cpu.cpuregs.regs.1.0_RADDR_SB_LUT4_I3_O_SB_LUT4_O_1_LC.O
Info:    routing  2.95  34.98 Net soc.cpu.cpuregs.regs.1.0_RADDR_SB_LUT4_I3_O[2] (14,25) -> (12,24)
Info:                          Sink soc.cpu.cpuregs.regs.1.1_RDATA_2_SB_DFF_Q_D_SB_LUT4_O_LC.I2
Info:                          Defined in:
Info:                               /home/ed667/oss-cad-suite/lib/../share/yosys/ice40/cells_map.v:6.21-6.22
Info:      setup  1.15  36.13 Source soc.cpu.cpuregs.regs.1.1_RDATA_2_SB_DFF_Q_D_SB_LUT4_O_LC.I2
Info: 11.16 ns logic, 24.97 ns routing

Info: Critical path report for cross-domain path 'posedge clk' -> '<async>':
Info:       type curr  total name
Info:   clk-to-q  1.39  1.39 Source soc.spimemio.din_ddr_SB_LUT4_I3_1_LC.O
Info:    routing  2.95  4.34 Net soc.spimemio.xfer.count_SB_DFFESR_Q_3_D_SB_LUT4_O_I2_SB_LUT4_O_I2[1] (18,6) -> (18,2)
Info:                          Sink soc.spimemio.xfer_io0_90_SB_DFFN_Q_D_SB_LUT4_O_I2_SB_LUT4_O_LC.I2
Info:                          Defined in:
Info:                               spimemio.v:420.6-420.15
Info:      logic  1.21  5.55 Source soc.spimemio.xfer_io0_90_SB_DFFN_Q_D_SB_LUT4_O_I2_SB_LUT4_O_LC.O
Info:    routing  1.76  7.31 Net soc.spimemio.xfer_io0_90_SB_DFFN_Q_D_SB_LUT4_O_I2[2] (18,2) -> (18,3)
Info:                          Sink soc.spimemio.xfer_io0_90_SB_DFFN_Q_D_SB_LUT4_O_LC.I2
Info:                          Defined in:
Info:                               /home/ed667/oss-cad-suite/lib/../share/yosys/ice40/cells_map.v:6.21-6.22
Info:      logic  1.21  8.51 Source soc.spimemio.xfer_io0_90_SB_DFFN_Q_D_SB_LUT4_O_LC.O
Info:    routing  2.41  10.92 Net soc.spimemio.xfer_io0_90_SB_DFFN_Q_D[2] (18,3) -> (18,1)
Info:                          Sink soc.spimemio.xfer_io0_90_SB_LUT4_I2_LC.I3
Info:                          Defined in:
Info:                               /home/ed667/oss-cad-suite/lib/../share/yosys/ice40/cells_map.v:6.21-6.22
Info:      logic  0.87  11.80 Source soc.spimemio.xfer_io0_90_SB_LUT4_I2_LC.O
Info:    routing  1.76  13.56 Net flash_io0_do_SB_LUT4_O_I3[2] (18,1) -> (18,1)
Info:                          Sink flash_io0_do_SB_LUT4_O_LC.I3
Info:                          Defined in:
Info:                               /home/ed667/oss-cad-suite/lib/../share/yosys/ice40/cells_map.v:6.21-6.22
Info:      logic  0.87  14.43 Source flash_io0_do_SB_LUT4_O_LC.O
Info:    routing  3.49  17.93 Net flash_io0_do (18,1) -> (23,0)
Info:                          Sink flash_io_buf[0].D_OUT_0
Info:                          Defined in:
Info:                               spimemio.v:36.9-36.21
Info: 5.55 ns logic, 12.38 ns routing

Info: Critical path report for cross-domain path 'negedge clk' -> '<async>':
Info:       type curr  total name
Info:   clk-to-q  1.39  1.39 Source soc.spimemio.xfer_io1_90_SB_DFFN_Q_DFFLC.O
Info:    routing  1.76  3.15 Net soc.spimemio.xfer_io1_90 (18,2) -> (18,2)
Info:                          Sink soc.spimemio.xfer_io1_90_SB_LUT4_I2_LC.I2
Info:                          Defined in:
Info:                               /home/ed667/oss-cad-suite/lib/../share/yosys/ice40/cells_map.v:6.21-6.22
Info:      logic  1.21  4.36 Source soc.spimemio.xfer_io1_90_SB_LUT4_I2_LC.O
Info:    routing  1.76  6.12 Net flash_io1_do_SB_LUT4_O_I3[2] (18,2) -> (18,1)
Info:                          Sink flash_io1_do_SB_LUT4_O_LC.I3
Info:                          Defined in:
Info:                               /home/ed667/oss-cad-suite/lib/../share/yosys/ice40/cells_map.v:6.21-6.22
Info:      logic  0.87  6.99 Source flash_io1_do_SB_LUT4_O_LC.O
Info:    routing  3.60  10.59 Net flash_io1_do (18,1) -> (23,0)
Info:                          Sink flash_io_buf[1].D_OUT_0
Info:                          Defined in:
Info:                               spimemio.v:37.9-37.21
Info: 3.47 ns logic, 7.12 ns routing

Info: Max frequency for clock 'clk': 16.28 MHz (PASS at 12.00 MHz)

Info: Max delay <async>     -> posedge clk: 36.13 ns
Info: Max delay posedge clk -> <async>    : 17.93 ns
Info: Max delay negedge clk -> <async>    : 10.59 ns

Info: Slack histogram:
Info:  legend: * represents 21 endpoint(s)
Info:          + represents [1,21) endpoint(s)
Info: [ 21912,  24821) |*+
Info: [ 24821,  27730) |***+
Info: [ 27730,  30639) |***+
Info: [ 30639,  33548) |*+
Info: [ 33548,  36457) |********+
Info: [ 36457,  39366) |**+
Info: [ 39366,  42275) |*****+
Info: [ 42275,  45184) |*****+
Info: [ 45184,  48093) |******+
Info: [ 48093,  51002) |****+
Info: [ 51002,  53911) |******+
Info: [ 53911,  56820) |*******+
Info: [ 56820,  59729) |******+
Info: [ 59729,  62638) |***************+
Info: [ 62638,  65547) |****************+
Info: [ 65547,  68456) |**********************************+
Info: [ 68456,  71365) |***********************************************************+
Info: [ 71365,  74274) |*******************+
Info: [ 74274,  77183) |************************************************************ 
Info: [ 77183,  80092) |**********************************************************+

Info: Program finished normally.
