COMMAND: nextpnr-ice40 --up5k --package sg48 --json design.json --pcf icebreaker.pcf --asc design.asc --pcf-allow-unconstrained

STDOUT:


STDERR:
Info: constrained 'clk_in' to bel 'X12/Y31/io1'
Info: constrained 'ser_rx' to bel 'X13/Y0/io1'
Info: constrained 'ser_tx' to bel 'X15/Y0/io0'
Info: constrained 'flash_clk' to bel 'X24/Y0/io0'
Info: constrained 'flash_csb' to bel 'X24/Y0/io1'
Info: constrained 'flash_io0' to bel 'X23/Y0/io0'
Info: constrained 'flash_io1' to bel 'X23/Y0/io1'
Info: constrained 'flash_io2' to bel 'X18/Y0/io0'
Info: constrained 'flash_io3' to bel 'X19/Y0/io0'
Info: constrained 'P1A1' to bel 'X9/Y0/io0'
Info: constrained 'P1A2' to bel 'X8/Y0/io0'
Info: constrained 'P1A3' to bel 'X6/Y0/io0'
Info: constrained 'P1A4' to bel 'X7/Y0/io1'
Info: constrained 'P1A7' to bel 'X9/Y0/io1'
Info: constrained 'P1A8' to bel 'X7/Y0/io0'
Info: constrained 'P1A9' to bel 'X5/Y0/io0'
Info: constrained 'P1A10' to bel 'X6/Y0/io1'
Info: constrained 'led1' to bel 'X18/Y31/io0'
Info: constrained 'led2' to bel 'X18/Y31/io1'
Info: constrained 'led3' to bel 'X19/Y31/io1'
Info: constrained 'led4' to bel 'X19/Y31/io0'
Info: constrained 'led5' to bel 'X18/Y0/io1'
Info: constrained 'ledr_n' to bel 'X17/Y0/io0'
Info: constrained 'ledg_n' to bel 'X13/Y31/io0'

Info: Packing constants..
Info: Packing IOs..
Info: flash_io3 feeds SB_IO flash_io_buf[3], removing $nextpnr_iobuf flash_io3.
Info: flash_io2 feeds SB_IO flash_io_buf[2], removing $nextpnr_iobuf flash_io2.
Info: flash_io1 feeds SB_IO flash_io_buf[1], removing $nextpnr_iobuf flash_io1.
Info: flash_io0 feeds SB_IO flash_io_buf[0], removing $nextpnr_iobuf flash_io0.
Info: Packing LUT-FFs..
Info:     2939 LCs used as LUT4 only
Info:     1119 LCs used as LUT4 and DFF
Info: Packing non-LUT FFs..
Info:      602 LCs used as DFF only
Info: Packing carries..
Info:      161 LCs used as CARRY only
Info: Packing indirect carry+LUT pairs...
Info:       68 LUTs merged into carry LCs
Info: Packing RAMs..
Info: Placing PLLs..
Info:   constrained PLL 'pll' to X12/Y31/pll_3
Info: Packing special functions..
Info: Packing PLLs..
Info:   PLL 'pll' has LOCK output, need to pass all outputs via LUT
Info:   constrained 'pll_locked_SB_LUT4_I0_LC' to X1/Y30/lc0
Info: Promoting globals..
Info: promoting iomem_ready_SB_LUT4_I2_O_SB_LUT4_I2_O_SB_LUT4_I3_4_O[2] [reset] (fanout 549)
Info: promoting soc.cpu.genblk1.genblk1.pcpi_mul.mul_counter_SB_DFFE_Q_D_SB_LUT4_O_I3[0] [reset] (fanout 85)
Info: promoting soc.cpu.genblk2.pcpi_div.dq_SB_DFFE_Q_10_D_SB_LUT4_O_I3[1] [reset] (fanout 38)
Info: promoting ser_rx_SB_LUT4_I0_I3_SB_LUT4_O_I3_SB_CARRY_CO_I1_SB_CARRY_I1_CO_SB_LUT4_I3_O_SB_LUT4_I3_O [reset] (fanout 32)
Info: promoting resetn [cen] (fanout 215)
Info: promoting soc.gen_icache.icache_inst.state_SB_DFF_Q_1_D_SB_LUT4_O_I3_SB_LUT4_I3_1_O [cen] (fanout 128)
Info: promoting soc.cpu.genblk2.pcpi_div.running_SB_DFFSR_Q_D_SB_LUT4_I3_O [cen] (fanout 70)
Info: Constraining chains...
Info:       54 LCs used to legalise carry chains.
Info: Checksum: 0xaad2deeb

Info: Device utilisation:
Info: 	         ICESTORM_LC:    4809/   5280    91%
Info: 	        ICESTORM_RAM:      22/     30    73%
Info: 	               SB_IO:      24/     96    25%
Info: 	               SB_GB:       8/      8   100%
Info: 	        ICESTORM_PLL:       1/      1   100%
Info: 	         SB_WARMBOOT:       0/      1     0%
Info: 	        ICESTORM_DSP:       0/      8     0%
Info: 	      ICESTORM_HFOSC:       0/      1     0%
Info: 	      ICESTORM_LFOSC:       0/      1     0%
Info: 	              SB_I2C:       0/      2     0%
Info: 	              SB_SPI:       0/      2     0%
Info: 	              IO_I3C:       0/      2     0%
Info: 	         SB_LEDDA_IP:       0/      1     0%
Info: 	         SB_RGBA_DRV:       0/      1     0%
Info: 	      ICESTORM_SPRAM:       4/      4   100%

Info: Placed 26 cells based on constraints.
Info: Creating initial analytic placement for 4086 cells, random placement wirelen = 118177.
Info:     at initial placer iter 0, wirelen = 2177
Info:     at initial placer iter 1, wirelen = 1935
Info:     at initial placer iter 2, wirelen = 1920
Info:     at initial placer iter 3, wirelen = 1919
Info: Running main analytical placer, max placement attempts per cell = 2962178.
Info:     at iteration #1, type ALL: wirelen solved = 1921, spread = 44039, legal = 48728; time = 0.18s
Info:     at iteration #2, type ALL: wirelen solved = 2846, spread = 35199, legal = 42337; time = 0.15s
Info:     at iteration #3, type ALL: wirelen solved = 4271, spread = 34136, legal = 39831; time = 0.15s
Info:     at iteration #4, type ALL: wirelen solved = 5859, spread = 31245, legal = 38226; time = 0.14s
Info:     at iteration #5, type ALL: wirelen solved = 6889, spread = 30242, legal = 36152; time = 0.14s
Info:     at iteration #6, type ALL: wirelen solved = 7953, spread = 28507, legal = 33645; time = 0.14s
Info:     at iteration #7, type ALL: wirelen solved = 9068, spread = 27460, legal = 33064; time = 0.12s
Info:     at iteration #8, type ALL: wirelen solved = 10203, spread = 26553, legal = 33207; time = 0.13s
Info:     at iteration #9, type ALL: wirelen solved = 11114, spread = 25988, legal = 30442; time = 0.09s
Info:     at iteration #10, type ALL: wirelen solved = 12107, spread = 25737, legal = 29763; time = 0.10s
Info:     at iteration #11, type ALL: wirelen solved = 12942, spread = 24841, legal = 31763; time = 0.12s
Info:     at iteration #12, type ALL: wirelen solved = 13316, spread = 24453, legal = 31775; time = 0.13s
Info:     at iteration #13, type ALL: wirelen solved = 14002, spread = 23996, legal = 30896; time = 0.14s
Info:     at iteration #14, type ALL: wirelen solved = 14281, spread = 23787, legal = 30511; time = 0.13s
Info:     at iteration #15, type ALL: wirelen solved = 14637, spread = 24004, legal = 31289; time = 0.14s
Info: HeAP Placer Time: 2.66s
Info:   of which solving equations: 1.22s
Info:   of which spreading cells: 0.14s
Info:   of which strict legalisation: 0.84s

Info: Running simulated annealing placer for refinement.
Info:   at iteration #1: temp = 0.000000, timing cost = 1471, wirelen = 29763
Info:   at iteration #5: temp = 0.000000, timing cost = 1729, wirelen = 25723
Info:   at iteration #10: temp = 0.000000, timing cost = 2089, wirelen = 24635
Info:   at iteration #15: temp = 0.000000, timing cost = 2052, wirelen = 23935
Info:   at iteration #20: temp = 0.000000, timing cost = 2098, wirelen = 23529
Info:   at iteration #25: temp = 0.000000, timing cost = 2086, wirelen = 23411
Info:   at iteration #30: temp = 0.000000, timing cost = 2078, wirelen = 23372
Info:   at iteration #30: temp = 0.000000, timing cost = 2078, wirelen = 23372 
Info: SA placement time 6.34s

Info: Max frequency for clock 'clk': 17.69 MHz (PASS at 12.00 MHz)

Info: Max delay <async>     -> posedge clk: 37.22 ns
Info: Max delay posedge clk -> <async>    : 17.75 ns
Info: Max delay negedge clk -> <async>    : 9.77 ns

Info: Slack histogram:
Info:  legend: * represents 26 endpoint(s)
Info:          + represents [1,26) endpoint(s)
Info: [ 26802,  29467) |*+
Info: [ 29467,  32132) |******+
Info: [ 32132,  34797) |*+
Info: [ 34797,  37462) |*+
Info: [ 37462,  40127) |**+
Info: [ 40127,  42792) |**+
Info: [ 42792,  45457) |****+
Info: [ 45457,  48122) |*******+
Info: [ 48122,  50787) |****+
Info: [ 50787,  53452) |***+
Info: [ 53452,  56117) |*****+
Info: [ 56117,  58782) |*****+
Info: [ 58782,  61447) |******+
Info: [ 61447,  64112) |********+
Info: [ 64112,  66777) |**********************************+
Info: [ 66777,  69442) |*********************************+
Info: [ 69442,  72107) |************************+
Info: [ 72107,  74772) |************************+
Info: [ 74772,  77437) |********************************+
Info: [ 77437,  80102) |************************************************************ 
Info: Checksum: 0x68c198d5

Info: Routing..
Info: Setting up routing queue.
Info: Routing 16606 arcs.
Info:            |   (re-)routed arcs  |   delta    | remaining|       time spent     |
Info:    IterCnt |  w/ripup   wo/ripup |  w/r  wo/r |      arcs| batch(sec) total(sec)|
Info:       1000 |       64        935 |   64   935 |     15686|       0.53       0.53|
Info:       2000 |      165       1834 |  101   899 |     14826|       0.43       0.96|
Info:       3000 |      356       2643 |  191   809 |     14048|       0.19       1.15|
Info:       4000 |      533       3447 |  177   804 |     13307|       0.22       1.37|
Info:       5000 |      821       4159 |  288   712 |     12709|       0.17       1.54|
Info:       6000 |     1206       4774 |  385   615 |     12168|       0.17       1.71|
Info:       7000 |     1443       5519 |  237   745 |     11513|       0.24       1.95|
Info:       8000 |     1703       6257 |  260   738 |     10943|       0.30       2.24|
Info:       9000 |     2018       6895 |  315   638 |     10497|       0.34       2.58|
Info:      10000 |     2414       7496 |  396   601 |     10160|       0.43       3.01|
Info:      11000 |     2827       8081 |  413   585 |      9860|       0.33       3.34|
Info:      12000 |     3255       8625 |  428   544 |      9644|       0.38       3.72|
Info:      13000 |     3694       9186 |  439   561 |      9456|       0.31       4.03|
Info:      14000 |     4106       9746 |  412   560 |      9222|       0.33       4.36|
Info:      15000 |     4606      10246 |  500   500 |      9123|       0.42       4.78|
Info:      16000 |     5036      10788 |  430   542 |      8878|       0.42       5.20|
Info:      17000 |     5487      11313 |  451   525 |      8643|       0.35       5.55|
Info:      18000 |     6015      11785 |  528   472 |      8547|       0.41       5.96|
Info:      19000 |     6386      12389 |  371   604 |      8242|       0.33       6.29|
Info:      20000 |     6823      12952 |  437   563 |      8025|       0.33       6.63|
Info:      21000 |     7311      13435 |  488   483 |      7780|       0.30       6.93|
Info:      22000 |     7867      13879 |  556   444 |      7733|       0.45       7.38|
Info:      23000 |     8337      14383 |  470   504 |      7531|       0.34       7.72|
Info:      24000 |     8810      14885 |  473   502 |      7346|       0.39       8.11|
Info:      25000 |     9298      15369 |  488   484 |      7073|       0.30       8.41|
Info:      26000 |     9713      15848 |  415   479 |      6671|       0.30       8.71|
Info:      27000 |    10172      16386 |  459   538 |      6388|       0.34       9.06|
Info:      28000 |    10701      16857 |  529   471 |      6340|       0.37       9.43|
Info:      29000 |    11257      17300 |  556   443 |      6210|       0.36       9.79|
Info:      30000 |    11734      17796 |  477   496 |      6020|       0.38      10.17|
Info:      31000 |    12312      18190 |  578   394 |      5926|       0.40      10.57|
Info:      32000 |    12821      18675 |  509   485 |      5761|       0.41      10.98|
Info:      33000 |    13283      19210 |  462   535 |      5580|       0.56      11.54|
Info:      34000 |    13812      19681 |  529   471 |      5512|       0.41      11.95|
Info:      35000 |    14364      20124 |  552   443 |      5396|       0.34      12.28|
Info:      36000 |    14873      20615 |  509   491 |      5204|       0.52      12.81|
Info:      37000 |    15406      21076 |  533   461 |      5065|       0.32      13.12|
Info:      38000 |    15921      21558 |  515   482 |      4871|       0.42      13.54|
Info:      39000 |    16486      21993 |  565   435 |      4827|       0.51      14.05|
Info:      40000 |    17075      22404 |  589   411 |      4736|       0.43      14.48|
Info:      41000 |    17630      22849 |  555   445 |      4646|       0.46      14.94|
Info:      42000 |    18183      23296 |  553   447 |      4507|       0.37      15.31|
Info:      43000 |    18695      23784 |  512   488 |      4372|       0.45      15.76|
Info:      44000 |    19219      24260 |  524   476 |      4284|       0.56      16.32|
Info:      45000 |    19780      24672 |  561   412 |      4191|       0.49      16.81|
Info:      46000 |    20293      25159 |  513   487 |      4066|       0.41      17.22|
Info:      47000 |    20857      25566 |  564   407 |      3903|       0.37      17.58|
Info:      48000 |    21393      26029 |  536   463 |      3769|       0.45      18.04|
Info:      49000 |    22007      26412 |  614   383 |      3711|       0.40      18.44|
Info:      50000 |    22569      26845 |  562   433 |      3625|       0.35      18.79|
Info:      51000 |    23120      27288 |  551   443 |      3539|       0.55      19.34|
Info:      52000 |    23631      27768 |  511   480 |      3375|       0.40      19.74|
Info:      53000 |    24181      28218 |  550   450 |      3273|       0.36      20.09|
Info:      54000 |    24718      28681 |  537   463 |      3145|       0.46      20.55|
Info:      55000 |    25265      29130 |  547   449 |      3008|       0.44      20.99|
Info:      56000 |    25847      29545 |  582   415 |      2903|       0.45      21.44|
Info:      57000 |    26393      29999 |  546   454 |      2801|       0.51      21.95|
Info:      58000 |    26947      30445 |  554   446 |      2816|       0.42      22.37|
Info:      59000 |    27513      30879 |  566   434 |      2694|       0.33      22.69|
Info:      60000 |    28055      31337 |  542   458 |      2700|       0.47      23.17|
Info:      61000 |    28687      31705 |  632   368 |      2659|       0.56      23.72|
Info:      62000 |    29196      32193 |  509   488 |      2508|       0.45      24.18|
Info:      63000 |    29772      32616 |  576   423 |      2431|       0.41      24.59|
Info:      64000 |    30349      33039 |  577   423 |      2395|       0.61      25.20|
Info:      65000 |    30922      33462 |  573   423 |      2319|       0.45      25.65|
Info:      66000 |    31516      33867 |  594   405 |      2248|       0.47      26.12|
Info:      67000 |    32047      34335 |  531   468 |      2201|       0.49      26.62|
Info:      68000 |    32633      34746 |  586   411 |      2103|       0.50      27.12|
Info:      69000 |    33213      35162 |  580   416 |      2048|       0.52      27.64|
Info:      70000 |    33819      35556 |  606   394 |      1949|       0.39      28.03|
Info:      71000 |    34438      35937 |  619   381 |      1942|       0.58      28.61|
Info:      72000 |    34984      36390 |  546   453 |      1771|       0.45      29.06|
Info:      73000 |    35584      36790 |  600   400 |      1651|       0.39      29.45|
Info:      74000 |    36163      37193 |  579   403 |      1460|       0.32      29.76|
Info:      75000 |    36527      37829 |  364   636 |      1030|       1.03      30.80|
Info:      76000 |    36942      38414 |  415   585 |       623|       0.44      31.23|
Info:      77000 |    37414      38942 |  472   528 |       342|       0.64      31.88|
Info:      77772 |    37715      39414 |  301   472 |         0|       0.87      32.75|
Info: Routing complete.
Info: Router1 time 32.75s
Info: Checksum: 0xcc54d364

Info: Critical path report for clock 'clk' (posedge -> posedge):
Info:       type curr  total name
Info:   clk-to-q  1.39  1.39 Source soc.cpu.mem_wstrb_SB_DFFE_Q_1_D_SB_LUT4_O_LC.O
Info:    routing  3.60  4.99 Net iomem_wstrb[2] (23,17) -> (18,15)
Info:                          Sink soc.cpu.mem_instr_SB_LUT4_I1_I3_SB_LUT4_O_LC.I1
Info:                          Defined in:
Info:                               picosoc.v:111.13-111.22
Info:      logic  1.23  6.22 Source soc.cpu.mem_instr_SB_LUT4_I1_I3_SB_LUT4_O_LC.O
Info:    routing  2.30  8.52 Net soc.cpu.mem_instr_SB_LUT4_I1_I3[3] (18,15) -> (21,15)
Info:                          Sink soc.cpu.mem_instr_SB_LUT4_I1_1_LC.I3
Info:                          Defined in:
Info:                               /home/ed667/oss-cad-suite/lib/../share/yosys/ice40/cells_map.v:6.21-6.22
Info:      logic  0.87  9.40 Source soc.cpu.mem_instr_SB_LUT4_I1_1_LC.O
Info:    routing  2.41  11.81 Net soc.cpu.mem_instr_SB_LUT4_I1_1_O[2] (21,15) -> (21,12)
Info:                          Sink soc.cpu.mem_valid_SB_LUT4_I1_LC.I3
Info:                          Defined in:
Info:                               /home/ed667/oss-cad-suite/lib/../share/yosys/ice40/cells_map.v:6.21-6.22
Info:      logic  0.87  12.68 Source soc.cpu.mem_valid_SB_LUT4_I1_LC.O
Info:    routing  2.95  15.63 Net flash_clk_SB_LUT4_I1_I2[1] (21,12) -> (23,14)
Info:                          Sink iomem_ready_SB_LUT4_I1_I2_SB_LUT4_I1_LC.I2
Info:                          Defined in:
Info:                               /home/ed667/oss-cad-suite/lib/../share/yosys/ice40/cells_map.v:6.21-6.22
Info:      logic  1.21  16.84 Source iomem_ready_SB_LUT4_I1_I2_SB_LUT4_I1_LC.O
Info:    routing  3.49  20.33 Net iomem_ready_SB_LUT4_I1_I2_SB_LUT4_I1_O[0] (23,14) -> (17,12)
Info:                          Sink soc.simpleuart.recv_buf_valid_SB_LUT4_I0_O_SB_LUT4_O_LC.I2
Info:                          Defined in:
Info:                               /home/ed667/oss-cad-suite/lib/../share/yosys/ice40/cells_map.v:6.21-6.22
Info:      logic  1.21  21.54 Source soc.simpleuart.recv_buf_valid_SB_LUT4_I0_O_SB_LUT4_O_LC.O
Info:    routing  1.76  23.30 Net flash_clk_SB_LUT4_I1_O[0] (17,12) -> (18,12)
Info:                          Sink soc.ram_ready_SB_LUT4_I0_1_LC.I1
Info:                          Defined in:
Info:                               /home/ed667/oss-cad-suite/lib/../share/yosys/ice40/cells_map.v:6.21-6.22
Info:      logic  1.23  24.53 Source soc.ram_ready_SB_LUT4_I0_1_LC.O
Info:    routing  2.95  27.48 Net soc.ram_ready_SB_LUT4_I0_1_O[3] (18,12) -> (20,13)
Info:                          Sink soc.ram_ready_SB_LUT4_I0_1_O_SB_LUT4_I2_LC.I3
Info:                          Defined in:
Info:                               /home/ed667/oss-cad-suite/lib/../share/yosys/ice40/cells_map.v:6.21-6.22
Info:      logic  0.87  28.36 Source soc.ram_ready_SB_LUT4_I0_1_O_SB_LUT4_I2_LC.O
Info:    routing  4.25  32.60 Net soc.cpu.mem_xfer_SB_LUT4_O_I2[2] (20,13) -> (17,23)
Info:                          Sink soc.cpu.mem_xfer_SB_LUT4_O_LC.I2
Info:                          Defined in:
Info:                               /home/ed667/oss-cad-suite/lib/../share/yosys/ice40/cells_map.v:6.21-6.22
Info:      logic  1.21  33.81 Source soc.cpu.mem_xfer_SB_LUT4_O_LC.O
Info:    routing  1.76  35.57 Net soc.cpu.mem_rdata_q_SB_DFFE_Q_25_D[1] (17,23) -> (16,24)
Info:                          Sink soc.cpu.mem_do_rinst_SB_LUT4_I0_LC.I3
Info:                          Defined in:
Info:                               /home/ed667/oss-cad-suite/lib/../share/yosys/ice40/cells_map.v:6.21-6.22
Info:      logic  0.87  36.44 Source soc.cpu.mem_do_rinst_SB_LUT4_I0_LC.O
Info:    routing  2.95  39.40 Net soc.cpu.cpu_state_SB_DFF_Q_3_D_SB_LUT4_O_I3[2] (16,24) -> (12,27)
Info:                          Sink soc.cpu.cpu_state_SB_DFF_Q_5_D_SB_LUT4_O_I2_SB_LUT4_O_I3_SB_LUT4_O_LC.I3
Info:                          Defined in:
Info:                               /home/ed667/oss-cad-suite/lib/../share/yosys/ice40/cells_map.v:6.21-6.22
Info:      logic  0.87  40.27 Source soc.cpu.cpu_state_SB_DFF_Q_5_D_SB_LUT4_O_I2_SB_LUT4_O_I3_SB_LUT4_O_LC.O
Info:    routing  1.76  42.03 Net soc.cpu.cpu_state_SB_DFF_Q_5_D_SB_LUT4_O_I2_SB_LUT4_O_I2[2] (12,27) -> (11,28)
Info:                          Sink soc.cpu.cpu_state_SB_DFF_Q_5_D_SB_LUT4_O_I2_SB_LUT4_O_I3_SB_LUT4_I3_LC.I3
Info:                          Defined in:
Info:                               /home/ed667/oss-cad-suite/lib/../share/yosys/ice40/cells_map.v:6.21-6.22
Info:      logic  0.87  42.91 Source soc.cpu.cpu_state_SB_DFF_Q_5_D_SB_LUT4_O_I2_SB_LUT4_O_I3_SB_LUT4_I3_LC.O
Info:    routing  3.60  46.51 Net soc.cpu.cpu_state_SB_DFF_Q_5_D_SB_LUT4_O_I2_SB_LUT4_O_I3_SB_LUT4_I3_O[2] (11,28) -> (9,21)
Info:                          Sink soc.cpu.instr_sll_SB_LUT4_I0_O_SB_LUT4_I2_O_SB_LUT4_I1_LC.I2
Info:                          Defined in:
Info:                               /home/ed667/oss-cad-suite/lib/../share/yosys/ice40/cells_map.v:6.21-6.22
Info:      logic  1.21  47.71 Source soc.cpu.instr_sll_SB_LUT4_I0_O_SB_LUT4_I2_O_SB_LUT4_I1_LC.O
Info:    routing  3.06  50.77 Net soc.cpu.instr_sll_SB_LUT4_I0_O_SB_LUT4_I2_O_SB_LUT4_I1_O[3] (9,21) -> (9,26)
Info:                          Sink soc.cpu.reg_op1_SB_DFFE_Q_E_SB_LUT4_O_LC.I3
Info:                          Defined in:
Info:                               /home/ed667/oss-cad-suite/lib/../share/yosys/ice40/cells_map.v:6.21-6.22
Info:      logic  0.87  51.64 Source soc.cpu.reg_op1_SB_DFFE_Q_E_SB_LUT4_O_LC.O
Info:    routing  2.99  54.63 Net soc.cpu.reg_op1_SB_DFFE_Q_E (9,26) -> (9,26)
Info:                          Sink soc.cpu.reg_op1_SB_DFFE_Q_D_SB_LUT4_O_LC.CEN
Info:      setup  0.10  54.73 Source soc.cpu.reg_op1_SB_DFFE_Q_D_SB_LUT4_O_LC.CEN
Info: 14.89 ns logic, 39.84 ns routing

Info: Critical path report for cross-domain path '<async>' -> 'posedge clk':
Info:       type curr  total name
Info:     source  0.00  0.00 Source flash_io_buf[2].D_IN_0
Info:    routing  4.90  4.90 Net flash_io2_di (18,0) -> (21,13)
Info:                          Sink flash_io2_di_SB_LUT4_I1_LC.I1
Info:                          Defined in:
Info:                               picosoc.v:153.14-153.32
Info:      logic  1.23  6.13 Source flash_io2_di_SB_LUT4_I1_LC.O
Info:    routing  1.76  7.89 Net flash_io2_di_SB_LUT4_I1_O[1] (21,13) -> (20,13)
Info:                          Sink flash_io2_di_SB_LUT4_I1_O_SB_LUT4_I1_LC.I1
Info:                          Defined in:
Info:                               /home/ed667/oss-cad-suite/lib/../share/yosys/ice40/cells_map.v:6.21-6.22
Info:      logic  1.23  9.12 Source flash_io2_di_SB_LUT4_I1_O_SB_LUT4_I1_LC.O
Info:    routing  2.95  12.07 Net flash_io2_di_SB_LUT4_I1_O_SB_LUT4_I1_O[3] (20,13) -> (16,14)
Info:                          Sink soc.gen_icache.icache_inst.miss_rdata_SB_DFFESR_Q_29_D_SB_LUT4_O_I1_SB_LUT4_O_2_LC.I3
Info:                          Defined in:
Info:                               /home/ed667/oss-cad-suite/lib/../share/yosys/ice40/cells_map.v:6.21-6.22
Info:      logic  0.87  12.94 Source soc.gen_icache.icache_inst.miss_rdata_SB_DFFESR_Q_29_D_SB_LUT4_O_I1_SB_LUT4_O_2_LC.O
Info:    routing  1.76  14.71 Net soc.gen_icache.icache_inst.miss_rdata_SB_DFFESR_Q_29_D_SB_LUT4_O_I1[3] (16,14) -> (15,15)
Info:                          Sink soc.gen_icache.icache_inst.data_array.0.1_RDATA_1_SB_LUT4_I0_O_SB_LUT4_O_1_LC.I3
Info:                          Defined in:
Info:                               /home/ed667/oss-cad-suite/lib/../share/yosys/ice40/cells_map.v:6.21-6.22
Info:      logic  0.87  15.58 Source soc.gen_icache.icache_inst.data_array.0.1_RDATA_1_SB_LUT4_I0_O_SB_LUT4_O_1_LC.O
Info:    routing  1.76  17.34 Net soc.gen_icache.icache_inst.data_array.0.1_RDATA_1_SB_LUT4_I0_O[3] (15,15) -> (15,16)
Info:                          Sink soc.cpu.mem_rdata_q_SB_DFFE_Q_29_D_SB_LUT4_O_LC.I3
Info:                          Defined in:
Info:                               /home/ed667/oss-cad-suite/lib/../share/yosys/ice40/cells_map.v:6.21-6.22
Info:      logic  0.87  18.22 Source soc.cpu.mem_rdata_q_SB_DFFE_Q_29_D_SB_LUT4_O_LC.O
Info:    routing  3.06  21.27 Net soc.cpu.mem_rdata_q_SB_DFFE_Q_29_D[2] (15,16) -> (16,22)
Info:                          Sink soc.cpu.mem_rdata_q_SB_DFFE_Q_29_D_SB_LUT4_I3_LC.I3
Info:                          Defined in:
Info:                               /home/ed667/oss-cad-suite/lib/../share/yosys/ice40/cells_map.v:6.21-6.22
Info:      logic  0.87  22.15 Source soc.cpu.mem_rdata_q_SB_DFFE_Q_29_D_SB_LUT4_I3_LC.O
Info:    routing  1.76  23.91 Net soc.cpu.mem_rdata_q_SB_DFFE_Q_29_D_SB_LUT4_I3_O[0] (16,22) -> (17,23)
Info:                          Sink soc.gen_icache.icache_inst.data_array.0.12_RDATA_SB_LUT4_I0_O_SB_LUT4_I0_O_SB_LUT4_I2_O_SB_LUT4_O_1_LC.I1
Info:                          Defined in:
Info:                               /home/ed667/oss-cad-suite/lib/../share/yosys/ice40/cells_map.v:6.21-6.22
Info:      logic  1.23  25.14 Source soc.gen_icache.icache_inst.data_array.0.12_RDATA_SB_LUT4_I0_O_SB_LUT4_I0_O_SB_LUT4_I2_O_SB_LUT4_O_1_LC.O
Info:    routing  1.76  26.90 Net soc.cpu.instr_waitirq_SB_DFFE_Q_D_SB_LUT4_O_I3[1] (17,23) -> (16,24)
Info:                          Sink soc.cpu.cpuregs.regs.1.0_RADDR_3_SB_LUT4_O_I3_SB_LUT4_O_LC.I3
Info:                          Defined in:
Info:                               /home/ed667/oss-cad-suite/lib/../share/yosys/ice40/cells_map.v:6.21-6.22
Info:      logic  0.87  27.77 Source soc.cpu.cpuregs.regs.1.0_RADDR_3_SB_LUT4_O_I3_SB_LUT4_O_LC.O
Info:    routing  1.76  29.53 Net soc.cpu.cpuregs.regs.1.0_RADDR_3_SB_LUT4_O_I1[3] (16,24) -> (15,23)
Info:                          Sink soc.cpu.cpuregs.regs.1.0_RADDR_3_SB_LUT4_O_LC.I3
Info:                          Defined in:
Info:                               /home/ed667/oss-cad-suite/lib/../share/yosys/ice40/cells_map.v:6.21-6.22
Info:      logic  0.87  30.41 Source soc.cpu.cpuregs.regs.1.0_RADDR_3_SB_LUT4_O_LC.O
Info:    routing  1.76  32.17 Net soc.cpu.cpuregs.regs.1.0_RADDR_3[2] (15,23) -> (15,22)
Info:                          Sink soc.cpu.cpuregs.regs.1.0_RADDR_3_SB_LUT4_I2_LC.I2
Info:                          Defined in:
Info:                               /home/ed667/oss-cad-suite/lib/../share/yosys/ice40/cells_map.v:6.21-6.22
Info:      logic  1.21  33.37 Source soc.cpu.cpuregs.regs.1.0_RADDR_3_SB_LUT4_I2_LC.O
Info:    routing  2.30  35.68 Net soc.cpu.cpuregs.regs.1.0_RADDR_3_SB_LUT4_I2_O[2] (15,22) -> (12,22)
Info:                          Sink soc.cpu.cpuregs.regs.1.0_RDATA_SB_DFF_Q_1_D_SB_LUT4_O_LC.I2
Info:                          Defined in:
Info:                               /home/ed667/oss-cad-suite/lib/../share/yosys/ice40/cells_map.v:6.21-6.22
Info:      setup  1.15  36.83 Source soc.cpu.cpuregs.regs.1.0_RDATA_SB_DFF_Q_1_D_SB_LUT4_O_LC.I2
Info: 11.30 ns logic, 25.54 ns routing

Info: Critical path report for cross-domain path 'posedge clk' -> '<async>':
Info:       type curr  total name
Info:   clk-to-q  1.39  1.39 Source soc.spimemio.xfer.dummy_count_SB_DFFESR_Q_D_SB_LUT4_O_LC.O
Info:    routing  1.76  3.15 Net soc.spimemio.xfer.dummy_count[3] (24,5) -> (23,4)
Info:                          Sink flash_io0_oe_SB_LUT4_O_I2_SB_LUT4_O_LC.I0
Info:                          Defined in:
Info:                               spimemio.v:417.12-417.23
Info:      logic  1.28  4.43 Source flash_io0_oe_SB_LUT4_O_I2_SB_LUT4_O_LC.O
Info:    routing  1.76  6.20 Net flash_io0_oe_SB_LUT4_O_I2[1] (23,4) -> (22,3)
Info:                          Sink flash_io3_oe_SB_LUT4_O_I3_SB_LUT4_O_LC.I3
Info:                          Defined in:
Info:                               /home/ed667/oss-cad-suite/lib/../share/yosys/ice40/cells_map.v:6.21-6.22
Info:      logic  0.87  7.07 Source flash_io3_oe_SB_LUT4_O_I3_SB_LUT4_O_LC.O
Info:    routing  1.76  8.83 Net flash_io3_oe_SB_LUT4_O_I3[3] (22,3) -> (21,2)
Info:                          Sink soc.spimemio.xfer_io2_90_SB_DFFN_Q_D_SB_LUT4_O_LC.I3
Info:                          Defined in:
Info:                               /home/ed667/oss-cad-suite/lib/../share/yosys/ice40/cells_map.v:6.21-6.22
Info:      logic  0.87  9.70 Source soc.spimemio.xfer_io2_90_SB_DFFN_Q_D_SB_LUT4_O_LC.O
Info:    routing  1.76  11.47 Net soc.spimemio.xfer_io2_90_SB_DFFN_Q_D[2] (21,2) -> (21,1)
Info:                          Sink soc.spimemio.xfer_io2_90_SB_LUT4_I2_LC.I3
Info:                          Defined in:
Info:                               /home/ed667/oss-cad-suite/lib/../share/yosys/ice40/cells_map.v:6.21-6.22
Info:      logic  0.87  12.34 Source soc.spimemio.xfer_io2_90_SB_LUT4_I2_LC.O
Info:    routing  1.76  14.10 Net flash_io2_do_SB_LUT4_O_I3[2] (21,1) -> (20,1)
Info:                          Sink flash_io2_do_SB_LUT4_O_LC.I3
Info:                          Defined in:
Info:                               /home/ed667/oss-cad-suite/lib/../share/yosys/ice40/cells_map.v:6.21-6.22
Info:      logic  0.87  14.98 Source flash_io2_do_SB_LUT4_O_LC.O
Info:    routing  3.06  18.03 Net flash_io2_do (20,1) -> (18,0)
Info:                          Sink flash_io_buf[2].D_OUT_0
Info:                          Defined in:
Info:                               spimemio.v:38.9-38.21
Info: 6.17 ns logic, 11.86 ns routing

Info: Critical path report for cross-domain path 'negedge clk' -> '<async>':
Info:       type curr  total name
Info:   clk-to-q  1.39  1.39 Source soc.spimemio.xfer_io2_90_SB_DFFN_Q_DFFLC.O
Info:    routing  1.76  3.15 Net soc.spimemio.xfer_io2_90 (21,1) -> (21,1)
Info:                          Sink soc.spimemio.xfer_io2_90_SB_LUT4_I2_LC.I2
Info:                          Defined in:
Info:                               /home/ed667/oss-cad-suite/lib/../share/yosys/ice40/cells_map.v:6.21-6.22
Info:      logic  1.21  4.36 Source soc.spimemio.xfer_io2_90_SB_LUT4_I2_LC.O
Info:    routing  1.76  6.12 Net flash_io2_do_SB_LUT4_O_I3[2] (21,1) -> (20,1)
Info:                          Sink flash_io2_do_SB_LUT4_O_LC.I3
Info:                          Defined in:
Info:                               /home/ed667/oss-cad-suite/lib/../share/yosys/ice40/cells_map.v:6.21-6.22
Info:      logic  0.87  6.99 Source flash_io2_do_SB_LUT4_O_LC.O
Info:    routing  3.06  10.05 Net flash_io2_do (20,1) -> (18,0)
Info:                          Sink flash_io_buf[2].D_OUT_0
Info:                          Defined in:
Info:                               spimemio.v:38.9-38.21
Info: 3.47 ns logic, 6.58 ns routing

Info: Max frequency for clock 'clk': 18.27 MHz (PASS at 12.00 MHz)

Info: Max delay <async>     -> posedge clk: 36.83 ns
Info: Max delay posedge clk -> <async>    : 18.03 ns
Info: Max delay negedge clk -> <async>    : 10.05 ns

Info: Slack histogram:
Info:  legend: * represents 20 endpoint(s)
Info:          + represents [1,20) endpoint(s)
Info: [ 28600,  31175) |*+
Info: [ 31175,  33750) |**+
Info: [ 33750,  36325) |*+
Info: [ 36325,  38900) |**+
Info: [ 38900,  41475) |**********+
Info: [ 41475,  44050) |**+
Info: [ 44050,  46625) |******+
Info: [ 46625,  49200) |********+
Info: [ 49200,  51775) |********+
Info: [ 51775,  54350) |****+
Info: [ 54350,  56925) |******+
Info: [ 56925,  59500) |******+
Info: [ 59500,  62075) |*************+
Info: [ 62075,  64650) |************+
Info: [ 64650,  67225) |****************************+
Info: [ 67225,  69800) |*****************************************************+
Info: [ 69800,  72375) |********************************+
Info: [ 72375,  74950) |*****************************+
Info: [ 74950,  77525) |****************************************************+
Info: [ 77525,  80100) |************************************************************ 

Info: Program finished normally.
