COMMAND: nextpnr-ice40 --up5k --package sg48 --json design.json --pcf icebreaker.pcf --asc design.asc --pcf-allow-unconstrained

STDOUT:


STDERR:
Info: constrained 'clk_in' to bel 'X12/Y31/io1'
Info: constrained 'ser_rx' to bel 'X13/Y0/io1'
Info: constrained 'ser_tx' to bel 'X15/Y0/io0'
Info: constrained 'flash_clk' to bel 'X24/Y0/io0'
Info: constrained 'flash_csb' to bel 'X24/Y0/io1'
Info: constrained 'flash_io0' to bel 'X23/Y0/io0'
Info: constrained 'flash_io1' to bel 'X23/Y0/io1'
Info: constrained 'flash_io2' to bel 'X18/Y0/io0'
Info: constrained 'flash_io3' to bel 'X19/Y0/io0'
Info: constrained 'P1A1' to bel 'X9/Y0/io0'
Info: constrained 'P1A2' to bel 'X8/Y0/io0'
Info: constrained 'P1A3' to bel 'X6/Y0/io0'
Info: constrained 'P1A4' to bel 'X7/Y0/io1'
Info: constrained 'P1A7' to bel 'X9/Y0/io1'
Info: constrained 'P1A8' to bel 'X7/Y0/io0'
Info: constrained 'P1A9' to bel 'X5/Y0/io0'
Info: constrained 'P1A10' to bel 'X6/Y0/io1'
Info: constrained 'led1' to bel 'X18/Y31/io0'
Info: constrained 'led2' to bel 'X18/Y31/io1'
Info: constrained 'led3' to bel 'X19/Y31/io1'
Info: constrained 'led4' to bel 'X19/Y31/io0'
Info: constrained 'led5' to bel 'X18/Y0/io1'
Info: constrained 'ledr_n' to bel 'X17/Y0/io0'
Info: constrained 'ledg_n' to bel 'X13/Y31/io0'

Info: Packing constants..
Info: Packing IOs..
Info: flash_io3 feeds SB_IO flash_io_buf[3], removing $nextpnr_iobuf flash_io3.
Info: flash_io2 feeds SB_IO flash_io_buf[2], removing $nextpnr_iobuf flash_io2.
Info: flash_io1 feeds SB_IO flash_io_buf[1], removing $nextpnr_iobuf flash_io1.
Info: flash_io0 feeds SB_IO flash_io_buf[0], removing $nextpnr_iobuf flash_io0.
Info: Packing LUT-FFs..
Info:     3087 LCs used as LUT4 only
Info:     1090 LCs used as LUT4 and DFF
Info: Packing non-LUT FFs..
Info:      599 LCs used as DFF only
Info: Packing carries..
Info:      142 LCs used as CARRY only
Info: Packing indirect carry+LUT pairs...
Info:       67 LUTs merged into carry LCs
Info: Packing RAMs..
Info: Placing PLLs..
Info:   constrained PLL 'pll' to X12/Y31/pll_3
Info: Packing special functions..
Info: Packing PLLs..
Info:   PLL 'pll' has LOCK output, need to pass all outputs via LUT
Info:   constrained 'pll_locked_SB_LUT4_I0_LC' to X1/Y30/lc0
Info: Promoting globals..
Info: promoting iomem_ready_SB_LUT4_I3_O_SB_LUT4_I1_O[1] [reset] (fanout 551)
Info: promoting soc.cpu.genblk1.genblk1.pcpi_mul.instr_mulhu_SB_LUT4_I2_O[0] [reset] (fanout 85)
Info: promoting soc.cpu.genblk2.pcpi_div.dq_SB_DFFE_Q_10_D_SB_LUT4_O_I3[1] [reset] (fanout 38)
Info: promoting soc.simpleuart.send_pattern_SB_DFFESS_Q_D_SB_LUT4_O_I3_SB_LUT4_I2_O [reset] (fanout 32)
Info: promoting resetn [cen] (fanout 215)
Info: promoting soc.gen_icache.icache_inst.state_SB_DFF_Q_1_D_SB_LUT4_O_I3_SB_LUT4_I3_1_O [cen] (fanout 128)
Info: promoting soc.cpu.genblk2.pcpi_div.running_SB_DFFSR_Q_D_SB_LUT4_I3_O [cen] (fanout 70)
Info: Constraining chains...
Info:       51 LCs used to legalise carry chains.
Info: Checksum: 0x687cbe86

Info: Device utilisation:
Info: 	         ICESTORM_LC:    4904/   5280    92%
Info: 	        ICESTORM_RAM:      22/     30    73%
Info: 	               SB_IO:      24/     96    25%
Info: 	               SB_GB:       8/      8   100%
Info: 	        ICESTORM_PLL:       1/      1   100%
Info: 	         SB_WARMBOOT:       0/      1     0%
Info: 	        ICESTORM_DSP:       0/      8     0%
Info: 	      ICESTORM_HFOSC:       0/      1     0%
Info: 	      ICESTORM_LFOSC:       0/      1     0%
Info: 	              SB_I2C:       0/      2     0%
Info: 	              SB_SPI:       0/      2     0%
Info: 	              IO_I3C:       0/      2     0%
Info: 	         SB_LEDDA_IP:       0/      1     0%
Info: 	         SB_RGBA_DRV:       0/      1     0%
Info: 	      ICESTORM_SPRAM:       4/      4   100%

Info: Placed 26 cells based on constraints.
Info: Creating initial analytic placement for 4202 cells, random placement wirelen = 121820.
Info:     at initial placer iter 0, wirelen = 1910
Info:     at initial placer iter 1, wirelen = 1860
Info:     at initial placer iter 2, wirelen = 1963
Info:     at initial placer iter 3, wirelen = 2139
Info: Running main analytical placer, max placement attempts per cell = 3078921.
Info:     at iteration #1, type ALL: wirelen solved = 2019, spread = 42703, legal = 49118; time = 0.15s
Info:     at iteration #2, type ALL: wirelen solved = 2606, spread = 36838, legal = 46078; time = 0.29s
Info:     at iteration #3, type ALL: wirelen solved = 3789, spread = 35053, legal = 42554; time = 0.17s
Info:     at iteration #4, type ALL: wirelen solved = 5497, spread = 33075, legal = 39899; time = 0.15s
Info:     at iteration #5, type ALL: wirelen solved = 6854, spread = 31280, legal = 38209; time = 0.13s
Info:     at iteration #6, type ALL: wirelen solved = 7907, spread = 28703, legal = 35531; time = 0.13s
Info:     at iteration #7, type ALL: wirelen solved = 9065, spread = 27670, legal = 35044; time = 0.13s
Info:     at iteration #8, type ALL: wirelen solved = 9686, spread = 27063, legal = 33640; time = 0.13s
Info:     at iteration #9, type ALL: wirelen solved = 10543, spread = 26102, legal = 32970; time = 0.12s
Info:     at iteration #10, type ALL: wirelen solved = 11863, spread = 25653, legal = 33261; time = 0.12s
Info:     at iteration #11, type ALL: wirelen solved = 12626, spread = 25261, legal = 32129; time = 0.13s
Info:     at iteration #12, type ALL: wirelen solved = 13330, spread = 24992, legal = 31770; time = 0.11s
Info:     at iteration #13, type ALL: wirelen solved = 13620, spread = 25025, legal = 31463; time = 0.11s
Info:     at iteration #14, type ALL: wirelen solved = 13915, spread = 24803, legal = 32115; time = 0.13s
Info:     at iteration #15, type ALL: wirelen solved = 14409, spread = 24769, legal = 32101; time = 0.15s
Info:     at iteration #16, type ALL: wirelen solved = 14697, spread = 24435, legal = 30940; time = 0.15s
Info:     at iteration #17, type ALL: wirelen solved = 14986, spread = 24341, legal = 31735; time = 0.13s
Info:     at iteration #18, type ALL: wirelen solved = 15414, spread = 24232, legal = 32257; time = 0.14s
Info:     at iteration #19, type ALL: wirelen solved = 15469, spread = 24239, legal = 30875; time = 0.14s
Info:     at iteration #20, type ALL: wirelen solved = 15572, spread = 24356, legal = 30109; time = 0.09s
Info:     at iteration #21, type ALL: wirelen solved = 15819, spread = 24132, legal = 29676; time = 0.09s
Info:     at iteration #22, type ALL: wirelen solved = 16108, spread = 23973, legal = 31184; time = 0.12s
Info:     at iteration #23, type ALL: wirelen solved = 16210, spread = 24223, legal = 30827; time = 0.12s
Info:     at iteration #24, type ALL: wirelen solved = 16534, spread = 24523, legal = 31392; time = 0.12s
Info:     at iteration #25, type ALL: wirelen solved = 16746, spread = 24448, legal = 30685; time = 0.13s
Info:     at iteration #26, type ALL: wirelen solved = 16974, spread = 24797, legal = 30722; time = 0.14s
Info: HeAP Placer Time: 4.56s
Info:   of which solving equations: 1.97s
Info:   of which spreading cells: 0.26s
Info:   of which strict legalisation: 1.50s

Info: Running simulated annealing placer for refinement.
Info:   at iteration #1: temp = 0.000000, timing cost = 2142, wirelen = 29676
Info:   at iteration #5: temp = 0.000000, timing cost = 2107, wirelen = 25389
Info:   at iteration #10: temp = 0.000000, timing cost = 2073, wirelen = 24446
Info:   at iteration #15: temp = 0.000000, timing cost = 1980, wirelen = 23818
Info:   at iteration #20: temp = 0.000000, timing cost = 1995, wirelen = 23502
Info:   at iteration #25: temp = 0.000000, timing cost = 1994, wirelen = 23384
Info:   at iteration #30: temp = 0.000000, timing cost = 1989, wirelen = 23353
Info:   at iteration #33: temp = 0.000000, timing cost = 1989, wirelen = 23344 
Info: SA placement time 6.98s

Info: Max frequency for clock 'clk': 16.44 MHz (PASS at 12.00 MHz)

Info: Max delay <async>     -> posedge clk: 37.24 ns
Info: Max delay posedge clk -> <async>    : 17.05 ns
Info: Max delay negedge clk -> <async>    : 11.31 ns

Info: Slack histogram:
Info:  legend: * represents 25 endpoint(s)
Info:          + represents [1,25) endpoint(s)
Info: [ 22508,  25400) |+
Info: [ 25400,  28292) |**+
Info: [ 28292,  31184) |**+
Info: [ 31184,  34076) |******+
Info: [ 34076,  36968) |*+
Info: [ 36968,  39860) |**+
Info: [ 39860,  42752) |****+
Info: [ 42752,  45644) |******+
Info: [ 45644,  48536) |*****+
Info: [ 48536,  51428) |***+
Info: [ 51428,  54320) |*******+
Info: [ 54320,  57212) |***+
Info: [ 57212,  60104) |*****+
Info: [ 60104,  62996) |***********+
Info: [ 62996,  65888) |**********************+
Info: [ 65888,  68780) |******************************************+
Info: [ 68780,  71672) |**************************+
Info: [ 71672,  74564) |*********************+
Info: [ 74564,  77456) |*********************************+
Info: [ 77456,  80348) |************************************************************ 
Info: Checksum: 0x7d169395

Info: Routing..
Info: Setting up routing queue.
Info: Routing 16896 arcs.
Info:            |   (re-)routed arcs  |   delta    | remaining|       time spent     |
Info:    IterCnt |  w/ripup   wo/ripup |  w/r  wo/r |      arcs| batch(sec) total(sec)|
Info:       1000 |       39        960 |   39   960 |     15944|       0.40       0.40|
Info:       2000 |      149       1850 |  110   890 |     15097|       0.32       0.72|
Info:       3000 |      340       2659 |  191   809 |     14341|       0.18       0.91|
Info:       4000 |      603       3396 |  263   737 |     13683|       0.16       1.07|
Info:       5000 |      926       4073 |  323   677 |     13056|       0.16       1.23|
Info:       6000 |     1254       4745 |  328   672 |     12485|       0.19       1.42|
Info:       7000 |     1487       5512 |  233   767 |     11853|       0.24       1.66|
Info:       8000 |     1849       6130 |  362   618 |     11354|       0.22       1.88|
Info:       9000 |     2126       6748 |  277   618 |     10828|       0.21       2.10|
Info:      10000 |     2485       7382 |  359   634 |     10441|       0.30       2.40|
Info:      11000 |     2908       7956 |  423   574 |     10073|       0.27       2.66|
Info:      12000 |     3335       8526 |  427   570 |      9862|       0.33       2.99|
Info:      13000 |     3711       9119 |  376   593 |      9550|       0.30       3.29|
Info:      14000 |     4146       9684 |  435   565 |      9290|       0.35       3.63|
Info:      15000 |     4568      10234 |  422   550 |      9001|       0.36       3.99|
Info:      16000 |     5035      10739 |  467   505 |      8816|       0.43       4.42|
Info:      17000 |     5471      11303 |  436   564 |      8667|       0.38       4.80|
Info:      18000 |     5945      11827 |  474   524 |      8480|       0.38       5.18|
Info:      19000 |     6420      12349 |  475   522 |      8354|       0.33       5.51|
Info:      20000 |     6876      12893 |  456   544 |      8274|       0.35       5.86|
Info:      21000 |     7288      13481 |  412   588 |      7978|       0.32       6.18|
Info:      22000 |     7729      13994 |  441   513 |      7718|       0.35       6.53|
Info:      23000 |     8279      14442 |  550   448 |      7617|       0.35       6.88|
Info:      24000 |     8832      14889 |  553   447 |      7598|       0.38       7.25|
Info:      25000 |     9334      15385 |  502   496 |      7410|       0.39       7.65|
Info:      26000 |     9818      15843 |  484   458 |      7131|       0.29       7.94|
Info:      27000 |    10281      16316 |  463   473 |      6863|       0.31       8.25|
Info:      28000 |    10814      16769 |  533   453 |      6727|       0.34       8.59|
Info:      29000 |    11301      17280 |  487   511 |      6519|       1.17       9.76|
Info:      30000 |    11675      17846 |  374   566 |      6195|       0.33      10.09|
Info:      31000 |    12209      18312 |  534   466 |      6026|       0.45      10.54|
Info:      32000 |    12748      18772 |  539   460 |      5867|       0.52      11.05|
Info:      33000 |    13249      19269 |  501   497 |      5673|       0.40      11.45|
Info:      34000 |    13688      19829 |  439   560 |      5327|       0.39      11.84|
Info:      35000 |    14197      20320 |  509   491 |      5176|       0.36      12.20|
Info:      36000 |    14716      20801 |  519   481 |      4998|       0.34      12.54|
Info:      37000 |    15161      21343 |  445   542 |      4760|       0.29      12.82|
Info:      38000 |    15710      21794 |  549   451 |      4727|       0.45      13.27|
Info:      39000 |    16280      22221 |  570   427 |      4600|       0.30      13.58|
Info:      40000 |    16824      22675 |  544   454 |      4480|       0.44      14.02|
Info:      41000 |    17333      23163 |  509   488 |      4287|       0.44      14.46|
Info:      42000 |    17890      23603 |  557   440 |      4194|       0.36      14.81|
Info:      43000 |    18363      24103 |  473   500 |      3984|       0.33      15.14|
Info:      44000 |    18857      24582 |  494   479 |      3799|       0.34      15.48|
Info:      45000 |    19466      24971 |  609   389 |      3707|       0.35      15.83|
Info:      46000 |    20031      25406 |  565   435 |      3650|       0.37      16.20|
Info:      47000 |    20639      25798 |  608   392 |      3586|       0.32      16.52|
Info:      48000 |    21136      26298 |  497   500 |      3470|       0.37      16.89|
Info:      49000 |    21664      26762 |  528   464 |      3233|       0.43      17.32|
Info:      50000 |    22165      27255 |  501   493 |      3093|       0.43      17.75|
Info:      51000 |    22743      27673 |  578   418 |      3025|       0.51      18.26|
Info:      52000 |    23320      28096 |  577   423 |      3002|       0.42      18.68|
Info:      53000 |    23809      28604 |  489   508 |      2837|       0.40      19.08|
Info:      54000 |    24358      29047 |  549   443 |      2671|       0.34      19.42|
Info:      55000 |    24942      29462 |  584   415 |      2604|       0.36      19.78|
Info:      56000 |    25457      29947 |  515   485 |      2480|       0.42      20.20|
Info:      57000 |    26019      30385 |  562   438 |      2439|       0.51      20.71|
Info:      58000 |    26565      30836 |  546   451 |      2350|       0.39      21.10|
Info:      59000 |    27029      31371 |  464   535 |      2195|       0.41      21.51|
Info:      60000 |    27601      31798 |  572   427 |      2087|       0.42      21.93|
Info:      61000 |    28168      32224 |  567   426 |      1976|       0.34      22.27|
Info:      62000 |    28766      32626 |  598   402 |      1859|       0.39      22.66|
Info:      63000 |    29289      33102 |  523   476 |      1772|       0.41      23.08|
Info:      64000 |    29866      33525 |  577   423 |      1648|       0.39      23.47|
Info:      65000 |    30387      33996 |  521   471 |      1499|       0.31      23.79|
Info:      66000 |    30861      34512 |  474   516 |      1201|       0.32      24.10|
Info:      67000 |    31154      35219 |  293   707 |       658|       0.29      24.39|
Info:      68000 |    31596      35777 |  442   558 |       370|       0.44      24.83|
Info:      69000 |    32087      36286 |  491   509 |       104|       0.55      25.37|
Info:      69286 |    32202      36458 |  115   172 |         0|       0.19      25.57|
Info: Routing complete.
Info: Router1 time 25.57s
Info: Checksum: 0x00ae3485

Info: Critical path report for clock 'clk' (posedge -> posedge):
Info:       type curr  total name
Info:   clk-to-q  1.39  1.39 Source soc.cpu.mem_addr_SB_DFFE_Q_25_DFFLC.O
Info:    routing  4.35  5.74 Net iomem_addr[6] (22,15) -> (22,27)
Info:                          Sink soc.gen_icache.icache_inst.valid_array_SB_DFFESR_Q_1_D_SB_LUT4_O_I3_SB_LUT4_O_I3_SB_LUT4_O_LC.I3
Info:                          Defined in:
Info:                               /home/ed667/oss-cad-suite/lib/../share/yosys/ice40/cells_map.v:6.21-6.22
Info:      logic  0.87  6.62 Source soc.gen_icache.icache_inst.valid_array_SB_DFFESR_Q_1_D_SB_LUT4_O_I3_SB_LUT4_O_I3_SB_LUT4_O_LC.O
Info:    routing  2.95  9.57 Net soc.gen_icache.icache_inst.valid_array_SB_DFFESR_Q_1_D_SB_LUT4_O_I3_SB_LUT4_O_I3[1] (22,27) -> (23,23)
Info:                          Sink soc.gen_icache.icache_inst.tag_array.0.1_RDATA_SB_LUT4_I1_1_O_SB_LUT4_O_2_I0_SB_LUT4_O_1_I2_SB_LUT4_O_1_I2_SB_LUT4_O_I2_SB_LUT4_O_1_LC.I3
Info:                          Defined in:
Info:                               /home/ed667/oss-cad-suite/lib/../share/yosys/ice40/cells_map.v:6.21-6.22
Info:      logic  0.87  10.44 Source soc.gen_icache.icache_inst.tag_array.0.1_RDATA_SB_LUT4_I1_1_O_SB_LUT4_O_2_I0_SB_LUT4_O_1_I2_SB_LUT4_O_1_I2_SB_LUT4_O_I2_SB_LUT4_O_1_LC.O
Info:    routing  1.76  12.20 Net soc.gen_icache.icache_inst.tag_array.0.1_RDATA_SB_LUT4_I1_1_O_SB_LUT4_O_2_I0_SB_LUT4_O_1_I2_SB_LUT4_O_1_I2_SB_LUT4_O_I2[3] (23,23) -> (22,23)
Info:                          Sink soc.gen_icache.icache_inst.tag_array.0.1_RDATA_SB_LUT4_I1_1_O_SB_LUT4_O_2_I0_SB_LUT4_O_1_I2_SB_LUT4_O_1_I2_SB_LUT4_O_LC.I3
Info:                          Defined in:
Info:                               /home/ed667/oss-cad-suite/lib/../share/yosys/ice40/cells_map.v:6.21-6.22
Info:      logic  0.87  13.08 Source soc.gen_icache.icache_inst.tag_array.0.1_RDATA_SB_LUT4_I1_1_O_SB_LUT4_O_2_I0_SB_LUT4_O_1_I2_SB_LUT4_O_1_I2_SB_LUT4_O_LC.O
Info:    routing  1.76  14.84 Net soc.gen_icache.icache_inst.tag_array.0.1_RDATA_SB_LUT4_I1_1_O_SB_LUT4_O_2_I0_SB_LUT4_O_1_I2_SB_LUT4_O_1_I2[2] (22,23) -> (22,24)
Info:                          Sink soc.gen_icache.icache_inst.tag_array.0.1_RDATA_SB_LUT4_I1_1_O_SB_LUT4_O_2_I0_SB_LUT4_O_1_I2_SB_LUT4_O_1_LC.I2
Info:                          Defined in:
Info:                               /home/ed667/oss-cad-suite/lib/../share/yosys/ice40/cells_map.v:6.21-6.22
Info:      logic  1.21  16.04 Source soc.gen_icache.icache_inst.tag_array.0.1_RDATA_SB_LUT4_I1_1_O_SB_LUT4_O_2_I0_SB_LUT4_O_1_I2_SB_LUT4_O_1_LC.O
Info:    routing  1.76  17.81 Net soc.gen_icache.icache_inst.tag_array.0.1_RDATA_SB_LUT4_I1_1_O_SB_LUT4_O_2_I0_SB_LUT4_O_1_I2[3] (22,24) -> (22,23)
Info:                          Sink soc.gen_icache.icache_inst.tag_array.0.1_RDATA_SB_LUT4_I1_1_O_SB_LUT4_O_2_I0_SB_LUT4_O_1_LC.I3
Info:                          Defined in:
Info:                               /home/ed667/oss-cad-suite/lib/../share/yosys/ice40/cells_map.v:6.21-6.22
Info:      logic  0.87  18.68 Source soc.gen_icache.icache_inst.tag_array.0.1_RDATA_SB_LUT4_I1_1_O_SB_LUT4_O_2_I0_SB_LUT4_O_1_LC.O
Info:    routing  2.95  21.63 Net soc.gen_icache.icache_inst.tag_array.0.1_RDATA_SB_LUT4_I1_1_O_SB_LUT4_O_2_I0[1] (22,23) -> (21,27)
Info:                          Sink soc.gen_icache.icache_inst.tag_array.0.1_RDATA_SB_LUT4_I1_1_O_SB_LUT4_O_2_LC.I1
Info:                          Defined in:
Info:                               /home/ed667/oss-cad-suite/lib/../share/yosys/ice40/cells_map.v:6.21-6.22
Info:      logic  1.23  22.86 Source soc.gen_icache.icache_inst.tag_array.0.1_RDATA_SB_LUT4_I1_1_O_SB_LUT4_O_2_LC.O
Info:    routing  3.60  26.46 Net soc.gen_icache.icache_inst.tag_array.0.0_RDATA_12_SB_LUT4_I1_O_SB_LUT4_I2_O[1] (21,27) -> (21,19)
Info:                          Sink soc.gen_icache.icache_inst.tag_array.0.0_RDATA_12_SB_LUT4_I1_O_SB_LUT4_I2_O_SB_LUT4_I0_LC.I1
Info:                          Defined in:
Info:                               /home/ed667/oss-cad-suite/lib/../share/yosys/ice40/cells_map.v:6.21-6.22
Info:      logic  1.23  27.69 Source soc.gen_icache.icache_inst.tag_array.0.0_RDATA_12_SB_LUT4_I1_O_SB_LUT4_I2_O_SB_LUT4_I0_LC.O
Info:    routing  1.76  29.45 Net soc.gen_icache.icache_inst.data_array.0.0_RDATA_1_SB_LUT4_I1_O_SB_LUT4_I1_O_SB_LUT4_O_I0[3] (21,19) -> (20,19)
Info:                          Sink soc.gen_icache.icache_inst.data_array.0.13_RDATA_SB_LUT4_I0_O_SB_LUT4_O_LC.I1
Info:                          Defined in:
Info:                               /home/ed667/oss-cad-suite/lib/../share/yosys/ice40/cells_map.v:6.21-6.22
Info:      logic  1.23  30.68 Source soc.gen_icache.icache_inst.data_array.0.13_RDATA_SB_LUT4_I0_O_SB_LUT4_O_LC.O
Info:    routing  3.60  34.28 Net soc.cpu.mem_instr_SB_LUT4_I2_O_SB_LUT4_I3_O_SB_LUT4_I1_O[0] (20,19) -> (18,24)
Info:                          Sink soc.cpu.mem_xfer_SB_LUT4_O_LC.I1
Info:                          Defined in:
Info:                               /home/ed667/oss-cad-suite/lib/../share/yosys/ice40/cells_map.v:6.21-6.22
Info:      logic  1.23  35.52 Source soc.cpu.mem_xfer_SB_LUT4_O_LC.O
Info:    routing  2.41  37.92 Net soc.cpu.mem_rdata_q_SB_DFFE_Q_12_D[1] (18,24) -> (18,26)
Info:                          Sink soc.cpu.mem_state_SB_DFFESR_Q_D_SB_LUT4_O_I3_SB_LUT4_I1_LC.I3
Info:                          Defined in:
Info:                               /home/ed667/oss-cad-suite/lib/../share/yosys/ice40/cells_map.v:6.21-6.22
Info:      logic  0.87  38.80 Source soc.cpu.mem_state_SB_DFFESR_Q_D_SB_LUT4_O_I3_SB_LUT4_I1_LC.O
Info:    routing  1.76  40.56 Net soc.cpu.mem_state_SB_DFFESR_Q_D_SB_LUT4_O_I3_SB_LUT4_I1_O[3] (18,26) -> (17,27)
Info:                          Sink soc.cpu.do_waitirq_SB_DFFSR_Q_R_SB_LUT4_I3_O_SB_LUT4_I3_O_SB_LUT4_I3_O_SB_LUT4_O_1_I2_SB_LUT4_O_I3_SB_LUT4_O_I3_SB_LUT4_O_LC.I3
Info:                          Defined in:
Info:                               /home/ed667/oss-cad-suite/lib/../share/yosys/ice40/cells_map.v:6.21-6.22
Info:      logic  0.87  41.43 Source soc.cpu.do_waitirq_SB_DFFSR_Q_R_SB_LUT4_I3_O_SB_LUT4_I3_O_SB_LUT4_I3_O_SB_LUT4_O_1_I2_SB_LUT4_O_I3_SB_LUT4_O_I3_SB_LUT4_O_LC.O
Info:    routing  3.49  44.93 Net soc.cpu.do_waitirq_SB_DFFSR_Q_R_SB_LUT4_I3_O_SB_LUT4_I3_O_SB_LUT4_I3_O_SB_LUT4_O_1_I2_SB_LUT4_O_I3_SB_LUT4_O_I3[1] (17,27) -> (10,28)
Info:                          Sink soc.cpu.do_waitirq_SB_DFFSR_Q_R_SB_LUT4_I3_O_SB_LUT4_I3_O_SB_LUT4_I3_O_SB_LUT4_O_1_I2_SB_LUT4_O_I3_SB_LUT4_O_LC.I3
Info:                          Defined in:
Info:                               /home/ed667/oss-cad-suite/lib/../share/yosys/ice40/cells_map.v:6.21-6.22
Info:      logic  0.87  45.80 Source soc.cpu.do_waitirq_SB_DFFSR_Q_R_SB_LUT4_I3_O_SB_LUT4_I3_O_SB_LUT4_I3_O_SB_LUT4_O_1_I2_SB_LUT4_O_I3_SB_LUT4_O_LC.O
Info:    routing  1.76  47.56 Net soc.cpu.do_waitirq_SB_DFFSR_Q_R_SB_LUT4_I3_O_SB_LUT4_I3_O_SB_LUT4_I3_O_SB_LUT4_O_1_I2_SB_LUT4_O_I3[1] (10,28) -> (9,28)
Info:                          Sink soc.cpu.do_waitirq_SB_DFFSR_Q_R_SB_LUT4_I3_O_SB_LUT4_I3_O_SB_LUT4_I3_O_SB_LUT4_O_1_I2_SB_LUT4_O_I3_SB_LUT4_I3_LC.I3
Info:                          Defined in:
Info:                               /home/ed667/oss-cad-suite/lib/../share/yosys/ice40/cells_map.v:6.21-6.22
Info:      logic  0.87  48.44 Source soc.cpu.do_waitirq_SB_DFFSR_Q_R_SB_LUT4_I3_O_SB_LUT4_I3_O_SB_LUT4_I3_O_SB_LUT4_O_1_I2_SB_LUT4_O_I3_SB_LUT4_I3_LC.O
Info:    routing  4.25  52.69 Net soc.cpu.do_waitirq_SB_DFFSR_Q_R_SB_LUT4_I3_O_SB_LUT4_I3_O_SB_LUT4_I3_O_SB_LUT4_O_1_I2_SB_LUT4_O_I3_SB_LUT4_I3_O[3] (9,28) -> (7,19)
Info:                          Sink soc.cpu.instr_sll_SB_LUT4_I0_O_SB_LUT4_I1_O_SB_LUT4_I1_LC.I2
Info:                          Defined in:
Info:                               /home/ed667/oss-cad-suite/lib/../share/yosys/ice40/cells_map.v:6.21-6.22
Info:      logic  1.21  53.89 Source soc.cpu.instr_sll_SB_LUT4_I0_O_SB_LUT4_I1_O_SB_LUT4_I1_LC.O
Info:    routing  3.60  57.49 Net soc.cpu.instr_sll_SB_LUT4_I0_O_SB_LUT4_I1_O_SB_LUT4_I1_O[3] (7,19) -> (4,26)
Info:                          Sink soc.cpu.reg_op1_SB_DFFE_Q_E_SB_LUT4_O_LC.I3
Info:                          Defined in:
Info:                               /home/ed667/oss-cad-suite/lib/../share/yosys/ice40/cells_map.v:6.21-6.22
Info:      logic  0.87  58.37 Source soc.cpu.reg_op1_SB_DFFE_Q_E_SB_LUT4_O_LC.O
Info:    routing  1.80  60.17 Net soc.cpu.reg_op1_SB_DFFE_Q_E (4,26) -> (4,26)
Info:                          Sink soc.cpu.reg_op1_SB_DFFE_Q_D_SB_LUT4_O_LC.CEN
Info:      setup  0.10  60.26 Source soc.cpu.reg_op1_SB_DFFE_Q_D_SB_LUT4_O_LC.CEN
Info: 16.69 ns logic, 43.58 ns routing

Info: Critical path report for cross-domain path '<async>' -> 'posedge clk':
Info:       type curr  total name
Info:     source  0.00  0.00 Source flash_io_buf[2].D_IN_0
Info:    routing  4.99  4.99 Net flash_io2_di (18,0) -> (20,11)
Info:                          Sink flash_io2_di_SB_LUT4_I0_LC.I0
Info:                          Defined in:
Info:                               picosoc.v:153.14-153.32
Info:      logic  1.28  6.27 Source flash_io2_di_SB_LUT4_I0_LC.O
Info:    routing  1.76  8.03 Net flash_io2_di_SB_LUT4_I0_O[1] (20,11) -> (20,11)
Info:                          Sink flash_io2_di_SB_LUT4_I0_O_SB_LUT4_I0_LC.I1
Info:                          Defined in:
Info:                               /home/ed667/oss-cad-suite/lib/../share/yosys/ice40/cells_map.v:6.21-6.22
Info:      logic  1.23  9.27 Source flash_io2_di_SB_LUT4_I0_O_SB_LUT4_I0_LC.O
Info:    routing  2.95  12.22 Net flash_io2_di_SB_LUT4_I0_O_SB_LUT4_I0_O[3] (20,11) -> (17,12)
Info:                          Sink soc.gen_icache.icache_inst.miss_rdata_SB_DFFESR_Q_29_D_SB_LUT4_O_I1_SB_LUT4_O_2_LC.I3
Info:                          Defined in:
Info:                               /home/ed667/oss-cad-suite/lib/../share/yosys/ice40/cells_map.v:6.21-6.22
Info:      logic  0.87  13.09 Source soc.gen_icache.icache_inst.miss_rdata_SB_DFFESR_Q_29_D_SB_LUT4_O_I1_SB_LUT4_O_2_LC.O
Info:    routing  1.76  14.85 Net soc.gen_icache.icache_inst.miss_rdata_SB_DFFESR_Q_29_D_SB_LUT4_O_I1[3] (17,12) -> (18,13)
Info:                          Sink soc.gen_icache.icache_inst.data_array.0.1_RDATA_1_SB_LUT4_I0_O_SB_LUT4_O_1_LC.I3
Info:                          Defined in:
Info:                               /home/ed667/oss-cad-suite/lib/../share/yosys/ice40/cells_map.v:6.21-6.22
Info:      logic  0.87  15.73 Source soc.gen_icache.icache_inst.data_array.0.1_RDATA_1_SB_LUT4_I0_O_SB_LUT4_O_1_LC.O
Info:    routing  1.76  17.49 Net soc.gen_icache.icache_inst.data_array.0.1_RDATA_1_SB_LUT4_I0_O[3] (18,13) -> (18,14)
Info:                          Sink soc.cpu.mem_rdata_q_SB_DFFE_Q_29_D_SB_LUT4_O_LC.I3
Info:                          Defined in:
Info:                               /home/ed667/oss-cad-suite/lib/../share/yosys/ice40/cells_map.v:6.21-6.22
Info:      logic  0.87  18.36 Source soc.cpu.mem_rdata_q_SB_DFFE_Q_29_D_SB_LUT4_O_LC.O
Info:    routing  3.70  22.07 Net soc.cpu.mem_rdata_q_SB_DFFE_Q_29_D[2] (18,14) -> (18,23)
Info:                          Sink soc.cpu.mem_rdata_q_SB_DFFE_Q_29_D_SB_LUT4_I3_LC.I3
Info:                          Defined in:
Info:                               /home/ed667/oss-cad-suite/lib/../share/yosys/ice40/cells_map.v:6.21-6.22
Info:      logic  0.87  22.94 Source soc.cpu.mem_rdata_q_SB_DFFE_Q_29_D_SB_LUT4_I3_LC.O
Info:    routing  1.76  24.70 Net soc.cpu.mem_rdata_q_SB_DFFE_Q_28_D_SB_LUT4_I3_O[0] (18,23) -> (18,24)
Info:                          Sink soc.gen_icache.icache_inst.data_array.0.12_RDATA_SB_LUT4_I0_O_SB_LUT4_I0_O_SB_LUT4_I2_O_SB_LUT4_O_1_LC.I1
Info:                          Defined in:
Info:                               /home/ed667/oss-cad-suite/lib/../share/yosys/ice40/cells_map.v:6.21-6.22
Info:      logic  1.23  25.93 Source soc.gen_icache.icache_inst.data_array.0.12_RDATA_SB_LUT4_I0_O_SB_LUT4_I0_O_SB_LUT4_I2_O_SB_LUT4_O_1_LC.O
Info:    routing  2.41  28.34 Net soc.gen_icache.icache_inst.data_array.0.12_RDATA_SB_LUT4_I0_O_SB_LUT4_I0_O_SB_LUT4_I2_O[1] (18,24) -> (18,26)
Info:                          Sink soc.cpu.decoded_rs1_SB_DFFESS_Q_D_SB_LUT4_O_I3_SB_LUT4_O_1_LC.I2
Info:                          Defined in:
Info:                               /home/ed667/oss-cad-suite/lib/../share/yosys/ice40/cells_map.v:6.21-6.22
Info:      logic  1.21  29.55 Source soc.cpu.decoded_rs1_SB_DFFESS_Q_D_SB_LUT4_O_I3_SB_LUT4_O_1_LC.O
Info:    routing  1.76  31.31 Net soc.cpu.decoded_rs1_SB_DFFESS_Q_D_SB_LUT4_O_I2[2] (18,26) -> (17,27)
Info:                          Sink soc.cpu.cpuregs.regs.1.0_RADDR_SB_LUT4_O_I2_SB_LUT4_O_1_LC.I3
Info:                          Defined in:
Info:                               /home/ed667/oss-cad-suite/lib/../share/yosys/ice40/cells_map.v:6.21-6.22
Info:      logic  0.87  32.18 Source soc.cpu.cpuregs.regs.1.0_RADDR_SB_LUT4_O_I2_SB_LUT4_O_1_LC.O
Info:    routing  1.76  33.94 Net soc.cpu.cpuregs.regs.1.0_RADDR_SB_LUT4_O_I2[1] (17,27) -> (16,27)
Info:                          Sink soc.cpu.cpuregs.regs.1.0_RADDR_SB_LUT4_O_LC.I3
Info:                          Defined in:
Info:                               /home/ed667/oss-cad-suite/lib/../share/yosys/ice40/cells_map.v:6.21-6.22
Info:      logic  0.87  34.82 Source soc.cpu.cpuregs.regs.1.0_RADDR_SB_LUT4_O_LC.O
Info:    routing  4.04  38.85 Net soc.cpu.cpuregs.regs.1.0_RADDR (16,27) -> (6,25)
Info:                          Sink soc.cpu.cpuregs.regs.1.0_RAM.RADDR_4
Info:      setup  0.10  38.95 Source soc.cpu.cpuregs.regs.1.0_RAM.RADDR_4
Info: 10.30 ns logic, 28.66 ns routing

Info: Critical path report for cross-domain path 'posedge clk' -> '<async>':
Info:       type curr  total name
Info:   clk-to-q  1.39  1.39 Source soc.spimemio.xfer.dummy_count_SB_DFFESR_Q_D_SB_LUT4_O_LC.O
Info:    routing  1.76  3.15 Net soc.spimemio.xfer.dummy_count[3] (22,5) -> (22,4)
Info:                          Sink soc.spimemio.xfer.xfer_rd_SB_LUT4_I2_I3_SB_LUT4_O_LC.I0
Info:                          Defined in:
Info:                               spimemio.v:417.12-417.23
Info:      logic  1.28  4.43 Source soc.spimemio.xfer.xfer_rd_SB_LUT4_I2_I3_SB_LUT4_O_LC.O
Info:    routing  3.60  8.03 Net soc.spimemio.din_valid_SB_LUT4_I2_O[1] (22,4) -> (18,3)
Info:                          Sink soc.spimemio.xfer.xfer_rd_SB_LUT4_I2_LC.I3
Info:                          Defined in:
Info:                               /home/ed667/oss-cad-suite/lib/../share/yosys/ice40/cells_map.v:6.21-6.22
Info:      logic  0.87  8.91 Source soc.spimemio.xfer.xfer_rd_SB_LUT4_I2_LC.O
Info:    routing  1.76  10.67 Net soc.spimemio.xfer.xfer_rd_SB_LUT4_I2_O[1] (18,3) -> (18,2)
Info:                          Sink soc.spimemio.xfer.xfer_rd_SB_LUT4_I2_O_SB_LUT4_I3_LC.I3
Info:                          Defined in:
Info:                               /home/ed667/oss-cad-suite/lib/../share/yosys/ice40/cells_map.v:6.21-6.22
Info:      logic  0.87  11.54 Source soc.spimemio.xfer.xfer_rd_SB_LUT4_I2_O_SB_LUT4_I3_LC.O
Info:    routing  1.76  13.31 Net soc.spimemio.xfer.xfer_rd_SB_LUT4_I2_O_SB_LUT4_I3_O[1] (18,2) -> (18,2)
Info:                          Sink flash_io0_oe_SB_LUT4_O_LC.I3
Info:                          Defined in:
Info:                               /home/ed667/oss-cad-suite/lib/../share/yosys/ice40/cells_map.v:6.21-6.22
Info:      logic  0.87  14.18 Source flash_io0_oe_SB_LUT4_O_LC.O
Info:    routing  3.60  17.78 Net flash_io0_oe (18,2) -> (23,0)
Info:                          Sink flash_io_buf[0].OUTPUT_ENABLE
Info:                          Defined in:
Info:                               picosoc.v:153.14-153.32
Info: 5.30 ns logic, 12.48 ns routing

Info: Critical path report for cross-domain path 'negedge clk' -> '<async>':
Info:       type curr  total name
Info:   clk-to-q  1.39  1.39 Source soc.spimemio.xfer_io2_90_SB_DFFN_Q_DFFLC.O
Info:    routing  3.06  4.45 Net soc.spimemio.xfer_io2_90 (21,8) -> (21,3)
Info:                          Sink soc.spimemio.xfer_io2_90_SB_LUT4_I2_LC.I2
Info:                          Defined in:
Info:                               /home/ed667/oss-cad-suite/lib/../share/yosys/ice40/cells_map.v:6.21-6.22
Info:      logic  1.21  5.65 Source soc.spimemio.xfer_io2_90_SB_LUT4_I2_LC.O
Info:    routing  2.95  8.60 Net flash_io2_do_SB_LUT4_O_I3[2] (21,3) -> (18,1)
Info:                          Sink flash_io2_do_SB_LUT4_O_LC.I3
Info:                          Defined in:
Info:                               /home/ed667/oss-cad-suite/lib/../share/yosys/ice40/cells_map.v:6.21-6.22
Info:      logic  0.87  9.48 Source flash_io2_do_SB_LUT4_O_LC.O
Info:    routing  1.76  11.24 Net flash_io2_do (18,1) -> (18,0)
Info:                          Sink flash_io_buf[2].D_OUT_0
Info:                          Defined in:
Info:                               spimemio.v:38.9-38.21
Info: 3.47 ns logic, 7.77 ns routing

Info: Max frequency for clock 'clk': 16.59 MHz (PASS at 12.00 MHz)

Info: Max delay <async>     -> posedge clk: 38.95 ns
Info: Max delay posedge clk -> <async>    : 17.78 ns
Info: Max delay negedge clk -> <async>    : 11.24 ns

Info: Slack histogram:
Info:  legend: * represents 22 endpoint(s)
Info:          + represents [1,22) endpoint(s)
Info: [ 23068,  25919) |*+
Info: [ 25919,  28770) |**+
Info: [ 28770,  31621) |**+
Info: [ 31621,  34472) |**+
Info: [ 34472,  37323) |**+
Info: [ 37323,  40174) |********+
Info: [ 40174,  43025) |***+
Info: [ 43025,  45876) |********+
Info: [ 45876,  48727) |******+
Info: [ 48727,  51578) |********+
Info: [ 51578,  54429) |*****+
Info: [ 54429,  57280) |*****+
Info: [ 57280,  60131) |*******+
Info: [ 60131,  62982) |**************+
Info: [ 62982,  65833) |******************+
Info: [ 65833,  68684) |**************************+
Info: [ 68684,  71535) |************************************************************ 
Info: [ 71535,  74386) |***********************+
Info: [ 74386,  77237) |***************************************************+
Info: [ 77237,  80088) |**********************************************************+

Info: Program finished normally.
